#
# There is insufficient memory for the Java Runtime Environment to continue.
# Native memory allocation (mmap) failed to map 169869312 bytes for committing reserved memory.
# Possible reasons:
#   The system is out of physical RAM or swap space
#   In 32 bit mode, the process size limit was hit
# Possible solutions:
#   Reduce memory load on the system
#   Increase physical memory or swap space
#   Check if swap backing store is full
#   Use 64 bit Java on a 64 bit OS
#   Decrease Java heap size (-Xmx/-Xms)
#   Decrease number of Java threads
#   Decrease Java thread stack sizes (-Xss)
#   Set larger code cache with -XX:ReservedCodeCacheSize=
# This output file may be truncated or incomplete.
#
#  Out of Memory Error (os_linux.cpp:2627), pid=20795, tid=139786422998784
#
# JRE version: Java(TM) SE Runtime Environment (8.0_91-b14) (build 1.8.0_91-b14)
# Java VM: Java HotSpot(TM) 64-Bit Server VM (25.91-b14 mixed mode linux-amd64 compressed oops)
# Failed to write core dump. Core dumps have been disabled. To enable core dumping, try "ulimit -c unlimited" before starting Java again
#

---------------  T H R E A D  ---------------

Current thread (0x00007f22a8080000):  VMThread [stack: 0x00007f2290065000,0x00007f2290166000] [id=20815]

Stack: [0x00007f2290065000,0x00007f2290166000],  sp=0x00007f22901641a0,  free space=1020k
Native frames: (J=compiled Java code, j=interpreted, Vv=VM code, C=native code)
V  [libjvm.so+0xabc18a]  VMError::report_and_die()+0x2ba
V  [libjvm.so+0x4fafeb]  report_vm_out_of_memory(char const*, int, unsigned long, VMErrorType, char const*)+0x8b
V  [libjvm.so+0x91cbb3]  os::Linux::commit_memory_impl(char*, unsigned long, bool)+0x103
V  [libjvm.so+0x91d109]  os::pd_commit_memory(char*, unsigned long, unsigned long, bool)+0x29
V  [libjvm.so+0x91740a]  os::commit_memory(char*, unsigned long, unsigned long, bool)+0x2a
V  [libjvm.so+0x98b033]  PSVirtualSpace::expand_by(unsigned long)+0x53
V  [libjvm.so+0x98c438]  PSYoungGen::resize_generation(unsigned long, unsigned long)+0xf8
V  [libjvm.so+0x98b592]  PSYoungGen::resize(unsigned long, unsigned long)+0x22
V  [libjvm.so+0x98886b]  PSScavenge::invoke_no_policy()+0xf3b
V  [libjvm.so+0x988ff1]  PSScavenge::invoke()+0x41
V  [libjvm.so+0x9408b0]  ParallelScavengeHeap::failed_mem_allocate(unsigned long)+0x70
V  [libjvm.so+0xabdba7]  VM_ParallelGCFailedAllocation::doit()+0x97
V  [libjvm.so+0xac55d5]  VM_Operation::evaluate()+0x55
V  [libjvm.so+0xac39aa]  VMThread::evaluate_operation(VM_Operation*)+0xba
V  [libjvm.so+0xac3d2e]  VMThread::loop()+0x1ce
V  [libjvm.so+0xac41a0]  VMThread::run()+0x70
V  [libjvm.so+0x91ef78]  java_start(Thread*)+0x108

VM_Operation (0x00007f228aa32a50): ParallelGCFailedAllocation, mode: safepoint, requested by thread 0x00007f22a81c0800


---------------  P R O C E S S  ---------------

Java Threads: ( => current thread )
  0x00007f22a81c2800 JavaThread "pool-2-thread-4" [_thread_blocked, id=20834, stack(0x00007f228a833000,0x00007f228a934000)]
  0x00007f22a81c0800 JavaThread "pool-2-thread-3" [_thread_blocked, id=20833, stack(0x00007f228a934000,0x00007f228aa35000)]
  0x00007f22a81bf800 JavaThread "pool-2-thread-2" [_thread_blocked, id=20832, stack(0x00007f228aa35000,0x00007f228ab36000)]
  0x00007f22a81bd800 JavaThread "pool-3-thread-1" [_thread_blocked, id=20831, stack(0x00007f228ab36000,0x00007f228ac37000)]
  0x00007f22a81bb800 JavaThread "pool-2-thread-1" [_thread_blocked, id=20830, stack(0x00007f228ac37000,0x00007f228ad38000)]
  0x00007f22a80d2800 JavaThread "Service Thread" daemon [_thread_blocked, id=20823, stack(0x00007f228ae39000,0x00007f228af3a000)]
  0x00007f22a80c7800 JavaThread "C1 CompilerThread3" daemon [_thread_blocked, id=20822, stack(0x00007f228af3a000,0x00007f228b03b000)]
  0x00007f22a80c5000 JavaThread "C2 CompilerThread2" daemon [_thread_blocked, id=20821, stack(0x00007f228b03b000,0x00007f228b13c000)]
  0x00007f22a80c3800 JavaThread "C2 CompilerThread1" daemon [_thread_blocked, id=20820, stack(0x00007f228b13c000,0x00007f228b23d000)]
  0x00007f22a80c0800 JavaThread "C2 CompilerThread0" daemon [_thread_blocked, id=20819, stack(0x00007f228b23d000,0x00007f228b33e000)]
  0x00007f22a80bf000 JavaThread "Signal Dispatcher" daemon [_thread_blocked, id=20818, stack(0x00007f228b33e000,0x00007f228b43f000)]
  0x00007f22a808c000 JavaThread "Finalizer" daemon [_thread_blocked, id=20817, stack(0x00007f228bdfe000,0x00007f228beff000)]
  0x00007f22a8087800 JavaThread "Reference Handler" daemon [_thread_blocked, id=20816, stack(0x00007f228beff000,0x00007f228c000000)]
  0x00007f22a800a000 JavaThread "main" [_thread_blocked, id=20799, stack(0x00007f22af7d3000,0x00007f22af8d4000)]

Other Threads:
=>0x00007f22a8080000 VMThread [stack: 0x00007f2290065000,0x00007f2290166000] [id=20815]
  0x00007f22a80d5800 WatcherThread [stack: 0x00007f228ad38000,0x00007f228ae39000] [id=20824]

VM state:at safepoint (normal execution)

VM Mutex/Monitor currently owned by a thread:  ([mutex/lock_event])
[0x00007f22a80064f0] Threads_lock - owner thread: 0x00007f22a8080000
[0x00007f22a80069f0] Heap_lock - owner thread: 0x00007f22a81c0800

Heap:
 PSYoungGen      total 132096K, used 5089K [0x00000000eab00000, 0x00000000f3100000, 0x0000000100000000)
  eden space 126976K, 0% used [0x00000000eab00000,0x00000000eab00000,0x00000000f2700000)
  from space 5120K, 99% used [0x00000000f2700000,0x00000000f2bf85c8,0x00000000f2c00000)
  to   space 5120K, 0% used [0x00000000f2c00000,0x00000000f2c00000,0x00000000f3100000)
 ParOldGen       total 84992K, used 40277K [0x00000000c0000000, 0x00000000c5300000, 0x00000000eab00000)
  object space 84992K, 47% used [0x00000000c0000000,0x00000000c2755748,0x00000000c5300000)
 Metaspace       used 6332K, capacity 7192K, committed 7424K, reserved 1056768K
  class space    used 613K, capacity 656K, committed 768K, reserved 1048576K

Card table byte_map: [0x00007f22ac384000,0x00007f22ac585000] byte_map_base: 0x00007f22abd84000

Marking Bits: (ParMarkBitMap*) 0x00007f22aeca2d60
 Begin Bits: [0x00007f2292000000, 0x00007f2293000000)
 End Bits:   [0x00007f2293000000, 0x00007f2294000000)

Polling page: 0x00007f22af8f1000

CodeCache: size=245760Kb used=6276Kb max_used=6282Kb free=239483Kb
 bounds [0x00007f2299000000, 0x00007f2299630000, 0x00007f22a8000000]
 total_blobs=2109 nmethods=1840 adapters=182
 compilation: enabled

Compilation events (10 events):
Event: 3.341 Thread 0x00007f22a80c7800 2087       3       com.android.dx.dex.code.BlockAddresses::setupArrays (113 bytes)
Event: 3.343 Thread 0x00007f22a80c7800 nmethod 2087 0x00007f229960fe50 code [0x00007f2299610120, 0x00007f2299611b38]
Event: 3.343 Thread 0x00007f22a80c7800 2088       2       com.android.dx.dex.cf.OptimizerOptions::loadOptimizeLists (52 bytes)
Event: 3.346 Thread 0x00007f22a80c7800 nmethod 2088 0x00007f229960f910 code [0x00007f229960faa0, 0x00007f229960fd48]
Event: 3.346 Thread 0x00007f22a80c7800 2089       2       com.android.dx.rop.code.RegisterSpecList::indexOfRegister (38 bytes)
Event: 3.347 Thread 0x00007f22a80c7800 nmethod 2089 0x00007f229960f390 code [0x00007f229960f500, 0x00007f229960f768]
Event: 3.354 Thread 0x00007f22a80c7800 2090       2       com.android.dx.cf.iface.StdField::getConstantValue (28 bytes)
Event: 3.354 Thread 0x00007f22a80c7800 nmethod 2090 0x00007f229960eed0 code [0x00007f229960f040, 0x00007f229960f248]
Event: 3.354 Thread 0x00007f22a80c7800 2091       2       com.android.dx.dex.file.ClassDefItem::addStaticField (10 bytes)
Event: 3.355 Thread 0x00007f22a80c7800 nmethod 2091 0x00007f2299614b50 code [0x00007f2299614cc0, 0x00007f2299614e28]

GC Heap History (9 events):
Event: 0.803 GC heap before
{Heap before GC invocations=1 (full 0):
 PSYoungGen      total 36864K, used 31744K [0x00000000eab00000, 0x00000000ed400000, 0x0000000100000000)
  eden space 31744K, 100% used [0x00000000eab00000,0x00000000eca00000,0x00000000eca00000)
  from space 5120K, 0% used [0x00000000ecf00000,0x00000000ecf00000,0x00000000ed400000)
  to   space 5120K, 0% used [0x00000000eca00000,0x00000000eca00000,0x00000000ecf00000)
 ParOldGen       total 84992K, used 0K [0x00000000c0000000, 0x00000000c5300000, 0x00000000eab00000)
  object space 84992K, 0% used [0x00000000c0000000,0x00000000c0000000,0x00000000c5300000)
 Metaspace       used 5760K, capacity 6768K, committed 7040K, reserved 1056768K
  class space    used 592K, capacity 616K, committed 640K, reserved 1048576K
Event: 0.813 GC heap after
Heap after GC invocations=1 (full 0):
 PSYoungGen      total 36864K, used 5118K [0x00000000eab00000, 0x00000000ef300000, 0x0000000100000000)
  eden space 31744K, 0% used [0x00000000eab00000,0x00000000eab00000,0x00000000eca00000)
  from space 5120K, 99% used [0x00000000eca00000,0x00000000eceff868,0x00000000ecf00000)
  to   space 5120K, 0% used [0x00000000eee00000,0x00000000eee00000,0x00000000ef300000)
 ParOldGen       total 84992K, used 914K [0x00000000c0000000, 0x00000000c5300000, 0x00000000eab00000)
  object space 84992K, 1% used [0x00000000c0000000,0x00000000c00e49f8,0x00000000c5300000)
 Metaspace       used 5760K, capacity 6768K, committed 7040K, reserved 1056768K
  class space    used 592K, capacity 616K, committed 640K, reserved 1048576K
}
Event: 1.130 GC heap before
{Heap before GC invocations=2 (full 0):
 PSYoungGen      total 36864K, used 36862K [0x00000000eab00000, 0x00000000ef300000, 0x0000000100000000)
  eden space 31744K, 100% used [0x00000000eab00000,0x00000000eca00000,0x00000000eca00000)
  from space 5120K, 99% used [0x00000000eca00000,0x00000000eceff868,0x00000000ecf00000)
  to   space 5120K, 0% used [0x00000000eee00000,0x00000000eee00000,0x00000000ef300000)
 ParOldGen       total 84992K, used 914K [0x00000000c0000000, 0x00000000c5300000, 0x00000000eab00000)
  object space 84992K, 1% used [0x00000000c0000000,0x00000000c00e49f8,0x00000000c5300000)
 Metaspace       used 5939K, capacity 6896K, committed 7040K, reserved 1056768K
  class space    used 593K, capacity 616K, committed 640K, reserved 1048576K
Event: 1.153 GC heap after
Heap after GC invocations=2 (full 0):
 PSYoungGen      total 68608K, used 5105K [0x00000000eab00000, 0x00000000ef300000, 0x0000000100000000)
  eden space 63488K, 0% used [0x00000000eab00000,0x00000000eab00000,0x00000000ee900000)
  from space 5120K, 99% used [0x00000000eee00000,0x00000000ef2fc450,0x00000000ef300000)
  to   space 5120K, 0% used [0x00000000ee900000,0x00000000ee900000,0x00000000eee00000)
 ParOldGen       total 84992K, used 4644K [0x00000000c0000000, 0x00000000c5300000, 0x00000000eab00000)
  object space 84992K, 5% used [0x00000000c0000000,0x00000000c0489350,0x00000000c5300000)
 Metaspace       used 5939K, capacity 6896K, committed 7040K, reserved 1056768K
  class space    used 593K, capacity 616K, committed 640K, reserved 1048576K
}
Event: 1.670 GC heap before
{Heap before GC invocations=3 (full 0):
 PSYoungGen      total 68608K, used 68593K [0x00000000eab00000, 0x00000000ef300000, 0x0000000100000000)
  eden space 63488K, 100% used [0x00000000eab00000,0x00000000ee900000,0x00000000ee900000)
  from space 5120K, 99% used [0x00000000eee00000,0x00000000ef2fc450,0x00000000ef300000)
  to   space 5120K, 0% used [0x00000000ee900000,0x00000000ee900000,0x00000000eee00000)
 ParOldGen       total 84992K, used 4644K [0x00000000c0000000, 0x00000000c5300000, 0x00000000eab00000)
  object space 84992K, 5% used [0x00000000c0000000,0x00000000c0489350,0x00000000c5300000)
 Metaspace       used 6008K, capacity 6960K, committed 7040K, reserved 1056768K
  class space    used 593K, capacity 616K, committed 640K, reserved 1048576K
Event: 1.730 GC heap after
Heap after GC invocations=3 (full 0):
 PSYoungGen      total 68608K, used 5097K [0x00000000eab00000, 0x00000000f3100000, 0x0000000100000000)
  eden space 63488K, 0% used [0x00000000eab00000,0x00000000eab00000,0x00000000ee900000)
  from space 5120K, 99% used [0x00000000ee900000,0x00000000eedfa6b8,0x00000000eee00000)
  to   space 5120K, 0% used [0x00000000f2c00000,0x00000000f2c00000,0x00000000f3100000)
 ParOldGen       total 84992K, used 13700K [0x00000000c0000000, 0x00000000c5300000, 0x00000000eab00000)
  object space 84992K, 16% used [0x00000000c0000000,0x00000000c0d612a0,0x00000000c5300000)
 Metaspace       used 6008K, capacity 6960K, committed 7040K, reserved 1056768K
  class space    used 593K, capacity 616K, committed 640K, reserved 1048576K
}
Event: 2.543 GC heap before
{Heap before GC invocations=4 (full 0):
 PSYoungGen      total 68608K, used 68585K [0x00000000eab00000, 0x00000000f3100000, 0x0000000100000000)
  eden space 63488K, 100% used [0x00000000eab00000,0x00000000ee900000,0x00000000ee900000)
  from space 5120K, 99% used [0x00000000ee900000,0x00000000eedfa6b8,0x00000000eee00000)
  to   space 5120K, 0% used [0x00000000f2c00000,0x00000000f2c00000,0x00000000f3100000)
 ParOldGen       total 84992K, used 13700K [0x00000000c0000000, 0x00000000c5300000, 0x00000000eab00000)
  object space 84992K, 16% used [0x00000000c0000000,0x00000000c0d612a0,0x00000000c5300000)
 Metaspace       used 6247K, capacity 7128K, committed 7424K, reserved 1056768K
  class space    used 613K, capacity 656K, committed 768K, reserved 1048576K
Event: 2.650 GC heap after
Heap after GC invocations=4 (full 0):
 PSYoungGen      total 132096K, used 5116K [0x00000000eab00000, 0x00000000f3100000, 0x0000000100000000)
  eden space 126976K, 0% used [0x00000000eab00000,0x00000000eab00000,0x00000000f2700000)
  from space 5120K, 99% used [0x00000000f2c00000,0x00000000f30ff3d0,0x00000000f3100000)
  to   space 5120K, 0% used [0x00000000f2700000,0x00000000f2700000,0x00000000f2c00000)
 ParOldGen       total 84992K, used 22635K [0x00000000c0000000, 0x00000000c5300000, 0x00000000eab00000)
  object space 84992K, 26% used [0x00000000c0000000,0x00000000c161aff8,0x00000000c5300000)
 Metaspace       used 6247K, capacity 7128K, committed 7424K, reserved 1056768K
  class space    used 613K, capacity 656K, committed 768K, reserved 1048576K
}
Event: 3.377 GC heap before
{Heap before GC invocations=5 (full 0):
 PSYoungGen      total 132096K, used 132092K [0x00000000eab00000, 0x00000000f3100000, 0x0000000100000000)
  eden space 126976K, 100% used [0x00000000eab00000,0x00000000f2700000,0x00000000f2700000)
  from space 5120K, 99% used [0x00000000f2c00000,0x00000000f30ff3d0,0x00000000f3100000)
  to   space 5120K, 0% used [0x00000000f2700000,0x00000000f2700000,0x00000000f2c00000)
 ParOldGen       total 84992K, used 22635K [0x00000000c0000000, 0x00000000c5300000, 0x00000000eab00000)
  object space 84992K, 26% used [0x00000000c0000000,0x00000000c161aff8,0x00000000c5300000)
 Metaspace       used 6332K, capacity 7192K, committed 7424K, reserved 1056768K
  class space    used 613K, capacity 656K, committed 768K, reserved 1048576K

Deoptimization events (10 events):
Event: 2.460 Thread 0x00007f22a81bb800 Uncommon trap: reason=bimorphic action=maybe_recompile pc=0x00007f229951fdd0 method=com.android.dx.ssa.SCCP.setLatticeValueTo(IILcom/android/dx/rop/cst/Constant;)Z @ 43
Event: 2.460 Thread 0x00007f22a81bb800 Uncommon trap: reason=bimorphic action=maybe_recompile pc=0x00007f229951fb20 method=com.android.dx.ssa.SCCP.simulatePhi(Lcom/android/dx/ssa/PhiInsn;)V @ 124
Event: 2.460 Thread 0x00007f22a81bb800 Uncommon trap: reason=bimorphic action=maybe_recompile pc=0x00007f229951fb20 method=com.android.dx.ssa.SCCP.simulatePhi(Lcom/android/dx/ssa/PhiInsn;)V @ 124
Event: 2.460 Thread 0x00007f22a81bb800 Uncommon trap: reason=bimorphic action=maybe_recompile pc=0x00007f229951fb20 method=com.android.dx.ssa.SCCP.simulatePhi(Lcom/android/dx/ssa/PhiInsn;)V @ 124
Event: 2.460 Thread 0x00007f22a81bb800 Uncommon trap: reason=bimorphic action=maybe_recompile pc=0x00007f229951fb20 method=com.android.dx.ssa.SCCP.simulatePhi(Lcom/android/dx/ssa/PhiInsn;)V @ 124
Event: 2.736 Thread 0x00007f22a800a000 Uncommon trap: reason=bimorphic action=maybe_recompile pc=0x00007f229952b3b0 method=com.android.dx.cf.code.BytecodeArray.parseInstruction(ILcom/android/dx/cf/code/BytecodeArray$Visitor;)I @ 1130
Event: 2.738 Thread 0x00007f22a800a000 Uncommon trap: reason=bimorphic action=maybe_recompile pc=0x00007f229952b3b0 method=com.android.dx.cf.code.BytecodeArray.parseInstruction(ILcom/android/dx/cf/code/BytecodeArray$Visitor;)I @ 1130
Event: 2.741 Thread 0x00007f22a800a000 Uncommon trap: reason=bimorphic action=maybe_recompile pc=0x00007f229952b028 method=com.android.dx.cf.code.BytecodeArray.parseInstruction(ILcom/android/dx/cf/code/BytecodeArray$Visitor;)I @ 955
Event: 2.741 Thread 0x00007f22a800a000 Uncommon trap: reason=bimorphic action=maybe_recompile pc=0x00007f229952b028 method=com.android.dx.cf.code.BytecodeArray.parseInstruction(ILcom/android/dx/cf/code/BytecodeArray$Visitor;)I @ 955
Event: 3.077 Thread 0x00007f22a81c2800 Uncommon trap: reason=unstable_if action=reinterpret pc=0x00007f22992e8a0c method=com.android.dx.dex.code.OutputFinisher.hasLocalInfo(Lcom/android/dx/dex/code/DalvInsn;)Z @ 24

Internal exceptions (5 events):
Event: 0.025 Thread 0x00007f22a800a000 Exception <a 'java/lang/NoSuchMethodError': Method sun.misc.Unsafe.defineClass(Ljava/lang/String;[BII)Ljava/lang/Class; name or signature does not match> (0x00000000eab07cc0) thrown at [/HUDSON/workspace/8-2-build-linux-amd64/jdk8u91/6644/hotspot/src/shar
Event: 0.025 Thread 0x00007f22a800a000 Exception <a 'java/lang/NoSuchMethodError': Method sun.misc.Unsafe.prefetchRead(Ljava/lang/Object;J)V name or signature does not match> (0x00000000eab07fa8) thrown at [/HUDSON/workspace/8-2-build-linux-amd64/jdk8u91/6644/hotspot/src/share/vm/prims/jni.cpp
Event: 2.445 Thread 0x00007f22a81bb800 Exception <a 'java/lang/ArrayIndexOutOfBoundsException': 18> (0x00000000edaafc58) thrown at [/HUDSON/workspace/8-2-build-linux-amd64/jdk8u91/6644/hotspot/src/share/vm/interpreter/interpreterRuntime.cpp, line 366]
Event: 2.445 Thread 0x00007f22a81bb800 Exception <a 'java/lang/ArrayIndexOutOfBoundsException': 145> (0x00000000edab17d8) thrown at [/HUDSON/workspace/8-2-build-linux-amd64/jdk8u91/6644/hotspot/src/share/vm/interpreter/interpreterRuntime.cpp, line 366]
Event: 2.446 Thread 0x00007f22a81bb800 Exception <a 'java/lang/ArrayIndexOutOfBoundsException'> (0x00000000edab2ac0) thrown at [/HUDSON/workspace/8-2-build-linux-amd64/jdk8u91/6644/hotspot/src/share/vm/runtime/sharedRuntime.cpp, line 605]

Events (10 events):
Event: 3.229 Thread 0x00007f22a81bf800 DEOPT UNPACKING pc=0x00007f2299047633 sp=0x00007f228ab33b00 mode 0
Event: 3.241 Thread 0x00007f22a81c0800 DEOPT PACKING pc=0x00007f22993a87e8 sp=0x00007f228aa32d40
Event: 3.241 Thread 0x00007f22a81c0800 DEOPT UNPACKING pc=0x00007f2299047633 sp=0x00007f228aa32aa8 mode 0
Event: 3.332 Thread 0x00007f22a81bb800 DEOPT PACKING pc=0x00007f22993c496c sp=0x00007f228ad35fd0
Event: 3.332 Thread 0x00007f22a81bb800 DEOPT UNPACKING pc=0x00007f2299047633 sp=0x00007f228ad35cd0 mode 0
Event: 3.332 Thread 0x00007f22a81bf800 DEOPT PACKING pc=0x00007f229933fa59 sp=0x00007f228ab33ca0
Event: 3.332 Thread 0x00007f22a81bf800 DEOPT UNPACKING pc=0x00007f2299047633 sp=0x00007f228ab339d8 mode 0
Event: 3.359 Thread 0x00007f22a81bf800 DEOPT PACKING pc=0x00007f22993be8eb sp=0x00007f228ab33cc0
Event: 3.359 Thread 0x00007f22a81bf800 DEOPT UNPACKING pc=0x00007f2299047633 sp=0x00007f228ab33a00 mode 0
Event: 3.362 Executing VM operation: ParallelGCFailedAllocation


Dynamic libraries:
00400000-00401000 r-xp 00000000 08:09 3281753                            /usr/java/jdk1.8.0_91/bin/java
00600000-00601000 rw-p 00000000 08:09 3281753                            /usr/java/jdk1.8.0_91/bin/java
01e70000-01e91000 rw-p 00000000 00:00 0                                  [heap]
c0000000-c5300000 rw-p 00000000 00:00 0 
c5300000-eab00000 ---p 00000000 00:00 0 
eab00000-f3100000 rw-p 00000000 00:00 0 
fd300000-100000000 ---p 00000000 00:00 0 
100000000-1000c0000 rw-p 00000000 00:00 0 
1000c0000-140000000 ---p 00000000 00:00 0 
7f2224000000-7f2224021000 rw-p 00000000 00:00 0 
7f2224021000-7f2228000000 ---p 00000000 00:00 0 
7f2228000000-7f222803b000 rw-p 00000000 00:00 0 
7f222803b000-7f222c000000 ---p 00000000 00:00 0 
7f222c000000-7f222c021000 rw-p 00000000 00:00 0 
7f222c021000-7f2230000000 ---p 00000000 00:00 0 
7f2230000000-7f2230021000 rw-p 00000000 00:00 0 
7f2230021000-7f2234000000 ---p 00000000 00:00 0 
7f2234000000-7f2234021000 rw-p 00000000 00:00 0 
7f2234021000-7f2238000000 ---p 00000000 00:00 0 
7f2238000000-7f2238035000 rw-p 00000000 00:00 0 
7f2238035000-7f223c000000 ---p 00000000 00:00 0 
7f223c000000-7f223c8c8000 rw-p 00000000 00:00 0 
7f223c8c8000-7f2240000000 ---p 00000000 00:00 0 
7f2240000000-7f2240021000 rw-p 00000000 00:00 0 
7f2240021000-7f2244000000 ---p 00000000 00:00 0 
7f2244000000-7f2244b29000 rw-p 00000000 00:00 0 
7f2244b29000-7f2248000000 ---p 00000000 00:00 0 
7f2248000000-7f2248d7a000 rw-p 00000000 00:00 0 
7f2248d7a000-7f224c000000 ---p 00000000 00:00 0 
7f224c000000-7f224c021000 rw-p 00000000 00:00 0 
7f224c021000-7f2250000000 ---p 00000000 00:00 0 
7f2250000000-7f225091e000 rw-p 00000000 00:00 0 
7f225091e000-7f2254000000 ---p 00000000 00:00 0 
7f2254000000-7f2254021000 rw-p 00000000 00:00 0 
7f2254021000-7f2258000000 ---p 00000000 00:00 0 
7f2258000000-7f2258021000 rw-p 00000000 00:00 0 
7f2258021000-7f225c000000 ---p 00000000 00:00 0 
7f225c000000-7f225c021000 rw-p 00000000 00:00 0 
7f225c021000-7f2260000000 ---p 00000000 00:00 0 
7f2260000000-7f226028d000 rw-p 00000000 00:00 0 
7f226028d000-7f2264000000 ---p 00000000 00:00 0 
7f2264000000-7f2264021000 rw-p 00000000 00:00 0 
7f2264021000-7f2268000000 ---p 00000000 00:00 0 
7f226c000000-7f226c021000 rw-p 00000000 00:00 0 
7f226c021000-7f2270000000 ---p 00000000 00:00 0 
7f2274000000-7f2274021000 rw-p 00000000 00:00 0 
7f2274021000-7f2278000000 ---p 00000000 00:00 0 
7f227c000000-7f227c021000 rw-p 00000000 00:00 0 
7f227c021000-7f2280000000 ---p 00000000 00:00 0 
7f2284000000-7f2284021000 rw-p 00000000 00:00 0 
7f2284021000-7f2288000000 ---p 00000000 00:00 0 
7f228a833000-7f228a836000 ---p 00000000 00:00 0 
7f228a836000-7f228a934000 rw-p 00000000 00:00 0 
7f228a934000-7f228a937000 ---p 00000000 00:00 0 
7f228a937000-7f228aa35000 rw-p 00000000 00:00 0 
7f228aa35000-7f228aa38000 ---p 00000000 00:00 0 
7f228aa38000-7f228ab36000 rw-p 00000000 00:00 0 
7f228ab36000-7f228ab39000 ---p 00000000 00:00 0 
7f228ab39000-7f228ac37000 rw-p 00000000 00:00 0 
7f228ac37000-7f228ac3a000 ---p 00000000 00:00 0 
7f228ac3a000-7f228ad38000 rw-p 00000000 00:00 0 
7f228ad38000-7f228ad39000 ---p 00000000 00:00 0 
7f228ad39000-7f228ae39000 rw-p 00000000 00:00 0 
7f228ae39000-7f228ae3c000 ---p 00000000 00:00 0 
7f228ae3c000-7f228af3a000 rw-p 00000000 00:00 0 
7f228af3a000-7f228af3d000 ---p 00000000 00:00 0 
7f228af3d000-7f228b03b000 rw-p 00000000 00:00 0 
7f228b03b000-7f228b03e000 ---p 00000000 00:00 0 
7f228b03e000-7f228b13c000 rw-p 00000000 00:00 0 
7f228b13c000-7f228b13f000 ---p 00000000 00:00 0 
7f228b13f000-7f228b23d000 rw-p 00000000 00:00 0 
7f228b23d000-7f228b240000 ---p 00000000 00:00 0 
7f228b240000-7f228b33e000 rw-p 00000000 00:00 0 
7f228b33e000-7f228b341000 ---p 00000000 00:00 0 
7f228b341000-7f228b43f000 rw-p 00000000 00:00 0 
7f228b43f000-7f228bdfe000 r--p 00000000 08:09 1318033                    /usr/lib/locale/locale-archive
7f228bdfe000-7f228be01000 ---p 00000000 00:00 0 
7f228be01000-7f228beff000 rw-p 00000000 00:00 0 
7f228beff000-7f228bf02000 ---p 00000000 00:00 0 
7f228bf02000-7f228c000000 rw-p 00000000 00:00 0 
7f228c000000-7f228c021000 rw-p 00000000 00:00 0 
7f228c021000-7f2290000000 ---p 00000000 00:00 0 
7f2290065000-7f2290066000 ---p 00000000 00:00 0 
7f2290066000-7f2291e80000 rw-p 00000000 00:00 0 
7f2291e80000-7f2292000000 ---p 00000000 00:00 0 
7f2292000000-7f2294000000 rw-p 00000000 00:00 0 
7f2294000000-7f2294021000 rw-p 00000000 00:00 0 
7f2294021000-7f2298000000 ---p 00000000 00:00 0 
7f2298016000-7f22985ac000 rw-p 00000000 00:00 0 
7f22985ac000-7f2298784000 r--s 03cd8000 08:09 3279665                    /usr/java/jdk1.8.0_91/jre/lib/rt.jar
7f2298784000-7f22989fa000 rw-p 00000000 00:00 0 
7f22989fa000-7f22989fb000 ---p 00000000 00:00 0 
7f22989fb000-7f2298afb000 rw-p 00000000 00:00 0 
7f2298afb000-7f2298afc000 ---p 00000000 00:00 0 
7f2298afc000-7f2298bfc000 rw-p 00000000 00:00 0 
7f2298bfc000-7f2298bfd000 ---p 00000000 00:00 0 
7f2298bfd000-7f2298cfd000 rw-p 00000000 00:00 0 
7f2298cfd000-7f2298cfe000 ---p 00000000 00:00 0 
7f2298cfe000-7f2298dfe000 rw-p 00000000 00:00 0 
7f2298dfe000-7f2298dff000 ---p 00000000 00:00 0 
7f2298dff000-7f2298eff000 rw-p 00000000 00:00 0 
7f2298eff000-7f2298f00000 ---p 00000000 00:00 0 
7f2298f00000-7f2299000000 rw-p 00000000 00:00 0 
7f2299000000-7f2299630000 rwxp 00000000 00:00 0 
7f2299630000-7f22a8000000 ---p 00000000 00:00 0 
7f22a8000000-7f22a83b3000 rw-p 00000000 00:00 0 
7f22a83b3000-7f22ac000000 ---p 00000000 00:00 0 
7f22ac001000-7f22ac00b000 r--s 0008b000 08:09 4198216                    /home/kittuov/AndroidStudioProjects/TapQuick/app/build/intermediates/exploded-aar/com.android.support/appcompat-v7/23.3.0/jars/classes.jar
7f22ac00b000-7f22ac02c000 rw-p 00000000 00:00 0 
7f22ac02c000-7f22ac02d000 ---p 00000000 00:00 0 
7f22ac02d000-7f22ac12d000 rw-p 00000000 00:00 0 
7f22ac12d000-7f22ac12e000 ---p 00000000 00:00 0 
7f22ac12e000-7f22ac258000 rw-p 00000000 00:00 0 
7f22ac258000-7f22ac384000 ---p 00000000 00:00 0 
7f22ac384000-7f22ac3ae000 rw-p 00000000 00:00 0 
7f22ac3ae000-7f22ac4d9000 ---p 00000000 00:00 0 
7f22ac4d9000-7f22ac51d000 rw-p 00000000 00:00 0 
7f22ac51d000-7f22ac584000 ---p 00000000 00:00 0 
7f22ac584000-7f22ac59e000 rw-p 00000000 00:00 0 
7f22ac59e000-7f22ac945000 ---p 00000000 00:00 0 
7f22ac945000-7f22ac95f000 r-xp 00000000 08:09 3281597                    /usr/java/jdk1.8.0_91/jre/lib/amd64/libzip.so
7f22ac95f000-7f22acb5f000 ---p 0001a000 08:09 3281597                    /usr/java/jdk1.8.0_91/jre/lib/amd64/libzip.so
7f22acb5f000-7f22acb60000 rw-p 0001a000 08:09 3281597                    /usr/java/jdk1.8.0_91/jre/lib/amd64/libzip.so
7f22acb60000-7f22acb6b000 r-xp 00000000 08:09 3936861                    /lib/x86_64-linux-gnu/libnss_files-2.23.so
7f22acb6b000-7f22acd6a000 ---p 0000b000 08:09 3936861                    /lib/x86_64-linux-gnu/libnss_files-2.23.so
7f22acd6a000-7f22acd6b000 r--p 0000a000 08:09 3936861                    /lib/x86_64-linux-gnu/libnss_files-2.23.so
7f22acd6b000-7f22acd6c000 rw-p 0000b000 08:09 3936861                    /lib/x86_64-linux-gnu/libnss_files-2.23.so
7f22acd6c000-7f22acd72000 rw-p 00000000 00:00 0 
7f22acd72000-7f22acd7d000 r-xp 00000000 08:09 3936871                    /lib/x86_64-linux-gnu/libnss_nis-2.23.so
7f22acd7d000-7f22acf7c000 ---p 0000b000 08:09 3936871                    /lib/x86_64-linux-gnu/libnss_nis-2.23.so
7f22acf7c000-7f22acf7d000 r--p 0000a000 08:09 3936871                    /lib/x86_64-linux-gnu/libnss_nis-2.23.so
7f22acf7d000-7f22acf7e000 rw-p 0000b000 08:09 3936871                    /lib/x86_64-linux-gnu/libnss_nis-2.23.so
7f22acf7e000-7f22acf94000 r-xp 00000000 08:09 3936855                    /lib/x86_64-linux-gnu/libnsl-2.23.so
7f22acf94000-7f22ad193000 ---p 00016000 08:09 3936855                    /lib/x86_64-linux-gnu/libnsl-2.23.so
7f22ad193000-7f22ad194000 r--p 00015000 08:09 3936855                    /lib/x86_64-linux-gnu/libnsl-2.23.so
7f22ad194000-7f22ad195000 rw-p 00016000 08:09 3936855                    /lib/x86_64-linux-gnu/libnsl-2.23.so
7f22ad195000-7f22ad197000 rw-p 00000000 00:00 0 
7f22ad197000-7f22ad19f000 r-xp 00000000 08:09 3936857                    /lib/x86_64-linux-gnu/libnss_compat-2.23.so
7f22ad19f000-7f22ad39e000 ---p 00008000 08:09 3936857                    /lib/x86_64-linux-gnu/libnss_compat-2.23.so
7f22ad39e000-7f22ad39f000 r--p 00007000 08:09 3936857                    /lib/x86_64-linux-gnu/libnss_compat-2.23.so
7f22ad39f000-7f22ad3a0000 rw-p 00008000 08:09 3936857                    /lib/x86_64-linux-gnu/libnss_compat-2.23.so
7f22ad3a0000-7f22ad3ca000 r-xp 00000000 08:09 3281634                    /usr/java/jdk1.8.0_91/jre/lib/amd64/libjava.so
7f22ad3ca000-7f22ad5ca000 ---p 0002a000 08:09 3281634                    /usr/java/jdk1.8.0_91/jre/lib/amd64/libjava.so
7f22ad5ca000-7f22ad5cc000 rw-p 0002a000 08:09 3281634                    /usr/java/jdk1.8.0_91/jre/lib/amd64/libjava.so
7f22ad5cc000-7f22ad5d9000 r-xp 00000000 08:09 3281631                    /usr/java/jdk1.8.0_91/jre/lib/amd64/libverify.so
7f22ad5d9000-7f22ad7d9000 ---p 0000d000 08:09 3281631                    /usr/java/jdk1.8.0_91/jre/lib/amd64/libverify.so
7f22ad7d9000-7f22ad7db000 rw-p 0000d000 08:09 3281631                    /usr/java/jdk1.8.0_91/jre/lib/amd64/libverify.so
7f22ad7db000-7f22ad7e2000 r-xp 00000000 08:09 3936916                    /lib/x86_64-linux-gnu/librt-2.23.so
7f22ad7e2000-7f22ad9e1000 ---p 00007000 08:09 3936916                    /lib/x86_64-linux-gnu/librt-2.23.so
7f22ad9e1000-7f22ad9e2000 r--p 00006000 08:09 3936916                    /lib/x86_64-linux-gnu/librt-2.23.so
7f22ad9e2000-7f22ad9e3000 rw-p 00007000 08:09 3936916                    /lib/x86_64-linux-gnu/librt-2.23.so
7f22ad9e3000-7f22adaeb000 r-xp 00000000 08:09 3936832                    /lib/x86_64-linux-gnu/libm-2.23.so
7f22adaeb000-7f22adcea000 ---p 00108000 08:09 3936832                    /lib/x86_64-linux-gnu/libm-2.23.so
7f22adcea000-7f22adceb000 r--p 00107000 08:09 3936832                    /lib/x86_64-linux-gnu/libm-2.23.so
7f22adceb000-7f22adcec000 rw-p 00108000 08:09 3936832                    /lib/x86_64-linux-gnu/libm-2.23.so
7f22adcec000-7f22ae9ac000 r-xp 00000000 08:09 3281593                    /usr/java/jdk1.8.0_91/jre/lib/amd64/server/libjvm.so
7f22ae9ac000-7f22aebac000 ---p 00cc0000 08:09 3281593                    /usr/java/jdk1.8.0_91/jre/lib/amd64/server/libjvm.so
7f22aebac000-7f22aec84000 rw-p 00cc0000 08:09 3281593                    /usr/java/jdk1.8.0_91/jre/lib/amd64/server/libjvm.so
7f22aec84000-7f22aeccf000 rw-p 00000000 00:00 0 
7f22aeccf000-7f22aee8f000 r-xp 00000000 08:09 3936762                    /lib/x86_64-linux-gnu/libc-2.23.so
7f22aee8f000-7f22af08e000 ---p 001c0000 08:09 3936762                    /lib/x86_64-linux-gnu/libc-2.23.so
7f22af08e000-7f22af092000 r--p 001bf000 08:09 3936762                    /lib/x86_64-linux-gnu/libc-2.23.so
7f22af092000-7f22af094000 rw-p 001c3000 08:09 3936762                    /lib/x86_64-linux-gnu/libc-2.23.so
7f22af094000-7f22af098000 rw-p 00000000 00:00 0 
7f22af098000-7f22af09b000 r-xp 00000000 08:09 3936786                    /lib/x86_64-linux-gnu/libdl-2.23.so
7f22af09b000-7f22af29a000 ---p 00003000 08:09 3936786                    /lib/x86_64-linux-gnu/libdl-2.23.so
7f22af29a000-7f22af29b000 r--p 00002000 08:09 3936786                    /lib/x86_64-linux-gnu/libdl-2.23.so
7f22af29b000-7f22af29c000 rw-p 00003000 08:09 3936786                    /lib/x86_64-linux-gnu/libdl-2.23.so
7f22af29c000-7f22af2b1000 r-xp 00000000 08:09 3153660                    /usr/java/jdk1.8.0_91/lib/amd64/jli/libjli.so
7f22af2b1000-7f22af4b1000 ---p 00015000 08:09 3153660                    /usr/java/jdk1.8.0_91/lib/amd64/jli/libjli.so
7f22af4b1000-7f22af4b2000 rw-p 00015000 08:09 3153660                    /usr/java/jdk1.8.0_91/lib/amd64/jli/libjli.so
7f22af4b2000-7f22af4ca000 r-xp 00000000 08:09 3936908                    /lib/x86_64-linux-gnu/libpthread-2.23.so
7f22af4ca000-7f22af6c9000 ---p 00018000 08:09 3936908                    /lib/x86_64-linux-gnu/libpthread-2.23.so
7f22af6c9000-7f22af6ca000 r--p 00017000 08:09 3936908                    /lib/x86_64-linux-gnu/libpthread-2.23.so
7f22af6ca000-7f22af6cb000 rw-p 00018000 08:09 3936908                    /lib/x86_64-linux-gnu/libpthread-2.23.so
7f22af6cb000-7f22af6cf000 rw-p 00000000 00:00 0 
7f22af6cf000-7f22af6f5000 r-xp 00000000 08:09 3936734                    /lib/x86_64-linux-gnu/ld-2.23.so
7f22af6fa000-7f22af7d3000 rw-p 00000000 00:00 0 
7f22af7d3000-7f22af7d6000 ---p 00000000 00:00 0 
7f22af7d6000-7f22af8d8000 rw-p 00000000 00:00 0 
7f22af8d9000-7f22af8e8000 r--s 000df000 08:09 4198036                    /home/kittuov/Android/Sdk/build-tools/23.0.3/lib/dx.jar
7f22af8e8000-7f22af8f0000 rw-s 00000000 08:09 6422912                    /tmp/hsperfdata_kittuov/20795
7f22af8f0000-7f22af8f1000 rw-p 00000000 00:00 0 
7f22af8f1000-7f22af8f2000 ---p 00000000 00:00 0 
7f22af8f2000-7f22af8f4000 rw-p 00000000 00:00 0 
7f22af8f4000-7f22af8f5000 r--p 00025000 08:09 3936734                    /lib/x86_64-linux-gnu/ld-2.23.so
7f22af8f5000-7f22af8f6000 rw-p 00026000 08:09 3936734                    /lib/x86_64-linux-gnu/ld-2.23.so
7f22af8f6000-7f22af8f7000 rw-p 00000000 00:00 0 
7fffd6408000-7fffd6429000 rw-p 00000000 00:00 0                          [stack]
7fffd64ea000-7fffd64ec000 r--p 00000000 00:00 0                          [vvar]
7fffd64ec000-7fffd64ee000 r-xp 00000000 00:00 0                          [vdso]
ffffffffff600000-ffffffffff601000 r-xp 00000000 00:00 0                  [vsyscall]

VM Arguments:
jvm_args: -Djava.awt.headless=true -Xmx1024M -Dfile.encoding=UTF-8 -Duser.country=IN -Duser.language=en -Duser.variant 
java_command: com.android.dx.command.Main --dex --force-jumbo --num-threads=4 --multi-dex --output /home/kittuov/AndroidStudioProjects/TapQuick/app/build/intermediates/transforms/dex/debug/folders/1000/10/com.android.support-appcompat-v7-23.3.0_a7d1c5c7b4461b79e413cd962b862d344877c942 /home/kittuov/AndroidStudioProjects/TapQuick/app/build/intermediates/exploded-aar/com.android.support/appcompat-v7/23.3.0/jars/classes.jar
java_class_path (initial): /home/kittuov/Android/Sdk/build-tools/23.0.3/lib/dx.jar
Launcher Type: SUN_STANDARD

Environment Variables:
PATH=/usr/local/sbin:/usr/local/bin:/usr/sbin:/usr/bin:/sbin:/bin:/usr/games:/usr/local/games:/snap/bin
LD_LIBRARY_PATH=/home/kittuov/IDEs/android-studio/bin:
SHELL=/bin/bash
DISPLAY=:0

Signal Handlers:
SIGSEGV: [libjvm.so+0xabca10], sa_mask[0]=11111111011111111101111111111110, sa_flags=SA_RESTART|SA_SIGINFO
SIGBUS: [libjvm.so+0xabca10], sa_mask[0]=11111111011111111101111111111110, sa_flags=SA_RESTART|SA_SIGINFO
SIGFPE: [libjvm.so+0x919a20], sa_mask[0]=11111111011111111101111111111110, sa_flags=SA_RESTART|SA_SIGINFO
SIGPIPE: [libjvm.so+0x919a20], sa_mask[0]=11111111011111111101111111111110, sa_flags=SA_RESTART|SA_SIGINFO
SIGXFSZ: [libjvm.so+0x919a20], sa_mask[0]=11111111011111111101111111111110, sa_flags=SA_RESTART|SA_SIGINFO
SIGILL: [libjvm.so+0x919a20], sa_mask[0]=11111111011111111101111111111110, sa_flags=SA_RESTART|SA_SIGINFO
SIGUSR1: SIG_DFL, sa_mask[0]=00000000000000000000000000000000, sa_flags=none
SIGUSR2: [libjvm.so+0x91b050], sa_mask[0]=00100000000000000000000000000000, sa_flags=SA_RESTART|SA_SIGINFO
SIGHUP: [libjvm.so+0x91c450], sa_mask[0]=11111111011111111101111111111110, sa_flags=SA_RESTART|SA_SIGINFO
SIGINT: [libjvm.so+0x91c450], sa_mask[0]=11111111011111111101111111111110, sa_flags=SA_RESTART|SA_SIGINFO
SIGTERM: [libjvm.so+0x91c450], sa_mask[0]=11111111011111111101111111111110, sa_flags=SA_RESTART|SA_SIGINFO
SIGQUIT: [libjvm.so+0x91c450], sa_mask[0]=11111111011111111101111111111110, sa_flags=SA_RESTART|SA_SIGINFO


---------------  S Y S T E M  ---------------

OS:DISTRIB_ID=Ubuntu
DISTRIB_RELEASE=16.04
DISTRIB_CODENAME=xenial
DISTRIB_DESCRIPTION="Ubuntu 16.04 LTS"

uname:Linux 4.4.0-21-generic #37-Ubuntu SMP Mon Apr 18 18:33:37 UTC 2016 x86_64
libc:glibc 2.23 NPTL 2.23 
rlimit: STACK 8192k, CORE 0k, NPROC 31092, NOFILE 65536, AS infinity
load average:4.81 3.82 2.47

/proc/meminfo:
MemTotal:        8105560 kB
MemFree:           54236 kB
MemAvailable:      87020 kB
Buffers:            1108 kB
Cached:          1386588 kB
SwapCached:            0 kB
Active:          6592768 kB
Inactive:        1202572 kB
Active(anon):    6583280 kB
Inactive(anon):  1190212 kB
Active(file):       9488 kB
Inactive(file):    12360 kB
Unevictable:         176 kB
Mlocked:             176 kB
SwapTotal:             0 kB
SwapFree:              0 kB
Dirty:              2584 kB
Writeback:             0 kB
AnonPages:       6408908 kB
Mapped:           442248 kB
Shmem:           1364760 kB
Slab:             122144 kB
SReclaimable:      50116 kB
SUnreclaim:        72028 kB
KernelStack:       16928 kB
PageTables:        60868 kB
NFS_Unstable:          0 kB
Bounce:                0 kB
WritebackTmp:          0 kB
CommitLimit:     4052780 kB
Committed_AS:   14081304 kB
VmallocTotal:   34359738367 kB
VmallocUsed:           0 kB
VmallocChunk:          0 kB
HardwareCorrupted:     0 kB
AnonHugePages:   3110912 kB
CmaTotal:              0 kB
CmaFree:               0 kB
HugePages_Total:       0
HugePages_Free:        0
HugePages_Rsvd:        0
HugePages_Surp:        0
Hugepagesize:       2048 kB
DirectMap4k:      207360 kB
DirectMap2M:     7063552 kB
DirectMap1G:     2097152 kB


CPU:total 8 (4 cores per cpu, 2 threads per core) family 6 model 60 stepping 3, cmov, cx8, fxsr, mmx, sse, sse2, sse3, ssse3, sse4.1, sse4.2, popcnt, avx, avx2, aes, clmul, erms, lzcnt, ht, tsc, tscinvbit, bmi1, bmi2

/proc/cpuinfo:
processor	: 0
vendor_id	: GenuineIntel
cpu family	: 6
model		: 60
model name	: Intel(R) Core(TM) i7-4700MQ CPU @ 2.40GHz
stepping	: 3
microcode	: 0x1e
cpu MHz		: 1546.781
cache size	: 6144 KB
physical id	: 0
siblings	: 8
core id		: 0
cpu cores	: 4
apicid		: 0
initial apicid	: 0
fpu		: yes
fpu_exception	: yes
cpuid level	: 13
wp		: yes
flags		: fpu vme de pse tsc msr pae mce cx8 apic sep mtrr pge mca cmov pat pse36 clflush dts acpi mmx fxsr sse sse2 ss ht tm pbe syscall nx pdpe1gb rdtscp lm constant_tsc arch_perfmon pebs bts rep_good nopl xtopology nonstop_tsc aperfmperf eagerfpu pni pclmulqdq dtes64 monitor ds_cpl vmx est tm2 ssse3 sdbg fma cx16 xtpr pdcm pcid sse4_1 sse4_2 movbe popcnt tsc_deadline_timer aes xsave avx f16c rdrand lahf_lm abm epb tpr_shadow vnmi flexpriority ept vpid fsgsbase tsc_adjust bmi1 avx2 smep bmi2 erms invpcid xsaveopt dtherm ida arat pln pts
bugs		:
bogomips	: 4788.68
clflush size	: 64
cache_alignment	: 64
address sizes	: 39 bits physical, 48 bits virtual
power management:

processor	: 1
vendor_id	: GenuineIntel
cpu family	: 6
model		: 60
model name	: Intel(R) Core(TM) i7-4700MQ CPU @ 2.40GHz
stepping	: 3
microcode	: 0x1e
cpu MHz		: 2359.593
cache size	: 6144 KB
physical id	: 0
siblings	: 8
core id		: 0
cpu cores	: 4
apicid		: 1
initial apicid	: 1
fpu		: yes
fpu_exception	: yes
cpuid level	: 13
wp		: yes
flags		: fpu vme de pse tsc msr pae mce cx8 apic sep mtrr pge mca cmov pat pse36 clflush dts acpi mmx fxsr sse sse2 ss ht tm pbe syscall nx pdpe1gb rdtscp lm constant_tsc arch_perfmon pebs bts rep_good nopl xtopology nonstop_tsc aperfmperf eagerfpu pni pclmulqdq dtes64 monitor ds_cpl vmx est tm2 ssse3 sdbg fma cx16 xtpr pdcm pcid sse4_1 sse4_2 movbe popcnt tsc_deadline_timer aes xsave avx f16c rdrand lahf_lm abm epb tpr_shadow vnmi flexpriority ept vpid fsgsbase tsc_adjust bmi1 avx2 smep bmi2 erms invpcid xsaveopt dtherm ida arat pln pts
bugs		:
bogomips	: 4788.68
clflush size	: 64
cache_alignment	: 64
address sizes	: 39 bits physical, 48 bits virtual
power management:

processor	: 2
vendor_id	: GenuineIntel
cpu family	: 6
model		: 60
model name	: Intel(R) Core(TM) i7-4700MQ CPU @ 2.40GHz
stepping	: 3
microcode	: 0x1e
cpu MHz		: 1286.625
cache size	: 6144 KB
physical id	: 0
siblings	: 8
core id		: 1
cpu cores	: 4
apicid		: 2
initial apicid	: 2
fpu		: yes
fpu_exception	: yes
cpuid level	: 13
wp		: yes
flags		: fpu vme de pse tsc msr pae mce cx8 apic sep mtrr pge mca cmov pat pse36 clflush dts acpi mmx fxsr sse sse2 ss ht tm pbe syscall nx pdpe1gb rdtscp lm constant_tsc arch_perfmon pebs bts rep_good nopl xtopology nonstop_tsc aperfmperf eagerfpu pni pclmulqdq dtes64 monitor ds_cpl vmx est tm2 ssse3 sdbg fma cx16 xtpr pdcm pcid sse4_1 sse4_2 movbe popcnt tsc_deadline_timer aes xsave avx f16c rdrand lahf_lm abm epb tpr_shadow vnmi flexpriority ept vpid fsgsbase tsc_adjust bmi1 avx2 smep bmi2 erms invpcid xsaveopt dtherm ida arat pln pts
bugs		:
bogomips	: 4788.68
clflush size	: 64
cache_alignment	: 64
address sizes	: 39 bits physical, 48 bits virtual
power management:

processor	: 3
vendor_id	: GenuineIntel
cpu family	: 6
model		: 60
model name	: Intel(R) Core(TM) i7-4700MQ CPU @ 2.40GHz
stepping	: 3
microcode	: 0x1e
cpu MHz		: 1831.968
cache size	: 6144 KB
physical id	: 0
siblings	: 8
core id		: 1
cpu cores	: 4
apicid		: 3
initial apicid	: 3
fpu		: yes
fpu_exception	: yes
cpuid level	: 13
wp		: yes
flags		: fpu vme de pse tsc msr pae mce cx8 apic sep mtrr pge mca cmov pat pse36 clflush dts acpi mmx fxsr sse sse2 ss ht tm pbe syscall nx pdpe1gb rdtscp lm constant_tsc arch_perfmon pebs bts rep_good nopl xtopology nonstop_tsc aperfmperf eagerfpu pni pclmulqdq dtes64 monitor ds_cpl vmx est tm2 ssse3 sdbg fma cx16 xtpr pdcm pcid sse4_1 sse4_2 movbe popcnt tsc_deadline_timer aes xsave avx f16c rdrand lahf_lm abm epb tpr_shadow vnmi flexpriority ept vpid fsgsbase tsc_adjust bmi1 avx2 smep bmi2 erms invpcid xsaveopt dtherm ida arat pln pts
bugs		:
bogomips	: 4788.68
clflush size	: 64
cache_alignment	: 64
address sizes	: 39 bits physical, 48 bits virtual
power management:

processor	: 4
vendor_id	: GenuineIntel
cpu family	: 6
model		: 60
model name	: Intel(R) Core(TM) i7-4700MQ CPU @ 2.40GHz
stepping	: 3
microcode	: 0x1e
cpu MHz		: 2393.531
cache size	: 6144 KB
physical id	: 0
siblings	: 8
core id		: 2
cpu cores	: 4
apicid		: 4
initial apicid	: 4
fpu		: yes
fpu_exception	: yes
cpuid level	: 13
wp		: yes
flags		: fpu vme de pse tsc msr pae mce cx8 apic sep mtrr pge mca cmov pat pse36 clflush dts acpi mmx fxsr sse sse2 ss ht tm pbe syscall nx pdpe1gb rdtscp lm constant_tsc arch_perfmon pebs bts rep_good nopl xtopology nonstop_tsc aperfmperf eagerfpu pni pclmulqdq dtes64 monitor ds_cpl vmx est tm2 ssse3 sdbg fma cx16 xtpr pdcm pcid sse4_1 sse4_2 movbe popcnt tsc_deadline_timer aes xsave avx f16c rdrand lahf_lm abm epb tpr_shadow vnmi flexpriority ept vpid fsgsbase tsc_adjust bmi1 avx2 smep bmi2 erms invpcid xsaveopt dtherm ida arat pln pts
bugs		:
bogomips	: 4788.68
clflush size	: 64
cache_alignment	: 64
address sizes	: 39 bits physical, 48 bits virtual
power management:

processor	: 5
vendor_id	: GenuineIntel
cpu family	: 6
model		: 60
model name	: Intel(R) Core(TM) i7-4700MQ CPU @ 2.40GHz
stepping	: 3
microcode	: 0x1e
cpu MHz		: 2401.218
cache size	: 6144 KB
physical id	: 0
siblings	: 8
core id		: 2
cpu cores	: 4
apicid		: 5
initial apicid	: 5
fpu		: yes
fpu_exception	: yes
cpuid level	: 13
wp		: yes
flags		: fpu vme de pse tsc msr pae mce cx8 apic sep mtrr pge mca cmov pat pse36 clflush dts acpi mmx fxsr sse sse2 ss ht tm pbe syscall nx pdpe1gb rdtscp lm constant_tsc arch_perfmon pebs bts rep_good nopl xtopology nonstop_tsc aperfmperf eagerfpu pni pclmulqdq dtes64 monitor ds_cpl vmx est tm2 ssse3 sdbg fma cx16 xtpr pdcm pcid sse4_1 sse4_2 movbe popcnt tsc_deadline_timer aes xsave avx f16c rdrand lahf_lm abm epb tpr_shadow vnmi flexpriority ept vpid fsgsbase tsc_adjust bmi1 avx2 smep bmi2 erms invpcid xsaveopt dtherm ida arat pln pts
bugs		:
bogomips	: 4788.68
clflush size	: 64
cache_alignment	: 64
address sizes	: 39 bits physical, 48 bits virtual
power management:

processor	: 6
vendor_id	: GenuineIntel
cpu family	: 6
model		: 60
model name	: Intel(R) Core(TM) i7-4700MQ CPU @ 2.40GHz
stepping	: 3
microcode	: 0x1e
cpu MHz		: 1547.531
cache size	: 6144 KB
physical id	: 0
siblings	: 8
core id		: 3
cpu cores	: 4
apicid		: 6
initial apicid	: 6
fpu		: yes
fpu_exception	: yes
cpuid level	: 13
wp		: yes
flags		: fpu vme de pse tsc msr pae mce cx8 apic sep mtrr pge mca cmov pat pse36 clflush dts acpi mmx fxsr sse sse2 ss ht tm pbe syscall nx pdpe1gb rdtscp lm constant_tsc arch_perfmon pebs bts rep_good nopl xtopology nonstop_tsc aperfmperf eagerfpu pni pclmulqdq dtes64 monitor ds_cpl vmx est tm2 ssse3 sdbg fma cx16 xtpr pdcm pcid sse4_1 sse4_2 movbe popcnt tsc_deadline_timer aes xsave avx f16c rdrand lahf_lm abm epb tpr_shadow vnmi flexpriority ept vpid fsgsbase tsc_adjust bmi1 avx2 smep bmi2 erms invpcid xsaveopt dtherm ida arat pln pts
bugs		:
bogomips	: 4788.68
clflush size	: 64
cache_alignment	: 64
address sizes	: 39 bits physical, 48 bits virtual
power management:

processor	: 7
vendor_id	: GenuineIntel
cpu family	: 6
model		: 60
model name	: Intel(R) Core(TM) i7-4700MQ CPU @ 2.40GHz
stepping	: 3
microcode	: 0x1e
cpu MHz		: 2620.500
cache size	: 6144 KB
physical id	: 0
siblings	: 8
core id		: 3
cpu cores	: 4
apicid		: 7
initial apicid	: 7
fpu		: yes
fpu_exception	: yes
cpuid level	: 13
wp		: yes
flags		: fpu vme de pse tsc msr pae mce cx8 apic sep mtrr pge mca cmov pat pse36 clflush dts acpi mmx fxsr sse sse2 ss ht tm pbe syscall nx pdpe1gb rdtscp lm constant_tsc arch_perfmon pebs bts rep_good nopl xtopology nonstop_tsc aperfmperf eagerfpu pni pclmulqdq dtes64 monitor ds_cpl vmx est tm2 ssse3 sdbg fma cx16 xtpr pdcm pcid sse4_1 sse4_2 movbe popcnt tsc_deadline_timer aes xsave avx f16c rdrand lahf_lm abm epb tpr_shadow vnmi flexpriority ept vpid fsgsbase tsc_adjust bmi1 avx2 smep bmi2 erms invpcid xsaveopt dtherm ida arat pln pts
bugs		:
bogomips	: 4788.68
clflush size	: 64
cache_alignment	: 64
address sizes	: 39 bits physical, 48 bits virtual
power management:



Memory: 4k page, physical 8105560k(50032k free), swap 0k(0k free)

vm_info: Java HotSpot(TM) 64-Bit Server VM (25.91-b14) for linux-amd64 JRE (1.8.0_91-b14), built on Apr  1 2016 00:57:21 by "java_re" with gcc 4.3.0 20080428 (Red Hat 4.3.0-8)

time: Tue May  3 02:09:37 2016
elapsed time: 13 seconds (0d 0h 0m 13s)

