#
# There is insufficient memory for the Java Runtime Environment to continue.
# Native memory allocation (mmap) failed to map 175112192 bytes for committing reserved memory.
# Possible reasons:
#   The system is out of physical RAM or swap space
#   In 32 bit mode, the process size limit was hit
# Possible solutions:
#   Reduce memory load on the system
#   Increase physical memory or swap space
#   Check if swap backing store is full
#   Use 64 bit Java on a 64 bit OS
#   Decrease Java heap size (-Xmx/-Xms)
#   Decrease number of Java threads
#   Decrease Java thread stack sizes (-Xss)
#   Set larger code cache with -XX:ReservedCodeCacheSize=
# This output file may be truncated or incomplete.
#
#  Out of Memory Error (os_linux.cpp:2627), pid=19518, tid=140343080085248
#
# JRE version: Java(TM) SE Runtime Environment (8.0_91-b14) (build 1.8.0_91-b14)
# Java VM: Java HotSpot(TM) 64-Bit Server VM (25.91-b14 mixed mode linux-amd64 compressed oops)
# Failed to write core dump. Core dumps have been disabled. To enable core dumping, try "ulimit -c unlimited" before starting Java again
#

---------------  T H R E A D  ---------------

Current thread (0x00007fa458080000):  VMThread [stack: 0x00007fa42b5f6000,0x00007fa42b6f7000] [id=19538]

Stack: [0x00007fa42b5f6000,0x00007fa42b6f7000],  sp=0x00007fa42b6f5020,  free space=1020k
Native frames: (J=compiled Java code, j=interpreted, Vv=VM code, C=native code)
V  [libjvm.so+0xabc18a]  VMError::report_and_die()+0x2ba
V  [libjvm.so+0x4fafeb]  report_vm_out_of_memory(char const*, int, unsigned long, VMErrorType, char const*)+0x8b
V  [libjvm.so+0x91cbb3]  os::Linux::commit_memory_impl(char*, unsigned long, bool)+0x103
V  [libjvm.so+0x91d109]  os::pd_commit_memory(char*, unsigned long, unsigned long, bool)+0x29
V  [libjvm.so+0x91740a]  os::commit_memory(char*, unsigned long, unsigned long, bool)+0x2a
V  [libjvm.so+0x98b033]  PSVirtualSpace::expand_by(unsigned long)+0x53
V  [libjvm.so+0x98c438]  PSYoungGen::resize_generation(unsigned long, unsigned long)+0xf8
V  [libjvm.so+0x98b592]  PSYoungGen::resize(unsigned long, unsigned long)+0x22
V  [libjvm.so+0x98886b]  PSScavenge::invoke_no_policy()+0xf3b
V  [libjvm.so+0x988ff1]  PSScavenge::invoke()+0x41
V  [libjvm.so+0x9408b0]  ParallelScavengeHeap::failed_mem_allocate(unsigned long)+0x70
V  [libjvm.so+0xabdba7]  VM_ParallelGCFailedAllocation::doit()+0x97
V  [libjvm.so+0xac55d5]  VM_Operation::evaluate()+0x55
V  [libjvm.so+0xac39aa]  VMThread::evaluate_operation(VM_Operation*)+0xba
V  [libjvm.so+0xac3d2e]  VMThread::loop()+0x1ce
V  [libjvm.so+0xac41a0]  VMThread::run()+0x70
V  [libjvm.so+0x91ef78]  java_start(Thread*)+0x108

VM_Operation (0x00007fa42a113b90): ParallelGCFailedAllocation, mode: safepoint, requested by thread 0x00007fa45816e000


---------------  P R O C E S S  ---------------

Java Threads: ( => current thread )
  0x00007fa458170800 JavaThread "pool-2-thread-4" [_thread_blocked, id=19590, stack(0x00007fa429e13000,0x00007fa429f14000)]
  0x00007fa45816e800 JavaThread "pool-2-thread-3" [_thread_blocked, id=19589, stack(0x00007fa429f14000,0x00007fa42a015000)]
  0x00007fa45816e000 JavaThread "pool-2-thread-2" [_thread_blocked, id=19588, stack(0x00007fa42a015000,0x00007fa42a116000)]
  0x00007fa45816a800 JavaThread "pool-3-thread-1" [_thread_blocked, id=19587, stack(0x00007fa42a116000,0x00007fa42a217000)]
  0x00007fa458168800 JavaThread "pool-2-thread-1" [_thread_blocked, id=19586, stack(0x00007fa42a217000,0x00007fa42a318000)]
  0x00007fa4580ca800 JavaThread "Service Thread" daemon [_thread_blocked, id=19556, stack(0x00007fa42a42f000,0x00007fa42a530000)]
  0x00007fa4580c7800 JavaThread "C1 CompilerThread3" daemon [_thread_blocked, id=19555, stack(0x00007fa42a530000,0x00007fa42a631000)]
  0x00007fa4580c5000 JavaThread "C2 CompilerThread2" daemon [_thread_blocked, id=19554, stack(0x00007fa42a631000,0x00007fa42a732000)]
  0x00007fa4580c3800 JavaThread "C2 CompilerThread1" daemon [_thread_blocked, id=19553, stack(0x00007fa42a732000,0x00007fa42a833000)]
  0x00007fa4580c0800 JavaThread "C2 CompilerThread0" daemon [_thread_blocked, id=19552, stack(0x00007fa42a833000,0x00007fa42a934000)]
  0x00007fa4580bf000 JavaThread "Signal Dispatcher" daemon [_thread_blocked, id=19550, stack(0x00007fa42a934000,0x00007fa42aa35000)]
  0x00007fa45808c000 JavaThread "Finalizer" daemon [_thread_blocked, id=19547, stack(0x00007fa42b3f4000,0x00007fa42b4f5000)]
  0x00007fa458087800 JavaThread "Reference Handler" daemon [_thread_blocked, id=19546, stack(0x00007fa42b4f5000,0x00007fa42b5f6000)]
  0x00007fa45800a000 JavaThread "main" [_thread_blocked, id=19523, stack(0x00007fa460d51000,0x00007fa460e52000)]

Other Threads:
=>0x00007fa458080000 VMThread [stack: 0x00007fa42b5f6000,0x00007fa42b6f7000] [id=19538]
  0x00007fa4580cd800 WatcherThread [stack: 0x00007fa42a32e000,0x00007fa42a42f000] [id=19557]

VM state:at safepoint (normal execution)

VM Mutex/Monitor currently owned by a thread:  ([mutex/lock_event])
[0x00007fa4580064d0] Threads_lock - owner thread: 0x00007fa458080000
[0x00007fa4580069d0] Heap_lock - owner thread: 0x00007fa45816e000

Heap:
 PSYoungGen      total 132096K, used 5101K [0x00000000eab00000, 0x00000000f3100000, 0x0000000100000000)
  eden space 126976K, 0% used [0x00000000eab00000,0x00000000eab00000,0x00000000f2700000)
  from space 5120K, 99% used [0x00000000f2700000,0x00000000f2bfb470,0x00000000f2c00000)
  to   space 5120K, 0% used [0x00000000f2c00000,0x00000000f2c00000,0x00000000f3100000)
 ParOldGen       total 84992K, used 41308K [0x00000000c0000000, 0x00000000c5300000, 0x00000000eab00000)
  object space 84992K, 48% used [0x00000000c0000000,0x00000000c2857130,0x00000000c5300000)
 Metaspace       used 6299K, capacity 7192K, committed 7424K, reserved 1056768K
  class space    used 614K, capacity 656K, committed 768K, reserved 1048576K

Card table byte_map: [0x00007fa45d902000,0x00007fa45db03000] byte_map_base: 0x00007fa45d302000

Marking Bits: (ParMarkBitMap*) 0x00007fa460220d60
 Begin Bits: [0x00007fa422000000, 0x00007fa423000000)
 End Bits:   [0x00007fa423000000, 0x00007fa424000000)

Polling page: 0x00007fa460e6f000

CodeCache: size=245760Kb used=6655Kb max_used=6655Kb free=239104Kb
 bounds [0x00007fa449000000, 0x00007fa449690000, 0x00007fa458000000]
 total_blobs=2107 nmethods=1838 adapters=182
 compilation: enabled

Compilation events (10 events):
Event: 4.977 Thread 0x00007fa4580c7800 2081       2       java.util.concurrent.ArrayBlockingQueue::dequeue (75 bytes)
Event: 4.977 Thread 0x00007fa4580c7800 nmethod 2081 0x00007fa449681c10 code [0x00007fa449681dc0, 0x00007fa4496820f8]
Event: 4.978 Thread 0x00007fa4580c7800 2089       2       com.android.dx.rop.cst.CstLiteral32::getLongBits (6 bytes)
Event: 4.979 Thread 0x00007fa4580c7800 nmethod 2089 0x00007fa449682350 code [0x00007fa4496824a0, 0x00007fa4496825f0]
Event: 4.981 Thread 0x00007fa4580c7800 2090       2       com.android.dx.ssa.PhiTypeResolver::resolveResultType (308 bytes)
Event: 4.983 Thread 0x00007fa4580c7800 nmethod 2090 0x00007fa449682690 code [0x00007fa449682980, 0x00007fa4496837d8]
Event: 4.984 Thread 0x00007fa4580c7800 2091       2       java.util.Collections$UnmodifiableList::get (11 bytes)
Event: 4.984 Thread 0x00007fa4580c7800 nmethod 2091 0x00007fa449684810 code [0x00007fa449684980, 0x00007fa449684b08]
Event: 4.984 Thread 0x00007fa4580c7800 2092       2       com.android.dx.rop.code.RegisterSpecList::withoutLast (60 bytes)
Event: 4.985 Thread 0x00007fa4580c7800 nmethod 2092 0x00007fa449684b90 code [0x00007fa449684d60, 0x00007fa449685348]

GC Heap History (9 events):
Event: 1.304 GC heap before
{Heap before GC invocations=1 (full 0):
 PSYoungGen      total 36864K, used 31744K [0x00000000eab00000, 0x00000000ed400000, 0x0000000100000000)
  eden space 31744K, 100% used [0x00000000eab00000,0x00000000eca00000,0x00000000eca00000)
  from space 5120K, 0% used [0x00000000ecf00000,0x00000000ecf00000,0x00000000ed400000)
  to   space 5120K, 0% used [0x00000000eca00000,0x00000000eca00000,0x00000000ecf00000)
 ParOldGen       total 84992K, used 0K [0x00000000c0000000, 0x00000000c5300000, 0x00000000eab00000)
  object space 84992K, 0% used [0x00000000c0000000,0x00000000c0000000,0x00000000c5300000)
 Metaspace       used 5681K, capacity 6704K, committed 6784K, reserved 1056768K
  class space    used 590K, capacity 616K, committed 640K, reserved 1048576K
Event: 1.324 GC heap after
Heap after GC invocations=1 (full 0):
 PSYoungGen      total 36864K, used 4778K [0x00000000eab00000, 0x00000000ef300000, 0x0000000100000000)
  eden space 31744K, 0% used [0x00000000eab00000,0x00000000eab00000,0x00000000eca00000)
  from space 5120K, 93% used [0x00000000eca00000,0x00000000eceaaa70,0x00000000ecf00000)
  to   space 5120K, 0% used [0x00000000eee00000,0x00000000eee00000,0x00000000ef300000)
 ParOldGen       total 84992K, used 8K [0x00000000c0000000, 0x00000000c5300000, 0x00000000eab00000)
  object space 84992K, 0% used [0x00000000c0000000,0x00000000c0002000,0x00000000c5300000)
 Metaspace       used 5681K, capacity 6704K, committed 6784K, reserved 1056768K
  class space    used 590K, capacity 616K, committed 640K, reserved 1048576K
}
Event: 2.015 GC heap before
{Heap before GC invocations=2 (full 0):
 PSYoungGen      total 36864K, used 36522K [0x00000000eab00000, 0x00000000ef300000, 0x0000000100000000)
  eden space 31744K, 100% used [0x00000000eab00000,0x00000000eca00000,0x00000000eca00000)
  from space 5120K, 93% used [0x00000000eca00000,0x00000000eceaaa70,0x00000000ecf00000)
  to   space 5120K, 0% used [0x00000000eee00000,0x00000000eee00000,0x00000000ef300000)
 ParOldGen       total 84992K, used 8K [0x00000000c0000000, 0x00000000c5300000, 0x00000000eab00000)
  object space 84992K, 0% used [0x00000000c0000000,0x00000000c0002000,0x00000000c5300000)
 Metaspace       used 5857K, capacity 6832K, committed 7040K, reserved 1056768K
  class space    used 592K, capacity 616K, committed 640K, reserved 1048576K
Event: 2.082 GC heap after
Heap after GC invocations=2 (full 0):
 PSYoungGen      total 68608K, used 5101K [0x00000000eab00000, 0x00000000ef300000, 0x0000000100000000)
  eden space 63488K, 0% used [0x00000000eab00000,0x00000000eab00000,0x00000000ee900000)
  from space 5120K, 99% used [0x00000000eee00000,0x00000000ef2fb7d0,0x00000000ef300000)
  to   space 5120K, 0% used [0x00000000ee900000,0x00000000ee900000,0x00000000eee00000)
 ParOldGen       total 84992K, used 3491K [0x00000000c0000000, 0x00000000c5300000, 0x00000000eab00000)
  object space 84992K, 4% used [0x00000000c0000000,0x00000000c0368f38,0x00000000c5300000)
 Metaspace       used 5857K, capacity 6832K, committed 7040K, reserved 1056768K
  class space    used 592K, capacity 616K, committed 640K, reserved 1048576K
}
Event: 3.262 GC heap before
{Heap before GC invocations=3 (full 0):
 PSYoungGen      total 68608K, used 68589K [0x00000000eab00000, 0x00000000ef300000, 0x0000000100000000)
  eden space 63488K, 100% used [0x00000000eab00000,0x00000000ee900000,0x00000000ee900000)
  from space 5120K, 99% used [0x00000000eee00000,0x00000000ef2fb7d0,0x00000000ef300000)
  to   space 5120K, 0% used [0x00000000ee900000,0x00000000ee900000,0x00000000eee00000)
 ParOldGen       total 84992K, used 3491K [0x00000000c0000000, 0x00000000c5300000, 0x00000000eab00000)
  object space 84992K, 4% used [0x00000000c0000000,0x00000000c0368f38,0x00000000c5300000)
 Metaspace       used 6002K, capacity 6960K, committed 7040K, reserved 1056768K
  class space    used 594K, capacity 616K, committed 640K, reserved 1048576K
Event: 3.369 GC heap after
Heap after GC invocations=3 (full 0):
 PSYoungGen      total 68608K, used 5101K [0x00000000eab00000, 0x00000000f3100000, 0x0000000100000000)
  eden space 63488K, 0% used [0x00000000eab00000,0x00000000eab00000,0x00000000ee900000)
  from space 5120K, 99% used [0x00000000ee900000,0x00000000eedfb470,0x00000000eee00000)
  to   space 5120K, 0% used [0x00000000f2c00000,0x00000000f2c00000,0x00000000f3100000)
 ParOldGen       total 84992K, used 12146K [0x00000000c0000000, 0x00000000c5300000, 0x00000000eab00000)
  object space 84992K, 14% used [0x00000000c0000000,0x00000000c0bdcab0,0x00000000c5300000)
 Metaspace       used 6002K, capacity 6960K, committed 7040K, reserved 1056768K
  class space    used 594K, capacity 616K, committed 640K, reserved 1048576K
}
Event: 3.947 GC heap before
{Heap before GC invocations=4 (full 0):
 PSYoungGen      total 68608K, used 68589K [0x00000000eab00000, 0x00000000f3100000, 0x0000000100000000)
  eden space 63488K, 100% used [0x00000000eab00000,0x00000000ee900000,0x00000000ee900000)
  from space 5120K, 99% used [0x00000000ee900000,0x00000000eedfb470,0x00000000eee00000)
  to   space 5120K, 0% used [0x00000000f2c00000,0x00000000f2c00000,0x00000000f3100000)
 ParOldGen       total 84992K, used 12146K [0x00000000c0000000, 0x00000000c5300000, 0x00000000eab00000)
  object space 84992K, 14% used [0x00000000c0000000,0x00000000c0bdcab0,0x00000000c5300000)
 Metaspace       used 6058K, capacity 7024K, committed 7296K, reserved 1056768K
  class space    used 594K, capacity 616K, committed 640K, reserved 1048576K
Event: 4.033 GC heap after
Heap after GC invocations=4 (full 0):
 PSYoungGen      total 132096K, used 5089K [0x00000000eab00000, 0x00000000f3100000, 0x0000000100000000)
  eden space 126976K, 0% used [0x00000000eab00000,0x00000000eab00000,0x00000000f2700000)
  from space 5120K, 99% used [0x00000000f2c00000,0x00000000f30f86e0,0x00000000f3100000)
  to   space 5120K, 0% used [0x00000000f2700000,0x00000000f2700000,0x00000000f2c00000)
 ParOldGen       total 84992K, used 21643K [0x00000000c0000000, 0x00000000c5300000, 0x00000000eab00000)
  object space 84992K, 25% used [0x00000000c0000000,0x00000000c1522e18,0x00000000c5300000)
 Metaspace       used 6058K, capacity 7024K, committed 7296K, reserved 1056768K
  class space    used 594K, capacity 616K, committed 640K, reserved 1048576K
}
Event: 5.012 GC heap before
{Heap before GC invocations=5 (full 0):
 PSYoungGen      total 132096K, used 132065K [0x00000000eab00000, 0x00000000f3100000, 0x0000000100000000)
  eden space 126976K, 100% used [0x00000000eab00000,0x00000000f2700000,0x00000000f2700000)
  from space 5120K, 99% used [0x00000000f2c00000,0x00000000f30f86e0,0x00000000f3100000)
  to   space 5120K, 0% used [0x00000000f2700000,0x00000000f2700000,0x00000000f2c00000)
 ParOldGen       total 84992K, used 21643K [0x00000000c0000000, 0x00000000c5300000, 0x00000000eab00000)
  object space 84992K, 25% used [0x00000000c0000000,0x00000000c1522e18,0x00000000c5300000)
 Metaspace       used 6299K, capacity 7192K, committed 7424K, reserved 1056768K
  class space    used 614K, capacity 656K, committed 768K, reserved 1048576K

Deoptimization events (10 events):
Event: 2.303 Thread 0x00007fa45800a000 Uncommon trap: reason=bimorphic action=maybe_recompile pc=0x00007fa44921cd8c method=java.util.HashMap.getNode(ILjava/lang/Object;)Ljava/util/HashMap$Node; @ 126
Event: 2.664 Thread 0x00007fa458168800 Uncommon trap: reason=unstable_if action=reinterpret pc=0x00007fa44930c67c method=com.android.dx.ssa.SsaMethod.updateOneDefinition(Lcom/android/dx/ssa/SsaInsn;Lcom/android/dx/rop/code/RegisterSpec;)V @ 4
Event: 3.886 Thread 0x00007fa45816e800 Uncommon trap: reason=bimorphic action=maybe_recompile pc=0x00007fa4494cfbbc method=java.util.HashMap.putVal(ILjava/lang/Object;Ljava/lang/Object;ZZ)Ljava/lang/Object; @ 203
Event: 3.888 Thread 0x00007fa45816e800 Uncommon trap: reason=bimorphic action=maybe_recompile pc=0x00007fa4494287dc method=com.android.dx.rop.code.RegisterSpec.withSimpleType()Lcom/android/dx/rop/code/RegisterSpec; @ 21
Event: 4.352 Thread 0x00007fa45800a000 Uncommon trap: reason=unstable_if action=reinterpret pc=0x00007fa449578ee4 method=com.android.dx.rop.code.LocalItem.compareHandlesNulls(Lcom/android/dx/rop/cst/CstString;Lcom/android/dx/rop/cst/CstString;)I @ 14
Event: 4.682 Thread 0x00007fa45800a000 Uncommon trap: reason=unstable_if action=reinterpret pc=0x00007fa4492915d4 method=java.util.HashMap.putVal(ILjava/lang/Object;Ljava/lang/Object;ZZ)Ljava/lang/Object; @ 162
Event: 4.798 Thread 0x00007fa45816e000 Uncommon trap: reason=unstable_if action=reinterpret pc=0x00007fa44952cac0 method=com.android.dx.ssa.SCCP.simulateStmt(Lcom/android/dx/ssa/SsaInsn;)V @ 53
Event: 4.850 Thread 0x00007fa45816e800 Uncommon trap: reason=unstable_if action=reinterpret pc=0x00007fa44958c2d4 method=com.android.dx.cf.code.Ropper.processBlock(Lcom/android/dx/cf/code/ByteBlock;Lcom/android/dx/cf/code/Frame;[I)V @ 413
Event: 4.889 Thread 0x00007fa45816e800 Uncommon trap: reason=unstable_if action=reinterpret pc=0x00007fa449576bc0 method=com.android.dx.ssa.MoveParamCombiner$1.visitNonMoveInsn(Lcom/android/dx/ssa/NormalSsaInsn;)V @ 27
Event: 4.977 Thread 0x00007fa45816e800 Uncommon trap: reason=bimorphic action=maybe_recompile pc=0x00007fa449555550 method=com.android.dx.ssa.LiteralOpUpgrader.tryReplacingWithConstant(Lcom/android/dx/ssa/NormalSsaInsn;)Z @ 62

Internal exceptions (7 events):
Event: 0.042 Thread 0x00007fa45800a000 Exception <a 'java/lang/NoSuchMethodError': Method sun.misc.Unsafe.defineClass(Ljava/lang/String;[BII)Ljava/lang/Class; name or signature does not match> (0x00000000eab07cc0) thrown at [/HUDSON/workspace/8-2-build-linux-amd64/jdk8u91/6644/hotspot/src/shar
Event: 0.042 Thread 0x00007fa45800a000 Exception <a 'java/lang/NoSuchMethodError': Method sun.misc.Unsafe.prefetchRead(Ljava/lang/Object;J)V name or signature does not match> (0x00000000eab07fa8) thrown at [/HUDSON/workspace/8-2-build-linux-amd64/jdk8u91/6644/hotspot/src/share/vm/prims/jni.cpp
Event: 1.764 Thread 0x00007fa45800a000 Implicit null exception at 0x00007fa4492508ac to 0x00007fa4492538c5
Event: 4.352 Thread 0x00007fa45800a000 Implicit null exception at 0x00007fa4495779ce to 0x00007fa449578ea9
Event: 4.693 Thread 0x00007fa45800a000 Exception <a 'java/lang/ArrayIndexOutOfBoundsException': 18> (0x00000000f0484fc0) thrown at [/HUDSON/workspace/8-2-build-linux-amd64/jdk8u91/6644/hotspot/src/share/vm/interpreter/interpreterRuntime.cpp, line 366]
Event: 4.693 Thread 0x00007fa45800a000 Exception <a 'java/lang/ArrayIndexOutOfBoundsException': 145> (0x00000000f0486b40) thrown at [/HUDSON/workspace/8-2-build-linux-amd64/jdk8u91/6644/hotspot/src/share/vm/interpreter/interpreterRuntime.cpp, line 366]
Event: 4.694 Thread 0x00007fa45800a000 Exception <a 'java/lang/ArrayIndexOutOfBoundsException': 40> (0x00000000f0487e28) thrown at [/HUDSON/workspace/8-2-build-linux-amd64/jdk8u91/6644/hotspot/src/share/vm/interpreter/interpreterRuntime.cpp, line 366]

Events (10 events):
Event: 4.850 Thread 0x00007fa45800a000 DEOPT UNPACKING pc=0x00007fa449047633 sp=0x00007fa460e4f570 mode 0
Event: 4.889 Thread 0x00007fa45816e800 Uncommon trap: trap_request=0xffffff65 fr.pc=0x00007fa449576bc0
Event: 4.889 Thread 0x00007fa45816e800 DEOPT PACKING pc=0x00007fa449576bc0 sp=0x00007fa42a012dd0
Event: 4.889 Thread 0x00007fa45816e800 DEOPT UNPACKING pc=0x00007fa449005229 sp=0x00007fa42a012d48 mode 2
Event: 4.895 Thread 0x00007fa45816e000 DEOPT PACKING pc=0x00007fa44930996f sp=0x00007fa42a113fb0
Event: 4.906 Thread 0x00007fa45816e000 DEOPT UNPACKING pc=0x00007fa449047633 sp=0x00007fa42a113d70 mode 0
Event: 4.977 Thread 0x00007fa45816e800 Uncommon trap: trap_request=0xffffffc6 fr.pc=0x00007fa449555550
Event: 4.977 Thread 0x00007fa45816e800 DEOPT PACKING pc=0x00007fa449555550 sp=0x00007fa42a012ce0
Event: 4.977 Thread 0x00007fa45816e800 DEOPT UNPACKING pc=0x00007fa449005229 sp=0x00007fa42a012ca0 mode 2
Event: 4.999 Executing VM operation: ParallelGCFailedAllocation


Dynamic libraries:
00400000-00401000 r-xp 00000000 08:09 3281753                            /usr/java/jdk1.8.0_91/bin/java
00600000-00601000 rw-p 00000000 08:09 3281753                            /usr/java/jdk1.8.0_91/bin/java
0140c000-0142d000 rw-p 00000000 00:00 0                                  [heap]
c0000000-c5300000 rw-p 00000000 00:00 0 
c5300000-eab00000 ---p 00000000 00:00 0 
eab00000-f3100000 rw-p 00000000 00:00 0 
fd800000-100000000 ---p 00000000 00:00 0 
100000000-1000c0000 rw-p 00000000 00:00 0 
1000c0000-140000000 ---p 00000000 00:00 0 
7fa3e4000000-7fa3e4022000 rw-p 00000000 00:00 0 
7fa3e4022000-7fa3e8000000 ---p 00000000 00:00 0 
7fa3e8000000-7fa3e8036000 rw-p 00000000 00:00 0 
7fa3e8036000-7fa3ec000000 ---p 00000000 00:00 0 
7fa3ec000000-7fa3ec03c000 rw-p 00000000 00:00 0 
7fa3ec03c000-7fa3f0000000 ---p 00000000 00:00 0 
7fa3f0000000-7fa3f0022000 rw-p 00000000 00:00 0 
7fa3f0022000-7fa3f4000000 ---p 00000000 00:00 0 
7fa3f4000000-7fa3f4021000 rw-p 00000000 00:00 0 
7fa3f4021000-7fa3f8000000 ---p 00000000 00:00 0 
7fa3f8000000-7fa3f8021000 rw-p 00000000 00:00 0 
7fa3f8021000-7fa3fc000000 ---p 00000000 00:00 0 
7fa3fc000000-7fa3fc8f2000 rw-p 00000000 00:00 0 
7fa3fc8f2000-7fa400000000 ---p 00000000 00:00 0 
7fa400000000-7fa400021000 rw-p 00000000 00:00 0 
7fa400021000-7fa404000000 ---p 00000000 00:00 0 
7fa404000000-7fa40492a000 rw-p 00000000 00:00 0 
7fa40492a000-7fa408000000 ---p 00000000 00:00 0 
7fa408000000-7fa4088e9000 rw-p 00000000 00:00 0 
7fa4088e9000-7fa40c000000 ---p 00000000 00:00 0 
7fa40c000000-7fa40c021000 rw-p 00000000 00:00 0 
7fa40c021000-7fa410000000 ---p 00000000 00:00 0 
7fa410000000-7fa410872000 rw-p 00000000 00:00 0 
7fa410872000-7fa414000000 ---p 00000000 00:00 0 
7fa414000000-7fa414021000 rw-p 00000000 00:00 0 
7fa414021000-7fa418000000 ---p 00000000 00:00 0 
7fa418000000-7fa418021000 rw-p 00000000 00:00 0 
7fa418021000-7fa41c000000 ---p 00000000 00:00 0 
7fa41c000000-7fa41c28d000 rw-p 00000000 00:00 0 
7fa41c28d000-7fa420000000 ---p 00000000 00:00 0 
7fa422000000-7fa424000000 rw-p 00000000 00:00 0 
7fa424000000-7fa424021000 rw-p 00000000 00:00 0 
7fa424021000-7fa428000000 ---p 00000000 00:00 0 
7fa429e13000-7fa429e16000 ---p 00000000 00:00 0 
7fa429e16000-7fa429f14000 rw-p 00000000 00:00 0 
7fa429f14000-7fa429f17000 ---p 00000000 00:00 0 
7fa429f17000-7fa42a015000 rw-p 00000000 00:00 0 
7fa42a015000-7fa42a018000 ---p 00000000 00:00 0 
7fa42a018000-7fa42a116000 rw-p 00000000 00:00 0 
7fa42a116000-7fa42a119000 ---p 00000000 00:00 0 
7fa42a119000-7fa42a217000 rw-p 00000000 00:00 0 
7fa42a217000-7fa42a21a000 ---p 00000000 00:00 0 
7fa42a21a000-7fa42a318000 rw-p 00000000 00:00 0 
7fa42a318000-7fa42a32e000 r--s 000f1000 08:09 4198859                    /home/kittuov/AndroidStudioProjects/TapQuick/app/build/intermediates/exploded-aar/com.android.support/support-v4/23.3.0/jars/classes.jar
7fa42a32e000-7fa42a32f000 ---p 00000000 00:00 0 
7fa42a32f000-7fa42a42f000 rw-p 00000000 00:00 0 
7fa42a42f000-7fa42a432000 ---p 00000000 00:00 0 
7fa42a432000-7fa42a530000 rw-p 00000000 00:00 0 
7fa42a530000-7fa42a533000 ---p 00000000 00:00 0 
7fa42a533000-7fa42a631000 rw-p 00000000 00:00 0 
7fa42a631000-7fa42a634000 ---p 00000000 00:00 0 
7fa42a634000-7fa42a732000 rw-p 00000000 00:00 0 
7fa42a732000-7fa42a735000 ---p 00000000 00:00 0 
7fa42a735000-7fa42a833000 rw-p 00000000 00:00 0 
7fa42a833000-7fa42a836000 ---p 00000000 00:00 0 
7fa42a836000-7fa42a934000 rw-p 00000000 00:00 0 
7fa42a934000-7fa42a937000 ---p 00000000 00:00 0 
7fa42a937000-7fa42aa35000 rw-p 00000000 00:00 0 
7fa42aa35000-7fa42b3f4000 r--p 00000000 08:09 1318033                    /usr/lib/locale/locale-archive
7fa42b3f4000-7fa42b3f7000 ---p 00000000 00:00 0 
7fa42b3f7000-7fa42b4f5000 rw-p 00000000 00:00 0 
7fa42b4f5000-7fa42b4f8000 ---p 00000000 00:00 0 
7fa42b4f8000-7fa42b5f6000 rw-p 00000000 00:00 0 
7fa42b5f6000-7fa42b5f7000 ---p 00000000 00:00 0 
7fa42b5f7000-7fa42c000000 rw-p 00000000 00:00 0 
7fa42c000000-7fa42c021000 rw-p 00000000 00:00 0 
7fa42c021000-7fa430000000 ---p 00000000 00:00 0 
7fa430000000-7fa430021000 rw-p 00000000 00:00 0 
7fa430021000-7fa434000000 ---p 00000000 00:00 0 
7fa434000000-7fa434021000 rw-p 00000000 00:00 0 
7fa434021000-7fa438000000 ---p 00000000 00:00 0 
7fa438000000-7fa438021000 rw-p 00000000 00:00 0 
7fa438021000-7fa43c000000 ---p 00000000 00:00 0 
7fa43c000000-7fa43c021000 rw-p 00000000 00:00 0 
7fa43c021000-7fa440000000 ---p 00000000 00:00 0 
7fa440000000-7fa440021000 rw-p 00000000 00:00 0 
7fa440021000-7fa444000000 ---p 00000000 00:00 0 
7fa444000000-7fa444021000 rw-p 00000000 00:00 0 
7fa444021000-7fa448000000 ---p 00000000 00:00 0 
7fa44800a000-7fa449000000 rw-p 00000000 00:00 0 
7fa449000000-7fa449690000 rwxp 00000000 00:00 0 
7fa449690000-7fa458000000 ---p 00000000 00:00 0 
7fa458000000-7fa4583bb000 rw-p 00000000 00:00 0 
7fa4583bb000-7fa45c000000 ---p 00000000 00:00 0 
7fa45c004000-7fa45c356000 rw-p 00000000 00:00 0 
7fa45c356000-7fa45c52e000 r--s 03cd8000 08:09 3279665                    /usr/java/jdk1.8.0_91/jre/lib/rt.jar
7fa45c52e000-7fa45cc24000 rw-p 00000000 00:00 0 
7fa45cc24000-7fa45cda4000 ---p 00000000 00:00 0 
7fa45cda4000-7fa45cfa4000 rw-p 00000000 00:00 0 
7fa45cfa4000-7fa45cfa5000 ---p 00000000 00:00 0 
7fa45cfa5000-7fa45d0a5000 rw-p 00000000 00:00 0 
7fa45d0a5000-7fa45d0a6000 ---p 00000000 00:00 0 
7fa45d0a6000-7fa45d1a6000 rw-p 00000000 00:00 0 
7fa45d1a6000-7fa45d1a7000 ---p 00000000 00:00 0 
7fa45d1a7000-7fa45d2a7000 rw-p 00000000 00:00 0 
7fa45d2a7000-7fa45d2a8000 ---p 00000000 00:00 0 
7fa45d2a8000-7fa45d3a8000 rw-p 00000000 00:00 0 
7fa45d3a8000-7fa45d3a9000 ---p 00000000 00:00 0 
7fa45d3a9000-7fa45d4a9000 rw-p 00000000 00:00 0 
7fa45d4a9000-7fa45d4aa000 ---p 00000000 00:00 0 
7fa45d4aa000-7fa45d5aa000 rw-p 00000000 00:00 0 
7fa45d5aa000-7fa45d5ab000 ---p 00000000 00:00 0 
7fa45d5ab000-7fa45d6ab000 rw-p 00000000 00:00 0 
7fa45d6ab000-7fa45d6ac000 ---p 00000000 00:00 0 
7fa45d6ac000-7fa45d7d6000 rw-p 00000000 00:00 0 
7fa45d7d6000-7fa45d902000 ---p 00000000 00:00 0 
7fa45d902000-7fa45d92c000 rw-p 00000000 00:00 0 
7fa45d92c000-7fa45da57000 ---p 00000000 00:00 0 
7fa45da57000-7fa45da9b000 rw-p 00000000 00:00 0 
7fa45da9b000-7fa45db02000 ---p 00000000 00:00 0 
7fa45db02000-7fa45db1e000 rw-p 00000000 00:00 0 
7fa45db1e000-7fa45dec3000 ---p 00000000 00:00 0 
7fa45dec3000-7fa45dedd000 r-xp 00000000 08:09 3281597                    /usr/java/jdk1.8.0_91/jre/lib/amd64/libzip.so
7fa45dedd000-7fa45e0dd000 ---p 0001a000 08:09 3281597                    /usr/java/jdk1.8.0_91/jre/lib/amd64/libzip.so
7fa45e0dd000-7fa45e0de000 rw-p 0001a000 08:09 3281597                    /usr/java/jdk1.8.0_91/jre/lib/amd64/libzip.so
7fa45e0de000-7fa45e0e9000 r-xp 00000000 08:09 3936861                    /lib/x86_64-linux-gnu/libnss_files-2.23.so
7fa45e0e9000-7fa45e2e8000 ---p 0000b000 08:09 3936861                    /lib/x86_64-linux-gnu/libnss_files-2.23.so
7fa45e2e8000-7fa45e2e9000 r--p 0000a000 08:09 3936861                    /lib/x86_64-linux-gnu/libnss_files-2.23.so
7fa45e2e9000-7fa45e2ea000 rw-p 0000b000 08:09 3936861                    /lib/x86_64-linux-gnu/libnss_files-2.23.so
7fa45e2ea000-7fa45e2f0000 rw-p 00000000 00:00 0 
7fa45e2f0000-7fa45e2fb000 r-xp 00000000 08:09 3936871                    /lib/x86_64-linux-gnu/libnss_nis-2.23.so
7fa45e2fb000-7fa45e4fa000 ---p 0000b000 08:09 3936871                    /lib/x86_64-linux-gnu/libnss_nis-2.23.so
7fa45e4fa000-7fa45e4fb000 r--p 0000a000 08:09 3936871                    /lib/x86_64-linux-gnu/libnss_nis-2.23.so
7fa45e4fb000-7fa45e4fc000 rw-p 0000b000 08:09 3936871                    /lib/x86_64-linux-gnu/libnss_nis-2.23.so
7fa45e4fc000-7fa45e512000 r-xp 00000000 08:09 3936855                    /lib/x86_64-linux-gnu/libnsl-2.23.so
7fa45e512000-7fa45e711000 ---p 00016000 08:09 3936855                    /lib/x86_64-linux-gnu/libnsl-2.23.so
7fa45e711000-7fa45e712000 r--p 00015000 08:09 3936855                    /lib/x86_64-linux-gnu/libnsl-2.23.so
7fa45e712000-7fa45e713000 rw-p 00016000 08:09 3936855                    /lib/x86_64-linux-gnu/libnsl-2.23.so
7fa45e713000-7fa45e715000 rw-p 00000000 00:00 0 
7fa45e715000-7fa45e71d000 r-xp 00000000 08:09 3936857                    /lib/x86_64-linux-gnu/libnss_compat-2.23.so
7fa45e71d000-7fa45e91c000 ---p 00008000 08:09 3936857                    /lib/x86_64-linux-gnu/libnss_compat-2.23.so
7fa45e91c000-7fa45e91d000 r--p 00007000 08:09 3936857                    /lib/x86_64-linux-gnu/libnss_compat-2.23.so
7fa45e91d000-7fa45e91e000 rw-p 00008000 08:09 3936857                    /lib/x86_64-linux-gnu/libnss_compat-2.23.so
7fa45e91e000-7fa45e948000 r-xp 00000000 08:09 3281634                    /usr/java/jdk1.8.0_91/jre/lib/amd64/libjava.so
7fa45e948000-7fa45eb48000 ---p 0002a000 08:09 3281634                    /usr/java/jdk1.8.0_91/jre/lib/amd64/libjava.so
7fa45eb48000-7fa45eb4a000 rw-p 0002a000 08:09 3281634                    /usr/java/jdk1.8.0_91/jre/lib/amd64/libjava.so
7fa45eb4a000-7fa45eb57000 r-xp 00000000 08:09 3281631                    /usr/java/jdk1.8.0_91/jre/lib/amd64/libverify.so
7fa45eb57000-7fa45ed57000 ---p 0000d000 08:09 3281631                    /usr/java/jdk1.8.0_91/jre/lib/amd64/libverify.so
7fa45ed57000-7fa45ed59000 rw-p 0000d000 08:09 3281631                    /usr/java/jdk1.8.0_91/jre/lib/amd64/libverify.so
7fa45ed59000-7fa45ed60000 r-xp 00000000 08:09 3936916                    /lib/x86_64-linux-gnu/librt-2.23.so
7fa45ed60000-7fa45ef5f000 ---p 00007000 08:09 3936916                    /lib/x86_64-linux-gnu/librt-2.23.so
7fa45ef5f000-7fa45ef60000 r--p 00006000 08:09 3936916                    /lib/x86_64-linux-gnu/librt-2.23.so
7fa45ef60000-7fa45ef61000 rw-p 00007000 08:09 3936916                    /lib/x86_64-linux-gnu/librt-2.23.so
7fa45ef61000-7fa45f069000 r-xp 00000000 08:09 3936832                    /lib/x86_64-linux-gnu/libm-2.23.so
7fa45f069000-7fa45f268000 ---p 00108000 08:09 3936832                    /lib/x86_64-linux-gnu/libm-2.23.so
7fa45f268000-7fa45f269000 r--p 00107000 08:09 3936832                    /lib/x86_64-linux-gnu/libm-2.23.so
7fa45f269000-7fa45f26a000 rw-p 00108000 08:09 3936832                    /lib/x86_64-linux-gnu/libm-2.23.so
7fa45f26a000-7fa45ff2a000 r-xp 00000000 08:09 3281593                    /usr/java/jdk1.8.0_91/jre/lib/amd64/server/libjvm.so
7fa45ff2a000-7fa46012a000 ---p 00cc0000 08:09 3281593                    /usr/java/jdk1.8.0_91/jre/lib/amd64/server/libjvm.so
7fa46012a000-7fa460202000 rw-p 00cc0000 08:09 3281593                    /usr/java/jdk1.8.0_91/jre/lib/amd64/server/libjvm.so
7fa460202000-7fa46024d000 rw-p 00000000 00:00 0 
7fa46024d000-7fa46040d000 r-xp 00000000 08:09 3936762                    /lib/x86_64-linux-gnu/libc-2.23.so
7fa46040d000-7fa46060c000 ---p 001c0000 08:09 3936762                    /lib/x86_64-linux-gnu/libc-2.23.so
7fa46060c000-7fa460610000 r--p 001bf000 08:09 3936762                    /lib/x86_64-linux-gnu/libc-2.23.so
7fa460610000-7fa460612000 rw-p 001c3000 08:09 3936762                    /lib/x86_64-linux-gnu/libc-2.23.so
7fa460612000-7fa460616000 rw-p 00000000 00:00 0 
7fa460616000-7fa460619000 r-xp 00000000 08:09 3936786                    /lib/x86_64-linux-gnu/libdl-2.23.so
7fa460619000-7fa460818000 ---p 00003000 08:09 3936786                    /lib/x86_64-linux-gnu/libdl-2.23.so
7fa460818000-7fa460819000 r--p 00002000 08:09 3936786                    /lib/x86_64-linux-gnu/libdl-2.23.so
7fa460819000-7fa46081a000 rw-p 00003000 08:09 3936786                    /lib/x86_64-linux-gnu/libdl-2.23.so
7fa46081a000-7fa46082f000 r-xp 00000000 08:09 3153660                    /usr/java/jdk1.8.0_91/lib/amd64/jli/libjli.so
7fa46082f000-7fa460a2f000 ---p 00015000 08:09 3153660                    /usr/java/jdk1.8.0_91/lib/amd64/jli/libjli.so
7fa460a2f000-7fa460a30000 rw-p 00015000 08:09 3153660                    /usr/java/jdk1.8.0_91/lib/amd64/jli/libjli.so
7fa460a30000-7fa460a48000 r-xp 00000000 08:09 3936908                    /lib/x86_64-linux-gnu/libpthread-2.23.so
7fa460a48000-7fa460c47000 ---p 00018000 08:09 3936908                    /lib/x86_64-linux-gnu/libpthread-2.23.so
7fa460c47000-7fa460c48000 r--p 00017000 08:09 3936908                    /lib/x86_64-linux-gnu/libpthread-2.23.so
7fa460c48000-7fa460c49000 rw-p 00018000 08:09 3936908                    /lib/x86_64-linux-gnu/libpthread-2.23.so
7fa460c49000-7fa460c4d000 rw-p 00000000 00:00 0 
7fa460c4d000-7fa460c73000 r-xp 00000000 08:09 3936734                    /lib/x86_64-linux-gnu/ld-2.23.so
7fa460c78000-7fa460d51000 rw-p 00000000 00:00 0 
7fa460d51000-7fa460d54000 ---p 00000000 00:00 0 
7fa460d54000-7fa460e56000 rw-p 00000000 00:00 0 
7fa460e57000-7fa460e66000 r--s 000df000 08:09 4198036                    /home/kittuov/Android/Sdk/build-tools/23.0.3/lib/dx.jar
7fa460e66000-7fa460e6e000 rw-s 00000000 08:09 6422907                    /tmp/hsperfdata_kittuov/19518
7fa460e6e000-7fa460e6f000 rw-p 00000000 00:00 0 
7fa460e6f000-7fa460e70000 ---p 00000000 00:00 0 
7fa460e70000-7fa460e72000 rw-p 00000000 00:00 0 
7fa460e72000-7fa460e73000 r--p 00025000 08:09 3936734                    /lib/x86_64-linux-gnu/ld-2.23.so
7fa460e73000-7fa460e74000 rw-p 00026000 08:09 3936734                    /lib/x86_64-linux-gnu/ld-2.23.so
7fa460e74000-7fa460e75000 rw-p 00000000 00:00 0 
7ffe1199d000-7ffe119be000 rw-p 00000000 00:00 0                          [stack]
7ffe119e0000-7ffe119e2000 r--p 00000000 00:00 0                          [vvar]
7ffe119e2000-7ffe119e4000 r-xp 00000000 00:00 0                          [vdso]
ffffffffff600000-ffffffffff601000 r-xp 00000000 00:00 0                  [vsyscall]

VM Arguments:
jvm_args: -Djava.awt.headless=true -Xmx1024M -Dfile.encoding=UTF-8 -Duser.country=IN -Duser.language=en -Duser.variant 
java_command: com.android.dx.command.Main --dex --force-jumbo --num-threads=4 --multi-dex --output /home/kittuov/AndroidStudioProjects/TapQuick/app/build/intermediates/transforms/dex/debug/folders/1000/10/com.android.support-support-v4-23.3.0_154bd2259e57702b84b2d8fdcf585115e57b68ff /home/kittuov/AndroidStudioProjects/TapQuick/app/build/intermediates/exploded-aar/com.android.support/support-v4/23.3.0/jars/classes.jar
java_class_path (initial): /home/kittuov/Android/Sdk/build-tools/23.0.3/lib/dx.jar
Launcher Type: SUN_STANDARD

Environment Variables:
PATH=/usr/local/sbin:/usr/local/bin:/usr/sbin:/usr/bin:/sbin:/bin:/usr/games:/usr/local/games:/snap/bin
LD_LIBRARY_PATH=/home/kittuov/IDEs/android-studio/bin:
SHELL=/bin/bash
DISPLAY=:0

Signal Handlers:
SIGSEGV: [libjvm.so+0xabca10], sa_mask[0]=11111111011111111101111111111110, sa_flags=SA_RESTART|SA_SIGINFO
SIGBUS: [libjvm.so+0xabca10], sa_mask[0]=11111111011111111101111111111110, sa_flags=SA_RESTART|SA_SIGINFO
SIGFPE: [libjvm.so+0x919a20], sa_mask[0]=11111111011111111101111111111110, sa_flags=SA_RESTART|SA_SIGINFO
SIGPIPE: [libjvm.so+0x919a20], sa_mask[0]=11111111011111111101111111111110, sa_flags=SA_RESTART|SA_SIGINFO
SIGXFSZ: [libjvm.so+0x919a20], sa_mask[0]=11111111011111111101111111111110, sa_flags=SA_RESTART|SA_SIGINFO
SIGILL: [libjvm.so+0x919a20], sa_mask[0]=11111111011111111101111111111110, sa_flags=SA_RESTART|SA_SIGINFO
SIGUSR1: SIG_DFL, sa_mask[0]=00000000000000000000000000000000, sa_flags=none
SIGUSR2: [libjvm.so+0x91b050], sa_mask[0]=00100000000000000000000000000000, sa_flags=SA_RESTART|SA_SIGINFO
SIGHUP: [libjvm.so+0x91c450], sa_mask[0]=11111111011111111101111111111110, sa_flags=SA_RESTART|SA_SIGINFO
SIGINT: [libjvm.so+0x91c450], sa_mask[0]=11111111011111111101111111111110, sa_flags=SA_RESTART|SA_SIGINFO
SIGTERM: [libjvm.so+0x91c450], sa_mask[0]=11111111011111111101111111111110, sa_flags=SA_RESTART|SA_SIGINFO
SIGQUIT: [libjvm.so+0x91c450], sa_mask[0]=11111111011111111101111111111110, sa_flags=SA_RESTART|SA_SIGINFO


---------------  S Y S T E M  ---------------

OS:DISTRIB_ID=Ubuntu
DISTRIB_RELEASE=16.04
DISTRIB_CODENAME=xenial
DISTRIB_DESCRIPTION="Ubuntu 16.04 LTS"

uname:Linux 4.4.0-21-generic #37-Ubuntu SMP Mon Apr 18 18:33:37 UTC 2016 x86_64
libc:glibc 2.23 NPTL 2.23 
rlimit: STACK 8192k, CORE 0k, NPROC 31092, NOFILE 65536, AS infinity
load average:5.90 3.51 2.14

/proc/meminfo:
MemTotal:        8105560 kB
MemFree:           56728 kB
MemAvailable:     162540 kB
Buffers:            3000 kB
Cached:          1458924 kB
SwapCached:            0 kB
Active:          6551696 kB
Inactive:        1238824 kB
Active(anon):    6503296 kB
Inactive(anon):  1190408 kB
Active(file):      48400 kB
Inactive(file):    48416 kB
Unevictable:         176 kB
Mlocked:             176 kB
SwapTotal:             0 kB
SwapFree:              0 kB
Dirty:             16016 kB
Writeback:             0 kB
AnonPages:       6329032 kB
Mapped:           493600 kB
Shmem:           1364900 kB
Slab:             123360 kB
SReclaimable:      51380 kB
SUnreclaim:        71980 kB
KernelStack:       17168 kB
PageTables:        60888 kB
NFS_Unstable:          0 kB
Bounce:                0 kB
WritebackTmp:          0 kB
CommitLimit:     4052780 kB
Committed_AS:   14158236 kB
VmallocTotal:   34359738367 kB
VmallocUsed:           0 kB
VmallocChunk:          0 kB
HardwareCorrupted:     0 kB
AnonHugePages:   3049472 kB
CmaTotal:              0 kB
CmaFree:               0 kB
HugePages_Total:       0
HugePages_Free:        0
HugePages_Rsvd:        0
HugePages_Surp:        0
Hugepagesize:       2048 kB
DirectMap4k:      207360 kB
DirectMap2M:     7063552 kB
DirectMap1G:     2097152 kB


CPU:total 8 (4 cores per cpu, 2 threads per core) family 6 model 60 stepping 3, cmov, cx8, fxsr, mmx, sse, sse2, sse3, ssse3, sse4.1, sse4.2, popcnt, avx, avx2, aes, clmul, erms, lzcnt, ht, tsc, tscinvbit, bmi1, bmi2

/proc/cpuinfo:
processor	: 0
vendor_id	: GenuineIntel
cpu family	: 6
model		: 60
model name	: Intel(R) Core(TM) i7-4700MQ CPU @ 2.40GHz
stepping	: 3
microcode	: 0x1e
cpu MHz		: 2805.281
cache size	: 6144 KB
physical id	: 0
siblings	: 8
core id		: 0
cpu cores	: 4
apicid		: 0
initial apicid	: 0
fpu		: yes
fpu_exception	: yes
cpuid level	: 13
wp		: yes
flags		: fpu vme de pse tsc msr pae mce cx8 apic sep mtrr pge mca cmov pat pse36 clflush dts acpi mmx fxsr sse sse2 ss ht tm pbe syscall nx pdpe1gb rdtscp lm constant_tsc arch_perfmon pebs bts rep_good nopl xtopology nonstop_tsc aperfmperf eagerfpu pni pclmulqdq dtes64 monitor ds_cpl vmx est tm2 ssse3 sdbg fma cx16 xtpr pdcm pcid sse4_1 sse4_2 movbe popcnt tsc_deadline_timer aes xsave avx f16c rdrand lahf_lm abm epb tpr_shadow vnmi flexpriority ept vpid fsgsbase tsc_adjust bmi1 avx2 smep bmi2 erms invpcid xsaveopt dtherm ida arat pln pts
bugs		:
bogomips	: 4788.68
clflush size	: 64
cache_alignment	: 64
address sizes	: 39 bits physical, 48 bits virtual
power management:

processor	: 1
vendor_id	: GenuineIntel
cpu family	: 6
model		: 60
model name	: Intel(R) Core(TM) i7-4700MQ CPU @ 2.40GHz
stepping	: 3
microcode	: 0x1e
cpu MHz		: 2368.875
cache size	: 6144 KB
physical id	: 0
siblings	: 8
core id		: 0
cpu cores	: 4
apicid		: 1
initial apicid	: 1
fpu		: yes
fpu_exception	: yes
cpuid level	: 13
wp		: yes
flags		: fpu vme de pse tsc msr pae mce cx8 apic sep mtrr pge mca cmov pat pse36 clflush dts acpi mmx fxsr sse sse2 ss ht tm pbe syscall nx pdpe1gb rdtscp lm constant_tsc arch_perfmon pebs bts rep_good nopl xtopology nonstop_tsc aperfmperf eagerfpu pni pclmulqdq dtes64 monitor ds_cpl vmx est tm2 ssse3 sdbg fma cx16 xtpr pdcm pcid sse4_1 sse4_2 movbe popcnt tsc_deadline_timer aes xsave avx f16c rdrand lahf_lm abm epb tpr_shadow vnmi flexpriority ept vpid fsgsbase tsc_adjust bmi1 avx2 smep bmi2 erms invpcid xsaveopt dtherm ida arat pln pts
bugs		:
bogomips	: 4788.68
clflush size	: 64
cache_alignment	: 64
address sizes	: 39 bits physical, 48 bits virtual
power management:

processor	: 2
vendor_id	: GenuineIntel
cpu family	: 6
model		: 60
model name	: Intel(R) Core(TM) i7-4700MQ CPU @ 2.40GHz
stepping	: 3
microcode	: 0x1e
cpu MHz		: 2455.687
cache size	: 6144 KB
physical id	: 0
siblings	: 8
core id		: 1
cpu cores	: 4
apicid		: 2
initial apicid	: 2
fpu		: yes
fpu_exception	: yes
cpuid level	: 13
wp		: yes
flags		: fpu vme de pse tsc msr pae mce cx8 apic sep mtrr pge mca cmov pat pse36 clflush dts acpi mmx fxsr sse sse2 ss ht tm pbe syscall nx pdpe1gb rdtscp lm constant_tsc arch_perfmon pebs bts rep_good nopl xtopology nonstop_tsc aperfmperf eagerfpu pni pclmulqdq dtes64 monitor ds_cpl vmx est tm2 ssse3 sdbg fma cx16 xtpr pdcm pcid sse4_1 sse4_2 movbe popcnt tsc_deadline_timer aes xsave avx f16c rdrand lahf_lm abm epb tpr_shadow vnmi flexpriority ept vpid fsgsbase tsc_adjust bmi1 avx2 smep bmi2 erms invpcid xsaveopt dtherm ida arat pln pts
bugs		:
bogomips	: 4788.68
clflush size	: 64
cache_alignment	: 64
address sizes	: 39 bits physical, 48 bits virtual
power management:

processor	: 3
vendor_id	: GenuineIntel
cpu family	: 6
model		: 60
model name	: Intel(R) Core(TM) i7-4700MQ CPU @ 2.40GHz
stepping	: 3
microcode	: 0x1e
cpu MHz		: 2392.218
cache size	: 6144 KB
physical id	: 0
siblings	: 8
core id		: 1
cpu cores	: 4
apicid		: 3
initial apicid	: 3
fpu		: yes
fpu_exception	: yes
cpuid level	: 13
wp		: yes
flags		: fpu vme de pse tsc msr pae mce cx8 apic sep mtrr pge mca cmov pat pse36 clflush dts acpi mmx fxsr sse sse2 ss ht tm pbe syscall nx pdpe1gb rdtscp lm constant_tsc arch_perfmon pebs bts rep_good nopl xtopology nonstop_tsc aperfmperf eagerfpu pni pclmulqdq dtes64 monitor ds_cpl vmx est tm2 ssse3 sdbg fma cx16 xtpr pdcm pcid sse4_1 sse4_2 movbe popcnt tsc_deadline_timer aes xsave avx f16c rdrand lahf_lm abm epb tpr_shadow vnmi flexpriority ept vpid fsgsbase tsc_adjust bmi1 avx2 smep bmi2 erms invpcid xsaveopt dtherm ida arat pln pts
bugs		:
bogomips	: 4788.68
clflush size	: 64
cache_alignment	: 64
address sizes	: 39 bits physical, 48 bits virtual
power management:

processor	: 4
vendor_id	: GenuineIntel
cpu family	: 6
model		: 60
model name	: Intel(R) Core(TM) i7-4700MQ CPU @ 2.40GHz
stepping	: 3
microcode	: 0x1e
cpu MHz		: 2373.656
cache size	: 6144 KB
physical id	: 0
siblings	: 8
core id		: 2
cpu cores	: 4
apicid		: 4
initial apicid	: 4
fpu		: yes
fpu_exception	: yes
cpuid level	: 13
wp		: yes
flags		: fpu vme de pse tsc msr pae mce cx8 apic sep mtrr pge mca cmov pat pse36 clflush dts acpi mmx fxsr sse sse2 ss ht tm pbe syscall nx pdpe1gb rdtscp lm constant_tsc arch_perfmon pebs bts rep_good nopl xtopology nonstop_tsc aperfmperf eagerfpu pni pclmulqdq dtes64 monitor ds_cpl vmx est tm2 ssse3 sdbg fma cx16 xtpr pdcm pcid sse4_1 sse4_2 movbe popcnt tsc_deadline_timer aes xsave avx f16c rdrand lahf_lm abm epb tpr_shadow vnmi flexpriority ept vpid fsgsbase tsc_adjust bmi1 avx2 smep bmi2 erms invpcid xsaveopt dtherm ida arat pln pts
bugs		:
bogomips	: 4788.68
clflush size	: 64
cache_alignment	: 64
address sizes	: 39 bits physical, 48 bits virtual
power management:

processor	: 5
vendor_id	: GenuineIntel
cpu family	: 6
model		: 60
model name	: Intel(R) Core(TM) i7-4700MQ CPU @ 2.40GHz
stepping	: 3
microcode	: 0x1e
cpu MHz		: 2420.625
cache size	: 6144 KB
physical id	: 0
siblings	: 8
core id		: 2
cpu cores	: 4
apicid		: 5
initial apicid	: 5
fpu		: yes
fpu_exception	: yes
cpuid level	: 13
wp		: yes
flags		: fpu vme de pse tsc msr pae mce cx8 apic sep mtrr pge mca cmov pat pse36 clflush dts acpi mmx fxsr sse sse2 ss ht tm pbe syscall nx pdpe1gb rdtscp lm constant_tsc arch_perfmon pebs bts rep_good nopl xtopology nonstop_tsc aperfmperf eagerfpu pni pclmulqdq dtes64 monitor ds_cpl vmx est tm2 ssse3 sdbg fma cx16 xtpr pdcm pcid sse4_1 sse4_2 movbe popcnt tsc_deadline_timer aes xsave avx f16c rdrand lahf_lm abm epb tpr_shadow vnmi flexpriority ept vpid fsgsbase tsc_adjust bmi1 avx2 smep bmi2 erms invpcid xsaveopt dtherm ida arat pln pts
bugs		:
bogomips	: 4788.68
clflush size	: 64
cache_alignment	: 64
address sizes	: 39 bits physical, 48 bits virtual
power management:

processor	: 6
vendor_id	: GenuineIntel
cpu family	: 6
model		: 60
model name	: Intel(R) Core(TM) i7-4700MQ CPU @ 2.40GHz
stepping	: 3
microcode	: 0x1e
cpu MHz		: 3174.562
cache size	: 6144 KB
physical id	: 0
siblings	: 8
core id		: 3
cpu cores	: 4
apicid		: 6
initial apicid	: 6
fpu		: yes
fpu_exception	: yes
cpuid level	: 13
wp		: yes
flags		: fpu vme de pse tsc msr pae mce cx8 apic sep mtrr pge mca cmov pat pse36 clflush dts acpi mmx fxsr sse sse2 ss ht tm pbe syscall nx pdpe1gb rdtscp lm constant_tsc arch_perfmon pebs bts rep_good nopl xtopology nonstop_tsc aperfmperf eagerfpu pni pclmulqdq dtes64 monitor ds_cpl vmx est tm2 ssse3 sdbg fma cx16 xtpr pdcm pcid sse4_1 sse4_2 movbe popcnt tsc_deadline_timer aes xsave avx f16c rdrand lahf_lm abm epb tpr_shadow vnmi flexpriority ept vpid fsgsbase tsc_adjust bmi1 avx2 smep bmi2 erms invpcid xsaveopt dtherm ida arat pln pts
bugs		:
bogomips	: 4788.68
clflush size	: 64
cache_alignment	: 64
address sizes	: 39 bits physical, 48 bits virtual
power management:

processor	: 7
vendor_id	: GenuineIntel
cpu family	: 6
model		: 60
model name	: Intel(R) Core(TM) i7-4700MQ CPU @ 2.40GHz
stepping	: 3
microcode	: 0x1e
cpu MHz		: 2343.000
cache size	: 6144 KB
physical id	: 0
siblings	: 8
core id		: 3
cpu cores	: 4
apicid		: 7
initial apicid	: 7
fpu		: yes
fpu_exception	: yes
cpuid level	: 13
wp		: yes
flags		: fpu vme de pse tsc msr pae mce cx8 apic sep mtrr pge mca cmov pat pse36 clflush dts acpi mmx fxsr sse sse2 ss ht tm pbe syscall nx pdpe1gb rdtscp lm constant_tsc arch_perfmon pebs bts rep_good nopl xtopology nonstop_tsc aperfmperf eagerfpu pni pclmulqdq dtes64 monitor ds_cpl vmx est tm2 ssse3 sdbg fma cx16 xtpr pdcm pcid sse4_1 sse4_2 movbe popcnt tsc_deadline_timer aes xsave avx f16c rdrand lahf_lm abm epb tpr_shadow vnmi flexpriority ept vpid fsgsbase tsc_adjust bmi1 avx2 smep bmi2 erms invpcid xsaveopt dtherm ida arat pln pts
bugs		:
bogomips	: 4788.68
clflush size	: 64
cache_alignment	: 64
address sizes	: 39 bits physical, 48 bits virtual
power management:



Memory: 4k page, physical 8105560k(56728k free), swap 0k(0k free)

vm_info: Java HotSpot(TM) 64-Bit Server VM (25.91-b14) for linux-amd64 JRE (1.8.0_91-b14), built on Apr  1 2016 00:57:21 by "java_re" with gcc 4.3.0 20080428 (Red Hat 4.3.0-8)

time: Tue May  3 02:06:47 2016
elapsed time: 9 seconds (0d 0h 0m 9s)

