#
# There is insufficient memory for the Java Runtime Environment to continue.
# Native memory allocation (mmap) failed to map 169869312 bytes for committing reserved memory.
# Possible reasons:
#   The system is out of physical RAM or swap space
#   In 32 bit mode, the process size limit was hit
# Possible solutions:
#   Reduce memory load on the system
#   Increase physical memory or swap space
#   Check if swap backing store is full
#   Use 64 bit Java on a 64 bit OS
#   Decrease Java heap size (-Xmx/-Xms)
#   Decrease number of Java threads
#   Decrease Java thread stack sizes (-Xss)
#   Set larger code cache with -XX:ReservedCodeCacheSize=
# This output file may be truncated or incomplete.
#
#  Out of Memory Error (os_linux.cpp:2627), pid=19485, tid=140635320305408
#
# JRE version: Java(TM) SE Runtime Environment (8.0_91-b14) (build 1.8.0_91-b14)
# Java VM: Java HotSpot(TM) 64-Bit Server VM (25.91-b14 mixed mode linux-amd64 compressed oops)
# Failed to write core dump. Core dumps have been disabled. To enable core dumping, try "ulimit -c unlimited" before starting Java again
#

---------------  T H R E A D  ---------------

Current thread (0x00007fe848080000):  VMThread [stack: 0x00007fe8363f4000,0x00007fe8364f5000] [id=19498]

Stack: [0x00007fe8363f4000,0x00007fe8364f5000],  sp=0x00007fe8364f30a0,  free space=1020k
Native frames: (J=compiled Java code, j=interpreted, Vv=VM code, C=native code)
V  [libjvm.so+0xabc18a]  VMError::report_and_die()+0x2ba
V  [libjvm.so+0x4fafeb]  report_vm_out_of_memory(char const*, int, unsigned long, VMErrorType, char const*)+0x8b
V  [libjvm.so+0x91cbb3]  os::Linux::commit_memory_impl(char*, unsigned long, bool)+0x103
V  [libjvm.so+0x91d109]  os::pd_commit_memory(char*, unsigned long, unsigned long, bool)+0x29
V  [libjvm.so+0x91740a]  os::commit_memory(char*, unsigned long, unsigned long, bool)+0x2a
V  [libjvm.so+0x98b033]  PSVirtualSpace::expand_by(unsigned long)+0x53
V  [libjvm.so+0x98c438]  PSYoungGen::resize_generation(unsigned long, unsigned long)+0xf8
V  [libjvm.so+0x98b592]  PSYoungGen::resize(unsigned long, unsigned long)+0x22
V  [libjvm.so+0x98886b]  PSScavenge::invoke_no_policy()+0xf3b
V  [libjvm.so+0x988ff1]  PSScavenge::invoke()+0x41
V  [libjvm.so+0x9408b0]  ParallelScavengeHeap::failed_mem_allocate(unsigned long)+0x70
V  [libjvm.so+0xabdba7]  VM_ParallelGCFailedAllocation::doit()+0x97
V  [libjvm.so+0xac55d5]  VM_Operation::evaluate()+0x55
V  [libjvm.so+0xac39aa]  VMThread::evaluate_operation(VM_Operation*)+0xba
V  [libjvm.so+0xac3d2e]  VMThread::loop()+0x1ce
V  [libjvm.so+0xac41a0]  VMThread::run()+0x70
V  [libjvm.so+0x91ef78]  java_start(Thread*)+0x108

VM_Operation (0x00007fe834e26b10): ParallelGCFailedAllocation, mode: safepoint, requested by thread 0x00007fe84814f800


---------------  P R O C E S S  ---------------

Java Threads: ( => current thread )
  0x00007fe848151000 JavaThread "pool-2-thread-4" [_thread_blocked, id=19515, stack(0x00007fe834c27000,0x00007fe834d28000)]
  0x00007fe84814f800 JavaThread "pool-2-thread-3" [_thread_blocked, id=19514, stack(0x00007fe834d28000,0x00007fe834e29000)]
  0x00007fe84814e800 JavaThread "pool-2-thread-2" [_thread_blocked, id=19513, stack(0x00007fe834e29000,0x00007fe834f2a000)]
  0x00007fe84814b800 JavaThread "pool-3-thread-1" [_thread_blocked, id=19512, stack(0x00007fe834f2a000,0x00007fe83502b000)]
  0x00007fe84814a000 JavaThread "pool-2-thread-1" [_thread_blocked, id=19511, stack(0x00007fe83502b000,0x00007fe83512c000)]
  0x00007fe8480ca000 JavaThread "Service Thread" daemon [_thread_blocked, id=19506, stack(0x00007fe83522d000,0x00007fe83532e000)]
  0x00007fe8480c7000 JavaThread "C1 CompilerThread3" daemon [_thread_blocked, id=19505, stack(0x00007fe83532e000,0x00007fe83542f000)]
  0x00007fe8480c5000 JavaThread "C2 CompilerThread2" daemon [_thread_blocked, id=19504, stack(0x00007fe83542f000,0x00007fe835530000)]
  0x00007fe8480c3800 JavaThread "C2 CompilerThread1" daemon [_thread_blocked, id=19503, stack(0x00007fe835530000,0x00007fe835631000)]
  0x00007fe8480c0800 JavaThread "C2 CompilerThread0" daemon [_thread_blocked, id=19502, stack(0x00007fe835631000,0x00007fe835732000)]
  0x00007fe8480bf000 JavaThread "Signal Dispatcher" daemon [_thread_blocked, id=19501, stack(0x00007fe835732000,0x00007fe835833000)]
  0x00007fe84808c000 JavaThread "Finalizer" daemon [_thread_blocked, id=19500, stack(0x00007fe8361f2000,0x00007fe8362f3000)]
  0x00007fe848087800 JavaThread "Reference Handler" daemon [_thread_blocked, id=19499, stack(0x00007fe8362f3000,0x00007fe8363f4000)]
  0x00007fe84800a000 JavaThread "main" [_thread_blocked, id=19487, stack(0x00007fe851bcc000,0x00007fe851ccd000)]

Other Threads:
=>0x00007fe848080000 VMThread [stack: 0x00007fe8363f4000,0x00007fe8364f5000] [id=19498]
  0x00007fe8480cd000 WatcherThread [stack: 0x00007fe83512c000,0x00007fe83522d000] [id=19507]

VM state:at safepoint (normal execution)

VM Mutex/Monitor currently owned by a thread:  ([mutex/lock_event])
[0x00007fe8480064f0] Threads_lock - owner thread: 0x00007fe848080000
[0x00007fe8480069f0] Heap_lock - owner thread: 0x00007fe84814f800

Heap:
 PSYoungGen      total 132096K, used 5088K [0x00000000eab00000, 0x00000000f3100000, 0x0000000100000000)
  eden space 126976K, 0% used [0x00000000eab00000,0x00000000eab00000,0x00000000f2700000)
  from space 5120K, 99% used [0x00000000f2700000,0x00000000f2bf8028,0x00000000f2c00000)
  to   space 5120K, 0% used [0x00000000f2c00000,0x00000000f2c00000,0x00000000f3100000)
 ParOldGen       total 84992K, used 40854K [0x00000000c0000000, 0x00000000c5300000, 0x00000000eab00000)
  object space 84992K, 48% used [0x00000000c0000000,0x00000000c27e5938,0x00000000c5300000)
 Metaspace       used 6369K, capacity 7192K, committed 7424K, reserved 1056768K
  class space    used 614K, capacity 656K, committed 768K, reserved 1048576K

Card table byte_map: [0x00007fe84e77d000,0x00007fe84e97e000] byte_map_base: 0x00007fe84e17d000

Marking Bits: (ParMarkBitMap*) 0x00007fe85109bd60
 Begin Bits: [0x00007fe837000000, 0x00007fe838000000)
 End Bits:   [0x00007fe838000000, 0x00007fe839000000)

Polling page: 0x00007fe851cea000

CodeCache: size=245760Kb used=7254Kb max_used=7254Kb free=238505Kb
 bounds [0x00007fe839000000, 0x00007fe839720000, 0x00007fe848000000]
 total_blobs=2147 nmethods=1877 adapters=182
 compilation: enabled

Compilation events (10 events):
Event: 5.822 Thread 0x00007fe8480c7000 2129   !   2       com.android.dx.dex.file.AnnotationSetItem::writeSize (20 bytes)
Event: 5.822 Thread 0x00007fe8480c7000 nmethod 2129 0x00007fe839710dd0 code [0x00007fe839710f40, 0x00007fe839711148]
Event: 5.822 Thread 0x00007fe8480c7000 2130       2       com.android.dx.rop.annotation.Annotations::getAnnotations (11 bytes)
Event: 5.823 Thread 0x00007fe8480c7000 nmethod 2130 0x00007fe8397112d0 code [0x00007fe839711440, 0x00007fe839711748]
Event: 5.825 Thread 0x00007fe8480c7000 2131 %     3       com.android.dx.ssa.SsaRenamer::<init> @ 65 (100 bytes)
Event: 5.826 Thread 0x00007fe8480c7000 nmethod 2131% 0x00007fe839711910 code [0x00007fe839711b00, 0x00007fe8397126a8]
Event: 5.834 Thread 0x00007fe8480c7000 2133       2       java.util.HashMap$TreeNode::find (172 bytes)
Event: 5.835 Thread 0x00007fe8480c7000 nmethod 2133 0x00007fe8397140d0 code [0x00007fe839714280, 0x00007fe8397146b8]
Event: 5.853 Thread 0x00007fe8480c7000 2135       2       com.android.dx.rop.cst.CstString::<init> (42 bytes)
Event: 5.854 Thread 0x00007fe8480c7000 nmethod 2135 0x00007fe83971a710 code [0x00007fe83971a8a0, 0x00007fe83971abb8]

GC Heap History (9 events):
Event: 1.753 GC heap before
{Heap before GC invocations=1 (full 0):
 PSYoungGen      total 36864K, used 31744K [0x00000000eab00000, 0x00000000ed400000, 0x0000000100000000)
  eden space 31744K, 100% used [0x00000000eab00000,0x00000000eca00000,0x00000000eca00000)
  from space 5120K, 0% used [0x00000000ecf00000,0x00000000ecf00000,0x00000000ed400000)
  to   space 5120K, 0% used [0x00000000eca00000,0x00000000eca00000,0x00000000ecf00000)
 ParOldGen       total 84992K, used 0K [0x00000000c0000000, 0x00000000c5300000, 0x00000000eab00000)
  object space 84992K, 0% used [0x00000000c0000000,0x00000000c0000000,0x00000000c5300000)
 Metaspace       used 5779K, capacity 6768K, committed 7040K, reserved 1056768K
  class space    used 593K, capacity 616K, committed 640K, reserved 1048576K
Event: 1.781 GC heap after
Heap after GC invocations=1 (full 0):
 PSYoungGen      total 36864K, used 5097K [0x00000000eab00000, 0x00000000ef300000, 0x0000000100000000)
  eden space 31744K, 0% used [0x00000000eab00000,0x00000000eab00000,0x00000000eca00000)
  from space 5120K, 99% used [0x00000000eca00000,0x00000000ecefa458,0x00000000ecf00000)
  to   space 5120K, 0% used [0x00000000eee00000,0x00000000eee00000,0x00000000ef300000)
 ParOldGen       total 84992K, used 1118K [0x00000000c0000000, 0x00000000c5300000, 0x00000000eab00000)
  object space 84992K, 1% used [0x00000000c0000000,0x00000000c0117bb8,0x00000000c5300000)
 Metaspace       used 5779K, capacity 6768K, committed 7040K, reserved 1056768K
  class space    used 593K, capacity 616K, committed 640K, reserved 1048576K
}
Event: 2.955 GC heap before
{Heap before GC invocations=2 (full 0):
 PSYoungGen      total 36864K, used 36841K [0x00000000eab00000, 0x00000000ef300000, 0x0000000100000000)
  eden space 31744K, 100% used [0x00000000eab00000,0x00000000eca00000,0x00000000eca00000)
  from space 5120K, 99% used [0x00000000eca00000,0x00000000ecefa458,0x00000000ecf00000)
  to   space 5120K, 0% used [0x00000000eee00000,0x00000000eee00000,0x00000000ef300000)
 ParOldGen       total 84992K, used 1118K [0x00000000c0000000, 0x00000000c5300000, 0x00000000eab00000)
  object space 84992K, 1% used [0x00000000c0000000,0x00000000c0117bb8,0x00000000c5300000)
 Metaspace       used 5981K, capacity 6960K, committed 7040K, reserved 1056768K
  class space    used 593K, capacity 616K, committed 640K, reserved 1048576K
Event: 3.004 GC heap after
Heap after GC invocations=2 (full 0):
 PSYoungGen      total 68608K, used 5119K [0x00000000eab00000, 0x00000000ef300000, 0x0000000100000000)
  eden space 63488K, 0% used [0x00000000eab00000,0x00000000eab00000,0x00000000ee900000)
  from space 5120K, 99% used [0x00000000eee00000,0x00000000ef2ffd68,0x00000000ef300000)
  to   space 5120K, 0% used [0x00000000ee900000,0x00000000ee900000,0x00000000eee00000)
 ParOldGen       total 84992K, used 4723K [0x00000000c0000000, 0x00000000c5300000, 0x00000000eab00000)
  object space 84992K, 5% used [0x00000000c0000000,0x00000000c049cce8,0x00000000c5300000)
 Metaspace       used 5981K, capacity 6960K, committed 7040K, reserved 1056768K
  class space    used 593K, capacity 616K, committed 640K, reserved 1048576K
}
Event: 3.823 GC heap before
{Heap before GC invocations=3 (full 0):
 PSYoungGen      total 68608K, used 68607K [0x00000000eab00000, 0x00000000ef300000, 0x0000000100000000)
  eden space 63488K, 100% used [0x00000000eab00000,0x00000000ee900000,0x00000000ee900000)
  from space 5120K, 99% used [0x00000000eee00000,0x00000000ef2ffd68,0x00000000ef300000)
  to   space 5120K, 0% used [0x00000000ee900000,0x00000000ee900000,0x00000000eee00000)
 ParOldGen       total 84992K, used 4723K [0x00000000c0000000, 0x00000000c5300000, 0x00000000eab00000)
  object space 84992K, 5% used [0x00000000c0000000,0x00000000c049cce8,0x00000000c5300000)
 Metaspace       used 6027K, capacity 7024K, committed 7296K, reserved 1056768K
  class space    used 594K, capacity 616K, committed 640K, reserved 1048576K
Event: 3.924 GC heap after
Heap after GC invocations=3 (full 0):
 PSYoungGen      total 68608K, used 5094K [0x00000000eab00000, 0x00000000f3100000, 0x0000000100000000)
  eden space 63488K, 0% used [0x00000000eab00000,0x00000000eab00000,0x00000000ee900000)
  from space 5120K, 99% used [0x00000000ee900000,0x00000000eedf9bd0,0x00000000eee00000)
  to   space 5120K, 0% used [0x00000000f2c00000,0x00000000f2c00000,0x00000000f3100000)
 ParOldGen       total 84992K, used 14239K [0x00000000c0000000, 0x00000000c5300000, 0x00000000eab00000)
  object space 84992K, 16% used [0x00000000c0000000,0x00000000c0de7f58,0x00000000c5300000)
 Metaspace       used 6027K, capacity 7024K, committed 7296K, reserved 1056768K
  class space    used 594K, capacity 616K, committed 640K, reserved 1048576K
}
Event: 4.779 GC heap before
{Heap before GC invocations=4 (full 0):
 PSYoungGen      total 68608K, used 68582K [0x00000000eab00000, 0x00000000f3100000, 0x0000000100000000)
  eden space 63488K, 100% used [0x00000000eab00000,0x00000000ee900000,0x00000000ee900000)
  from space 5120K, 99% used [0x00000000ee900000,0x00000000eedf9bd0,0x00000000eee00000)
  to   space 5120K, 0% used [0x00000000f2c00000,0x00000000f2c00000,0x00000000f3100000)
 ParOldGen       total 84992K, used 14239K [0x00000000c0000000, 0x00000000c5300000, 0x00000000eab00000)
  object space 84992K, 16% used [0x00000000c0000000,0x00000000c0de7f58,0x00000000c5300000)
 Metaspace       used 6260K, capacity 7128K, committed 7424K, reserved 1056768K
  class space    used 614K, capacity 656K, committed 768K, reserved 1048576K
Event: 4.854 GC heap after
Heap after GC invocations=4 (full 0):
 PSYoungGen      total 132096K, used 5102K [0x00000000eab00000, 0x00000000f3100000, 0x0000000100000000)
  eden space 126976K, 0% used [0x00000000eab00000,0x00000000eab00000,0x00000000f2700000)
  from space 5120K, 99% used [0x00000000f2c00000,0x00000000f30fbbf8,0x00000000f3100000)
  to   space 5120K, 0% used [0x00000000f2700000,0x00000000f2700000,0x00000000f2c00000)
 ParOldGen       total 84992K, used 22907K [0x00000000c0000000, 0x00000000c5300000, 0x00000000eab00000)
  object space 84992K, 26% used [0x00000000c0000000,0x00000000c165ef28,0x00000000c5300000)
 Metaspace       used 6260K, capacity 7128K, committed 7424K, reserved 1056768K
  class space    used 614K, capacity 656K, committed 768K, reserved 1048576K
}
Event: 5.859 GC heap before
{Heap before GC invocations=5 (full 0):
 PSYoungGen      total 132096K, used 132078K [0x00000000eab00000, 0x00000000f3100000, 0x0000000100000000)
  eden space 126976K, 100% used [0x00000000eab00000,0x00000000f2700000,0x00000000f2700000)
  from space 5120K, 99% used [0x00000000f2c00000,0x00000000f30fbbf8,0x00000000f3100000)
  to   space 5120K, 0% used [0x00000000f2700000,0x00000000f2700000,0x00000000f2c00000)
 ParOldGen       total 84992K, used 22907K [0x00000000c0000000, 0x00000000c5300000, 0x00000000eab00000)
  object space 84992K, 26% used [0x00000000c0000000,0x00000000c165ef28,0x00000000c5300000)
 Metaspace       used 6369K, capacity 7192K, committed 7424K, reserved 1056768K
  class space    used 614K, capacity 656K, committed 768K, reserved 1048576K

Deoptimization events (10 events):
Event: 4.425 Thread 0x00007fe84800a000 Uncommon trap: reason=unstable_if action=reinterpret pc=0x00007fe839347d44 method=java.util.HashMap.putVal(ILjava/lang/Object;Ljava/lang/Object;ZZ)Ljava/lang/Object; @ 109
Event: 4.670 Thread 0x00007fe848151000 Uncommon trap: reason=class_check action=maybe_recompile pc=0x00007fe8395c5ed4 method=com.android.dx.rop.code.RegisterSpec.withSimpleType()Lcom/android/dx/rop/code/RegisterSpec; @ 21
Event: 4.681 Thread 0x00007fe84814e800 Uncommon trap: reason=bimorphic action=maybe_recompile pc=0x00007fe8394d3490 method=com.android.dx.ssa.LiteralOpUpgrader.tryReplacingWithConstant(Lcom/android/dx/ssa/NormalSsaInsn;)Z @ 62
Event: 4.705 Thread 0x00007fe84814f800 Uncommon trap: reason=class_check action=maybe_recompile pc=0x00007fe8395c5ed4 method=com.android.dx.rop.code.RegisterSpec.withSimpleType()Lcom/android/dx/rop/code/RegisterSpec; @ 21
Event: 4.894 Thread 0x00007fe84800a000 Uncommon trap: reason=bimorphic action=maybe_recompile pc=0x00007fe8394d3490 method=com.android.dx.ssa.LiteralOpUpgrader.tryReplacingWithConstant(Lcom/android/dx/ssa/NormalSsaInsn;)Z @ 62
Event: 4.989 Thread 0x00007fe848151000 Uncommon trap: reason=unstable_if action=reinterpret pc=0x00007fe8394ccc40 method=com.android.dx.ssa.MoveParamCombiner$1.visitNonMoveInsn(Lcom/android/dx/ssa/NormalSsaInsn;)V @ 27
Event: 5.111 Thread 0x00007fe84800a000 Uncommon trap: reason=class_check action=maybe_recompile pc=0x00007fe8395c5ed4 method=com.android.dx.rop.code.RegisterSpec.withSimpleType()Lcom/android/dx/rop/code/RegisterSpec; @ 21
Event: 5.158 Thread 0x00007fe84800a000 Uncommon trap: reason=class_check action=maybe_recompile pc=0x00007fe8395c5ed4 method=com.android.dx.rop.code.RegisterSpec.withSimpleType()Lcom/android/dx/rop/code/RegisterSpec; @ 21
Event: 5.336 Thread 0x00007fe84800a000 Uncommon trap: reason=unstable_if action=reinterpret pc=0x00007fe839681f24 method=java.util.HashMap.resize()[Ljava/util/HashMap$Node; @ 206
Event: 5.691 Thread 0x00007fe84814a000 Uncommon trap: reason=unstable_if action=reinterpret pc=0x00007fe83931a188 method=com.android.dx.dex.code.OutputFinisher.hasLocalInfo(Lcom/android/dx/dex/code/DalvInsn;)Z @ 24

Internal exceptions (6 events):
Event: 0.046 Thread 0x00007fe84800a000 Exception <a 'java/lang/NoSuchMethodError': Method sun.misc.Unsafe.defineClass(Ljava/lang/String;[BII)Ljava/lang/Class; name or signature does not match> (0x00000000eab07cc0) thrown at [/HUDSON/workspace/8-2-build-linux-amd64/jdk8u91/6644/hotspot/src/shar
Event: 0.046 Thread 0x00007fe84800a000 Exception <a 'java/lang/NoSuchMethodError': Method sun.misc.Unsafe.prefetchRead(Ljava/lang/Object;J)V name or signature does not match> (0x00000000eab07fa8) thrown at [/HUDSON/workspace/8-2-build-linux-amd64/jdk8u91/6644/hotspot/src/share/vm/prims/jni.cpp
Event: 1.882 Thread 0x00007fe84814f800 Implicit null exception at 0x00007fe8392a6bec to 0x00007fe8392a9bf9
Event: 4.410 Thread 0x00007fe84800a000 Exception <a 'java/lang/ArrayIndexOutOfBoundsException': 18> (0x00000000ecf89018) thrown at [/HUDSON/workspace/8-2-build-linux-amd64/jdk8u91/6644/hotspot/src/share/vm/interpreter/interpreterRuntime.cpp, line 366]
Event: 4.411 Thread 0x00007fe84800a000 Exception <a 'java/lang/ArrayIndexOutOfBoundsException': 145> (0x00000000ecf8ab98) thrown at [/HUDSON/workspace/8-2-build-linux-amd64/jdk8u91/6644/hotspot/src/share/vm/interpreter/interpreterRuntime.cpp, line 366]
Event: 4.422 Thread 0x00007fe84800a000 Exception <a 'java/lang/ArrayIndexOutOfBoundsException': 40> (0x00000000ecf8be80) thrown at [/HUDSON/workspace/8-2-build-linux-amd64/jdk8u91/6644/hotspot/src/share/vm/interpreter/interpreterRuntime.cpp, line 366]

Events (10 events):
Event: 5.600 Thread 0x00007fe84814f800 DEOPT PACKING pc=0x00007fe839344650 sp=0x00007fe834e26ee0
Event: 5.600 Thread 0x00007fe84814f800 DEOPT UNPACKING pc=0x00007fe839047633 sp=0x00007fe834e26c10 mode 0
Event: 5.691 Thread 0x00007fe84814a000 Uncommon trap: trap_request=0xffffff65 fr.pc=0x00007fe83931a188
Event: 5.691 Thread 0x00007fe84814a000 DEOPT PACKING pc=0x00007fe83931a188 sp=0x00007fe835129d20
Event: 5.691 Thread 0x00007fe84814a000 DEOPT UNPACKING pc=0x00007fe839005229 sp=0x00007fe835129c58 mode 2
Event: 5.738 Thread 0x00007fe848151000 DEOPT PACKING pc=0x00007fe839344650 sp=0x00007fe834d25d60
Event: 5.738 Thread 0x00007fe848151000 DEOPT UNPACKING pc=0x00007fe839047633 sp=0x00007fe834d25a90 mode 0
Event: 5.798 Thread 0x00007fe848151000 DEOPT PACKING pc=0x00007fe839344650 sp=0x00007fe834d25d60
Event: 5.798 Thread 0x00007fe848151000 DEOPT UNPACKING pc=0x00007fe839047633 sp=0x00007fe834d25a90 mode 0
Event: 5.858 Executing VM operation: ParallelGCFailedAllocation


Dynamic libraries:
00400000-00401000 r-xp 00000000 08:09 3281753                            /usr/java/jdk1.8.0_91/bin/java
00600000-00601000 rw-p 00000000 08:09 3281753                            /usr/java/jdk1.8.0_91/bin/java
01480000-014a1000 rw-p 00000000 00:00 0                                  [heap]
c0000000-c5300000 rw-p 00000000 00:00 0 
c5300000-eab00000 ---p 00000000 00:00 0 
eab00000-f3100000 rw-p 00000000 00:00 0 
fd300000-100000000 ---p 00000000 00:00 0 
100000000-1000c0000 rw-p 00000000 00:00 0 
1000c0000-140000000 ---p 00000000 00:00 0 
7fe7d8000000-7fe7d8044000 rw-p 00000000 00:00 0 
7fe7d8044000-7fe7dc000000 ---p 00000000 00:00 0 
7fe7dc000000-7fe7dc033000 rw-p 00000000 00:00 0 
7fe7dc033000-7fe7e0000000 ---p 00000000 00:00 0 
7fe7e0000000-7fe7e0021000 rw-p 00000000 00:00 0 
7fe7e0021000-7fe7e4000000 ---p 00000000 00:00 0 
7fe7e4000000-7fe7e4024000 rw-p 00000000 00:00 0 
7fe7e4024000-7fe7e8000000 ---p 00000000 00:00 0 
7fe7e8000000-7fe7e8021000 rw-p 00000000 00:00 0 
7fe7e8021000-7fe7ec000000 ---p 00000000 00:00 0 
7fe7ec000000-7fe7ec021000 rw-p 00000000 00:00 0 
7fe7ec021000-7fe7f0000000 ---p 00000000 00:00 0 
7fe7f0000000-7fe7f0b29000 rw-p 00000000 00:00 0 
7fe7f0b29000-7fe7f4000000 ---p 00000000 00:00 0 
7fe7f4000000-7fe7f4021000 rw-p 00000000 00:00 0 
7fe7f4021000-7fe7f8000000 ---p 00000000 00:00 0 
7fe7f8000000-7fe7f8ee8000 rw-p 00000000 00:00 0 
7fe7f8ee8000-7fe7fc000000 ---p 00000000 00:00 0 
7fe7fc000000-7fe7fcbb2000 rw-p 00000000 00:00 0 
7fe7fcbb2000-7fe800000000 ---p 00000000 00:00 0 
7fe800000000-7fe800021000 rw-p 00000000 00:00 0 
7fe800021000-7fe804000000 ---p 00000000 00:00 0 
7fe804000000-7fe804aa4000 rw-p 00000000 00:00 0 
7fe804aa4000-7fe808000000 ---p 00000000 00:00 0 
7fe808000000-7fe808021000 rw-p 00000000 00:00 0 
7fe808021000-7fe80c000000 ---p 00000000 00:00 0 
7fe80c000000-7fe80c021000 rw-p 00000000 00:00 0 
7fe80c021000-7fe810000000 ---p 00000000 00:00 0 
7fe810000000-7fe810021000 rw-p 00000000 00:00 0 
7fe810021000-7fe814000000 ---p 00000000 00:00 0 
7fe814000000-7fe81428d000 rw-p 00000000 00:00 0 
7fe81428d000-7fe818000000 ---p 00000000 00:00 0 
7fe818000000-7fe818021000 rw-p 00000000 00:00 0 
7fe818021000-7fe81c000000 ---p 00000000 00:00 0 
7fe81c000000-7fe81c021000 rw-p 00000000 00:00 0 
7fe81c021000-7fe820000000 ---p 00000000 00:00 0 
7fe820000000-7fe820021000 rw-p 00000000 00:00 0 
7fe820021000-7fe824000000 ---p 00000000 00:00 0 
7fe824000000-7fe824021000 rw-p 00000000 00:00 0 
7fe824021000-7fe828000000 ---p 00000000 00:00 0 
7fe828000000-7fe828021000 rw-p 00000000 00:00 0 
7fe828021000-7fe82c000000 ---p 00000000 00:00 0 
7fe82c000000-7fe82c021000 rw-p 00000000 00:00 0 
7fe82c021000-7fe830000000 ---p 00000000 00:00 0 
7fe830000000-7fe830021000 rw-p 00000000 00:00 0 
7fe830021000-7fe834000000 ---p 00000000 00:00 0 
7fe834c27000-7fe834c2a000 ---p 00000000 00:00 0 
7fe834c2a000-7fe834d28000 rw-p 00000000 00:00 0 
7fe834d28000-7fe834d2b000 ---p 00000000 00:00 0 
7fe834d2b000-7fe834e29000 rw-p 00000000 00:00 0 
7fe834e29000-7fe834e2c000 ---p 00000000 00:00 0 
7fe834e2c000-7fe834f2a000 rw-p 00000000 00:00 0 
7fe834f2a000-7fe834f2d000 ---p 00000000 00:00 0 
7fe834f2d000-7fe83502b000 rw-p 00000000 00:00 0 
7fe83502b000-7fe83502e000 ---p 00000000 00:00 0 
7fe83502e000-7fe83512c000 rw-p 00000000 00:00 0 
7fe83512c000-7fe83512d000 ---p 00000000 00:00 0 
7fe83512d000-7fe83522d000 rw-p 00000000 00:00 0 
7fe83522d000-7fe835230000 ---p 00000000 00:00 0 
7fe835230000-7fe83532e000 rw-p 00000000 00:00 0 
7fe83532e000-7fe835331000 ---p 00000000 00:00 0 
7fe835331000-7fe83542f000 rw-p 00000000 00:00 0 
7fe83542f000-7fe835432000 ---p 00000000 00:00 0 
7fe835432000-7fe835530000 rw-p 00000000 00:00 0 
7fe835530000-7fe835533000 ---p 00000000 00:00 0 
7fe835533000-7fe835631000 rw-p 00000000 00:00 0 
7fe835631000-7fe835634000 ---p 00000000 00:00 0 
7fe835634000-7fe835732000 rw-p 00000000 00:00 0 
7fe835732000-7fe835735000 ---p 00000000 00:00 0 
7fe835735000-7fe835833000 rw-p 00000000 00:00 0 
7fe835833000-7fe8361f2000 r--p 00000000 08:09 1318033                    /usr/lib/locale/locale-archive
7fe8361f2000-7fe8361f5000 ---p 00000000 00:00 0 
7fe8361f5000-7fe8362f3000 rw-p 00000000 00:00 0 
7fe8362f3000-7fe8362f6000 ---p 00000000 00:00 0 
7fe8362f6000-7fe8363f4000 rw-p 00000000 00:00 0 
7fe8363f4000-7fe8363f5000 ---p 00000000 00:00 0 
7fe8363f5000-7fe839000000 rw-p 00000000 00:00 0 
7fe839000000-7fe839720000 rwxp 00000000 00:00 0 
7fe839720000-7fe848000000 ---p 00000000 00:00 0 
7fe848000000-7fe84839a000 rw-p 00000000 00:00 0 
7fe84839a000-7fe84c000000 ---p 00000000 00:00 0 
7fe84c081000-7fe84c08b000 r--s 0008b000 08:09 4198212                    /home/kittuov/AndroidStudioProjects/TapQuick/app/build/intermediates/exploded-aar/com.android.support/appcompat-v7/23.3.0/jars/classes.jar
7fe84c08b000-7fe84d1d1000 rw-p 00000000 00:00 0 
7fe84d1d1000-7fe84d3a9000 r--s 03cd8000 08:09 3279665                    /usr/java/jdk1.8.0_91/jre/lib/rt.jar
7fe84d3a9000-7fe84da9f000 rw-p 00000000 00:00 0 
7fe84da9f000-7fe84dc1f000 ---p 00000000 00:00 0 
7fe84dc1f000-7fe84de1f000 rw-p 00000000 00:00 0 
7fe84de1f000-7fe84de20000 ---p 00000000 00:00 0 
7fe84de20000-7fe84df20000 rw-p 00000000 00:00 0 
7fe84df20000-7fe84df21000 ---p 00000000 00:00 0 
7fe84df21000-7fe84e021000 rw-p 00000000 00:00 0 
7fe84e021000-7fe84e022000 ---p 00000000 00:00 0 
7fe84e022000-7fe84e122000 rw-p 00000000 00:00 0 
7fe84e122000-7fe84e123000 ---p 00000000 00:00 0 
7fe84e123000-7fe84e223000 rw-p 00000000 00:00 0 
7fe84e223000-7fe84e224000 ---p 00000000 00:00 0 
7fe84e224000-7fe84e324000 rw-p 00000000 00:00 0 
7fe84e324000-7fe84e325000 ---p 00000000 00:00 0 
7fe84e325000-7fe84e425000 rw-p 00000000 00:00 0 
7fe84e425000-7fe84e426000 ---p 00000000 00:00 0 
7fe84e426000-7fe84e526000 rw-p 00000000 00:00 0 
7fe84e526000-7fe84e527000 ---p 00000000 00:00 0 
7fe84e527000-7fe84e651000 rw-p 00000000 00:00 0 
7fe84e651000-7fe84e77d000 ---p 00000000 00:00 0 
7fe84e77d000-7fe84e7a7000 rw-p 00000000 00:00 0 
7fe84e7a7000-7fe84e8d2000 ---p 00000000 00:00 0 
7fe84e8d2000-7fe84e916000 rw-p 00000000 00:00 0 
7fe84e916000-7fe84e97d000 ---p 00000000 00:00 0 
7fe84e97d000-7fe84e99b000 rw-p 00000000 00:00 0 
7fe84e99b000-7fe84ed3e000 ---p 00000000 00:00 0 
7fe84ed3e000-7fe84ed58000 r-xp 00000000 08:09 3281597                    /usr/java/jdk1.8.0_91/jre/lib/amd64/libzip.so
7fe84ed58000-7fe84ef58000 ---p 0001a000 08:09 3281597                    /usr/java/jdk1.8.0_91/jre/lib/amd64/libzip.so
7fe84ef58000-7fe84ef59000 rw-p 0001a000 08:09 3281597                    /usr/java/jdk1.8.0_91/jre/lib/amd64/libzip.so
7fe84ef59000-7fe84ef64000 r-xp 00000000 08:09 3936861                    /lib/x86_64-linux-gnu/libnss_files-2.23.so
7fe84ef64000-7fe84f163000 ---p 0000b000 08:09 3936861                    /lib/x86_64-linux-gnu/libnss_files-2.23.so
7fe84f163000-7fe84f164000 r--p 0000a000 08:09 3936861                    /lib/x86_64-linux-gnu/libnss_files-2.23.so
7fe84f164000-7fe84f165000 rw-p 0000b000 08:09 3936861                    /lib/x86_64-linux-gnu/libnss_files-2.23.so
7fe84f165000-7fe84f16b000 rw-p 00000000 00:00 0 
7fe84f16b000-7fe84f176000 r-xp 00000000 08:09 3936871                    /lib/x86_64-linux-gnu/libnss_nis-2.23.so
7fe84f176000-7fe84f375000 ---p 0000b000 08:09 3936871                    /lib/x86_64-linux-gnu/libnss_nis-2.23.so
7fe84f375000-7fe84f376000 r--p 0000a000 08:09 3936871                    /lib/x86_64-linux-gnu/libnss_nis-2.23.so
7fe84f376000-7fe84f377000 rw-p 0000b000 08:09 3936871                    /lib/x86_64-linux-gnu/libnss_nis-2.23.so
7fe84f377000-7fe84f38d000 r-xp 00000000 08:09 3936855                    /lib/x86_64-linux-gnu/libnsl-2.23.so
7fe84f38d000-7fe84f58c000 ---p 00016000 08:09 3936855                    /lib/x86_64-linux-gnu/libnsl-2.23.so
7fe84f58c000-7fe84f58d000 r--p 00015000 08:09 3936855                    /lib/x86_64-linux-gnu/libnsl-2.23.so
7fe84f58d000-7fe84f58e000 rw-p 00016000 08:09 3936855                    /lib/x86_64-linux-gnu/libnsl-2.23.so
7fe84f58e000-7fe84f590000 rw-p 00000000 00:00 0 
7fe84f590000-7fe84f598000 r-xp 00000000 08:09 3936857                    /lib/x86_64-linux-gnu/libnss_compat-2.23.so
7fe84f598000-7fe84f797000 ---p 00008000 08:09 3936857                    /lib/x86_64-linux-gnu/libnss_compat-2.23.so
7fe84f797000-7fe84f798000 r--p 00007000 08:09 3936857                    /lib/x86_64-linux-gnu/libnss_compat-2.23.so
7fe84f798000-7fe84f799000 rw-p 00008000 08:09 3936857                    /lib/x86_64-linux-gnu/libnss_compat-2.23.so
7fe84f799000-7fe84f7c3000 r-xp 00000000 08:09 3281634                    /usr/java/jdk1.8.0_91/jre/lib/amd64/libjava.so
7fe84f7c3000-7fe84f9c3000 ---p 0002a000 08:09 3281634                    /usr/java/jdk1.8.0_91/jre/lib/amd64/libjava.so
7fe84f9c3000-7fe84f9c5000 rw-p 0002a000 08:09 3281634                    /usr/java/jdk1.8.0_91/jre/lib/amd64/libjava.so
7fe84f9c5000-7fe84f9d2000 r-xp 00000000 08:09 3281631                    /usr/java/jdk1.8.0_91/jre/lib/amd64/libverify.so
7fe84f9d2000-7fe84fbd2000 ---p 0000d000 08:09 3281631                    /usr/java/jdk1.8.0_91/jre/lib/amd64/libverify.so
7fe84fbd2000-7fe84fbd4000 rw-p 0000d000 08:09 3281631                    /usr/java/jdk1.8.0_91/jre/lib/amd64/libverify.so
7fe84fbd4000-7fe84fbdb000 r-xp 00000000 08:09 3936916                    /lib/x86_64-linux-gnu/librt-2.23.so
7fe84fbdb000-7fe84fdda000 ---p 00007000 08:09 3936916                    /lib/x86_64-linux-gnu/librt-2.23.so
7fe84fdda000-7fe84fddb000 r--p 00006000 08:09 3936916                    /lib/x86_64-linux-gnu/librt-2.23.so
7fe84fddb000-7fe84fddc000 rw-p 00007000 08:09 3936916                    /lib/x86_64-linux-gnu/librt-2.23.so
7fe84fddc000-7fe84fee4000 r-xp 00000000 08:09 3936832                    /lib/x86_64-linux-gnu/libm-2.23.so
7fe84fee4000-7fe8500e3000 ---p 00108000 08:09 3936832                    /lib/x86_64-linux-gnu/libm-2.23.so
7fe8500e3000-7fe8500e4000 r--p 00107000 08:09 3936832                    /lib/x86_64-linux-gnu/libm-2.23.so
7fe8500e4000-7fe8500e5000 rw-p 00108000 08:09 3936832                    /lib/x86_64-linux-gnu/libm-2.23.so
7fe8500e5000-7fe850da5000 r-xp 00000000 08:09 3281593                    /usr/java/jdk1.8.0_91/jre/lib/amd64/server/libjvm.so
7fe850da5000-7fe850fa5000 ---p 00cc0000 08:09 3281593                    /usr/java/jdk1.8.0_91/jre/lib/amd64/server/libjvm.so
7fe850fa5000-7fe85107d000 rw-p 00cc0000 08:09 3281593                    /usr/java/jdk1.8.0_91/jre/lib/amd64/server/libjvm.so
7fe85107d000-7fe8510c8000 rw-p 00000000 00:00 0 
7fe8510c8000-7fe851288000 r-xp 00000000 08:09 3936762                    /lib/x86_64-linux-gnu/libc-2.23.so
7fe851288000-7fe851487000 ---p 001c0000 08:09 3936762                    /lib/x86_64-linux-gnu/libc-2.23.so
7fe851487000-7fe85148b000 r--p 001bf000 08:09 3936762                    /lib/x86_64-linux-gnu/libc-2.23.so
7fe85148b000-7fe85148d000 rw-p 001c3000 08:09 3936762                    /lib/x86_64-linux-gnu/libc-2.23.so
7fe85148d000-7fe851491000 rw-p 00000000 00:00 0 
7fe851491000-7fe851494000 r-xp 00000000 08:09 3936786                    /lib/x86_64-linux-gnu/libdl-2.23.so
7fe851494000-7fe851693000 ---p 00003000 08:09 3936786                    /lib/x86_64-linux-gnu/libdl-2.23.so
7fe851693000-7fe851694000 r--p 00002000 08:09 3936786                    /lib/x86_64-linux-gnu/libdl-2.23.so
7fe851694000-7fe851695000 rw-p 00003000 08:09 3936786                    /lib/x86_64-linux-gnu/libdl-2.23.so
7fe851695000-7fe8516aa000 r-xp 00000000 08:09 3153660                    /usr/java/jdk1.8.0_91/lib/amd64/jli/libjli.so
7fe8516aa000-7fe8518aa000 ---p 00015000 08:09 3153660                    /usr/java/jdk1.8.0_91/lib/amd64/jli/libjli.so
7fe8518aa000-7fe8518ab000 rw-p 00015000 08:09 3153660                    /usr/java/jdk1.8.0_91/lib/amd64/jli/libjli.so
7fe8518ab000-7fe8518c3000 r-xp 00000000 08:09 3936908                    /lib/x86_64-linux-gnu/libpthread-2.23.so
7fe8518c3000-7fe851ac2000 ---p 00018000 08:09 3936908                    /lib/x86_64-linux-gnu/libpthread-2.23.so
7fe851ac2000-7fe851ac3000 r--p 00017000 08:09 3936908                    /lib/x86_64-linux-gnu/libpthread-2.23.so
7fe851ac3000-7fe851ac4000 rw-p 00018000 08:09 3936908                    /lib/x86_64-linux-gnu/libpthread-2.23.so
7fe851ac4000-7fe851ac8000 rw-p 00000000 00:00 0 
7fe851ac8000-7fe851aee000 r-xp 00000000 08:09 3936734                    /lib/x86_64-linux-gnu/ld-2.23.so
7fe851af3000-7fe851bcc000 rw-p 00000000 00:00 0 
7fe851bcc000-7fe851bcf000 ---p 00000000 00:00 0 
7fe851bcf000-7fe851cd1000 rw-p 00000000 00:00 0 
7fe851cd2000-7fe851ce1000 r--s 000df000 08:09 4198036                    /home/kittuov/Android/Sdk/build-tools/23.0.3/lib/dx.jar
7fe851ce1000-7fe851ce9000 rw-s 00000000 08:09 6422909                    /tmp/hsperfdata_kittuov/19485
7fe851ce9000-7fe851cea000 rw-p 00000000 00:00 0 
7fe851cea000-7fe851ceb000 ---p 00000000 00:00 0 
7fe851ceb000-7fe851ced000 rw-p 00000000 00:00 0 
7fe851ced000-7fe851cee000 r--p 00025000 08:09 3936734                    /lib/x86_64-linux-gnu/ld-2.23.so
7fe851cee000-7fe851cef000 rw-p 00026000 08:09 3936734                    /lib/x86_64-linux-gnu/ld-2.23.so
7fe851cef000-7fe851cf0000 rw-p 00000000 00:00 0 
7ffcea156000-7ffcea177000 rw-p 00000000 00:00 0                          [stack]
7ffcea1b1000-7ffcea1b3000 r--p 00000000 00:00 0                          [vvar]
7ffcea1b3000-7ffcea1b5000 r-xp 00000000 00:00 0                          [vdso]
ffffffffff600000-ffffffffff601000 r-xp 00000000 00:00 0                  [vsyscall]

VM Arguments:
jvm_args: -Djava.awt.headless=true -Xmx1024M -Dfile.encoding=UTF-8 -Duser.country=IN -Duser.language=en -Duser.variant 
java_command: com.android.dx.command.Main --dex --force-jumbo --num-threads=4 --multi-dex --output /home/kittuov/AndroidStudioProjects/TapQuick/app/build/intermediates/transforms/dex/debug/folders/1000/10/com.android.support-appcompat-v7-23.3.0_a7d1c5c7b4461b79e413cd962b862d344877c942 /home/kittuov/AndroidStudioProjects/TapQuick/app/build/intermediates/exploded-aar/com.android.support/appcompat-v7/23.3.0/jars/classes.jar
java_class_path (initial): /home/kittuov/Android/Sdk/build-tools/23.0.3/lib/dx.jar
Launcher Type: SUN_STANDARD

Environment Variables:
PATH=/usr/local/sbin:/usr/local/bin:/usr/sbin:/usr/bin:/sbin:/bin:/usr/games:/usr/local/games:/snap/bin
LD_LIBRARY_PATH=/home/kittuov/IDEs/android-studio/bin:
SHELL=/bin/bash
DISPLAY=:0

Signal Handlers:
SIGSEGV: [libjvm.so+0xabca10], sa_mask[0]=11111111011111111101111111111110, sa_flags=SA_RESTART|SA_SIGINFO
SIGBUS: [libjvm.so+0xabca10], sa_mask[0]=11111111011111111101111111111110, sa_flags=SA_RESTART|SA_SIGINFO
SIGFPE: [libjvm.so+0x919a20], sa_mask[0]=11111111011111111101111111111110, sa_flags=SA_RESTART|SA_SIGINFO
SIGPIPE: [libjvm.so+0x919a20], sa_mask[0]=11111111011111111101111111111110, sa_flags=SA_RESTART|SA_SIGINFO
SIGXFSZ: [libjvm.so+0x919a20], sa_mask[0]=11111111011111111101111111111110, sa_flags=SA_RESTART|SA_SIGINFO
SIGILL: [libjvm.so+0x919a20], sa_mask[0]=11111111011111111101111111111110, sa_flags=SA_RESTART|SA_SIGINFO
SIGUSR1: SIG_DFL, sa_mask[0]=00000000000000000000000000000000, sa_flags=none
SIGUSR2: [libjvm.so+0x91b050], sa_mask[0]=00100000000000000000000000000000, sa_flags=SA_RESTART|SA_SIGINFO
SIGHUP: [libjvm.so+0x91c450], sa_mask[0]=11111111011111111101111111111110, sa_flags=SA_RESTART|SA_SIGINFO
SIGINT: [libjvm.so+0x91c450], sa_mask[0]=11111111011111111101111111111110, sa_flags=SA_RESTART|SA_SIGINFO
SIGTERM: [libjvm.so+0x91c450], sa_mask[0]=11111111011111111101111111111110, sa_flags=SA_RESTART|SA_SIGINFO
SIGQUIT: [libjvm.so+0x91c450], sa_mask[0]=11111111011111111101111111111110, sa_flags=SA_RESTART|SA_SIGINFO


---------------  S Y S T E M  ---------------

OS:DISTRIB_ID=Ubuntu
DISTRIB_RELEASE=16.04
DISTRIB_CODENAME=xenial
DISTRIB_DESCRIPTION="Ubuntu 16.04 LTS"

uname:Linux 4.4.0-21-generic #37-Ubuntu SMP Mon Apr 18 18:33:37 UTC 2016 x86_64
libc:glibc 2.23 NPTL 2.23 
rlimit: STACK 8192k, CORE 0k, NPROC 31092, NOFILE 65536, AS infinity
load average:5.90 3.51 2.14

/proc/meminfo:
MemTotal:        8105560 kB
MemFree:           56728 kB
MemAvailable:     162540 kB
Buffers:            3000 kB
Cached:          1458924 kB
SwapCached:            0 kB
Active:          6551696 kB
Inactive:        1238824 kB
Active(anon):    6503296 kB
Inactive(anon):  1190408 kB
Active(file):      48400 kB
Inactive(file):    48416 kB
Unevictable:         176 kB
Mlocked:             176 kB
SwapTotal:             0 kB
SwapFree:              0 kB
Dirty:             16016 kB
Writeback:             0 kB
AnonPages:       6329032 kB
Mapped:           493600 kB
Shmem:           1364900 kB
Slab:             123360 kB
SReclaimable:      51380 kB
SUnreclaim:        71980 kB
KernelStack:       17168 kB
PageTables:        60888 kB
NFS_Unstable:          0 kB
Bounce:                0 kB
WritebackTmp:          0 kB
CommitLimit:     4052780 kB
Committed_AS:   14158236 kB
VmallocTotal:   34359738367 kB
VmallocUsed:           0 kB
VmallocChunk:          0 kB
HardwareCorrupted:     0 kB
AnonHugePages:   3049472 kB
CmaTotal:              0 kB
CmaFree:               0 kB
HugePages_Total:       0
HugePages_Free:        0
HugePages_Rsvd:        0
HugePages_Surp:        0
Hugepagesize:       2048 kB
DirectMap4k:      207360 kB
DirectMap2M:     7063552 kB
DirectMap1G:     2097152 kB


CPU:total 8 (4 cores per cpu, 2 threads per core) family 6 model 60 stepping 3, cmov, cx8, fxsr, mmx, sse, sse2, sse3, ssse3, sse4.1, sse4.2, popcnt, avx, avx2, aes, clmul, erms, lzcnt, ht, tsc, tscinvbit, bmi1, bmi2

/proc/cpuinfo:
processor	: 0
vendor_id	: GenuineIntel
cpu family	: 6
model		: 60
model name	: Intel(R) Core(TM) i7-4700MQ CPU @ 2.40GHz
stepping	: 3
microcode	: 0x1e
cpu MHz		: 2805.281
cache size	: 6144 KB
physical id	: 0
siblings	: 8
core id		: 0
cpu cores	: 4
apicid		: 0
initial apicid	: 0
fpu		: yes
fpu_exception	: yes
cpuid level	: 13
wp		: yes
flags		: fpu vme de pse tsc msr pae mce cx8 apic sep mtrr pge mca cmov pat pse36 clflush dts acpi mmx fxsr sse sse2 ss ht tm pbe syscall nx pdpe1gb rdtscp lm constant_tsc arch_perfmon pebs bts rep_good nopl xtopology nonstop_tsc aperfmperf eagerfpu pni pclmulqdq dtes64 monitor ds_cpl vmx est tm2 ssse3 sdbg fma cx16 xtpr pdcm pcid sse4_1 sse4_2 movbe popcnt tsc_deadline_timer aes xsave avx f16c rdrand lahf_lm abm epb tpr_shadow vnmi flexpriority ept vpid fsgsbase tsc_adjust bmi1 avx2 smep bmi2 erms invpcid xsaveopt dtherm ida arat pln pts
bugs		:
bogomips	: 4788.68
clflush size	: 64
cache_alignment	: 64
address sizes	: 39 bits physical, 48 bits virtual
power management:

processor	: 1
vendor_id	: GenuineIntel
cpu family	: 6
model		: 60
model name	: Intel(R) Core(TM) i7-4700MQ CPU @ 2.40GHz
stepping	: 3
microcode	: 0x1e
cpu MHz		: 2368.875
cache size	: 6144 KB
physical id	: 0
siblings	: 8
core id		: 0
cpu cores	: 4
apicid		: 1
initial apicid	: 1
fpu		: yes
fpu_exception	: yes
cpuid level	: 13
wp		: yes
flags		: fpu vme de pse tsc msr pae mce cx8 apic sep mtrr pge mca cmov pat pse36 clflush dts acpi mmx fxsr sse sse2 ss ht tm pbe syscall nx pdpe1gb rdtscp lm constant_tsc arch_perfmon pebs bts rep_good nopl xtopology nonstop_tsc aperfmperf eagerfpu pni pclmulqdq dtes64 monitor ds_cpl vmx est tm2 ssse3 sdbg fma cx16 xtpr pdcm pcid sse4_1 sse4_2 movbe popcnt tsc_deadline_timer aes xsave avx f16c rdrand lahf_lm abm epb tpr_shadow vnmi flexpriority ept vpid fsgsbase tsc_adjust bmi1 avx2 smep bmi2 erms invpcid xsaveopt dtherm ida arat pln pts
bugs		:
bogomips	: 4788.68
clflush size	: 64
cache_alignment	: 64
address sizes	: 39 bits physical, 48 bits virtual
power management:

processor	: 2
vendor_id	: GenuineIntel
cpu family	: 6
model		: 60
model name	: Intel(R) Core(TM) i7-4700MQ CPU @ 2.40GHz
stepping	: 3
microcode	: 0x1e
cpu MHz		: 2455.687
cache size	: 6144 KB
physical id	: 0
siblings	: 8
core id		: 1
cpu cores	: 4
apicid		: 2
initial apicid	: 2
fpu		: yes
fpu_exception	: yes
cpuid level	: 13
wp		: yes
flags		: fpu vme de pse tsc msr pae mce cx8 apic sep mtrr pge mca cmov pat pse36 clflush dts acpi mmx fxsr sse sse2 ss ht tm pbe syscall nx pdpe1gb rdtscp lm constant_tsc arch_perfmon pebs bts rep_good nopl xtopology nonstop_tsc aperfmperf eagerfpu pni pclmulqdq dtes64 monitor ds_cpl vmx est tm2 ssse3 sdbg fma cx16 xtpr pdcm pcid sse4_1 sse4_2 movbe popcnt tsc_deadline_timer aes xsave avx f16c rdrand lahf_lm abm epb tpr_shadow vnmi flexpriority ept vpid fsgsbase tsc_adjust bmi1 avx2 smep bmi2 erms invpcid xsaveopt dtherm ida arat pln pts
bugs		:
bogomips	: 4788.68
clflush size	: 64
cache_alignment	: 64
address sizes	: 39 bits physical, 48 bits virtual
power management:

processor	: 3
vendor_id	: GenuineIntel
cpu family	: 6
model		: 60
model name	: Intel(R) Core(TM) i7-4700MQ CPU @ 2.40GHz
stepping	: 3
microcode	: 0x1e
cpu MHz		: 2392.218
cache size	: 6144 KB
physical id	: 0
siblings	: 8
core id		: 1
cpu cores	: 4
apicid		: 3
initial apicid	: 3
fpu		: yes
fpu_exception	: yes
cpuid level	: 13
wp		: yes
flags		: fpu vme de pse tsc msr pae mce cx8 apic sep mtrr pge mca cmov pat pse36 clflush dts acpi mmx fxsr sse sse2 ss ht tm pbe syscall nx pdpe1gb rdtscp lm constant_tsc arch_perfmon pebs bts rep_good nopl xtopology nonstop_tsc aperfmperf eagerfpu pni pclmulqdq dtes64 monitor ds_cpl vmx est tm2 ssse3 sdbg fma cx16 xtpr pdcm pcid sse4_1 sse4_2 movbe popcnt tsc_deadline_timer aes xsave avx f16c rdrand lahf_lm abm epb tpr_shadow vnmi flexpriority ept vpid fsgsbase tsc_adjust bmi1 avx2 smep bmi2 erms invpcid xsaveopt dtherm ida arat pln pts
bugs		:
bogomips	: 4788.68
clflush size	: 64
cache_alignment	: 64
address sizes	: 39 bits physical, 48 bits virtual
power management:

processor	: 4
vendor_id	: GenuineIntel
cpu family	: 6
model		: 60
model name	: Intel(R) Core(TM) i7-4700MQ CPU @ 2.40GHz
stepping	: 3
microcode	: 0x1e
cpu MHz		: 2373.656
cache size	: 6144 KB
physical id	: 0
siblings	: 8
core id		: 2
cpu cores	: 4
apicid		: 4
initial apicid	: 4
fpu		: yes
fpu_exception	: yes
cpuid level	: 13
wp		: yes
flags		: fpu vme de pse tsc msr pae mce cx8 apic sep mtrr pge mca cmov pat pse36 clflush dts acpi mmx fxsr sse sse2 ss ht tm pbe syscall nx pdpe1gb rdtscp lm constant_tsc arch_perfmon pebs bts rep_good nopl xtopology nonstop_tsc aperfmperf eagerfpu pni pclmulqdq dtes64 monitor ds_cpl vmx est tm2 ssse3 sdbg fma cx16 xtpr pdcm pcid sse4_1 sse4_2 movbe popcnt tsc_deadline_timer aes xsave avx f16c rdrand lahf_lm abm epb tpr_shadow vnmi flexpriority ept vpid fsgsbase tsc_adjust bmi1 avx2 smep bmi2 erms invpcid xsaveopt dtherm ida arat pln pts
bugs		:
bogomips	: 4788.68
clflush size	: 64
cache_alignment	: 64
address sizes	: 39 bits physical, 48 bits virtual
power management:

processor	: 5
vendor_id	: GenuineIntel
cpu family	: 6
model		: 60
model name	: Intel(R) Core(TM) i7-4700MQ CPU @ 2.40GHz
stepping	: 3
microcode	: 0x1e
cpu MHz		: 2420.625
cache size	: 6144 KB
physical id	: 0
siblings	: 8
core id		: 2
cpu cores	: 4
apicid		: 5
initial apicid	: 5
fpu		: yes
fpu_exception	: yes
cpuid level	: 13
wp		: yes
flags		: fpu vme de pse tsc msr pae mce cx8 apic sep mtrr pge mca cmov pat pse36 clflush dts acpi mmx fxsr sse sse2 ss ht tm pbe syscall nx pdpe1gb rdtscp lm constant_tsc arch_perfmon pebs bts rep_good nopl xtopology nonstop_tsc aperfmperf eagerfpu pni pclmulqdq dtes64 monitor ds_cpl vmx est tm2 ssse3 sdbg fma cx16 xtpr pdcm pcid sse4_1 sse4_2 movbe popcnt tsc_deadline_timer aes xsave avx f16c rdrand lahf_lm abm epb tpr_shadow vnmi flexpriority ept vpid fsgsbase tsc_adjust bmi1 avx2 smep bmi2 erms invpcid xsaveopt dtherm ida arat pln pts
bugs		:
bogomips	: 4788.68
clflush size	: 64
cache_alignment	: 64
address sizes	: 39 bits physical, 48 bits virtual
power management:

processor	: 6
vendor_id	: GenuineIntel
cpu family	: 6
model		: 60
model name	: Intel(R) Core(TM) i7-4700MQ CPU @ 2.40GHz
stepping	: 3
microcode	: 0x1e
cpu MHz		: 3174.562
cache size	: 6144 KB
physical id	: 0
siblings	: 8
core id		: 3
cpu cores	: 4
apicid		: 6
initial apicid	: 6
fpu		: yes
fpu_exception	: yes
cpuid level	: 13
wp		: yes
flags		: fpu vme de pse tsc msr pae mce cx8 apic sep mtrr pge mca cmov pat pse36 clflush dts acpi mmx fxsr sse sse2 ss ht tm pbe syscall nx pdpe1gb rdtscp lm constant_tsc arch_perfmon pebs bts rep_good nopl xtopology nonstop_tsc aperfmperf eagerfpu pni pclmulqdq dtes64 monitor ds_cpl vmx est tm2 ssse3 sdbg fma cx16 xtpr pdcm pcid sse4_1 sse4_2 movbe popcnt tsc_deadline_timer aes xsave avx f16c rdrand lahf_lm abm epb tpr_shadow vnmi flexpriority ept vpid fsgsbase tsc_adjust bmi1 avx2 smep bmi2 erms invpcid xsaveopt dtherm ida arat pln pts
bugs		:
bogomips	: 4788.68
clflush size	: 64
cache_alignment	: 64
address sizes	: 39 bits physical, 48 bits virtual
power management:

processor	: 7
vendor_id	: GenuineIntel
cpu family	: 6
model		: 60
model name	: Intel(R) Core(TM) i7-4700MQ CPU @ 2.40GHz
stepping	: 3
microcode	: 0x1e
cpu MHz		: 2343.000
cache size	: 6144 KB
physical id	: 0
siblings	: 8
core id		: 3
cpu cores	: 4
apicid		: 7
initial apicid	: 7
fpu		: yes
fpu_exception	: yes
cpuid level	: 13
wp		: yes
flags		: fpu vme de pse tsc msr pae mce cx8 apic sep mtrr pge mca cmov pat pse36 clflush dts acpi mmx fxsr sse sse2 ss ht tm pbe syscall nx pdpe1gb rdtscp lm constant_tsc arch_perfmon pebs bts rep_good nopl xtopology nonstop_tsc aperfmperf eagerfpu pni pclmulqdq dtes64 monitor ds_cpl vmx est tm2 ssse3 sdbg fma cx16 xtpr pdcm pcid sse4_1 sse4_2 movbe popcnt tsc_deadline_timer aes xsave avx f16c rdrand lahf_lm abm epb tpr_shadow vnmi flexpriority ept vpid fsgsbase tsc_adjust bmi1 avx2 smep bmi2 erms invpcid xsaveopt dtherm ida arat pln pts
bugs		:
bogomips	: 4788.68
clflush size	: 64
cache_alignment	: 64
address sizes	: 39 bits physical, 48 bits virtual
power management:



Memory: 4k page, physical 8105560k(56728k free), swap 0k(0k free)

vm_info: Java HotSpot(TM) 64-Bit Server VM (25.91-b14) for linux-amd64 JRE (1.8.0_91-b14), built on Apr  1 2016 00:57:21 by "java_re" with gcc 4.3.0 20080428 (Red Hat 4.3.0-8)

time: Tue May  3 02:06:47 2016
elapsed time: 9 seconds (0d 0h 0m 9s)

