#
# There is insufficient memory for the Java Runtime Environment to continue.
# Native memory allocation (mmap) failed to map 174063616 bytes for committing reserved memory.
# Possible reasons:
#   The system is out of physical RAM or swap space
#   In 32 bit mode, the process size limit was hit
# Possible solutions:
#   Reduce memory load on the system
#   Increase physical memory or swap space
#   Check if swap backing store is full
#   Use 64 bit Java on a 64 bit OS
#   Decrease Java heap size (-Xmx/-Xms)
#   Decrease number of Java threads
#   Decrease Java thread stack sizes (-Xss)
#   Set larger code cache with -XX:ReservedCodeCacheSize=
# This output file may be truncated or incomplete.
#
#  Out of Memory Error (os_linux.cpp:2627), pid=18775, tid=140428390692608
#
# JRE version: Java(TM) SE Runtime Environment (8.0_91-b14) (build 1.8.0_91-b14)
# Java VM: Java HotSpot(TM) 64-Bit Server VM (25.91-b14 mixed mode linux-amd64 compressed oops)
# Failed to write core dump. Core dumps have been disabled. To enable core dumping, try "ulimit -c unlimited" before starting Java again
#

---------------  T H R E A D  ---------------

Current thread (0x00007fb81c080000):  VMThread [stack: 0x00007fb80847f000,0x00007fb808580000] [id=18794]

Stack: [0x00007fb80847f000,0x00007fb808580000],  sp=0x00007fb80857dfa0,  free space=1019k
Native frames: (J=compiled Java code, j=interpreted, Vv=VM code, C=native code)
V  [libjvm.so+0xabc18a]  VMError::report_and_die()+0x2ba
V  [libjvm.so+0x4fafeb]  report_vm_out_of_memory(char const*, int, unsigned long, VMErrorType, char const*)+0x8b
V  [libjvm.so+0x91cbb3]  os::Linux::commit_memory_impl(char*, unsigned long, bool)+0x103
V  [libjvm.so+0x91d109]  os::pd_commit_memory(char*, unsigned long, unsigned long, bool)+0x29
V  [libjvm.so+0x91740a]  os::commit_memory(char*, unsigned long, unsigned long, bool)+0x2a
V  [libjvm.so+0x98b033]  PSVirtualSpace::expand_by(unsigned long)+0x53
V  [libjvm.so+0x98c438]  PSYoungGen::resize_generation(unsigned long, unsigned long)+0xf8
V  [libjvm.so+0x98b592]  PSYoungGen::resize(unsigned long, unsigned long)+0x22
V  [libjvm.so+0x98886b]  PSScavenge::invoke_no_policy()+0xf3b
V  [libjvm.so+0x988ff1]  PSScavenge::invoke()+0x41
V  [libjvm.so+0x9408b0]  ParallelScavengeHeap::failed_mem_allocate(unsigned long)+0x70
V  [libjvm.so+0xabdba7]  VM_ParallelGCFailedAllocation::doit()+0x97
V  [libjvm.so+0xac55d5]  VM_Operation::evaluate()+0x55
V  [libjvm.so+0xac39aa]  VMThread::evaluate_operation(VM_Operation*)+0xba
V  [libjvm.so+0xac3d2e]  VMThread::loop()+0x1ce
V  [libjvm.so+0xac41a0]  VMThread::run()+0x70
V  [libjvm.so+0x91ef78]  java_start(Thread*)+0x108

VM_Operation (0x00007fb7f31397d0): ParallelGCFailedAllocation, mode: safepoint, requested by thread 0x00007fb81c178800


---------------  P R O C E S S  ---------------

Java Threads: ( => current thread )
  0x00007fb81c189000 JavaThread "pool-2-thread-4" [_thread_blocked, id=18851, stack(0x00007fb7f2c37000,0x00007fb7f2d38000)]
  0x00007fb81c187800 JavaThread "pool-2-thread-3" [_thread_blocked, id=18849, stack(0x00007fb7f2d38000,0x00007fb7f2e39000)]
  0x00007fb81c186800 JavaThread "pool-2-thread-2" [_thread_blocked, id=18847, stack(0x00007fb7f2e39000,0x00007fb7f2f3a000)]
  0x00007fb81c17a000 JavaThread "pool-3-thread-1" [_thread_blocked, id=18842, stack(0x00007fb7f2f3a000,0x00007fb7f303b000)]
  0x00007fb81c178800 JavaThread "pool-2-thread-1" [_thread_blocked, id=18838, stack(0x00007fb7f303b000,0x00007fb7f313c000)]
  0x00007fb81c0dc800 JavaThread "Service Thread" daemon [_thread_blocked, id=18809, stack(0x00007fb7f323d000,0x00007fb7f333e000)]
  0x00007fb81c0c7800 JavaThread "C1 CompilerThread3" daemon [_thread_blocked, id=18808, stack(0x00007fb7f333e000,0x00007fb7f343f000)]
  0x00007fb81c0c5000 JavaThread "C2 CompilerThread2" daemon [_thread_blocked, id=18807, stack(0x00007fb7f343f000,0x00007fb7f3540000)]
  0x00007fb81c0c3800 JavaThread "C2 CompilerThread1" daemon [_thread_blocked, id=18806, stack(0x00007fb7f3540000,0x00007fb7f3641000)]
  0x00007fb81c0c0800 JavaThread "C2 CompilerThread0" daemon [_thread_blocked, id=18805, stack(0x00007fb80807b000,0x00007fb80817c000)]
  0x00007fb81c0bf000 JavaThread "Signal Dispatcher" daemon [_thread_blocked, id=18804, stack(0x00007fb80817c000,0x00007fb80827d000)]
  0x00007fb81c08c000 JavaThread "Finalizer" daemon [_thread_blocked, id=18802, stack(0x00007fb80827d000,0x00007fb80837e000)]
  0x00007fb81c087800 JavaThread "Reference Handler" daemon [_thread_blocked, id=18796, stack(0x00007fb80837e000,0x00007fb80847f000)]
  0x00007fb81c00a000 JavaThread "main" [_thread_blocked, id=18779, stack(0x00007fb823be2000,0x00007fb823ce3000)]

Other Threads:
=>0x00007fb81c080000 VMThread [stack: 0x00007fb80847f000,0x00007fb808580000] [id=18794]
  0x00007fb81c0df800 WatcherThread [stack: 0x00007fb7f313c000,0x00007fb7f323d000] [id=18811]

VM state:at safepoint (normal execution)

VM Mutex/Monitor currently owned by a thread:  ([mutex/lock_event])
[0x00007fb81c0064d0] Threads_lock - owner thread: 0x00007fb81c080000
[0x00007fb81c0069d0] Heap_lock - owner thread: 0x00007fb81c178800

Heap:
 PSYoungGen      total 132096K, used 5097K [0x00000000eab00000, 0x00000000f3100000, 0x0000000100000000)
  eden space 126976K, 0% used [0x00000000eab00000,0x00000000eab00000,0x00000000f2700000)
  from space 5120K, 99% used [0x00000000f2700000,0x00000000f2bfa750,0x00000000f2c00000)
  to   space 5120K, 0% used [0x00000000f2c00000,0x00000000f2c00000,0x00000000f3100000)
 ParOldGen       total 84992K, used 40785K [0x00000000c0000000, 0x00000000c5300000, 0x00000000eab00000)
  object space 84992K, 47% used [0x00000000c0000000,0x00000000c27d47d8,0x00000000c5300000)
 Metaspace       used 6386K, capacity 7192K, committed 7424K, reserved 1056768K
  class space    used 613K, capacity 656K, committed 768K, reserved 1048576K

Card table byte_map: [0x00007fb820793000,0x00007fb820994000] byte_map_base: 0x00007fb820193000

Marking Bits: (ParMarkBitMap*) 0x00007fb8230b1d60
 Begin Bits: [0x00007fb80adfe000, 0x00007fb80bdfe000)
 End Bits:   [0x00007fb80bdfe000, 0x00007fb80cdfe000)

Polling page: 0x00007fb823d00000

CodeCache: size=245760Kb used=6992Kb max_used=6992Kb free=238767Kb
 bounds [0x00007fb80d000000, 0x00007fb80d6e0000, 0x00007fb81c000000]
 total_blobs=2202 nmethods=1933 adapters=182
 compilation: enabled

Compilation events (10 events):
Event: 4.459 Thread 0x00007fb81c0c7800 2089       2       com.android.dx.cf.code.Simulator::requiredArrayTypeFor (61 bytes)
Event: 4.460 Thread 0x00007fb81c0c7800 nmethod 2089 0x00007fb80d6d2710 code [0x00007fb80d6d28c0, 0x00007fb80d6d2bd8]
Event: 4.461 Thread 0x00007fb81c0c7800 2090 %     3       com.android.dx.ssa.back.FirstFitLocalCombiningAllocator::tryMapRegs @ 9 (110 bytes)
Event: 4.463 Thread 0x00007fb81c0c7800 nmethod 2090% 0x00007fb80d6d2e90 code [0x00007fb80d6d30e0, 0x00007fb80d6d3f68]
Event: 4.463 Thread 0x00007fb81c0c7800 2091       3       com.android.dx.ssa.back.FirstFitLocalCombiningAllocator::tryMapRegs (110 bytes)
Event: 4.465 Thread 0x00007fb81c0c7800 nmethod 2091 0x00007fb80d6d4710 code [0x00007fb80d6d4960, 0x00007fb80d6d5698]
Event: 4.478 Thread 0x00007fb81c0c7800 2093       2       com.android.dx.ssa.LiteralOpUpgrader$1::visitNonMoveInsn (203 bytes)
Event: 4.481 Thread 0x00007fb81c0c7800 nmethod 2093 0x00007fb80d6d5e50 code [0x00007fb80d6d61a0, 0x00007fb80d6d6fe8]
Event: 4.481 Thread 0x00007fb81c0c7800 2092       2       com.android.dx.rop.code.RegisterSpecList::withoutLast (60 bytes)
Event: 4.482 Thread 0x00007fb81c0c7800 nmethod 2092 0x00007fb80d6d8490 code [0x00007fb80d6d8660, 0x00007fb80d6d8c48]

GC Heap History (9 events):
Event: 1.142 GC heap before
{Heap before GC invocations=1 (full 0):
 PSYoungGen      total 36864K, used 31744K [0x00000000eab00000, 0x00000000ed400000, 0x0000000100000000)
  eden space 31744K, 100% used [0x00000000eab00000,0x00000000eca00000,0x00000000eca00000)
  from space 5120K, 0% used [0x00000000ecf00000,0x00000000ecf00000,0x00000000ed400000)
  to   space 5120K, 0% used [0x00000000eca00000,0x00000000eca00000,0x00000000ecf00000)
 ParOldGen       total 84992K, used 0K [0x00000000c0000000, 0x00000000c5300000, 0x00000000eab00000)
  object space 84992K, 0% used [0x00000000c0000000,0x00000000c0000000,0x00000000c5300000)
 Metaspace       used 5714K, capacity 6704K, committed 6784K, reserved 1056768K
  class space    used 590K, capacity 616K, committed 640K, reserved 1048576K
Event: 1.171 GC heap after
Heap after GC invocations=1 (full 0):
 PSYoungGen      total 36864K, used 5111K [0x00000000eab00000, 0x00000000ef300000, 0x0000000100000000)
  eden space 31744K, 0% used [0x00000000eab00000,0x00000000eab00000,0x00000000eca00000)
  from space 5120K, 99% used [0x00000000eca00000,0x00000000ecefdf80,0x00000000ecf00000)
  to   space 5120K, 0% used [0x00000000eee00000,0x00000000eee00000,0x00000000ef300000)
 ParOldGen       total 84992K, used 68K [0x00000000c0000000, 0x00000000c5300000, 0x00000000eab00000)
  object space 84992K, 0% used [0x00000000c0000000,0x00000000c00110c8,0x00000000c5300000)
 Metaspace       used 5714K, capacity 6704K, committed 6784K, reserved 1056768K
  class space    used 590K, capacity 616K, committed 640K, reserved 1048576K
}
Event: 1.822 GC heap before
{Heap before GC invocations=2 (full 0):
 PSYoungGen      total 36864K, used 36855K [0x00000000eab00000, 0x00000000ef300000, 0x0000000100000000)
  eden space 31744K, 100% used [0x00000000eab00000,0x00000000eca00000,0x00000000eca00000)
  from space 5120K, 99% used [0x00000000eca00000,0x00000000ecefdf80,0x00000000ecf00000)
  to   space 5120K, 0% used [0x00000000eee00000,0x00000000eee00000,0x00000000ef300000)
 ParOldGen       total 84992K, used 68K [0x00000000c0000000, 0x00000000c5300000, 0x00000000eab00000)
  object space 84992K, 0% used [0x00000000c0000000,0x00000000c00110c8,0x00000000c5300000)
 Metaspace       used 5937K, capacity 6896K, committed 7040K, reserved 1056768K
  class space    used 592K, capacity 616K, committed 640K, reserved 1048576K
Event: 1.906 GC heap after
Heap after GC invocations=2 (full 0):
 PSYoungGen      total 68608K, used 5101K [0x00000000eab00000, 0x00000000ef300000, 0x0000000100000000)
  eden space 63488K, 0% used [0x00000000eab00000,0x00000000eab00000,0x00000000ee900000)
  from space 5120K, 99% used [0x00000000eee00000,0x00000000ef2fb488,0x00000000ef300000)
  to   space 5120K, 0% used [0x00000000ee900000,0x00000000ee900000,0x00000000eee00000)
 ParOldGen       total 84992K, used 3374K [0x00000000c0000000, 0x00000000c5300000, 0x00000000eab00000)
  object space 84992K, 3% used [0x00000000c0000000,0x00000000c034b920,0x00000000c5300000)
 Metaspace       used 5937K, capacity 6896K, committed 7040K, reserved 1056768K
  class space    used 592K, capacity 616K, committed 640K, reserved 1048576K
}
Event: 2.815 GC heap before
{Heap before GC invocations=3 (full 0):
 PSYoungGen      total 68608K, used 68589K [0x00000000eab00000, 0x00000000ef300000, 0x0000000100000000)
  eden space 63488K, 100% used [0x00000000eab00000,0x00000000ee900000,0x00000000ee900000)
  from space 5120K, 99% used [0x00000000eee00000,0x00000000ef2fb488,0x00000000ef300000)
  to   space 5120K, 0% used [0x00000000ee900000,0x00000000ee900000,0x00000000eee00000)
 ParOldGen       total 84992K, used 3374K [0x00000000c0000000, 0x00000000c5300000, 0x00000000eab00000)
  object space 84992K, 3% used [0x00000000c0000000,0x00000000c034b920,0x00000000c5300000)
 Metaspace       used 5998K, capacity 6960K, committed 7040K, reserved 1056768K
  class space    used 593K, capacity 616K, committed 640K, reserved 1048576K
Event: 2.897 GC heap after
Heap after GC invocations=3 (full 0):
 PSYoungGen      total 68608K, used 5111K [0x00000000eab00000, 0x00000000f3100000, 0x0000000100000000)
  eden space 63488K, 0% used [0x00000000eab00000,0x00000000eab00000,0x00000000ee900000)
  from space 5120K, 99% used [0x00000000ee900000,0x00000000eedfdfc0,0x00000000eee00000)
  to   space 5120K, 0% used [0x00000000f2c00000,0x00000000f2c00000,0x00000000f3100000)
 ParOldGen       total 84992K, used 12261K [0x00000000c0000000, 0x00000000c5300000, 0x00000000eab00000)
  object space 84992K, 14% used [0x00000000c0000000,0x00000000c0bf94f0,0x00000000c5300000)
 Metaspace       used 5998K, capacity 6960K, committed 7040K, reserved 1056768K
  class space    used 593K, capacity 616K, committed 640K, reserved 1048576K
}
Event: 3.395 GC heap before
{Heap before GC invocations=4 (full 0):
 PSYoungGen      total 68608K, used 68599K [0x00000000eab00000, 0x00000000f3100000, 0x0000000100000000)
  eden space 63488K, 100% used [0x00000000eab00000,0x00000000ee900000,0x00000000ee900000)
  from space 5120K, 99% used [0x00000000ee900000,0x00000000eedfdfc0,0x00000000eee00000)
  to   space 5120K, 0% used [0x00000000f2c00000,0x00000000f2c00000,0x00000000f3100000)
 ParOldGen       total 84992K, used 12261K [0x00000000c0000000, 0x00000000c5300000, 0x00000000eab00000)
  object space 84992K, 14% used [0x00000000c0000000,0x00000000c0bf94f0,0x00000000c5300000)
 Metaspace       used 6091K, capacity 7024K, committed 7296K, reserved 1056768K
  class space    used 593K, capacity 616K, committed 640K, reserved 1048576K
Event: 3.486 GC heap after
Heap after GC invocations=4 (full 0):
 PSYoungGen      total 132096K, used 5093K [0x00000000eab00000, 0x00000000f3100000, 0x0000000100000000)
  eden space 126976K, 0% used [0x00000000eab00000,0x00000000eab00000,0x00000000f2700000)
  from space 5120K, 99% used [0x00000000f2c00000,0x00000000f30f9510,0x00000000f3100000)
  to   space 5120K, 0% used [0x00000000f2700000,0x00000000f2700000,0x00000000f2c00000)
 ParOldGen       total 84992K, used 21308K [0x00000000c0000000, 0x00000000c5300000, 0x00000000eab00000)
  object space 84992K, 25% used [0x00000000c0000000,0x00000000c14cf0b0,0x00000000c5300000)
 Metaspace       used 6091K, capacity 7024K, committed 7296K, reserved 1056768K
  class space    used 593K, capacity 616K, committed 640K, reserved 1048576K
}
Event: 4.483 GC heap before
{Heap before GC invocations=5 (full 0):
 PSYoungGen      total 132096K, used 132069K [0x00000000eab00000, 0x00000000f3100000, 0x0000000100000000)
  eden space 126976K, 100% used [0x00000000eab00000,0x00000000f2700000,0x00000000f2700000)
  from space 5120K, 99% used [0x00000000f2c00000,0x00000000f30f9510,0x00000000f3100000)
  to   space 5120K, 0% used [0x00000000f2700000,0x00000000f2700000,0x00000000f2c00000)
 ParOldGen       total 84992K, used 21308K [0x00000000c0000000, 0x00000000c5300000, 0x00000000eab00000)
  object space 84992K, 25% used [0x00000000c0000000,0x00000000c14cf0b0,0x00000000c5300000)
 Metaspace       used 6386K, capacity 7192K, committed 7424K, reserved 1056768K
  class space    used 613K, capacity 656K, committed 768K, reserved 1048576K

Deoptimization events (10 events):
Event: 2.245 Thread 0x00007fb81c178800 Uncommon trap: reason=unstable_if action=reinterpret pc=0x00007fb80d3989fc method=com.android.dx.ssa.SsaMethod.updateOneDefinition(Lcom/android/dx/ssa/SsaInsn;Lcom/android/dx/rop/code/RegisterSpec;)V @ 4
Event: 3.307 Thread 0x00007fb81c187800 Uncommon trap: reason=unstable_if action=reinterpret pc=0x00007fb80d47d83c method=com.android.dx.ssa.SCCP.simulateStmt(Lcom/android/dx/ssa/SsaInsn;)V @ 53
Event: 3.314 Thread 0x00007fb81c187800 Uncommon trap: reason=class_check action=maybe_recompile pc=0x00007fb80d3f256c method=java.util.HashMap.putVal(ILjava/lang/Object;Ljava/lang/Object;ZZ)Ljava/lang/Object; @ 203
Event: 3.507 Thread 0x00007fb81c187800 Uncommon trap: reason=uninitialized action=reinterpret pc=0x00007fb80d4d2e44 method=com.android.dx.cf.code.BytecodeArray.parseInstruction(ILcom/android/dx/cf/code/BytecodeArray$Visitor;)I @ 1079
Event: 3.805 Thread 0x00007fb81c00a000 Uncommon trap: reason=unstable_if action=reinterpret pc=0x00007fb80d606c5c method=com.android.dx.rop.code.LocalItem.compareHandlesNulls(Lcom/android/dx/rop/cst/CstString;Lcom/android/dx/rop/cst/CstString;)I @ 14
Event: 4.280 Thread 0x00007fb81c187800 Uncommon trap: reason=unstable_if action=reinterpret pc=0x00007fb80d2b5c0c method=java.util.HashMap.putVal(ILjava/lang/Object;Ljava/lang/Object;ZZ)Ljava/lang/Object; @ 162
Event: 4.284 Thread 0x00007fb81c187800 Uncommon trap: reason=unstable_if action=reinterpret pc=0x00007fb80d661db4 method=java.util.HashMap.getNode(ILjava/lang/Object;)Ljava/util/HashMap$Node; @ 84
Event: 4.395 Thread 0x00007fb81c189000 Uncommon trap: reason=unstable_if action=reinterpret pc=0x00007fb80d551d00 method=com.android.dx.ssa.MoveParamCombiner$1.visitNonMoveInsn(Lcom/android/dx/ssa/NormalSsaInsn;)V @ 27
Event: 4.477 Thread 0x00007fb81c187800 Uncommon trap: reason=bimorphic action=maybe_recompile pc=0x00007fb80d611718 method=com.android.dx.ssa.LiteralOpUpgrader.tryReplacingWithConstant(Lcom/android/dx/ssa/NormalSsaInsn;)Z @ 62
Event: 4.477 Thread 0x00007fb81c187800 Uncommon trap: reason=unstable_if action=reinterpret pc=0x00007fb80d69d1fc method=com.android.dx.ssa.LiteralOpUpgrader$1.visitNonMoveInsn(Lcom/android/dx/ssa/NormalSsaInsn;)V @ 24

Internal exceptions (7 events):
Event: 0.050 Thread 0x00007fb81c00a000 Exception <a 'java/lang/NoSuchMethodError': Method sun.misc.Unsafe.defineClass(Ljava/lang/String;[BII)Ljava/lang/Class; name or signature does not match> (0x00000000eab07cc0) thrown at [/HUDSON/workspace/8-2-build-linux-amd64/jdk8u91/6644/hotspot/src/shar
Event: 0.050 Thread 0x00007fb81c00a000 Exception <a 'java/lang/NoSuchMethodError': Method sun.misc.Unsafe.prefetchRead(Ljava/lang/Object;J)V name or signature does not match> (0x00000000eab07fa8) thrown at [/HUDSON/workspace/8-2-build-linux-amd64/jdk8u91/6644/hotspot/src/share/vm/prims/jni.cpp
Event: 1.512 Thread 0x00007fb81c00a000 Implicit null exception at 0x00007fb80d2a6eb8 to 0x00007fb80d2a9291
Event: 3.805 Thread 0x00007fb81c00a000 Implicit null exception at 0x00007fb80d605904 to 0x00007fb80d606c31
Event: 4.282 Thread 0x00007fb81c187800 Exception <a 'java/lang/ArrayIndexOutOfBoundsException': 18> (0x00000000f0aa2240) thrown at [/HUDSON/workspace/8-2-build-linux-amd64/jdk8u91/6644/hotspot/src/share/vm/interpreter/interpreterRuntime.cpp, line 366]
Event: 4.282 Thread 0x00007fb81c187800 Exception <a 'java/lang/ArrayIndexOutOfBoundsException': 145> (0x00000000f0aa3dc0) thrown at [/HUDSON/workspace/8-2-build-linux-amd64/jdk8u91/6644/hotspot/src/share/vm/interpreter/interpreterRuntime.cpp, line 366]
Event: 4.283 Thread 0x00007fb81c187800 Exception <a 'java/lang/ArrayIndexOutOfBoundsException'> (0x00000000f0aa50a8) thrown at [/HUDSON/workspace/8-2-build-linux-amd64/jdk8u91/6644/hotspot/src/share/vm/runtime/sharedRuntime.cpp, line 605]

Events (10 events):
Event: 4.411 Thread 0x00007fb81c00a000 DEOPT UNPACKING pc=0x00007fb80d047633 sp=0x00007fb823ce04c0 mode 0
Event: 4.465 Thread 0x00007fb81c178800 DEOPT PACKING pc=0x00007fb80d3ed6ea sp=0x00007fb7f3139ca0
Event: 4.465 Thread 0x00007fb81c178800 DEOPT UNPACKING pc=0x00007fb80d047633 sp=0x00007fb7f3139a38 mode 0
Event: 4.477 Thread 0x00007fb81c187800 Uncommon trap: trap_request=0xffffffc6 fr.pc=0x00007fb80d611718
Event: 4.477 Thread 0x00007fb81c187800 DEOPT PACKING pc=0x00007fb80d611718 sp=0x00007fb7f2e36e20
Event: 4.477 Thread 0x00007fb81c187800 DEOPT UNPACKING pc=0x00007fb80d005229 sp=0x00007fb7f2e36df0 mode 2
Event: 4.477 Thread 0x00007fb81c187800 Uncommon trap: trap_request=0xffffff65 fr.pc=0x00007fb80d69d1fc
Event: 4.477 Thread 0x00007fb81c187800 DEOPT PACKING pc=0x00007fb80d69d1fc sp=0x00007fb7f2e36ea0
Event: 4.477 Thread 0x00007fb81c187800 DEOPT UNPACKING pc=0x00007fb80d005229 sp=0x00007fb7f2e36e70 mode 2
Event: 4.482 Executing VM operation: ParallelGCFailedAllocation


Dynamic libraries:
00400000-00401000 r-xp 00000000 08:09 3281753                            /usr/java/jdk1.8.0_91/bin/java
00600000-00601000 rw-p 00000000 08:09 3281753                            /usr/java/jdk1.8.0_91/bin/java
0099e000-009bf000 rw-p 00000000 00:00 0                                  [heap]
c0000000-c5300000 rw-p 00000000 00:00 0 
c5300000-eab00000 ---p 00000000 00:00 0 
eab00000-f3100000 rw-p 00000000 00:00 0 
fd700000-100000000 ---p 00000000 00:00 0 
100000000-1000c0000 rw-p 00000000 00:00 0 
1000c0000-140000000 ---p 00000000 00:00 0 
7fb7a4000000-7fb7a4021000 rw-p 00000000 00:00 0 
7fb7a4021000-7fb7a8000000 ---p 00000000 00:00 0 
7fb7ac000000-7fb7ac029000 rw-p 00000000 00:00 0 
7fb7ac029000-7fb7b0000000 ---p 00000000 00:00 0 
7fb7b0000000-7fb7b0021000 rw-p 00000000 00:00 0 
7fb7b0021000-7fb7b4000000 ---p 00000000 00:00 0 
7fb7b4000000-7fb7b4036000 rw-p 00000000 00:00 0 
7fb7b4036000-7fb7b8000000 ---p 00000000 00:00 0 
7fb7b8000000-7fb7b8021000 rw-p 00000000 00:00 0 
7fb7b8021000-7fb7bc000000 ---p 00000000 00:00 0 
7fb7bc000000-7fb7bc021000 rw-p 00000000 00:00 0 
7fb7bc021000-7fb7c0000000 ---p 00000000 00:00 0 
7fb7c0000000-7fb7c0021000 rw-p 00000000 00:00 0 
7fb7c0021000-7fb7c4000000 ---p 00000000 00:00 0 
7fb7c4000000-7fb7c4c5d000 rw-p 00000000 00:00 0 
7fb7c4c5d000-7fb7c8000000 ---p 00000000 00:00 0 
7fb7c8000000-7fb7c866a000 rw-p 00000000 00:00 0 
7fb7c866a000-7fb7cc000000 ---p 00000000 00:00 0 
7fb7cc000000-7fb7cca37000 rw-p 00000000 00:00 0 
7fb7cca37000-7fb7d0000000 ---p 00000000 00:00 0 
7fb7d0000000-7fb7d0a25000 rw-p 00000000 00:00 0 
7fb7d0a25000-7fb7d4000000 ---p 00000000 00:00 0 
7fb7d4000000-7fb7d4021000 rw-p 00000000 00:00 0 
7fb7d4021000-7fb7d8000000 ---p 00000000 00:00 0 
7fb7d8000000-7fb7d8021000 rw-p 00000000 00:00 0 
7fb7d8021000-7fb7dc000000 ---p 00000000 00:00 0 
7fb7dc000000-7fb7dc28f000 rw-p 00000000 00:00 0 
7fb7dc28f000-7fb7e0000000 ---p 00000000 00:00 0 
7fb7e0000000-7fb7e0021000 rw-p 00000000 00:00 0 
7fb7e0021000-7fb7e4000000 ---p 00000000 00:00 0 
7fb7e4000000-7fb7e4021000 rw-p 00000000 00:00 0 
7fb7e4021000-7fb7e8000000 ---p 00000000 00:00 0 
7fb7e8000000-7fb7e8021000 rw-p 00000000 00:00 0 
7fb7e8021000-7fb7ec000000 ---p 00000000 00:00 0 
7fb7ec000000-7fb7ec021000 rw-p 00000000 00:00 0 
7fb7ec021000-7fb7f0000000 ---p 00000000 00:00 0 
7fb7f2c37000-7fb7f2c3a000 ---p 00000000 00:00 0 
7fb7f2c3a000-7fb7f2d38000 rw-p 00000000 00:00 0 
7fb7f2d38000-7fb7f2d3b000 ---p 00000000 00:00 0 
7fb7f2d3b000-7fb7f2e39000 rw-p 00000000 00:00 0 
7fb7f2e39000-7fb7f2e3c000 ---p 00000000 00:00 0 
7fb7f2e3c000-7fb7f2f3a000 rw-p 00000000 00:00 0 
7fb7f2f3a000-7fb7f2f3d000 ---p 00000000 00:00 0 
7fb7f2f3d000-7fb7f303b000 rw-p 00000000 00:00 0 
7fb7f303b000-7fb7f303e000 ---p 00000000 00:00 0 
7fb7f303e000-7fb7f313c000 rw-p 00000000 00:00 0 
7fb7f313c000-7fb7f313d000 ---p 00000000 00:00 0 
7fb7f313d000-7fb7f323d000 rw-p 00000000 00:00 0 
7fb7f323d000-7fb7f3240000 ---p 00000000 00:00 0 
7fb7f3240000-7fb7f333e000 rw-p 00000000 00:00 0 
7fb7f333e000-7fb7f3341000 ---p 00000000 00:00 0 
7fb7f3341000-7fb7f343f000 rw-p 00000000 00:00 0 
7fb7f343f000-7fb7f3442000 ---p 00000000 00:00 0 
7fb7f3442000-7fb7f3540000 rw-p 00000000 00:00 0 
7fb7f3540000-7fb7f3543000 ---p 00000000 00:00 0 
7fb7f3543000-7fb7f3641000 rw-p 00000000 00:00 0 
7fb7f3641000-7fb7f4000000 r--p 00000000 08:09 1318033                    /usr/lib/locale/locale-archive
7fb7f4000000-7fb7f4021000 rw-p 00000000 00:00 0 
7fb7f4021000-7fb7f8000000 ---p 00000000 00:00 0 
7fb7f8000000-7fb7f8021000 rw-p 00000000 00:00 0 
7fb7f8021000-7fb7fc000000 ---p 00000000 00:00 0 
7fb7fc000000-7fb7fc021000 rw-p 00000000 00:00 0 
7fb7fc021000-7fb800000000 ---p 00000000 00:00 0 
7fb800000000-7fb800021000 rw-p 00000000 00:00 0 
7fb800021000-7fb804000000 ---p 00000000 00:00 0 
7fb804000000-7fb804021000 rw-p 00000000 00:00 0 
7fb804021000-7fb808000000 ---p 00000000 00:00 0 
7fb80807b000-7fb80807e000 ---p 00000000 00:00 0 
7fb80807e000-7fb80817c000 rw-p 00000000 00:00 0 
7fb80817c000-7fb80817f000 ---p 00000000 00:00 0 
7fb80817f000-7fb80827d000 rw-p 00000000 00:00 0 
7fb80827d000-7fb808280000 ---p 00000000 00:00 0 
7fb808280000-7fb80837e000 rw-p 00000000 00:00 0 
7fb80837e000-7fb808381000 ---p 00000000 00:00 0 
7fb808381000-7fb80847f000 rw-p 00000000 00:00 0 
7fb80847f000-7fb808480000 ---p 00000000 00:00 0 
7fb808480000-7fb80a1b0000 rw-p 00000000 00:00 0 
7fb80a1b0000-7fb80a388000 r--s 03cd8000 08:09 3279665                    /usr/java/jdk1.8.0_91/jre/lib/rt.jar
7fb80a388000-7fb80aa7e000 rw-p 00000000 00:00 0 
7fb80aa7e000-7fb80abfe000 ---p 00000000 00:00 0 
7fb80abfe000-7fb80cdfe000 rw-p 00000000 00:00 0 
7fb80cdfe000-7fb80cdff000 ---p 00000000 00:00 0 
7fb80cdff000-7fb80ceff000 rw-p 00000000 00:00 0 
7fb80ceff000-7fb80cf00000 ---p 00000000 00:00 0 
7fb80cf00000-7fb80d000000 rw-p 00000000 00:00 0 
7fb80d000000-7fb80d6e0000 rwxp 00000000 00:00 0 
7fb80d6e0000-7fb81c000000 ---p 00000000 00:00 0 
7fb81c000000-7fb81c3ab000 rw-p 00000000 00:00 0 
7fb81c3ab000-7fb820000000 ---p 00000000 00:00 0 
7fb820000000-7fb820016000 r--s 000f1000 08:09 4198867                    /home/kittuov/AndroidStudioProjects/TapQuick/app/build/intermediates/exploded-aar/com.android.support/support-v4/23.3.0/jars/classes.jar
7fb820016000-7fb820037000 rw-p 00000000 00:00 0 
7fb820037000-7fb820038000 ---p 00000000 00:00 0 
7fb820038000-7fb820138000 rw-p 00000000 00:00 0 
7fb820138000-7fb820139000 ---p 00000000 00:00 0 
7fb820139000-7fb820239000 rw-p 00000000 00:00 0 
7fb820239000-7fb82023a000 ---p 00000000 00:00 0 
7fb82023a000-7fb82033a000 rw-p 00000000 00:00 0 
7fb82033a000-7fb82033b000 ---p 00000000 00:00 0 
7fb82033b000-7fb82043b000 rw-p 00000000 00:00 0 
7fb82043b000-7fb82043c000 ---p 00000000 00:00 0 
7fb82043c000-7fb82053c000 rw-p 00000000 00:00 0 
7fb82053c000-7fb82053d000 ---p 00000000 00:00 0 
7fb82053d000-7fb820667000 rw-p 00000000 00:00 0 
7fb820667000-7fb820793000 ---p 00000000 00:00 0 
7fb820793000-7fb8207bd000 rw-p 00000000 00:00 0 
7fb8207bd000-7fb8208e8000 ---p 00000000 00:00 0 
7fb8208e8000-7fb82092c000 rw-p 00000000 00:00 0 
7fb82092c000-7fb820993000 ---p 00000000 00:00 0 
7fb820993000-7fb8209b0000 rw-p 00000000 00:00 0 
7fb8209b0000-7fb820d54000 ---p 00000000 00:00 0 
7fb820d54000-7fb820d6e000 r-xp 00000000 08:09 3281597                    /usr/java/jdk1.8.0_91/jre/lib/amd64/libzip.so
7fb820d6e000-7fb820f6e000 ---p 0001a000 08:09 3281597                    /usr/java/jdk1.8.0_91/jre/lib/amd64/libzip.so
7fb820f6e000-7fb820f6f000 rw-p 0001a000 08:09 3281597                    /usr/java/jdk1.8.0_91/jre/lib/amd64/libzip.so
7fb820f6f000-7fb820f7a000 r-xp 00000000 08:09 3936861                    /lib/x86_64-linux-gnu/libnss_files-2.23.so
7fb820f7a000-7fb821179000 ---p 0000b000 08:09 3936861                    /lib/x86_64-linux-gnu/libnss_files-2.23.so
7fb821179000-7fb82117a000 r--p 0000a000 08:09 3936861                    /lib/x86_64-linux-gnu/libnss_files-2.23.so
7fb82117a000-7fb82117b000 rw-p 0000b000 08:09 3936861                    /lib/x86_64-linux-gnu/libnss_files-2.23.so
7fb82117b000-7fb821181000 rw-p 00000000 00:00 0 
7fb821181000-7fb82118c000 r-xp 00000000 08:09 3936871                    /lib/x86_64-linux-gnu/libnss_nis-2.23.so
7fb82118c000-7fb82138b000 ---p 0000b000 08:09 3936871                    /lib/x86_64-linux-gnu/libnss_nis-2.23.so
7fb82138b000-7fb82138c000 r--p 0000a000 08:09 3936871                    /lib/x86_64-linux-gnu/libnss_nis-2.23.so
7fb82138c000-7fb82138d000 rw-p 0000b000 08:09 3936871                    /lib/x86_64-linux-gnu/libnss_nis-2.23.so
7fb82138d000-7fb8213a3000 r-xp 00000000 08:09 3936855                    /lib/x86_64-linux-gnu/libnsl-2.23.so
7fb8213a3000-7fb8215a2000 ---p 00016000 08:09 3936855                    /lib/x86_64-linux-gnu/libnsl-2.23.so
7fb8215a2000-7fb8215a3000 r--p 00015000 08:09 3936855                    /lib/x86_64-linux-gnu/libnsl-2.23.so
7fb8215a3000-7fb8215a4000 rw-p 00016000 08:09 3936855                    /lib/x86_64-linux-gnu/libnsl-2.23.so
7fb8215a4000-7fb8215a6000 rw-p 00000000 00:00 0 
7fb8215a6000-7fb8215ae000 r-xp 00000000 08:09 3936857                    /lib/x86_64-linux-gnu/libnss_compat-2.23.so
7fb8215ae000-7fb8217ad000 ---p 00008000 08:09 3936857                    /lib/x86_64-linux-gnu/libnss_compat-2.23.so
7fb8217ad000-7fb8217ae000 r--p 00007000 08:09 3936857                    /lib/x86_64-linux-gnu/libnss_compat-2.23.so
7fb8217ae000-7fb8217af000 rw-p 00008000 08:09 3936857                    /lib/x86_64-linux-gnu/libnss_compat-2.23.so
7fb8217af000-7fb8217d9000 r-xp 00000000 08:09 3281634                    /usr/java/jdk1.8.0_91/jre/lib/amd64/libjava.so
7fb8217d9000-7fb8219d9000 ---p 0002a000 08:09 3281634                    /usr/java/jdk1.8.0_91/jre/lib/amd64/libjava.so
7fb8219d9000-7fb8219db000 rw-p 0002a000 08:09 3281634                    /usr/java/jdk1.8.0_91/jre/lib/amd64/libjava.so
7fb8219db000-7fb8219e8000 r-xp 00000000 08:09 3281631                    /usr/java/jdk1.8.0_91/jre/lib/amd64/libverify.so
7fb8219e8000-7fb821be8000 ---p 0000d000 08:09 3281631                    /usr/java/jdk1.8.0_91/jre/lib/amd64/libverify.so
7fb821be8000-7fb821bea000 rw-p 0000d000 08:09 3281631                    /usr/java/jdk1.8.0_91/jre/lib/amd64/libverify.so
7fb821bea000-7fb821bf1000 r-xp 00000000 08:09 3936916                    /lib/x86_64-linux-gnu/librt-2.23.so
7fb821bf1000-7fb821df0000 ---p 00007000 08:09 3936916                    /lib/x86_64-linux-gnu/librt-2.23.so
7fb821df0000-7fb821df1000 r--p 00006000 08:09 3936916                    /lib/x86_64-linux-gnu/librt-2.23.so
7fb821df1000-7fb821df2000 rw-p 00007000 08:09 3936916                    /lib/x86_64-linux-gnu/librt-2.23.so
7fb821df2000-7fb821efa000 r-xp 00000000 08:09 3936832                    /lib/x86_64-linux-gnu/libm-2.23.so
7fb821efa000-7fb8220f9000 ---p 00108000 08:09 3936832                    /lib/x86_64-linux-gnu/libm-2.23.so
7fb8220f9000-7fb8220fa000 r--p 00107000 08:09 3936832                    /lib/x86_64-linux-gnu/libm-2.23.so
7fb8220fa000-7fb8220fb000 rw-p 00108000 08:09 3936832                    /lib/x86_64-linux-gnu/libm-2.23.so
7fb8220fb000-7fb822dbb000 r-xp 00000000 08:09 3281593                    /usr/java/jdk1.8.0_91/jre/lib/amd64/server/libjvm.so
7fb822dbb000-7fb822fbb000 ---p 00cc0000 08:09 3281593                    /usr/java/jdk1.8.0_91/jre/lib/amd64/server/libjvm.so
7fb822fbb000-7fb823093000 rw-p 00cc0000 08:09 3281593                    /usr/java/jdk1.8.0_91/jre/lib/amd64/server/libjvm.so
7fb823093000-7fb8230de000 rw-p 00000000 00:00 0 
7fb8230de000-7fb82329e000 r-xp 00000000 08:09 3936762                    /lib/x86_64-linux-gnu/libc-2.23.so
7fb82329e000-7fb82349d000 ---p 001c0000 08:09 3936762                    /lib/x86_64-linux-gnu/libc-2.23.so
7fb82349d000-7fb8234a1000 r--p 001bf000 08:09 3936762                    /lib/x86_64-linux-gnu/libc-2.23.so
7fb8234a1000-7fb8234a3000 rw-p 001c3000 08:09 3936762                    /lib/x86_64-linux-gnu/libc-2.23.so
7fb8234a3000-7fb8234a7000 rw-p 00000000 00:00 0 
7fb8234a7000-7fb8234aa000 r-xp 00000000 08:09 3936786                    /lib/x86_64-linux-gnu/libdl-2.23.so
7fb8234aa000-7fb8236a9000 ---p 00003000 08:09 3936786                    /lib/x86_64-linux-gnu/libdl-2.23.so
7fb8236a9000-7fb8236aa000 r--p 00002000 08:09 3936786                    /lib/x86_64-linux-gnu/libdl-2.23.so
7fb8236aa000-7fb8236ab000 rw-p 00003000 08:09 3936786                    /lib/x86_64-linux-gnu/libdl-2.23.so
7fb8236ab000-7fb8236c0000 r-xp 00000000 08:09 3153660                    /usr/java/jdk1.8.0_91/lib/amd64/jli/libjli.so
7fb8236c0000-7fb8238c0000 ---p 00015000 08:09 3153660                    /usr/java/jdk1.8.0_91/lib/amd64/jli/libjli.so
7fb8238c0000-7fb8238c1000 rw-p 00015000 08:09 3153660                    /usr/java/jdk1.8.0_91/lib/amd64/jli/libjli.so
7fb8238c1000-7fb8238d9000 r-xp 00000000 08:09 3936908                    /lib/x86_64-linux-gnu/libpthread-2.23.so
7fb8238d9000-7fb823ad8000 ---p 00018000 08:09 3936908                    /lib/x86_64-linux-gnu/libpthread-2.23.so
7fb823ad8000-7fb823ad9000 r--p 00017000 08:09 3936908                    /lib/x86_64-linux-gnu/libpthread-2.23.so
7fb823ad9000-7fb823ada000 rw-p 00018000 08:09 3936908                    /lib/x86_64-linux-gnu/libpthread-2.23.so
7fb823ada000-7fb823ade000 rw-p 00000000 00:00 0 
7fb823ade000-7fb823b04000 r-xp 00000000 08:09 3936734                    /lib/x86_64-linux-gnu/ld-2.23.so
7fb823b09000-7fb823be2000 rw-p 00000000 00:00 0 
7fb823be2000-7fb823be5000 ---p 00000000 00:00 0 
7fb823be5000-7fb823ce7000 rw-p 00000000 00:00 0 
7fb823ce8000-7fb823cf7000 r--s 000df000 08:09 4198036                    /home/kittuov/Android/Sdk/build-tools/23.0.3/lib/dx.jar
7fb823cf7000-7fb823cff000 rw-s 00000000 08:09 6422908                    /tmp/hsperfdata_kittuov/18775
7fb823cff000-7fb823d00000 rw-p 00000000 00:00 0 
7fb823d00000-7fb823d01000 ---p 00000000 00:00 0 
7fb823d01000-7fb823d03000 rw-p 00000000 00:00 0 
7fb823d03000-7fb823d04000 r--p 00025000 08:09 3936734                    /lib/x86_64-linux-gnu/ld-2.23.so
7fb823d04000-7fb823d05000 rw-p 00026000 08:09 3936734                    /lib/x86_64-linux-gnu/ld-2.23.so
7fb823d05000-7fb823d06000 rw-p 00000000 00:00 0 
7ffeac493000-7ffeac4b4000 rw-p 00000000 00:00 0                          [stack]
7ffeac5dc000-7ffeac5de000 r--p 00000000 00:00 0                          [vvar]
7ffeac5de000-7ffeac5e0000 r-xp 00000000 00:00 0                          [vdso]
ffffffffff600000-ffffffffff601000 r-xp 00000000 00:00 0                  [vsyscall]

VM Arguments:
jvm_args: -Djava.awt.headless=true -Xmx1024M -Dfile.encoding=UTF-8 -Duser.country=IN -Duser.language=en -Duser.variant 
java_command: com.android.dx.command.Main --dex --force-jumbo --num-threads=4 --multi-dex --output /home/kittuov/AndroidStudioProjects/TapQuick/app/build/intermediates/transforms/dex/debug/folders/1000/10/com.android.support-support-v4-23.3.0_154bd2259e57702b84b2d8fdcf585115e57b68ff /home/kittuov/AndroidStudioProjects/TapQuick/app/build/intermediates/exploded-aar/com.android.support/support-v4/23.3.0/jars/classes.jar
java_class_path (initial): /home/kittuov/Android/Sdk/build-tools/23.0.3/lib/dx.jar
Launcher Type: SUN_STANDARD

Environment Variables:
PATH=/usr/local/sbin:/usr/local/bin:/usr/sbin:/usr/bin:/sbin:/bin:/usr/games:/usr/local/games:/snap/bin
LD_LIBRARY_PATH=/home/kittuov/IDEs/android-studio/bin:
SHELL=/bin/bash
DISPLAY=:0

Signal Handlers:
SIGSEGV: [libjvm.so+0xabca10], sa_mask[0]=11111111011111111101111111111110, sa_flags=SA_RESTART|SA_SIGINFO
SIGBUS: [libjvm.so+0xabca10], sa_mask[0]=11111111011111111101111111111110, sa_flags=SA_RESTART|SA_SIGINFO
SIGFPE: [libjvm.so+0x919a20], sa_mask[0]=11111111011111111101111111111110, sa_flags=SA_RESTART|SA_SIGINFO
SIGPIPE: [libjvm.so+0x919a20], sa_mask[0]=11111111011111111101111111111110, sa_flags=SA_RESTART|SA_SIGINFO
SIGXFSZ: [libjvm.so+0x919a20], sa_mask[0]=11111111011111111101111111111110, sa_flags=SA_RESTART|SA_SIGINFO
SIGILL: [libjvm.so+0x919a20], sa_mask[0]=11111111011111111101111111111110, sa_flags=SA_RESTART|SA_SIGINFO
SIGUSR1: SIG_DFL, sa_mask[0]=00000000000000000000000000000000, sa_flags=none
SIGUSR2: [libjvm.so+0x91b050], sa_mask[0]=00100000000000000000000000000000, sa_flags=SA_RESTART|SA_SIGINFO
SIGHUP: [libjvm.so+0x91c450], sa_mask[0]=11111111011111111101111111111110, sa_flags=SA_RESTART|SA_SIGINFO
SIGINT: [libjvm.so+0x91c450], sa_mask[0]=11111111011111111101111111111110, sa_flags=SA_RESTART|SA_SIGINFO
SIGTERM: [libjvm.so+0x91c450], sa_mask[0]=11111111011111111101111111111110, sa_flags=SA_RESTART|SA_SIGINFO
SIGQUIT: [libjvm.so+0x91c450], sa_mask[0]=11111111011111111101111111111110, sa_flags=SA_RESTART|SA_SIGINFO


---------------  S Y S T E M  ---------------

OS:DISTRIB_ID=Ubuntu
DISTRIB_RELEASE=16.04
DISTRIB_CODENAME=xenial
DISTRIB_DESCRIPTION="Ubuntu 16.04 LTS"

uname:Linux 4.4.0-21-generic #37-Ubuntu SMP Mon Apr 18 18:33:37 UTC 2016 x86_64
libc:glibc 2.23 NPTL 2.23 
rlimit: STACK 8192k, CORE 0k, NPROC 31092, NOFILE 65536, AS infinity
load average:10.30 3.28 1.88

/proc/meminfo:
MemTotal:        8105560 kB
MemFree:          111328 kB
MemAvailable:     157884 kB
Buffers:            1096 kB
Cached:          1402984 kB
SwapCached:            0 kB
Active:          6511824 kB
Inactive:        1227408 kB
Active(anon):    6501420 kB
Inactive(anon):  1198516 kB
Active(file):      10404 kB
Inactive(file):    28892 kB
Unevictable:         176 kB
Mlocked:             176 kB
SwapTotal:             0 kB
SwapFree:              0 kB
Dirty:               232 kB
Writeback:             0 kB
AnonPages:       6335948 kB
Mapped:           451712 kB
Shmem:           1364168 kB
Slab:             122268 kB
SReclaimable:      49644 kB
SUnreclaim:        72624 kB
KernelStack:       16848 kB
PageTables:        60648 kB
NFS_Unstable:          0 kB
Bounce:                0 kB
WritebackTmp:          0 kB
CommitLimit:     4052780 kB
Committed_AS:   13942344 kB
VmallocTotal:   34359738367 kB
VmallocUsed:           0 kB
VmallocChunk:          0 kB
HardwareCorrupted:     0 kB
AnonHugePages:   2955264 kB
CmaTotal:              0 kB
CmaFree:               0 kB
HugePages_Total:       0
HugePages_Free:        0
HugePages_Rsvd:        0
HugePages_Surp:        0
Hugepagesize:       2048 kB
DirectMap4k:      207360 kB
DirectMap2M:     7063552 kB
DirectMap1G:     2097152 kB


CPU:total 8 (4 cores per cpu, 2 threads per core) family 6 model 60 stepping 3, cmov, cx8, fxsr, mmx, sse, sse2, sse3, ssse3, sse4.1, sse4.2, popcnt, avx, avx2, aes, clmul, erms, lzcnt, ht, tsc, tscinvbit, bmi1, bmi2

/proc/cpuinfo:
processor	: 0
vendor_id	: GenuineIntel
cpu family	: 6
model		: 60
model name	: Intel(R) Core(TM) i7-4700MQ CPU @ 2.40GHz
stepping	: 3
microcode	: 0x1e
cpu MHz		: 799.968
cache size	: 6144 KB
physical id	: 0
siblings	: 8
core id		: 0
cpu cores	: 4
apicid		: 0
initial apicid	: 0
fpu		: yes
fpu_exception	: yes
cpuid level	: 13
wp		: yes
flags		: fpu vme de pse tsc msr pae mce cx8 apic sep mtrr pge mca cmov pat pse36 clflush dts acpi mmx fxsr sse sse2 ss ht tm pbe syscall nx pdpe1gb rdtscp lm constant_tsc arch_perfmon pebs bts rep_good nopl xtopology nonstop_tsc aperfmperf eagerfpu pni pclmulqdq dtes64 monitor ds_cpl vmx est tm2 ssse3 sdbg fma cx16 xtpr pdcm pcid sse4_1 sse4_2 movbe popcnt tsc_deadline_timer aes xsave avx f16c rdrand lahf_lm abm epb tpr_shadow vnmi flexpriority ept vpid fsgsbase tsc_adjust bmi1 avx2 smep bmi2 erms invpcid xsaveopt dtherm ida arat pln pts
bugs		:
bogomips	: 4788.68
clflush size	: 64
cache_alignment	: 64
address sizes	: 39 bits physical, 48 bits virtual
power management:

processor	: 1
vendor_id	: GenuineIntel
cpu family	: 6
model		: 60
model name	: Intel(R) Core(TM) i7-4700MQ CPU @ 2.40GHz
stepping	: 3
microcode	: 0x1e
cpu MHz		: 2782.125
cache size	: 6144 KB
physical id	: 0
siblings	: 8
core id		: 0
cpu cores	: 4
apicid		: 1
initial apicid	: 1
fpu		: yes
fpu_exception	: yes
cpuid level	: 13
wp		: yes
flags		: fpu vme de pse tsc msr pae mce cx8 apic sep mtrr pge mca cmov pat pse36 clflush dts acpi mmx fxsr sse sse2 ss ht tm pbe syscall nx pdpe1gb rdtscp lm constant_tsc arch_perfmon pebs bts rep_good nopl xtopology nonstop_tsc aperfmperf eagerfpu pni pclmulqdq dtes64 monitor ds_cpl vmx est tm2 ssse3 sdbg fma cx16 xtpr pdcm pcid sse4_1 sse4_2 movbe popcnt tsc_deadline_timer aes xsave avx f16c rdrand lahf_lm abm epb tpr_shadow vnmi flexpriority ept vpid fsgsbase tsc_adjust bmi1 avx2 smep bmi2 erms invpcid xsaveopt dtherm ida arat pln pts
bugs		:
bogomips	: 4788.68
clflush size	: 64
cache_alignment	: 64
address sizes	: 39 bits physical, 48 bits virtual
power management:

processor	: 2
vendor_id	: GenuineIntel
cpu family	: 6
model		: 60
model name	: Intel(R) Core(TM) i7-4700MQ CPU @ 2.40GHz
stepping	: 3
microcode	: 0x1e
cpu MHz		: 907.781
cache size	: 6144 KB
physical id	: 0
siblings	: 8
core id		: 1
cpu cores	: 4
apicid		: 2
initial apicid	: 2
fpu		: yes
fpu_exception	: yes
cpuid level	: 13
wp		: yes
flags		: fpu vme de pse tsc msr pae mce cx8 apic sep mtrr pge mca cmov pat pse36 clflush dts acpi mmx fxsr sse sse2 ss ht tm pbe syscall nx pdpe1gb rdtscp lm constant_tsc arch_perfmon pebs bts rep_good nopl xtopology nonstop_tsc aperfmperf eagerfpu pni pclmulqdq dtes64 monitor ds_cpl vmx est tm2 ssse3 sdbg fma cx16 xtpr pdcm pcid sse4_1 sse4_2 movbe popcnt tsc_deadline_timer aes xsave avx f16c rdrand lahf_lm abm epb tpr_shadow vnmi flexpriority ept vpid fsgsbase tsc_adjust bmi1 avx2 smep bmi2 erms invpcid xsaveopt dtherm ida arat pln pts
bugs		:
bogomips	: 4788.68
clflush size	: 64
cache_alignment	: 64
address sizes	: 39 bits physical, 48 bits virtual
power management:

processor	: 3
vendor_id	: GenuineIntel
cpu family	: 6
model		: 60
model name	: Intel(R) Core(TM) i7-4700MQ CPU @ 2.40GHz
stepping	: 3
microcode	: 0x1e
cpu MHz		: 2358.843
cache size	: 6144 KB
physical id	: 0
siblings	: 8
core id		: 1
cpu cores	: 4
apicid		: 3
initial apicid	: 3
fpu		: yes
fpu_exception	: yes
cpuid level	: 13
wp		: yes
flags		: fpu vme de pse tsc msr pae mce cx8 apic sep mtrr pge mca cmov pat pse36 clflush dts acpi mmx fxsr sse sse2 ss ht tm pbe syscall nx pdpe1gb rdtscp lm constant_tsc arch_perfmon pebs bts rep_good nopl xtopology nonstop_tsc aperfmperf eagerfpu pni pclmulqdq dtes64 monitor ds_cpl vmx est tm2 ssse3 sdbg fma cx16 xtpr pdcm pcid sse4_1 sse4_2 movbe popcnt tsc_deadline_timer aes xsave avx f16c rdrand lahf_lm abm epb tpr_shadow vnmi flexpriority ept vpid fsgsbase tsc_adjust bmi1 avx2 smep bmi2 erms invpcid xsaveopt dtherm ida arat pln pts
bugs		:
bogomips	: 4788.68
clflush size	: 64
cache_alignment	: 64
address sizes	: 39 bits physical, 48 bits virtual
power management:

processor	: 4
vendor_id	: GenuineIntel
cpu family	: 6
model		: 60
model name	: Intel(R) Core(TM) i7-4700MQ CPU @ 2.40GHz
stepping	: 3
microcode	: 0x1e
cpu MHz		: 1054.031
cache size	: 6144 KB
physical id	: 0
siblings	: 8
core id		: 2
cpu cores	: 4
apicid		: 4
initial apicid	: 4
fpu		: yes
fpu_exception	: yes
cpuid level	: 13
wp		: yes
flags		: fpu vme de pse tsc msr pae mce cx8 apic sep mtrr pge mca cmov pat pse36 clflush dts acpi mmx fxsr sse sse2 ss ht tm pbe syscall nx pdpe1gb rdtscp lm constant_tsc arch_perfmon pebs bts rep_good nopl xtopology nonstop_tsc aperfmperf eagerfpu pni pclmulqdq dtes64 monitor ds_cpl vmx est tm2 ssse3 sdbg fma cx16 xtpr pdcm pcid sse4_1 sse4_2 movbe popcnt tsc_deadline_timer aes xsave avx f16c rdrand lahf_lm abm epb tpr_shadow vnmi flexpriority ept vpid fsgsbase tsc_adjust bmi1 avx2 smep bmi2 erms invpcid xsaveopt dtherm ida arat pln pts
bugs		:
bogomips	: 4788.68
clflush size	: 64
cache_alignment	: 64
address sizes	: 39 bits physical, 48 bits virtual
power management:

processor	: 5
vendor_id	: GenuineIntel
cpu family	: 6
model		: 60
model name	: Intel(R) Core(TM) i7-4700MQ CPU @ 2.40GHz
stepping	: 3
microcode	: 0x1e
cpu MHz		: 1714.218
cache size	: 6144 KB
physical id	: 0
siblings	: 8
core id		: 2
cpu cores	: 4
apicid		: 5
initial apicid	: 5
fpu		: yes
fpu_exception	: yes
cpuid level	: 13
wp		: yes
flags		: fpu vme de pse tsc msr pae mce cx8 apic sep mtrr pge mca cmov pat pse36 clflush dts acpi mmx fxsr sse sse2 ss ht tm pbe syscall nx pdpe1gb rdtscp lm constant_tsc arch_perfmon pebs bts rep_good nopl xtopology nonstop_tsc aperfmperf eagerfpu pni pclmulqdq dtes64 monitor ds_cpl vmx est tm2 ssse3 sdbg fma cx16 xtpr pdcm pcid sse4_1 sse4_2 movbe popcnt tsc_deadline_timer aes xsave avx f16c rdrand lahf_lm abm epb tpr_shadow vnmi flexpriority ept vpid fsgsbase tsc_adjust bmi1 avx2 smep bmi2 erms invpcid xsaveopt dtherm ida arat pln pts
bugs		:
bogomips	: 4788.68
clflush size	: 64
cache_alignment	: 64
address sizes	: 39 bits physical, 48 bits virtual
power management:

processor	: 6
vendor_id	: GenuineIntel
cpu family	: 6
model		: 60
model name	: Intel(R) Core(TM) i7-4700MQ CPU @ 2.40GHz
stepping	: 3
microcode	: 0x1e
cpu MHz		: 903.375
cache size	: 6144 KB
physical id	: 0
siblings	: 8
core id		: 3
cpu cores	: 4
apicid		: 6
initial apicid	: 6
fpu		: yes
fpu_exception	: yes
cpuid level	: 13
wp		: yes
flags		: fpu vme de pse tsc msr pae mce cx8 apic sep mtrr pge mca cmov pat pse36 clflush dts acpi mmx fxsr sse sse2 ss ht tm pbe syscall nx pdpe1gb rdtscp lm constant_tsc arch_perfmon pebs bts rep_good nopl xtopology nonstop_tsc aperfmperf eagerfpu pni pclmulqdq dtes64 monitor ds_cpl vmx est tm2 ssse3 sdbg fma cx16 xtpr pdcm pcid sse4_1 sse4_2 movbe popcnt tsc_deadline_timer aes xsave avx f16c rdrand lahf_lm abm epb tpr_shadow vnmi flexpriority ept vpid fsgsbase tsc_adjust bmi1 avx2 smep bmi2 erms invpcid xsaveopt dtherm ida arat pln pts
bugs		:
bogomips	: 4788.68
clflush size	: 64
cache_alignment	: 64
address sizes	: 39 bits physical, 48 bits virtual
power management:

processor	: 7
vendor_id	: GenuineIntel
cpu family	: 6
model		: 60
model name	: Intel(R) Core(TM) i7-4700MQ CPU @ 2.40GHz
stepping	: 3
microcode	: 0x1e
cpu MHz		: 937.593
cache size	: 6144 KB
physical id	: 0
siblings	: 8
core id		: 3
cpu cores	: 4
apicid		: 7
initial apicid	: 7
fpu		: yes
fpu_exception	: yes
cpuid level	: 13
wp		: yes
flags		: fpu vme de pse tsc msr pae mce cx8 apic sep mtrr pge mca cmov pat pse36 clflush dts acpi mmx fxsr sse sse2 ss ht tm pbe syscall nx pdpe1gb rdtscp lm constant_tsc arch_perfmon pebs bts rep_good nopl xtopology nonstop_tsc aperfmperf eagerfpu pni pclmulqdq dtes64 monitor ds_cpl vmx est tm2 ssse3 sdbg fma cx16 xtpr pdcm pcid sse4_1 sse4_2 movbe popcnt tsc_deadline_timer aes xsave avx f16c rdrand lahf_lm abm epb tpr_shadow vnmi flexpriority ept vpid fsgsbase tsc_adjust bmi1 avx2 smep bmi2 erms invpcid xsaveopt dtherm ida arat pln pts
bugs		:
bogomips	: 4788.68
clflush size	: 64
cache_alignment	: 64
address sizes	: 39 bits physical, 48 bits virtual
power management:



Memory: 4k page, physical 8105560k(111080k free), swap 0k(0k free)

vm_info: Java HotSpot(TM) 64-Bit Server VM (25.91-b14) for linux-amd64 JRE (1.8.0_91-b14), built on Apr  1 2016 00:57:21 by "java_re" with gcc 4.3.0 20080428 (Red Hat 4.3.0-8)

time: Tue May  3 02:04:26 2016
elapsed time: 20 seconds (0d 0h 0m 20s)

