#
# There is insufficient memory for the Java Runtime Environment to continue.
# Native memory allocation (mmap) failed to map 169869312 bytes for committing reserved memory.
# Possible reasons:
#   The system is out of physical RAM or swap space
#   In 32 bit mode, the process size limit was hit
# Possible solutions:
#   Reduce memory load on the system
#   Increase physical memory or swap space
#   Check if swap backing store is full
#   Use 64 bit Java on a 64 bit OS
#   Decrease Java heap size (-Xmx/-Xms)
#   Decrease number of Java threads
#   Decrease Java thread stack sizes (-Xss)
#   Set larger code cache with -XX:ReservedCodeCacheSize=
# This output file may be truncated or incomplete.
#
#  Out of Memory Error (os_linux.cpp:2627), pid=18772, tid=140549862127360
#
# JRE version: Java(TM) SE Runtime Environment (8.0_91-b14) (build 1.8.0_91-b14)
# Java VM: Java HotSpot(TM) 64-Bit Server VM (25.91-b14 mixed mode linux-amd64 compressed oops)
# Failed to write core dump. Core dumps have been disabled. To enable core dumping, try "ulimit -c unlimited" before starting Java again
#

---------------  T H R E A D  ---------------

Current thread (0x00007fd464080000):  VMThread [stack: 0x00007fd4508af000,0x00007fd4509b0000] [id=18803]

Stack: [0x00007fd4508af000,0x00007fd4509b0000],  sp=0x00007fd4509ae120,  free space=1020k
Native frames: (J=compiled Java code, j=interpreted, Vv=VM code, C=native code)
V  [libjvm.so+0xabc18a]  VMError::report_and_die()+0x2ba
V  [libjvm.so+0x4fafeb]  report_vm_out_of_memory(char const*, int, unsigned long, VMErrorType, char const*)+0x8b
V  [libjvm.so+0x91cbb3]  os::Linux::commit_memory_impl(char*, unsigned long, bool)+0x103
V  [libjvm.so+0x91d109]  os::pd_commit_memory(char*, unsigned long, unsigned long, bool)+0x29
V  [libjvm.so+0x91740a]  os::commit_memory(char*, unsigned long, unsigned long, bool)+0x2a
V  [libjvm.so+0x98b033]  PSVirtualSpace::expand_by(unsigned long)+0x53
V  [libjvm.so+0x98c438]  PSYoungGen::resize_generation(unsigned long, unsigned long)+0xf8
V  [libjvm.so+0x98b592]  PSYoungGen::resize(unsigned long, unsigned long)+0x22
V  [libjvm.so+0x98886b]  PSScavenge::invoke_no_policy()+0xf3b
V  [libjvm.so+0x988ff1]  PSScavenge::invoke()+0x41
V  [libjvm.so+0x9408b0]  ParallelScavengeHeap::failed_mem_allocate(unsigned long)+0x70
V  [libjvm.so+0xabdba7]  VM_ParallelGCFailedAllocation::doit()+0x97
V  [libjvm.so+0xac55d5]  VM_Operation::evaluate()+0x55
V  [libjvm.so+0xac39aa]  VMThread::evaluate_operation(VM_Operation*)+0xba
V  [libjvm.so+0xac3d2e]  VMThread::loop()+0x1ce
V  [libjvm.so+0xac41a0]  VMThread::run()+0x70
V  [libjvm.so+0x91ef78]  java_start(Thread*)+0x108

VM_Operation (0x00007fd42b139690): ParallelGCFailedAllocation, mode: safepoint, requested by thread 0x00007fd464152800


---------------  P R O C E S S  ---------------

Java Threads: ( => current thread )
  0x00007fd464152800 JavaThread "pool-2-thread-4" [_thread_blocked, id=18853, stack(0x00007fd42b03b000,0x00007fd42b13c000)]
  0x00007fd464151000 JavaThread "pool-2-thread-3" [_thread_blocked, id=18852, stack(0x00007fd42b13c000,0x00007fd42b23d000)]
  0x00007fd464150000 JavaThread "pool-2-thread-2" [_thread_blocked, id=18850, stack(0x00007fd42b23d000,0x00007fd42b33e000)]
  0x00007fd464144800 JavaThread "pool-3-thread-1" [_thread_blocked, id=18848, stack(0x00007fd42b33e000,0x00007fd42b43f000)]
  0x00007fd464142000 JavaThread "pool-2-thread-1" [_thread_blocked, id=18843, stack(0x00007fd42b43f000,0x00007fd42b540000)]
  0x00007fd4640ca000 JavaThread "Service Thread" daemon [_thread_blocked, id=18819, stack(0x00007fd4500a7000,0x00007fd4501a8000)]
  0x00007fd4640c7000 JavaThread "C1 CompilerThread3" daemon [_thread_blocked, id=18818, stack(0x00007fd4501a8000,0x00007fd4502a9000)]
  0x00007fd4640c5000 JavaThread "C2 CompilerThread2" daemon [_thread_blocked, id=18817, stack(0x00007fd4502a9000,0x00007fd4503aa000)]
  0x00007fd4640c3800 JavaThread "C2 CompilerThread1" daemon [_thread_blocked, id=18816, stack(0x00007fd4503aa000,0x00007fd4504ab000)]
  0x00007fd4640c0800 JavaThread "C2 CompilerThread0" daemon [_thread_blocked, id=18815, stack(0x00007fd4504ab000,0x00007fd4505ac000)]
  0x00007fd4640bf000 JavaThread "Signal Dispatcher" daemon [_thread_blocked, id=18814, stack(0x00007fd4505ac000,0x00007fd4506ad000)]
  0x00007fd46408c000 JavaThread "Finalizer" daemon [_thread_blocked, id=18812, stack(0x00007fd4506ad000,0x00007fd4507ae000)]
  0x00007fd464087800 JavaThread "Reference Handler" daemon [_thread_blocked, id=18810, stack(0x00007fd4507ae000,0x00007fd4508af000)]
  0x00007fd46400a000 JavaThread "main" [_thread_blocked, id=18778, stack(0x00007fd46c015000,0x00007fd46c116000)]

Other Threads:
=>0x00007fd464080000 VMThread [stack: 0x00007fd4508af000,0x00007fd4509b0000] [id=18803]
  0x00007fd4640cd000 WatcherThread [stack: 0x00007fd42b540000,0x00007fd42b641000] [id=18820]

VM state:at safepoint (normal execution)

VM Mutex/Monitor currently owned by a thread:  ([mutex/lock_event])
[0x00007fd4640064f0] Threads_lock - owner thread: 0x00007fd464080000
[0x00007fd4640069f0] Heap_lock - owner thread: 0x00007fd464152800

Heap:
 PSYoungGen      total 132096K, used 5107K [0x00000000eab00000, 0x00000000f3100000, 0x0000000100000000)
  eden space 126976K, 0% used [0x00000000eab00000,0x00000000eab00000,0x00000000f2700000)
  from space 5120K, 99% used [0x00000000f2700000,0x00000000f2bfcfc8,0x00000000f2c00000)
  to   space 5120K, 0% used [0x00000000f2c00000,0x00000000f2c00000,0x00000000f3100000)
 ParOldGen       total 84992K, used 40678K [0x00000000c0000000, 0x00000000c5300000, 0x00000000eab00000)
  object space 84992K, 47% used [0x00000000c0000000,0x00000000c27b9800,0x00000000c5300000)
 Metaspace       used 6385K, capacity 7192K, committed 7424K, reserved 1056768K
  class space    used 614K, capacity 656K, committed 768K, reserved 1048576K

Card table byte_map: [0x00007fd468bc6000,0x00007fd468dc7000] byte_map_base: 0x00007fd4685c6000

Marking Bits: (ParMarkBitMap*) 0x00007fd46b4e4d60
 Begin Bits: [0x00007fd453000000, 0x00007fd454000000)
 End Bits:   [0x00007fd454000000, 0x00007fd455000000)

Polling page: 0x00007fd46c133000

CodeCache: size=245760Kb used=9306Kb max_used=9318Kb free=236453Kb
 bounds [0x00007fd455000000, 0x00007fd455930000, 0x00007fd464000000]
 total_blobs=2330 nmethods=2061 adapters=182
 compilation: enabled

Compilation events (10 events):
Event: 8.905 Thread 0x00007fd4640c0800 nmethod 2333% 0x00007fd455914250 code [0x00007fd4559145a0, 0x00007fd455916738]
Event: 8.905 Thread 0x00007fd4640c0800 2348       4       com.android.dx.ssa.SCCP::setLatticeValueTo (67 bytes)
Event: 8.907 Thread 0x00007fd4640c0800 nmethod 2348 0x00007fd4558b3750 code [0x00007fd4558b38c0, 0x00007fd4558b3af8]
Event: 8.907 Thread 0x00007fd4640c0800 2331 %     4       com.android.dx.ssa.DeadCodeRemover::pruneDeadInstructions @ 26 (246 bytes)
Event: 8.916 Thread 0x00007fd4640c3800 nmethod 2347% 0x00007fd4559191d0 code [0x00007fd455919680, 0x00007fd45591b3a8]
Event: 9.040 Thread 0x00007fd4640c0800 nmethod 2331% 0x00007fd455911050 code [0x00007fd455911200, 0x00007fd455911748]
Event: 9.041 Thread 0x00007fd4640c5000 nmethod 2329 0x00007fd45591e510 code [0x00007fd45591e9e0, 0x00007fd4559207e0]
Event: 9.089 Thread 0x00007fd4640c3800 2353 %     4       java.util.HashMap::resize @ 238 (359 bytes)
Event: 9.089 Thread 0x00007fd4640c0800 2354       4       com.android.dx.ssa.SCCP::<init> (142 bytes)
Event: 9.102 Thread 0x00007fd4640c3800 nmethod 2353% 0x00007fd455913510 code [0x00007fd4559136a0, 0x00007fd455913db8]

GC Heap History (9 events):
Event: 1.467 GC heap before
{Heap before GC invocations=1 (full 0):
 PSYoungGen      total 36864K, used 31744K [0x00000000eab00000, 0x00000000ed400000, 0x0000000100000000)
  eden space 31744K, 100% used [0x00000000eab00000,0x00000000eca00000,0x00000000eca00000)
  from space 5120K, 0% used [0x00000000ecf00000,0x00000000ecf00000,0x00000000ed400000)
  to   space 5120K, 0% used [0x00000000eca00000,0x00000000eca00000,0x00000000ecf00000)
 ParOldGen       total 84992K, used 0K [0x00000000c0000000, 0x00000000c5300000, 0x00000000eab00000)
  object space 84992K, 0% used [0x00000000c0000000,0x00000000c0000000,0x00000000c5300000)
 Metaspace       used 5814K, capacity 6832K, committed 7040K, reserved 1056768K
  class space    used 593K, capacity 616K, committed 640K, reserved 1048576K
Event: 1.506 GC heap after
Heap after GC invocations=1 (full 0):
 PSYoungGen      total 36864K, used 5097K [0x00000000eab00000, 0x00000000ef300000, 0x0000000100000000)
  eden space 31744K, 0% used [0x00000000eab00000,0x00000000eab00000,0x00000000eca00000)
  from space 5120K, 99% used [0x00000000eca00000,0x00000000ecefa458,0x00000000ecf00000)
  to   space 5120K, 0% used [0x00000000eee00000,0x00000000eee00000,0x00000000ef300000)
 ParOldGen       total 84992K, used 1070K [0x00000000c0000000, 0x00000000c5300000, 0x00000000eab00000)
  object space 84992K, 1% used [0x00000000c0000000,0x00000000c010ba50,0x00000000c5300000)
 Metaspace       used 5814K, capacity 6832K, committed 7040K, reserved 1056768K
  class space    used 593K, capacity 616K, committed 640K, reserved 1048576K
}
Event: 2.339 GC heap before
{Heap before GC invocations=2 (full 0):
 PSYoungGen      total 36864K, used 36841K [0x00000000eab00000, 0x00000000ef300000, 0x0000000100000000)
  eden space 31744K, 100% used [0x00000000eab00000,0x00000000eca00000,0x00000000eca00000)
  from space 5120K, 99% used [0x00000000eca00000,0x00000000ecefa458,0x00000000ecf00000)
  to   space 5120K, 0% used [0x00000000eee00000,0x00000000eee00000,0x00000000ef300000)
 ParOldGen       total 84992K, used 1070K [0x00000000c0000000, 0x00000000c5300000, 0x00000000eab00000)
  object space 84992K, 1% used [0x00000000c0000000,0x00000000c010ba50,0x00000000c5300000)
 Metaspace       used 5963K, capacity 6960K, committed 7040K, reserved 1056768K
  class space    used 593K, capacity 616K, committed 640K, reserved 1048576K
Event: 2.362 GC heap after
Heap after GC invocations=2 (full 0):
 PSYoungGen      total 68608K, used 5106K [0x00000000eab00000, 0x00000000ef300000, 0x0000000100000000)
  eden space 63488K, 0% used [0x00000000eab00000,0x00000000eab00000,0x00000000ee900000)
  from space 5120K, 99% used [0x00000000eee00000,0x00000000ef2fcbb8,0x00000000ef300000)
  to   space 5120K, 0% used [0x00000000ee900000,0x00000000ee900000,0x00000000eee00000)
 ParOldGen       total 84992K, used 4859K [0x00000000c0000000, 0x00000000c5300000, 0x00000000eab00000)
  object space 84992K, 5% used [0x00000000c0000000,0x00000000c04beff0,0x00000000c5300000)
 Metaspace       used 5963K, capacity 6960K, committed 7040K, reserved 1056768K
  class space    used 593K, capacity 616K, committed 640K, reserved 1048576K
}
Event: 2.994 GC heap before
{Heap before GC invocations=3 (full 0):
 PSYoungGen      total 68608K, used 68594K [0x00000000eab00000, 0x00000000ef300000, 0x0000000100000000)
  eden space 63488K, 100% used [0x00000000eab00000,0x00000000ee900000,0x00000000ee900000)
  from space 5120K, 99% used [0x00000000eee00000,0x00000000ef2fcbb8,0x00000000ef300000)
  to   space 5120K, 0% used [0x00000000ee900000,0x00000000ee900000,0x00000000eee00000)
 ParOldGen       total 84992K, used 4859K [0x00000000c0000000, 0x00000000c5300000, 0x00000000eab00000)
  object space 84992K, 5% used [0x00000000c0000000,0x00000000c04beff0,0x00000000c5300000)
 Metaspace       used 6109K, capacity 7000K, committed 7168K, reserved 1056768K
  class space    used 614K, capacity 656K, committed 768K, reserved 1048576K
Event: 3.047 GC heap after
Heap after GC invocations=3 (full 0):
 PSYoungGen      total 68608K, used 5106K [0x00000000eab00000, 0x00000000f3100000, 0x0000000100000000)
  eden space 63488K, 0% used [0x00000000eab00000,0x00000000eab00000,0x00000000ee900000)
  from space 5120K, 99% used [0x00000000ee900000,0x00000000eedfcb40,0x00000000eee00000)
  to   space 5120K, 0% used [0x00000000f2c00000,0x00000000f2c00000,0x00000000f3100000)
 ParOldGen       total 84992K, used 14288K [0x00000000c0000000, 0x00000000c5300000, 0x00000000eab00000)
  object space 84992K, 16% used [0x00000000c0000000,0x00000000c0df4098,0x00000000c5300000)
 Metaspace       used 6109K, capacity 7000K, committed 7168K, reserved 1056768K
  class space    used 614K, capacity 656K, committed 768K, reserved 1048576K
}
Event: 3.694 GC heap before
{Heap before GC invocations=4 (full 0):
 PSYoungGen      total 68608K, used 68594K [0x00000000eab00000, 0x00000000f3100000, 0x0000000100000000)
  eden space 63488K, 100% used [0x00000000eab00000,0x00000000ee900000,0x00000000ee900000)
  from space 5120K, 99% used [0x00000000ee900000,0x00000000eedfcb40,0x00000000eee00000)
  to   space 5120K, 0% used [0x00000000f2c00000,0x00000000f2c00000,0x00000000f3100000)
 ParOldGen       total 84992K, used 14288K [0x00000000c0000000, 0x00000000c5300000, 0x00000000eab00000)
  object space 84992K, 16% used [0x00000000c0000000,0x00000000c0df4098,0x00000000c5300000)
 Metaspace       used 6185K, capacity 7064K, committed 7424K, reserved 1056768K
  class space    used 614K, capacity 656K, committed 768K, reserved 1048576K
Event: 3.792 GC heap after
Heap after GC invocations=4 (full 0):
 PSYoungGen      total 132096K, used 5098K [0x00000000eab00000, 0x00000000f3100000, 0x0000000100000000)
  eden space 126976K, 0% used [0x00000000eab00000,0x00000000eab00000,0x00000000f2700000)
  from space 5120K, 99% used [0x00000000f2c00000,0x00000000f30fa820,0x00000000f3100000)
  to   space 5120K, 0% used [0x00000000f2700000,0x00000000f2700000,0x00000000f2c00000)
 ParOldGen       total 84992K, used 23225K [0x00000000c0000000, 0x00000000c5300000, 0x00000000eab00000)
  object space 84992K, 27% used [0x00000000c0000000,0x00000000c16ae6e8,0x00000000c5300000)
 Metaspace       used 6185K, capacity 7064K, committed 7424K, reserved 1056768K
  class space    used 614K, capacity 656K, committed 768K, reserved 1048576K
}
Event: 9.882 GC heap before
{Heap before GC invocations=5 (full 0):
 PSYoungGen      total 132096K, used 132074K [0x00000000eab00000, 0x00000000f3100000, 0x0000000100000000)
  eden space 126976K, 100% used [0x00000000eab00000,0x00000000f2700000,0x00000000f2700000)
  from space 5120K, 99% used [0x00000000f2c00000,0x00000000f30fa820,0x00000000f3100000)
  to   space 5120K, 0% used [0x00000000f2700000,0x00000000f2700000,0x00000000f2c00000)
 ParOldGen       total 84992K, used 23225K [0x00000000c0000000, 0x00000000c5300000, 0x00000000eab00000)
  object space 84992K, 27% used [0x00000000c0000000,0x00000000c16ae6e8,0x00000000c5300000)
 Metaspace       used 6385K, capacity 7192K, committed 7424K, reserved 1056768K
  class space    used 614K, capacity 656K, committed 768K, reserved 1048576K

Deoptimization events (10 events):
Event: 5.080 Thread 0x00007fd464151000 Uncommon trap: reason=unstable_if action=reinterpret pc=0x00007fd45573568c method=com.android.dx.ssa.InterferenceRegisterMapper.interferes(III)Z @ 35
Event: 5.105 Thread 0x00007fd464151000 Uncommon trap: reason=class_check action=maybe_recompile pc=0x00007fd4556ef080 method=com.android.dx.rop.code.RegisterSpec.withSimpleType()Lcom/android/dx/rop/code/RegisterSpec; @ 21
Event: 5.109 Thread 0x00007fd464151000 Uncommon trap: reason=class_check action=maybe_recompile pc=0x00007fd4556ef080 method=com.android.dx.rop.code.RegisterSpec.withSimpleType()Lcom/android/dx/rop/code/RegisterSpec; @ 21
Event: 5.113 Thread 0x00007fd464151000 Uncommon trap: reason=class_check action=maybe_recompile pc=0x00007fd4556ef080 method=com.android.dx.rop.code.RegisterSpec.withSimpleType()Lcom/android/dx/rop/code/RegisterSpec; @ 21
Event: 5.116 Thread 0x00007fd464151000 Uncommon trap: reason=class_check action=maybe_recompile pc=0x00007fd4556ef080 method=com.android.dx.rop.code.RegisterSpec.withSimpleType()Lcom/android/dx/rop/code/RegisterSpec; @ 21
Event: 5.623 Thread 0x00007fd464142000 Uncommon trap: reason=unstable_if action=reinterpret pc=0x00007fd45560010c method=com.android.dx.ssa.SCCP.simulateBranch(Lcom/android/dx/ssa/SsaInsn;)V @ 548
Event: 6.255 Thread 0x00007fd464151000 Uncommon trap: reason=bimorphic action=maybe_recompile pc=0x00007fd4557e9e44 method=com.android.dx.ssa.NormalSsaInsn.accept(Lcom/android/dx/ssa/SsaInsn$Visitor;)V @ 9
Event: 6.255 Thread 0x00007fd464151000 Uncommon trap: reason=bimorphic action=maybe_recompile pc=0x00007fd4557e9e44 method=com.android.dx.ssa.NormalSsaInsn.accept(Lcom/android/dx/ssa/SsaInsn$Visitor;)V @ 9
Event: 6.255 Thread 0x00007fd464151000 Uncommon trap: reason=bimorphic action=maybe_recompile pc=0x00007fd4557e9e44 method=com.android.dx.ssa.NormalSsaInsn.accept(Lcom/android/dx/ssa/SsaInsn$Visitor;)V @ 9
Event: 6.255 Thread 0x00007fd464151000 Uncommon trap: reason=bimorphic action=maybe_recompile pc=0x00007fd4557e9e44 method=com.android.dx.ssa.NormalSsaInsn.accept(Lcom/android/dx/ssa/SsaInsn$Visitor;)V @ 9

Internal exceptions (5 events):
Event: 0.100 Thread 0x00007fd46400a000 Exception <a 'java/lang/NoSuchMethodError': Method sun.misc.Unsafe.defineClass(Ljava/lang/String;[BII)Ljava/lang/Class; name or signature does not match> (0x00000000eab07cc0) thrown at [/HUDSON/workspace/8-2-build-linux-amd64/jdk8u91/6644/hotspot/src/shar
Event: 0.100 Thread 0x00007fd46400a000 Exception <a 'java/lang/NoSuchMethodError': Method sun.misc.Unsafe.prefetchRead(Ljava/lang/Object;J)V name or signature does not match> (0x00000000eab07fa8) thrown at [/HUDSON/workspace/8-2-build-linux-amd64/jdk8u91/6644/hotspot/src/share/vm/prims/jni.cpp
Event: 2.827 Thread 0x00007fd46400a000 Exception <a 'java/lang/ArrayIndexOutOfBoundsException': 18> (0x00000000ed926388) thrown at [/HUDSON/workspace/8-2-build-linux-amd64/jdk8u91/6644/hotspot/src/share/vm/interpreter/interpreterRuntime.cpp, line 366]
Event: 2.827 Thread 0x00007fd46400a000 Exception <a 'java/lang/ArrayIndexOutOfBoundsException': 145> (0x00000000ed927f08) thrown at [/HUDSON/workspace/8-2-build-linux-amd64/jdk8u91/6644/hotspot/src/share/vm/interpreter/interpreterRuntime.cpp, line 366]
Event: 2.828 Thread 0x00007fd46400a000 Exception <a 'java/lang/ArrayIndexOutOfBoundsException': 40> (0x00000000ed9291f0) thrown at [/HUDSON/workspace/8-2-build-linux-amd64/jdk8u91/6644/hotspot/src/share/vm/interpreter/interpreterRuntime.cpp, line 366]

Events (10 events):
Event: 6.255 Thread 0x00007fd464151000 DEOPT UNPACKING pc=0x00007fd455005229 sp=0x00007fd42b23ab60 mode 2
Event: 6.255 Thread 0x00007fd464151000 Uncommon trap: trap_request=0xffffffc6 fr.pc=0x00007fd4557e9e44
Event: 6.255 Thread 0x00007fd464151000 DEOPT PACKING pc=0x00007fd4557e9e44 sp=0x00007fd42b23aeb0
Event: 6.255 Thread 0x00007fd464151000 DEOPT UNPACKING pc=0x00007fd455005229 sp=0x00007fd42b23ae40 mode 2
Event: 6.255 Thread 0x00007fd464151000 Uncommon trap: trap_request=0xffffffc6 fr.pc=0x00007fd4557e9e44
Event: 6.255 Thread 0x00007fd464151000 DEOPT PACKING pc=0x00007fd4557e9e44 sp=0x00007fd42b23afb0
Event: 6.255 Thread 0x00007fd464151000 DEOPT UNPACKING pc=0x00007fd455005229 sp=0x00007fd42b23af40 mode 2
Event: 6.256 Thread 0x00007fd464151000 DEOPT PACKING pc=0x00007fd455406e2c sp=0x00007fd42b23b120
Event: 6.256 Thread 0x00007fd464151000 DEOPT UNPACKING pc=0x00007fd455047633 sp=0x00007fd42b23ae20 mode 0
Event: 9.271 Executing VM operation: ParallelGCFailedAllocation


Dynamic libraries:
00400000-00401000 r-xp 00000000 08:09 3281753                            /usr/java/jdk1.8.0_91/bin/java
00600000-00601000 rw-p 00000000 08:09 3281753                            /usr/java/jdk1.8.0_91/bin/java
016cb000-016ec000 rw-p 00000000 00:00 0                                  [heap]
c0000000-c5300000 rw-p 00000000 00:00 0 
c5300000-eab00000 ---p 00000000 00:00 0 
eab00000-f3100000 rw-p 00000000 00:00 0 
fd300000-100000000 ---p 00000000 00:00 0 
100000000-1000c0000 rw-p 00000000 00:00 0 
1000c0000-140000000 ---p 00000000 00:00 0 
7fd3f0000000-7fd3f0021000 rw-p 00000000 00:00 0 
7fd3f0021000-7fd3f4000000 ---p 00000000 00:00 0 
7fd3f4000000-7fd3f4025000 rw-p 00000000 00:00 0 
7fd3f4025000-7fd3f8000000 ---p 00000000 00:00 0 
7fd3f8000000-7fd3f8021000 rw-p 00000000 00:00 0 
7fd3f8021000-7fd3fc000000 ---p 00000000 00:00 0 
7fd3fc000000-7fd3fc021000 rw-p 00000000 00:00 0 
7fd3fc021000-7fd400000000 ---p 00000000 00:00 0 
7fd400000000-7fd400021000 rw-p 00000000 00:00 0 
7fd400021000-7fd404000000 ---p 00000000 00:00 0 
7fd404000000-7fd404033000 rw-p 00000000 00:00 0 
7fd404033000-7fd408000000 ---p 00000000 00:00 0 
7fd408000000-7fd4087e1000 rw-p 00000000 00:00 0 
7fd4087e1000-7fd40c000000 ---p 00000000 00:00 0 
7fd40c000000-7fd40c021000 rw-p 00000000 00:00 0 
7fd40c021000-7fd410000000 ---p 00000000 00:00 0 
7fd410000000-7fd411503000 rw-p 00000000 00:00 0 
7fd411503000-7fd414000000 ---p 00000000 00:00 0 
7fd414000000-7fd415922000 rw-p 00000000 00:00 0 
7fd415922000-7fd418000000 ---p 00000000 00:00 0 
7fd418000000-7fd418021000 rw-p 00000000 00:00 0 
7fd418021000-7fd41c000000 ---p 00000000 00:00 0 
7fd41c000000-7fd41d29e000 rw-p 00000000 00:00 0 
7fd41d29e000-7fd420000000 ---p 00000000 00:00 0 
7fd420000000-7fd420021000 rw-p 00000000 00:00 0 
7fd420021000-7fd424000000 ---p 00000000 00:00 0 
7fd424000000-7fd424021000 rw-p 00000000 00:00 0 
7fd424021000-7fd428000000 ---p 00000000 00:00 0 
7fd42b03b000-7fd42b03e000 ---p 00000000 00:00 0 
7fd42b03e000-7fd42b13c000 rw-p 00000000 00:00 0 
7fd42b13c000-7fd42b13f000 ---p 00000000 00:00 0 
7fd42b13f000-7fd42b23d000 rw-p 00000000 00:00 0 
7fd42b23d000-7fd42b240000 ---p 00000000 00:00 0 
7fd42b240000-7fd42b33e000 rw-p 00000000 00:00 0 
7fd42b33e000-7fd42b341000 ---p 00000000 00:00 0 
7fd42b341000-7fd42b43f000 rw-p 00000000 00:00 0 
7fd42b43f000-7fd42b442000 ---p 00000000 00:00 0 
7fd42b442000-7fd42b540000 rw-p 00000000 00:00 0 
7fd42b540000-7fd42b541000 ---p 00000000 00:00 0 
7fd42b541000-7fd42b641000 rw-p 00000000 00:00 0 
7fd42b641000-7fd42c000000 r--p 00000000 08:09 1318033                    /usr/lib/locale/locale-archive
7fd42c000000-7fd42c021000 rw-p 00000000 00:00 0 
7fd42c021000-7fd430000000 ---p 00000000 00:00 0 
7fd430000000-7fd43028d000 rw-p 00000000 00:00 0 
7fd43028d000-7fd434000000 ---p 00000000 00:00 0 
7fd434000000-7fd434021000 rw-p 00000000 00:00 0 
7fd434021000-7fd438000000 ---p 00000000 00:00 0 
7fd438000000-7fd438021000 rw-p 00000000 00:00 0 
7fd438021000-7fd43c000000 ---p 00000000 00:00 0 
7fd43c000000-7fd43c021000 rw-p 00000000 00:00 0 
7fd43c021000-7fd440000000 ---p 00000000 00:00 0 
7fd440000000-7fd440021000 rw-p 00000000 00:00 0 
7fd440021000-7fd444000000 ---p 00000000 00:00 0 
7fd444000000-7fd444021000 rw-p 00000000 00:00 0 
7fd444021000-7fd448000000 ---p 00000000 00:00 0 
7fd448000000-7fd448021000 rw-p 00000000 00:00 0 
7fd448021000-7fd44c000000 ---p 00000000 00:00 0 
7fd44c000000-7fd44c021000 rw-p 00000000 00:00 0 
7fd44c021000-7fd450000000 ---p 00000000 00:00 0 
7fd4500a7000-7fd4500aa000 ---p 00000000 00:00 0 
7fd4500aa000-7fd4501a8000 rw-p 00000000 00:00 0 
7fd4501a8000-7fd4501ab000 ---p 00000000 00:00 0 
7fd4501ab000-7fd4502a9000 rw-p 00000000 00:00 0 
7fd4502a9000-7fd4502ac000 ---p 00000000 00:00 0 
7fd4502ac000-7fd4503aa000 rw-p 00000000 00:00 0 
7fd4503aa000-7fd4503ad000 ---p 00000000 00:00 0 
7fd4503ad000-7fd4504ab000 rw-p 00000000 00:00 0 
7fd4504ab000-7fd4504ae000 ---p 00000000 00:00 0 
7fd4504ae000-7fd4505ac000 rw-p 00000000 00:00 0 
7fd4505ac000-7fd4505af000 ---p 00000000 00:00 0 
7fd4505af000-7fd4506ad000 rw-p 00000000 00:00 0 
7fd4506ad000-7fd4506b0000 ---p 00000000 00:00 0 
7fd4506b0000-7fd4507ae000 rw-p 00000000 00:00 0 
7fd4507ae000-7fd4507b1000 ---p 00000000 00:00 0 
7fd4507b1000-7fd4508af000 rw-p 00000000 00:00 0 
7fd4508af000-7fd4508b0000 ---p 00000000 00:00 0 
7fd4508b0000-7fd4525b2000 rw-p 00000000 00:00 0 
7fd4525b2000-7fd45278a000 r--s 03cd8000 08:09 3279665                    /usr/java/jdk1.8.0_91/jre/lib/rt.jar
7fd45278a000-7fd452e80000 rw-p 00000000 00:00 0 
7fd452e80000-7fd453000000 ---p 00000000 00:00 0 
7fd453000000-7fd455000000 rw-p 00000000 00:00 0 
7fd455000000-7fd455930000 rwxp 00000000 00:00 0 
7fd455930000-7fd464000000 ---p 00000000 00:00 0 
7fd464000000-7fd46439a000 rw-p 00000000 00:00 0 
7fd46439a000-7fd468000000 ---p 00000000 00:00 0 
7fd46800f000-7fd468019000 r--s 0008b000 08:09 4198218                    /home/kittuov/AndroidStudioProjects/TapQuick/app/build/intermediates/exploded-aar/com.android.support/appcompat-v7/23.3.0/jars/classes.jar
7fd468019000-7fd468268000 rw-p 00000000 00:00 0 
7fd468268000-7fd468269000 ---p 00000000 00:00 0 
7fd468269000-7fd468369000 rw-p 00000000 00:00 0 
7fd468369000-7fd46836a000 ---p 00000000 00:00 0 
7fd46836a000-7fd46846a000 rw-p 00000000 00:00 0 
7fd46846a000-7fd46846b000 ---p 00000000 00:00 0 
7fd46846b000-7fd46856b000 rw-p 00000000 00:00 0 
7fd46856b000-7fd46856c000 ---p 00000000 00:00 0 
7fd46856c000-7fd46866c000 rw-p 00000000 00:00 0 
7fd46866c000-7fd46866d000 ---p 00000000 00:00 0 
7fd46866d000-7fd46876d000 rw-p 00000000 00:00 0 
7fd46876d000-7fd46876e000 ---p 00000000 00:00 0 
7fd46876e000-7fd46886e000 rw-p 00000000 00:00 0 
7fd46886e000-7fd46886f000 ---p 00000000 00:00 0 
7fd46886f000-7fd46896f000 rw-p 00000000 00:00 0 
7fd46896f000-7fd468970000 ---p 00000000 00:00 0 
7fd468970000-7fd468a9a000 rw-p 00000000 00:00 0 
7fd468a9a000-7fd468bc6000 ---p 00000000 00:00 0 
7fd468bc6000-7fd468bf0000 rw-p 00000000 00:00 0 
7fd468bf0000-7fd468d1b000 ---p 00000000 00:00 0 
7fd468d1b000-7fd468d5f000 rw-p 00000000 00:00 0 
7fd468d5f000-7fd468dc6000 ---p 00000000 00:00 0 
7fd468dc6000-7fd468dec000 rw-p 00000000 00:00 0 
7fd468dec000-7fd469187000 ---p 00000000 00:00 0 
7fd469187000-7fd4691a1000 r-xp 00000000 08:09 3281597                    /usr/java/jdk1.8.0_91/jre/lib/amd64/libzip.so
7fd4691a1000-7fd4693a1000 ---p 0001a000 08:09 3281597                    /usr/java/jdk1.8.0_91/jre/lib/amd64/libzip.so
7fd4693a1000-7fd4693a2000 rw-p 0001a000 08:09 3281597                    /usr/java/jdk1.8.0_91/jre/lib/amd64/libzip.so
7fd4693a2000-7fd4693ad000 r-xp 00000000 08:09 3936861                    /lib/x86_64-linux-gnu/libnss_files-2.23.so
7fd4693ad000-7fd4695ac000 ---p 0000b000 08:09 3936861                    /lib/x86_64-linux-gnu/libnss_files-2.23.so
7fd4695ac000-7fd4695ad000 r--p 0000a000 08:09 3936861                    /lib/x86_64-linux-gnu/libnss_files-2.23.so
7fd4695ad000-7fd4695ae000 rw-p 0000b000 08:09 3936861                    /lib/x86_64-linux-gnu/libnss_files-2.23.so
7fd4695ae000-7fd4695b4000 rw-p 00000000 00:00 0 
7fd4695b4000-7fd4695bf000 r-xp 00000000 08:09 3936871                    /lib/x86_64-linux-gnu/libnss_nis-2.23.so
7fd4695bf000-7fd4697be000 ---p 0000b000 08:09 3936871                    /lib/x86_64-linux-gnu/libnss_nis-2.23.so
7fd4697be000-7fd4697bf000 r--p 0000a000 08:09 3936871                    /lib/x86_64-linux-gnu/libnss_nis-2.23.so
7fd4697bf000-7fd4697c0000 rw-p 0000b000 08:09 3936871                    /lib/x86_64-linux-gnu/libnss_nis-2.23.so
7fd4697c0000-7fd4697d6000 r-xp 00000000 08:09 3936855                    /lib/x86_64-linux-gnu/libnsl-2.23.so
7fd4697d6000-7fd4699d5000 ---p 00016000 08:09 3936855                    /lib/x86_64-linux-gnu/libnsl-2.23.so
7fd4699d5000-7fd4699d6000 r--p 00015000 08:09 3936855                    /lib/x86_64-linux-gnu/libnsl-2.23.so
7fd4699d6000-7fd4699d7000 rw-p 00016000 08:09 3936855                    /lib/x86_64-linux-gnu/libnsl-2.23.so
7fd4699d7000-7fd4699d9000 rw-p 00000000 00:00 0 
7fd4699d9000-7fd4699e1000 r-xp 00000000 08:09 3936857                    /lib/x86_64-linux-gnu/libnss_compat-2.23.so
7fd4699e1000-7fd469be0000 ---p 00008000 08:09 3936857                    /lib/x86_64-linux-gnu/libnss_compat-2.23.so
7fd469be0000-7fd469be1000 r--p 00007000 08:09 3936857                    /lib/x86_64-linux-gnu/libnss_compat-2.23.so
7fd469be1000-7fd469be2000 rw-p 00008000 08:09 3936857                    /lib/x86_64-linux-gnu/libnss_compat-2.23.so
7fd469be2000-7fd469c0c000 r-xp 00000000 08:09 3281634                    /usr/java/jdk1.8.0_91/jre/lib/amd64/libjava.so
7fd469c0c000-7fd469e0c000 ---p 0002a000 08:09 3281634                    /usr/java/jdk1.8.0_91/jre/lib/amd64/libjava.so
7fd469e0c000-7fd469e0e000 rw-p 0002a000 08:09 3281634                    /usr/java/jdk1.8.0_91/jre/lib/amd64/libjava.so
7fd469e0e000-7fd469e1b000 r-xp 00000000 08:09 3281631                    /usr/java/jdk1.8.0_91/jre/lib/amd64/libverify.so
7fd469e1b000-7fd46a01b000 ---p 0000d000 08:09 3281631                    /usr/java/jdk1.8.0_91/jre/lib/amd64/libverify.so
7fd46a01b000-7fd46a01d000 rw-p 0000d000 08:09 3281631                    /usr/java/jdk1.8.0_91/jre/lib/amd64/libverify.so
7fd46a01d000-7fd46a024000 r-xp 00000000 08:09 3936916                    /lib/x86_64-linux-gnu/librt-2.23.so
7fd46a024000-7fd46a223000 ---p 00007000 08:09 3936916                    /lib/x86_64-linux-gnu/librt-2.23.so
7fd46a223000-7fd46a224000 r--p 00006000 08:09 3936916                    /lib/x86_64-linux-gnu/librt-2.23.so
7fd46a224000-7fd46a225000 rw-p 00007000 08:09 3936916                    /lib/x86_64-linux-gnu/librt-2.23.so
7fd46a225000-7fd46a32d000 r-xp 00000000 08:09 3936832                    /lib/x86_64-linux-gnu/libm-2.23.so
7fd46a32d000-7fd46a52c000 ---p 00108000 08:09 3936832                    /lib/x86_64-linux-gnu/libm-2.23.so
7fd46a52c000-7fd46a52d000 r--p 00107000 08:09 3936832                    /lib/x86_64-linux-gnu/libm-2.23.so
7fd46a52d000-7fd46a52e000 rw-p 00108000 08:09 3936832                    /lib/x86_64-linux-gnu/libm-2.23.so
7fd46a52e000-7fd46b1ee000 r-xp 00000000 08:09 3281593                    /usr/java/jdk1.8.0_91/jre/lib/amd64/server/libjvm.so
7fd46b1ee000-7fd46b3ee000 ---p 00cc0000 08:09 3281593                    /usr/java/jdk1.8.0_91/jre/lib/amd64/server/libjvm.so
7fd46b3ee000-7fd46b4c6000 rw-p 00cc0000 08:09 3281593                    /usr/java/jdk1.8.0_91/jre/lib/amd64/server/libjvm.so
7fd46b4c6000-7fd46b511000 rw-p 00000000 00:00 0 
7fd46b511000-7fd46b6d1000 r-xp 00000000 08:09 3936762                    /lib/x86_64-linux-gnu/libc-2.23.so
7fd46b6d1000-7fd46b8d0000 ---p 001c0000 08:09 3936762                    /lib/x86_64-linux-gnu/libc-2.23.so
7fd46b8d0000-7fd46b8d4000 r--p 001bf000 08:09 3936762                    /lib/x86_64-linux-gnu/libc-2.23.so
7fd46b8d4000-7fd46b8d6000 rw-p 001c3000 08:09 3936762                    /lib/x86_64-linux-gnu/libc-2.23.so
7fd46b8d6000-7fd46b8da000 rw-p 00000000 00:00 0 
7fd46b8da000-7fd46b8dd000 r-xp 00000000 08:09 3936786                    /lib/x86_64-linux-gnu/libdl-2.23.so
7fd46b8dd000-7fd46badc000 ---p 00003000 08:09 3936786                    /lib/x86_64-linux-gnu/libdl-2.23.so
7fd46badc000-7fd46badd000 r--p 00002000 08:09 3936786                    /lib/x86_64-linux-gnu/libdl-2.23.so
7fd46badd000-7fd46bade000 rw-p 00003000 08:09 3936786                    /lib/x86_64-linux-gnu/libdl-2.23.so
7fd46bade000-7fd46baf3000 r-xp 00000000 08:09 3153660                    /usr/java/jdk1.8.0_91/lib/amd64/jli/libjli.so
7fd46baf3000-7fd46bcf3000 ---p 00015000 08:09 3153660                    /usr/java/jdk1.8.0_91/lib/amd64/jli/libjli.so
7fd46bcf3000-7fd46bcf4000 rw-p 00015000 08:09 3153660                    /usr/java/jdk1.8.0_91/lib/amd64/jli/libjli.so
7fd46bcf4000-7fd46bd0c000 r-xp 00000000 08:09 3936908                    /lib/x86_64-linux-gnu/libpthread-2.23.so
7fd46bd0c000-7fd46bf0b000 ---p 00018000 08:09 3936908                    /lib/x86_64-linux-gnu/libpthread-2.23.so
7fd46bf0b000-7fd46bf0c000 r--p 00017000 08:09 3936908                    /lib/x86_64-linux-gnu/libpthread-2.23.so
7fd46bf0c000-7fd46bf0d000 rw-p 00018000 08:09 3936908                    /lib/x86_64-linux-gnu/libpthread-2.23.so
7fd46bf0d000-7fd46bf11000 rw-p 00000000 00:00 0 
7fd46bf11000-7fd46bf37000 r-xp 00000000 08:09 3936734                    /lib/x86_64-linux-gnu/ld-2.23.so
7fd46bf3c000-7fd46c015000 rw-p 00000000 00:00 0 
7fd46c015000-7fd46c018000 ---p 00000000 00:00 0 
7fd46c018000-7fd46c11a000 rw-p 00000000 00:00 0 
7fd46c11b000-7fd46c12a000 r--s 000df000 08:09 4198036                    /home/kittuov/Android/Sdk/build-tools/23.0.3/lib/dx.jar
7fd46c12a000-7fd46c132000 rw-s 00000000 08:09 6422909                    /tmp/hsperfdata_kittuov/18772
7fd46c132000-7fd46c133000 rw-p 00000000 00:00 0 
7fd46c133000-7fd46c134000 ---p 00000000 00:00 0 
7fd46c134000-7fd46c136000 rw-p 00000000 00:00 0 
7fd46c136000-7fd46c137000 r--p 00025000 08:09 3936734                    /lib/x86_64-linux-gnu/ld-2.23.so
7fd46c137000-7fd46c138000 rw-p 00026000 08:09 3936734                    /lib/x86_64-linux-gnu/ld-2.23.so
7fd46c138000-7fd46c139000 rw-p 00000000 00:00 0 
7ffe72dc2000-7ffe72de3000 rw-p 00000000 00:00 0                          [stack]
7ffe72deb000-7ffe72ded000 r--p 00000000 00:00 0                          [vvar]
7ffe72ded000-7ffe72def000 r-xp 00000000 00:00 0                          [vdso]
ffffffffff600000-ffffffffff601000 r-xp 00000000 00:00 0                  [vsyscall]

VM Arguments:
jvm_args: -Djava.awt.headless=true -Xmx1024M -Dfile.encoding=UTF-8 -Duser.country=IN -Duser.language=en -Duser.variant 
java_command: com.android.dx.command.Main --dex --force-jumbo --num-threads=4 --multi-dex --output /home/kittuov/AndroidStudioProjects/TapQuick/app/build/intermediates/transforms/dex/debug/folders/1000/10/com.android.support-appcompat-v7-23.3.0_a7d1c5c7b4461b79e413cd962b862d344877c942 /home/kittuov/AndroidStudioProjects/TapQuick/app/build/intermediates/exploded-aar/com.android.support/appcompat-v7/23.3.0/jars/classes.jar
java_class_path (initial): /home/kittuov/Android/Sdk/build-tools/23.0.3/lib/dx.jar
Launcher Type: SUN_STANDARD

Environment Variables:
PATH=/usr/local/sbin:/usr/local/bin:/usr/sbin:/usr/bin:/sbin:/bin:/usr/games:/usr/local/games:/snap/bin
LD_LIBRARY_PATH=/home/kittuov/IDEs/android-studio/bin:
SHELL=/bin/bash
DISPLAY=:0

Signal Handlers:
SIGSEGV: [libjvm.so+0xabca10], sa_mask[0]=11111111011111111101111111111110, sa_flags=SA_RESTART|SA_SIGINFO
SIGBUS: [libjvm.so+0xabca10], sa_mask[0]=11111111011111111101111111111110, sa_flags=SA_RESTART|SA_SIGINFO
SIGFPE: [libjvm.so+0x919a20], sa_mask[0]=11111111011111111101111111111110, sa_flags=SA_RESTART|SA_SIGINFO
SIGPIPE: [libjvm.so+0x919a20], sa_mask[0]=11111111011111111101111111111110, sa_flags=SA_RESTART|SA_SIGINFO
SIGXFSZ: [libjvm.so+0x919a20], sa_mask[0]=11111111011111111101111111111110, sa_flags=SA_RESTART|SA_SIGINFO
SIGILL: [libjvm.so+0x919a20], sa_mask[0]=11111111011111111101111111111110, sa_flags=SA_RESTART|SA_SIGINFO
SIGUSR1: SIG_DFL, sa_mask[0]=00000000000000000000000000000000, sa_flags=none
SIGUSR2: [libjvm.so+0x91b050], sa_mask[0]=00100000000000000000000000000000, sa_flags=SA_RESTART|SA_SIGINFO
SIGHUP: [libjvm.so+0x91c450], sa_mask[0]=11111111011111111101111111111110, sa_flags=SA_RESTART|SA_SIGINFO
SIGINT: [libjvm.so+0x91c450], sa_mask[0]=11111111011111111101111111111110, sa_flags=SA_RESTART|SA_SIGINFO
SIGTERM: [libjvm.so+0x91c450], sa_mask[0]=11111111011111111101111111111110, sa_flags=SA_RESTART|SA_SIGINFO
SIGQUIT: [libjvm.so+0x91c450], sa_mask[0]=11111111011111111101111111111110, sa_flags=SA_RESTART|SA_SIGINFO


---------------  S Y S T E M  ---------------

OS:DISTRIB_ID=Ubuntu
DISTRIB_RELEASE=16.04
DISTRIB_CODENAME=xenial
DISTRIB_DESCRIPTION="Ubuntu 16.04 LTS"

uname:Linux 4.4.0-21-generic #37-Ubuntu SMP Mon Apr 18 18:33:37 UTC 2016 x86_64
libc:glibc 2.23 NPTL 2.23 
rlimit: STACK 8192k, CORE 0k, NPROC 31092, NOFILE 65536, AS infinity
load average:10.30 3.28 1.88

/proc/meminfo:
MemTotal:        8105560 kB
MemFree:          312528 kB
MemAvailable:     396060 kB
Buffers:            1844 kB
Cached:          1438712 kB
SwapCached:            0 kB
Active:          6275984 kB
Inactive:        1262032 kB
Active(anon):    6263592 kB
Inactive(anon):  1198156 kB
Active(file):      12392 kB
Inactive(file):    63876 kB
Unevictable:         176 kB
Mlocked:             176 kB
SwapTotal:             0 kB
SwapFree:              0 kB
Dirty:              1760 kB
Writeback:             0 kB
AnonPages:       6098436 kB
Mapped:           477164 kB
Shmem:           1363600 kB
Slab:             122256 kB
SReclaimable:      49648 kB
SUnreclaim:        72608 kB
KernelStack:       16896 kB
PageTables:        60020 kB
NFS_Unstable:          0 kB
Bounce:                0 kB
WritebackTmp:          0 kB
CommitLimit:     4052780 kB
Committed_AS:   13612636 kB
VmallocTotal:   34359738367 kB
VmallocUsed:           0 kB
VmallocChunk:          0 kB
HardwareCorrupted:     0 kB
AnonHugePages:   2955264 kB
CmaTotal:              0 kB
CmaFree:               0 kB
HugePages_Total:       0
HugePages_Free:        0
HugePages_Rsvd:        0
HugePages_Surp:        0
Hugepagesize:       2048 kB
DirectMap4k:      207360 kB
DirectMap2M:     7063552 kB
DirectMap1G:     2097152 kB


CPU:total 8 (4 cores per cpu, 2 threads per core) family 6 model 60 stepping 3, cmov, cx8, fxsr, mmx, sse, sse2, sse3, ssse3, sse4.1, sse4.2, popcnt, avx, avx2, aes, clmul, erms, lzcnt, ht, tsc, tscinvbit, bmi1, bmi2

/proc/cpuinfo:
processor	: 0
vendor_id	: GenuineIntel
cpu family	: 6
model		: 60
model name	: Intel(R) Core(TM) i7-4700MQ CPU @ 2.40GHz
stepping	: 3
microcode	: 0x1e
cpu MHz		: 2400.187
cache size	: 6144 KB
physical id	: 0
siblings	: 8
core id		: 0
cpu cores	: 4
apicid		: 0
initial apicid	: 0
fpu		: yes
fpu_exception	: yes
cpuid level	: 13
wp		: yes
flags		: fpu vme de pse tsc msr pae mce cx8 apic sep mtrr pge mca cmov pat pse36 clflush dts acpi mmx fxsr sse sse2 ss ht tm pbe syscall nx pdpe1gb rdtscp lm constant_tsc arch_perfmon pebs bts rep_good nopl xtopology nonstop_tsc aperfmperf eagerfpu pni pclmulqdq dtes64 monitor ds_cpl vmx est tm2 ssse3 sdbg fma cx16 xtpr pdcm pcid sse4_1 sse4_2 movbe popcnt tsc_deadline_timer aes xsave avx f16c rdrand lahf_lm abm epb tpr_shadow vnmi flexpriority ept vpid fsgsbase tsc_adjust bmi1 avx2 smep bmi2 erms invpcid xsaveopt dtherm ida arat pln pts
bugs		:
bogomips	: 4788.68
clflush size	: 64
cache_alignment	: 64
address sizes	: 39 bits physical, 48 bits virtual
power management:

processor	: 1
vendor_id	: GenuineIntel
cpu family	: 6
model		: 60
model name	: Intel(R) Core(TM) i7-4700MQ CPU @ 2.40GHz
stepping	: 3
microcode	: 0x1e
cpu MHz		: 2196.562
cache size	: 6144 KB
physical id	: 0
siblings	: 8
core id		: 0
cpu cores	: 4
apicid		: 1
initial apicid	: 1
fpu		: yes
fpu_exception	: yes
cpuid level	: 13
wp		: yes
flags		: fpu vme de pse tsc msr pae mce cx8 apic sep mtrr pge mca cmov pat pse36 clflush dts acpi mmx fxsr sse sse2 ss ht tm pbe syscall nx pdpe1gb rdtscp lm constant_tsc arch_perfmon pebs bts rep_good nopl xtopology nonstop_tsc aperfmperf eagerfpu pni pclmulqdq dtes64 monitor ds_cpl vmx est tm2 ssse3 sdbg fma cx16 xtpr pdcm pcid sse4_1 sse4_2 movbe popcnt tsc_deadline_timer aes xsave avx f16c rdrand lahf_lm abm epb tpr_shadow vnmi flexpriority ept vpid fsgsbase tsc_adjust bmi1 avx2 smep bmi2 erms invpcid xsaveopt dtherm ida arat pln pts
bugs		:
bogomips	: 4788.68
clflush size	: 64
cache_alignment	: 64
address sizes	: 39 bits physical, 48 bits virtual
power management:

processor	: 2
vendor_id	: GenuineIntel
cpu family	: 6
model		: 60
model name	: Intel(R) Core(TM) i7-4700MQ CPU @ 2.40GHz
stepping	: 3
microcode	: 0x1e
cpu MHz		: 2341.875
cache size	: 6144 KB
physical id	: 0
siblings	: 8
core id		: 1
cpu cores	: 4
apicid		: 2
initial apicid	: 2
fpu		: yes
fpu_exception	: yes
cpuid level	: 13
wp		: yes
flags		: fpu vme de pse tsc msr pae mce cx8 apic sep mtrr pge mca cmov pat pse36 clflush dts acpi mmx fxsr sse sse2 ss ht tm pbe syscall nx pdpe1gb rdtscp lm constant_tsc arch_perfmon pebs bts rep_good nopl xtopology nonstop_tsc aperfmperf eagerfpu pni pclmulqdq dtes64 monitor ds_cpl vmx est tm2 ssse3 sdbg fma cx16 xtpr pdcm pcid sse4_1 sse4_2 movbe popcnt tsc_deadline_timer aes xsave avx f16c rdrand lahf_lm abm epb tpr_shadow vnmi flexpriority ept vpid fsgsbase tsc_adjust bmi1 avx2 smep bmi2 erms invpcid xsaveopt dtherm ida arat pln pts
bugs		:
bogomips	: 4788.68
clflush size	: 64
cache_alignment	: 64
address sizes	: 39 bits physical, 48 bits virtual
power management:

processor	: 3
vendor_id	: GenuineIntel
cpu family	: 6
model		: 60
model name	: Intel(R) Core(TM) i7-4700MQ CPU @ 2.40GHz
stepping	: 3
microcode	: 0x1e
cpu MHz		: 2690.156
cache size	: 6144 KB
physical id	: 0
siblings	: 8
core id		: 1
cpu cores	: 4
apicid		: 3
initial apicid	: 3
fpu		: yes
fpu_exception	: yes
cpuid level	: 13
wp		: yes
flags		: fpu vme de pse tsc msr pae mce cx8 apic sep mtrr pge mca cmov pat pse36 clflush dts acpi mmx fxsr sse sse2 ss ht tm pbe syscall nx pdpe1gb rdtscp lm constant_tsc arch_perfmon pebs bts rep_good nopl xtopology nonstop_tsc aperfmperf eagerfpu pni pclmulqdq dtes64 monitor ds_cpl vmx est tm2 ssse3 sdbg fma cx16 xtpr pdcm pcid sse4_1 sse4_2 movbe popcnt tsc_deadline_timer aes xsave avx f16c rdrand lahf_lm abm epb tpr_shadow vnmi flexpriority ept vpid fsgsbase tsc_adjust bmi1 avx2 smep bmi2 erms invpcid xsaveopt dtherm ida arat pln pts
bugs		:
bogomips	: 4788.68
clflush size	: 64
cache_alignment	: 64
address sizes	: 39 bits physical, 48 bits virtual
power management:

processor	: 4
vendor_id	: GenuineIntel
cpu family	: 6
model		: 60
model name	: Intel(R) Core(TM) i7-4700MQ CPU @ 2.40GHz
stepping	: 3
microcode	: 0x1e
cpu MHz		: 2307.187
cache size	: 6144 KB
physical id	: 0
siblings	: 8
core id		: 2
cpu cores	: 4
apicid		: 4
initial apicid	: 4
fpu		: yes
fpu_exception	: yes
cpuid level	: 13
wp		: yes
flags		: fpu vme de pse tsc msr pae mce cx8 apic sep mtrr pge mca cmov pat pse36 clflush dts acpi mmx fxsr sse sse2 ss ht tm pbe syscall nx pdpe1gb rdtscp lm constant_tsc arch_perfmon pebs bts rep_good nopl xtopology nonstop_tsc aperfmperf eagerfpu pni pclmulqdq dtes64 monitor ds_cpl vmx est tm2 ssse3 sdbg fma cx16 xtpr pdcm pcid sse4_1 sse4_2 movbe popcnt tsc_deadline_timer aes xsave avx f16c rdrand lahf_lm abm epb tpr_shadow vnmi flexpriority ept vpid fsgsbase tsc_adjust bmi1 avx2 smep bmi2 erms invpcid xsaveopt dtherm ida arat pln pts
bugs		:
bogomips	: 4788.68
clflush size	: 64
cache_alignment	: 64
address sizes	: 39 bits physical, 48 bits virtual
power management:

processor	: 5
vendor_id	: GenuineIntel
cpu family	: 6
model		: 60
model name	: Intel(R) Core(TM) i7-4700MQ CPU @ 2.40GHz
stepping	: 3
microcode	: 0x1e
cpu MHz		: 2590.593
cache size	: 6144 KB
physical id	: 0
siblings	: 8
core id		: 2
cpu cores	: 4
apicid		: 5
initial apicid	: 5
fpu		: yes
fpu_exception	: yes
cpuid level	: 13
wp		: yes
flags		: fpu vme de pse tsc msr pae mce cx8 apic sep mtrr pge mca cmov pat pse36 clflush dts acpi mmx fxsr sse sse2 ss ht tm pbe syscall nx pdpe1gb rdtscp lm constant_tsc arch_perfmon pebs bts rep_good nopl xtopology nonstop_tsc aperfmperf eagerfpu pni pclmulqdq dtes64 monitor ds_cpl vmx est tm2 ssse3 sdbg fma cx16 xtpr pdcm pcid sse4_1 sse4_2 movbe popcnt tsc_deadline_timer aes xsave avx f16c rdrand lahf_lm abm epb tpr_shadow vnmi flexpriority ept vpid fsgsbase tsc_adjust bmi1 avx2 smep bmi2 erms invpcid xsaveopt dtherm ida arat pln pts
bugs		:
bogomips	: 4788.68
clflush size	: 64
cache_alignment	: 64
address sizes	: 39 bits physical, 48 bits virtual
power management:

processor	: 6
vendor_id	: GenuineIntel
cpu family	: 6
model		: 60
model name	: Intel(R) Core(TM) i7-4700MQ CPU @ 2.40GHz
stepping	: 3
microcode	: 0x1e
cpu MHz		: 2666.343
cache size	: 6144 KB
physical id	: 0
siblings	: 8
core id		: 3
cpu cores	: 4
apicid		: 6
initial apicid	: 6
fpu		: yes
fpu_exception	: yes
cpuid level	: 13
wp		: yes
flags		: fpu vme de pse tsc msr pae mce cx8 apic sep mtrr pge mca cmov pat pse36 clflush dts acpi mmx fxsr sse sse2 ss ht tm pbe syscall nx pdpe1gb rdtscp lm constant_tsc arch_perfmon pebs bts rep_good nopl xtopology nonstop_tsc aperfmperf eagerfpu pni pclmulqdq dtes64 monitor ds_cpl vmx est tm2 ssse3 sdbg fma cx16 xtpr pdcm pcid sse4_1 sse4_2 movbe popcnt tsc_deadline_timer aes xsave avx f16c rdrand lahf_lm abm epb tpr_shadow vnmi flexpriority ept vpid fsgsbase tsc_adjust bmi1 avx2 smep bmi2 erms invpcid xsaveopt dtherm ida arat pln pts
bugs		:
bogomips	: 4788.68
clflush size	: 64
cache_alignment	: 64
address sizes	: 39 bits physical, 48 bits virtual
power management:

processor	: 7
vendor_id	: GenuineIntel
cpu family	: 6
model		: 60
model name	: Intel(R) Core(TM) i7-4700MQ CPU @ 2.40GHz
stepping	: 3
microcode	: 0x1e
cpu MHz		: 2665.593
cache size	: 6144 KB
physical id	: 0
siblings	: 8
core id		: 3
cpu cores	: 4
apicid		: 7
initial apicid	: 7
fpu		: yes
fpu_exception	: yes
cpuid level	: 13
wp		: yes
flags		: fpu vme de pse tsc msr pae mce cx8 apic sep mtrr pge mca cmov pat pse36 clflush dts acpi mmx fxsr sse sse2 ss ht tm pbe syscall nx pdpe1gb rdtscp lm constant_tsc arch_perfmon pebs bts rep_good nopl xtopology nonstop_tsc aperfmperf eagerfpu pni pclmulqdq dtes64 monitor ds_cpl vmx est tm2 ssse3 sdbg fma cx16 xtpr pdcm pcid sse4_1 sse4_2 movbe popcnt tsc_deadline_timer aes xsave avx f16c rdrand lahf_lm abm epb tpr_shadow vnmi flexpriority ept vpid fsgsbase tsc_adjust bmi1 avx2 smep bmi2 erms invpcid xsaveopt dtherm ida arat pln pts
bugs		:
bogomips	: 4788.68
clflush size	: 64
cache_alignment	: 64
address sizes	: 39 bits physical, 48 bits virtual
power management:



Memory: 4k page, physical 8105560k(312528k free), swap 0k(0k free)

vm_info: Java HotSpot(TM) 64-Bit Server VM (25.91-b14) for linux-amd64 JRE (1.8.0_91-b14), built on Apr  1 2016 00:57:21 by "java_re" with gcc 4.3.0 20080428 (Red Hat 4.3.0-8)

time: Tue May  3 02:04:28 2016
elapsed time: 22 seconds (0d 0h 0m 22s)

