#
# There is insufficient memory for the Java Runtime Environment to continue.
# Native memory allocation (mmap) failed to map 175112192 bytes for committing reserved memory.
# Possible reasons:
#   The system is out of physical RAM or swap space
#   In 32 bit mode, the process size limit was hit
# Possible solutions:
#   Reduce memory load on the system
#   Increase physical memory or swap space
#   Check if swap backing store is full
#   Use 64 bit Java on a 64 bit OS
#   Decrease Java heap size (-Xmx/-Xms)
#   Decrease number of Java threads
#   Decrease Java thread stack sizes (-Xss)
#   Set larger code cache with -XX:ReservedCodeCacheSize=
# This output file may be truncated or incomplete.
#
#  Out of Memory Error (os_linux.cpp:2627), pid=15638, tid=139632165492480
#
# JRE version: Java(TM) SE Runtime Environment (8.0_91-b14) (build 1.8.0_91-b14)
# Java VM: Java HotSpot(TM) 64-Bit Server VM (25.91-b14 mixed mode linux-amd64 compressed oops)
# Failed to write core dump. Core dumps have been disabled. To enable core dumping, try "ulimit -c unlimited" before starting Java again
#

---------------  T H R E A D  ---------------

Current thread (0x00007efed8080000):  VMThread [stack: 0x00007efea58f9000,0x00007efea59fa000] [id=15660]

Stack: [0x00007efea58f9000,0x00007efea59fa000],  sp=0x00007efea59f8020,  free space=1020k
Native frames: (J=compiled Java code, j=interpreted, Vv=VM code, C=native code)
V  [libjvm.so+0xabc18a]  VMError::report_and_die()+0x2ba
V  [libjvm.so+0x4fafeb]  report_vm_out_of_memory(char const*, int, unsigned long, VMErrorType, char const*)+0x8b
V  [libjvm.so+0x91cbb3]  os::Linux::commit_memory_impl(char*, unsigned long, bool)+0x103
V  [libjvm.so+0x91d109]  os::pd_commit_memory(char*, unsigned long, unsigned long, bool)+0x29
V  [libjvm.so+0x91740a]  os::commit_memory(char*, unsigned long, unsigned long, bool)+0x2a
V  [libjvm.so+0x98b033]  PSVirtualSpace::expand_by(unsigned long)+0x53
V  [libjvm.so+0x98c438]  PSYoungGen::resize_generation(unsigned long, unsigned long)+0xf8
V  [libjvm.so+0x98b592]  PSYoungGen::resize(unsigned long, unsigned long)+0x22
V  [libjvm.so+0x98886b]  PSScavenge::invoke_no_policy()+0xf3b
V  [libjvm.so+0x988ff1]  PSScavenge::invoke()+0x41
V  [libjvm.so+0x9408b0]  ParallelScavengeHeap::failed_mem_allocate(unsigned long)+0x70
V  [libjvm.so+0xabdba7]  VM_ParallelGCFailedAllocation::doit()+0x97
V  [libjvm.so+0xac55d5]  VM_Operation::evaluate()+0x55
V  [libjvm.so+0xac39aa]  VMThread::evaluate_operation(VM_Operation*)+0xba
V  [libjvm.so+0xac3d2e]  VMThread::loop()+0x1ce
V  [libjvm.so+0xac41a0]  VMThread::run()+0x70
V  [libjvm.so+0x91ef78]  java_start(Thread*)+0x108

VM_Operation (0x00007efea462eec0): ParallelGCFailedAllocation, mode: safepoint, requested by thread 0x00007efed8140800


---------------  P R O C E S S  ---------------

Java Threads: ( => current thread )
  0x00007efed8147000 JavaThread "pool-2-thread-4" [_thread_blocked, id=15706, stack(0x00007efea412c000,0x00007efea422d000)]
  0x00007efed8145800 JavaThread "pool-2-thread-3" [_thread_blocked, id=15705, stack(0x00007efea422d000,0x00007efea432e000)]
  0x00007efed8144800 JavaThread "pool-2-thread-2" [_thread_blocked, id=15704, stack(0x00007efea432e000,0x00007efea442f000)]
  0x00007efed8142800 JavaThread "pool-3-thread-1" [_thread_blocked, id=15703, stack(0x00007efea442f000,0x00007efea4530000)]
  0x00007efed8140800 JavaThread "pool-2-thread-1" [_thread_blocked, id=15702, stack(0x00007efea4530000,0x00007efea4631000)]
  0x00007efed80ca800 JavaThread "Service Thread" daemon [_thread_blocked, id=15671, stack(0x00007efea4732000,0x00007efea4833000)]
  0x00007efed80c7800 JavaThread "C1 CompilerThread3" daemon [_thread_blocked, id=15670, stack(0x00007efea4833000,0x00007efea4934000)]
  0x00007efed80c5000 JavaThread "C2 CompilerThread2" daemon [_thread_blocked, id=15669, stack(0x00007efea4934000,0x00007efea4a35000)]
  0x00007efed80c3800 JavaThread "C2 CompilerThread1" daemon [_thread_blocked, id=15668, stack(0x00007efea4a35000,0x00007efea4b36000)]
  0x00007efed80c0800 JavaThread "C2 CompilerThread0" daemon [_thread_blocked, id=15667, stack(0x00007efea4b36000,0x00007efea4c37000)]
  0x00007efed80bf000 JavaThread "Signal Dispatcher" daemon [_thread_blocked, id=15666, stack(0x00007efea4c37000,0x00007efea4d38000)]
  0x00007efed808c000 JavaThread "Finalizer" daemon [_thread_blocked, id=15664, stack(0x00007efea56f7000,0x00007efea57f8000)]
  0x00007efed8087800 JavaThread "Reference Handler" daemon [_thread_blocked, id=15662, stack(0x00007efea57f8000,0x00007efea58f9000)]
  0x00007efed800a000 JavaThread "main" [_thread_blocked, id=15640, stack(0x00007efee1122000,0x00007efee1223000)]

Other Threads:
=>0x00007efed8080000 VMThread [stack: 0x00007efea58f9000,0x00007efea59fa000] [id=15660]
  0x00007efed80cd000 WatcherThread [stack: 0x00007efea4631000,0x00007efea4732000] [id=15672]

VM state:at safepoint (normal execution)

VM Mutex/Monitor currently owned by a thread:  ([mutex/lock_event])
[0x00007efed80064d0] Threads_lock - owner thread: 0x00007efed8080000
[0x00007efed80069d0] Heap_lock - owner thread: 0x00007efed8140800

Heap:
 PSYoungGen      total 132096K, used 5091K [0x00000000eab00000, 0x00000000f3100000, 0x0000000100000000)
  eden space 126976K, 0% used [0x00000000eab00000,0x00000000eab00000,0x00000000f2700000)
  from space 5120K, 99% used [0x00000000f2700000,0x00000000f2bf8d80,0x00000000f2c00000)
  to   space 5120K, 0% used [0x00000000f2c00000,0x00000000f2c00000,0x00000000f3100000)
 ParOldGen       total 84992K, used 41433K [0x00000000c0000000, 0x00000000c5300000, 0x00000000eab00000)
  object space 84992K, 48% used [0x00000000c0000000,0x00000000c2876760,0x00000000c5300000)
 Metaspace       used 6325K, capacity 7192K, committed 7424K, reserved 1056768K
  class space    used 613K, capacity 656K, committed 768K, reserved 1048576K

Card table byte_map: [0x00007efeddcd2000,0x00007efedded3000] byte_map_base: 0x00007efedd6d2000

Marking Bits: (ParMarkBitMap*) 0x00007efee05f0d60
 Begin Bits: [0x00007efea6000000, 0x00007efea7000000)
 End Bits:   [0x00007efea7000000, 0x00007efea8000000)

Polling page: 0x00007efee123f000

CodeCache: size=245760Kb used=7383Kb max_used=7383Kb free=238376Kb
 bounds [0x00007efec9000000, 0x00007efec9740000, 0x00007efed8000000]
 total_blobs=2178 nmethods=1910 adapters=182
 compilation: enabled

Compilation events (10 events):
Event: 8.137 Thread 0x00007efed80c7800 2132       2       com.android.dx.ssa.back.FirstFitLocalCombiningAllocator::rangeContainsReserved (30 bytes)
Event: 8.137 Thread 0x00007efed80c7800 nmethod 2132 0x00007efec9737c50 code [0x00007efec9737dc0, 0x00007efec9737fe8]
Event: 8.138 Thread 0x00007efed80c7800 2134       2       com.android.dx.ssa.SsaMethod$1::visitMoveInsn (17 bytes)
Event: 8.139 Thread 0x00007efed80c7800 nmethod 2134 0x00007efec9738110 code [0x00007efec9738280, 0x00007efec9738490]
Event: 8.139 Thread 0x00007efed80c7800 2135       2       com.android.dx.ssa.back.FirstFitLocalCombiningAllocator$Alignment$2::nextClearBit (26 bytes)
Event: 8.139 Thread 0x00007efed80c7800 nmethod 2135 0x00007efec9738650 code [0x00007efec97387c0, 0x00007efec97389d8]
Event: 8.180 Thread 0x00007efed80c7800 2136       2       com.android.dx.dex.file.ClassDefItem::addDirectMethod (9 bytes)
Event: 8.648 Thread 0x00007efed80c7800 nmethod 2136 0x00007efec9738b10 code [0x00007efec9738ca0, 0x00007efec9738fd8]
Event: 8.648 Thread 0x00007efed80c7800 2137       2       com.android.dx.dex.file.ClassDataItem::addDirectMethod (24 bytes)
Event: 8.649 Thread 0x00007efed80c7800 nmethod 2137 0x00007efec9739290 code [0x00007efec9739420, 0x00007efec9739778]

GC Heap History (9 events):
Event: 1.551 GC heap before
{Heap before GC invocations=1 (full 0):
 PSYoungGen      total 36864K, used 31744K [0x00000000eab00000, 0x00000000ed400000, 0x0000000100000000)
  eden space 31744K, 100% used [0x00000000eab00000,0x00000000eca00000,0x00000000eca00000)
  from space 5120K, 0% used [0x00000000ecf00000,0x00000000ecf00000,0x00000000ed400000)
  to   space 5120K, 0% used [0x00000000eca00000,0x00000000eca00000,0x00000000ecf00000)
 ParOldGen       total 84992K, used 0K [0x00000000c0000000, 0x00000000c5300000, 0x00000000eab00000)
  object space 84992K, 0% used [0x00000000c0000000,0x00000000c0000000,0x00000000c5300000)
 Metaspace       used 5726K, capacity 6704K, committed 6784K, reserved 1056768K
  class space    used 590K, capacity 616K, committed 640K, reserved 1048576K
Event: 1.654 GC heap after
Heap after GC invocations=1 (full 0):
 PSYoungGen      total 36864K, used 4887K [0x00000000eab00000, 0x00000000ef300000, 0x0000000100000000)
  eden space 31744K, 0% used [0x00000000eab00000,0x00000000eab00000,0x00000000eca00000)
  from space 5120K, 95% used [0x00000000eca00000,0x00000000ecec5d68,0x00000000ecf00000)
  to   space 5120K, 0% used [0x00000000eee00000,0x00000000eee00000,0x00000000ef300000)
 ParOldGen       total 84992K, used 8K [0x00000000c0000000, 0x00000000c5300000, 0x00000000eab00000)
  object space 84992K, 0% used [0x00000000c0000000,0x00000000c0002000,0x00000000c5300000)
 Metaspace       used 5726K, capacity 6704K, committed 6784K, reserved 1056768K
  class space    used 590K, capacity 616K, committed 640K, reserved 1048576K
}
Event: 2.311 GC heap before
{Heap before GC invocations=2 (full 0):
 PSYoungGen      total 36864K, used 36631K [0x00000000eab00000, 0x00000000ef300000, 0x0000000100000000)
  eden space 31744K, 100% used [0x00000000eab00000,0x00000000eca00000,0x00000000eca00000)
  from space 5120K, 95% used [0x00000000eca00000,0x00000000ecec5d68,0x00000000ecf00000)
  to   space 5120K, 0% used [0x00000000eee00000,0x00000000eee00000,0x00000000ef300000)
 ParOldGen       total 84992K, used 8K [0x00000000c0000000, 0x00000000c5300000, 0x00000000eab00000)
  object space 84992K, 0% used [0x00000000c0000000,0x00000000c0002000,0x00000000c5300000)
 Metaspace       used 5961K, capacity 6960K, committed 7040K, reserved 1056768K
  class space    used 592K, capacity 616K, committed 640K, reserved 1048576K
Event: 2.352 GC heap after
Heap after GC invocations=2 (full 0):
 PSYoungGen      total 68608K, used 5101K [0x00000000eab00000, 0x00000000ef300000, 0x0000000100000000)
  eden space 63488K, 0% used [0x00000000eab00000,0x00000000eab00000,0x00000000ee900000)
  from space 5120K, 99% used [0x00000000eee00000,0x00000000ef2fb7d0,0x00000000ef300000)
  to   space 5120K, 0% used [0x00000000ee900000,0x00000000ee900000,0x00000000eee00000)
 ParOldGen       total 84992K, used 3287K [0x00000000c0000000, 0x00000000c5300000, 0x00000000eab00000)
  object space 84992K, 3% used [0x00000000c0000000,0x00000000c0335e10,0x00000000c5300000)
 Metaspace       used 5961K, capacity 6960K, committed 7040K, reserved 1056768K
  class space    used 592K, capacity 616K, committed 640K, reserved 1048576K
}
Event: 3.862 GC heap before
{Heap before GC invocations=3 (full 0):
 PSYoungGen      total 68608K, used 68589K [0x00000000eab00000, 0x00000000ef300000, 0x0000000100000000)
  eden space 63488K, 100% used [0x00000000eab00000,0x00000000ee900000,0x00000000ee900000)
  from space 5120K, 99% used [0x00000000eee00000,0x00000000ef2fb7d0,0x00000000ef300000)
  to   space 5120K, 0% used [0x00000000ee900000,0x00000000ee900000,0x00000000eee00000)
 ParOldGen       total 84992K, used 3287K [0x00000000c0000000, 0x00000000c5300000, 0x00000000eab00000)
  object space 84992K, 3% used [0x00000000c0000000,0x00000000c0335e10,0x00000000c5300000)
 Metaspace       used 6065K, capacity 7024K, committed 7296K, reserved 1056768K
  class space    used 593K, capacity 616K, committed 640K, reserved 1048576K
Event: 3.979 GC heap after
Heap after GC invocations=3 (full 0):
 PSYoungGen      total 68608K, used 5107K [0x00000000eab00000, 0x00000000f3100000, 0x0000000100000000)
  eden space 63488K, 0% used [0x00000000eab00000,0x00000000eab00000,0x00000000ee900000)
  from space 5120K, 99% used [0x00000000ee900000,0x00000000eedfcdb0,0x00000000eee00000)
  to   space 5120K, 0% used [0x00000000f2c00000,0x00000000f2c00000,0x00000000f3100000)
 ParOldGen       total 84992K, used 11690K [0x00000000c0000000, 0x00000000c5300000, 0x00000000eab00000)
  object space 84992K, 13% used [0x00000000c0000000,0x00000000c0b6a888,0x00000000c5300000)
 Metaspace       used 6065K, capacity 7024K, committed 7296K, reserved 1056768K
  class space    used 593K, capacity 616K, committed 640K, reserved 1048576K
}
Event: 5.050 GC heap before
{Heap before GC invocations=4 (full 0):
 PSYoungGen      total 68608K, used 68595K [0x00000000eab00000, 0x00000000f3100000, 0x0000000100000000)
  eden space 63488K, 100% used [0x00000000eab00000,0x00000000ee900000,0x00000000ee900000)
  from space 5120K, 99% used [0x00000000ee900000,0x00000000eedfcdb0,0x00000000eee00000)
  to   space 5120K, 0% used [0x00000000f2c00000,0x00000000f2c00000,0x00000000f3100000)
 ParOldGen       total 84992K, used 11690K [0x00000000c0000000, 0x00000000c5300000, 0x00000000eab00000)
  object space 84992K, 13% used [0x00000000c0000000,0x00000000c0b6a888,0x00000000c5300000)
 Metaspace       used 6155K, capacity 7088K, committed 7296K, reserved 1056768K
  class space    used 593K, capacity 616K, committed 640K, reserved 1048576K
Event: 5.185 GC heap after
Heap after GC invocations=4 (full 0):
 PSYoungGen      total 132096K, used 5101K [0x00000000eab00000, 0x00000000f3100000, 0x0000000100000000)
  eden space 126976K, 0% used [0x00000000eab00000,0x00000000eab00000,0x00000000f2700000)
  from space 5120K, 99% used [0x00000000f2c00000,0x00000000f30fb470,0x00000000f3100000)
  to   space 5120K, 0% used [0x00000000f2700000,0x00000000f2700000,0x00000000f2c00000)
 ParOldGen       total 84992K, used 21160K [0x00000000c0000000, 0x00000000c5300000, 0x00000000eab00000)
  object space 84992K, 24% used [0x00000000c0000000,0x00000000c14aa240,0x00000000c5300000)
 Metaspace       used 6155K, capacity 7088K, committed 7296K, reserved 1056768K
  class space    used 593K, capacity 616K, committed 640K, reserved 1048576K
}
Event: 12.950 GC heap before
{Heap before GC invocations=5 (full 0):
 PSYoungGen      total 132096K, used 132077K [0x00000000eab00000, 0x00000000f3100000, 0x0000000100000000)
  eden space 126976K, 100% used [0x00000000eab00000,0x00000000f2700000,0x00000000f2700000)
  from space 5120K, 99% used [0x00000000f2c00000,0x00000000f30fb470,0x00000000f3100000)
  to   space 5120K, 0% used [0x00000000f2700000,0x00000000f2700000,0x00000000f2c00000)
 ParOldGen       total 84992K, used 21160K [0x00000000c0000000, 0x00000000c5300000, 0x00000000eab00000)
  object space 84992K, 24% used [0x00000000c0000000,0x00000000c14aa240,0x00000000c5300000)
 Metaspace       used 6325K, capacity 7192K, committed 7424K, reserved 1056768K
  class space    used 613K, capacity 656K, committed 768K, reserved 1048576K

Deoptimization events (10 events):
Event: 5.915 Thread 0x00007efed8147000 Uncommon trap: reason=unstable_if action=reinterpret pc=0x00007efec9665618 method=com.android.dx.ssa.SCCP.simulateBranch(Lcom/android/dx/ssa/SsaInsn;)V @ 64
Event: 6.013 Thread 0x00007efed8147000 Uncommon trap: reason=unstable_if action=reinterpret pc=0x00007efec92cec98 method=java.util.HashMap.putVal(ILjava/lang/Object;Ljava/lang/Object;ZZ)Ljava/lang/Object; @ 162
Event: 7.953 Thread 0x00007efed8147000 Uncommon trap: reason=unstable_if action=reinterpret pc=0x00007efec9528a6c method=java.util.HashMap.getNode(ILjava/lang/Object;)Ljava/util/HashMap$Node; @ 84
Event: 7.965 Thread 0x00007efed8144800 Uncommon trap: reason=bimorphic action=maybe_recompile pc=0x00007efec9654d38 method=com.android.dx.cf.code.BytecodeArray.parseInstruction(ILcom/android/dx/cf/code/BytecodeArray$Visitor;)I @ 1161
Event: 7.965 Thread 0x00007efed8144800 Uncommon trap: reason=bimorphic action=maybe_recompile pc=0x00007efec9654d38 method=com.android.dx.cf.code.BytecodeArray.parseInstruction(ILcom/android/dx/cf/code/BytecodeArray$Visitor;)I @ 1161
Event: 7.966 Thread 0x00007efed800a000 Uncommon trap: reason=unstable_if action=reinterpret pc=0x00007efec96c03b8 method=java.util.HashMap.getNode(ILjava/lang/Object;)Ljava/util/HashMap$Node; @ 84
Event: 8.001 Thread 0x00007efed8147000 Uncommon trap: reason=unstable_if action=reinterpret pc=0x00007efec96a579c method=com.android.dx.rop.code.RegisterSpec.equals(ILcom/android/dx/rop/type/TypeBearer;Lcom/android/dx/rop/code/LocalItem;)Z @ 42
Event: 8.059 Thread 0x00007efed8144800 Uncommon trap: reason=unstable_if action=reinterpret pc=0x00007efec96a1000 method=com.android.dx.ssa.MoveParamCombiner$1.visitNonMoveInsn(Lcom/android/dx/ssa/NormalSsaInsn;)V @ 27
Event: 8.117 Thread 0x00007efed8145800 Uncommon trap: reason=bimorphic action=maybe_recompile pc=0x00007efec96d92e8 method=com.android.dx.ssa.LiteralOpUpgrader.tryReplacingWithConstant(Lcom/android/dx/ssa/NormalSsaInsn;)Z @ 62
Event: 8.128 Thread 0x00007efed8145800 Uncommon trap: reason=bimorphic action=maybe_recompile pc=0x00007efec96d92e8 method=com.android.dx.ssa.LiteralOpUpgrader.tryReplacingWithConstant(Lcom/android/dx/ssa/NormalSsaInsn;)Z @ 62

Internal exceptions (6 events):
Event: 0.159 Thread 0x00007efed800a000 Exception <a 'java/lang/NoSuchMethodError': Method sun.misc.Unsafe.defineClass(Ljava/lang/String;[BII)Ljava/lang/Class; name or signature does not match> (0x00000000eab07cc0) thrown at [/HUDSON/workspace/8-2-build-linux-amd64/jdk8u91/6644/hotspot/src/shar
Event: 0.159 Thread 0x00007efed800a000 Exception <a 'java/lang/NoSuchMethodError': Method sun.misc.Unsafe.prefetchRead(Ljava/lang/Object;J)V name or signature does not match> (0x00000000eab07fa8) thrown at [/HUDSON/workspace/8-2-build-linux-amd64/jdk8u91/6644/hotspot/src/share/vm/prims/jni.cpp
Event: 2.589 Thread 0x00007efed8145800 Implicit null exception at 0x00007efec92e56b1 to 0x00007efec92e8995
Event: 7.596 Thread 0x00007efed8147000 Exception <a 'java/lang/ArrayIndexOutOfBoundsException': 18> (0x00000000f0a12028) thrown at [/HUDSON/workspace/8-2-build-linux-amd64/jdk8u91/6644/hotspot/src/share/vm/interpreter/interpreterRuntime.cpp, line 366]
Event: 7.596 Thread 0x00007efed8147000 Exception <a 'java/lang/ArrayIndexOutOfBoundsException': 145> (0x00000000f0a13ba8) thrown at [/HUDSON/workspace/8-2-build-linux-amd64/jdk8u91/6644/hotspot/src/share/vm/interpreter/interpreterRuntime.cpp, line 366]
Event: 7.798 Thread 0x00007efed8147000 Exception <a 'java/lang/ArrayIndexOutOfBoundsException'> (0x00000000f0a14e90) thrown at [/HUDSON/workspace/8-2-build-linux-amd64/jdk8u91/6644/hotspot/src/share/vm/runtime/sharedRuntime.cpp, line 605]

Events (10 events):
Event: 8.117 Thread 0x00007efed8145800 DEOPT PACKING pc=0x00007efec96d92e8 sp=0x00007efea432be20
Event: 8.117 Thread 0x00007efed8145800 DEOPT UNPACKING pc=0x00007efec9005229 sp=0x00007efea432bd38 mode 2
Event: 8.120 Thread 0x00007efed800a000 DEOPT PACKING pc=0x00007efec92b2ded sp=0x00007efee1220510
Event: 8.120 Thread 0x00007efed800a000 DEOPT UNPACKING pc=0x00007efec9047633 sp=0x00007efee1220298 mode 0
Event: 8.128 Thread 0x00007efed8145800 Uncommon trap: trap_request=0xffffffc6 fr.pc=0x00007efec96d92e8
Event: 8.128 Thread 0x00007efed8145800 DEOPT PACKING pc=0x00007efec96d92e8 sp=0x00007efea432bd70
Event: 8.128 Thread 0x00007efed8145800 DEOPT UNPACKING pc=0x00007efec9005229 sp=0x00007efea432bc88 mode 2
Event: 8.130 Thread 0x00007efed8140800 DEOPT PACKING pc=0x00007efec92b2ded sp=0x00007efea462ebb0
Event: 8.130 Thread 0x00007efed8140800 DEOPT UNPACKING pc=0x00007efec9047633 sp=0x00007efea462e938 mode 0
Event: 12.336 Executing VM operation: ParallelGCFailedAllocation


Dynamic libraries:
00400000-00401000 r-xp 00000000 08:09 3281753                            /usr/java/jdk1.8.0_91/bin/java
00600000-00601000 rw-p 00000000 08:09 3281753                            /usr/java/jdk1.8.0_91/bin/java
01a04000-01a25000 rw-p 00000000 00:00 0                                  [heap]
c0000000-c5300000 rw-p 00000000 00:00 0 
c5300000-eab00000 ---p 00000000 00:00 0 
eab00000-f3100000 rw-p 00000000 00:00 0 
fd800000-100000000 ---p 00000000 00:00 0 
100000000-1000c0000 rw-p 00000000 00:00 0 
1000c0000-140000000 ---p 00000000 00:00 0 
7efe68000000-7efe6802a000 rw-p 00000000 00:00 0 
7efe6802a000-7efe6c000000 ---p 00000000 00:00 0 
7efe6c000000-7efe6c028000 rw-p 00000000 00:00 0 
7efe6c028000-7efe70000000 ---p 00000000 00:00 0 
7efe70000000-7efe7028c000 rw-p 00000000 00:00 0 
7efe7028c000-7efe74000000 ---p 00000000 00:00 0 
7efe74000000-7efe74021000 rw-p 00000000 00:00 0 
7efe74021000-7efe78000000 ---p 00000000 00:00 0 
7efe78000000-7efe78021000 rw-p 00000000 00:00 0 
7efe78021000-7efe7c000000 ---p 00000000 00:00 0 
7efe7c000000-7efe7c034000 rw-p 00000000 00:00 0 
7efe7c034000-7efe80000000 ---p 00000000 00:00 0 
7efe80000000-7efe808ad000 rw-p 00000000 00:00 0 
7efe808ad000-7efe84000000 ---p 00000000 00:00 0 
7efe84000000-7efe84021000 rw-p 00000000 00:00 0 
7efe84021000-7efe88000000 ---p 00000000 00:00 0 
7efe88000000-7efe88aeb000 rw-p 00000000 00:00 0 
7efe88aeb000-7efe8c000000 ---p 00000000 00:00 0 
7efe8c000000-7efe8c7fd000 rw-p 00000000 00:00 0 
7efe8c7fd000-7efe90000000 ---p 00000000 00:00 0 
7efe90000000-7efe90021000 rw-p 00000000 00:00 0 
7efe90021000-7efe94000000 ---p 00000000 00:00 0 
7efe94000000-7efe94d31000 rw-p 00000000 00:00 0 
7efe94d31000-7efe98000000 ---p 00000000 00:00 0 
7efe98000000-7efe98021000 rw-p 00000000 00:00 0 
7efe98021000-7efe9c000000 ---p 00000000 00:00 0 
7efe9c000000-7efe9c021000 rw-p 00000000 00:00 0 
7efe9c021000-7efea0000000 ---p 00000000 00:00 0 
7efea0000000-7efea028d000 rw-p 00000000 00:00 0 
7efea028d000-7efea4000000 ---p 00000000 00:00 0 
7efea412c000-7efea412f000 ---p 00000000 00:00 0 
7efea412f000-7efea422d000 rw-p 00000000 00:00 0 
7efea422d000-7efea4230000 ---p 00000000 00:00 0 
7efea4230000-7efea432e000 rw-p 00000000 00:00 0 
7efea432e000-7efea4331000 ---p 00000000 00:00 0 
7efea4331000-7efea442f000 rw-p 00000000 00:00 0 
7efea442f000-7efea4432000 ---p 00000000 00:00 0 
7efea4432000-7efea4530000 rw-p 00000000 00:00 0 
7efea4530000-7efea4533000 ---p 00000000 00:00 0 
7efea4533000-7efea4631000 rw-p 00000000 00:00 0 
7efea4631000-7efea4632000 ---p 00000000 00:00 0 
7efea4632000-7efea4732000 rw-p 00000000 00:00 0 
7efea4732000-7efea4735000 ---p 00000000 00:00 0 
7efea4735000-7efea4833000 rw-p 00000000 00:00 0 
7efea4833000-7efea4836000 ---p 00000000 00:00 0 
7efea4836000-7efea4934000 rw-p 00000000 00:00 0 
7efea4934000-7efea4937000 ---p 00000000 00:00 0 
7efea4937000-7efea4a35000 rw-p 00000000 00:00 0 
7efea4a35000-7efea4a38000 ---p 00000000 00:00 0 
7efea4a38000-7efea4b36000 rw-p 00000000 00:00 0 
7efea4b36000-7efea4b39000 ---p 00000000 00:00 0 
7efea4b39000-7efea4c37000 rw-p 00000000 00:00 0 
7efea4c37000-7efea4c3a000 ---p 00000000 00:00 0 
7efea4c3a000-7efea4d38000 rw-p 00000000 00:00 0 
7efea4d38000-7efea56f7000 r--p 00000000 08:09 1318033                    /usr/lib/locale/locale-archive
7efea56f7000-7efea56fa000 ---p 00000000 00:00 0 
7efea56fa000-7efea57f8000 rw-p 00000000 00:00 0 
7efea57f8000-7efea57fb000 ---p 00000000 00:00 0 
7efea57fb000-7efea58f9000 rw-p 00000000 00:00 0 
7efea58f9000-7efea58fa000 ---p 00000000 00:00 0 
7efea58fa000-7efea8000000 rw-p 00000000 00:00 0 
7efea8000000-7efea8021000 rw-p 00000000 00:00 0 
7efea8021000-7efeac000000 ---p 00000000 00:00 0 
7efeac000000-7efeac021000 rw-p 00000000 00:00 0 
7efeac021000-7efeb0000000 ---p 00000000 00:00 0 
7efeb0000000-7efeb0021000 rw-p 00000000 00:00 0 
7efeb0021000-7efeb4000000 ---p 00000000 00:00 0 
7efeb4000000-7efeb4021000 rw-p 00000000 00:00 0 
7efeb4021000-7efeb8000000 ---p 00000000 00:00 0 
7efeb8000000-7efeb8021000 rw-p 00000000 00:00 0 
7efeb8021000-7efebc000000 ---p 00000000 00:00 0 
7efebc000000-7efebc021000 rw-p 00000000 00:00 0 
7efebc021000-7efec0000000 ---p 00000000 00:00 0 
7efec0000000-7efec0021000 rw-p 00000000 00:00 0 
7efec0021000-7efec4000000 ---p 00000000 00:00 0 
7efec4000000-7efec4021000 rw-p 00000000 00:00 0 
7efec4021000-7efec8000000 ---p 00000000 00:00 0 
7efec80ba000-7efec80d0000 r--s 000f1000 08:09 4198824                    /home/kittuov/AndroidStudioProjects/TapQuick/app/build/intermediates/exploded-aar/com.android.support/support-v4/23.3.0/jars/classes.jar
7efec80d0000-7efec9000000 rw-p 00000000 00:00 0 
7efec9000000-7efec9740000 rwxp 00000000 00:00 0 
7efec9740000-7efed8000000 ---p 00000000 00:00 0 
7efed8000000-7efed839a000 rw-p 00000000 00:00 0 
7efed839a000-7efedc000000 ---p 00000000 00:00 0 
7efedc00b000-7efedc726000 rw-p 00000000 00:00 0 
7efedc726000-7efedc8fe000 r--s 03cd8000 08:09 3279665                    /usr/java/jdk1.8.0_91/jre/lib/rt.jar
7efedc8fe000-7efedcff4000 rw-p 00000000 00:00 0 
7efedcff4000-7efedd174000 ---p 00000000 00:00 0 
7efedd174000-7efedd374000 rw-p 00000000 00:00 0 
7efedd374000-7efedd375000 ---p 00000000 00:00 0 
7efedd375000-7efedd475000 rw-p 00000000 00:00 0 
7efedd475000-7efedd476000 ---p 00000000 00:00 0 
7efedd476000-7efedd576000 rw-p 00000000 00:00 0 
7efedd576000-7efedd577000 ---p 00000000 00:00 0 
7efedd577000-7efedd677000 rw-p 00000000 00:00 0 
7efedd677000-7efedd678000 ---p 00000000 00:00 0 
7efedd678000-7efedd778000 rw-p 00000000 00:00 0 
7efedd778000-7efedd779000 ---p 00000000 00:00 0 
7efedd779000-7efedd879000 rw-p 00000000 00:00 0 
7efedd879000-7efedd87a000 ---p 00000000 00:00 0 
7efedd87a000-7efedd97a000 rw-p 00000000 00:00 0 
7efedd97a000-7efedd97b000 ---p 00000000 00:00 0 
7efedd97b000-7efedda7b000 rw-p 00000000 00:00 0 
7efedda7b000-7efedda7c000 ---p 00000000 00:00 0 
7efedda7c000-7efeddba6000 rw-p 00000000 00:00 0 
7efeddba6000-7efeddcd2000 ---p 00000000 00:00 0 
7efeddcd2000-7efeddcfc000 rw-p 00000000 00:00 0 
7efeddcfc000-7efedde27000 ---p 00000000 00:00 0 
7efedde27000-7efedde6b000 rw-p 00000000 00:00 0 
7efedde6b000-7efedded2000 ---p 00000000 00:00 0 
7efedded2000-7efeddef0000 rw-p 00000000 00:00 0 
7efeddef0000-7efede293000 ---p 00000000 00:00 0 
7efede293000-7efede2ad000 r-xp 00000000 08:09 3281597                    /usr/java/jdk1.8.0_91/jre/lib/amd64/libzip.so
7efede2ad000-7efede4ad000 ---p 0001a000 08:09 3281597                    /usr/java/jdk1.8.0_91/jre/lib/amd64/libzip.so
7efede4ad000-7efede4ae000 rw-p 0001a000 08:09 3281597                    /usr/java/jdk1.8.0_91/jre/lib/amd64/libzip.so
7efede4ae000-7efede4b9000 r-xp 00000000 08:09 3936861                    /lib/x86_64-linux-gnu/libnss_files-2.23.so
7efede4b9000-7efede6b8000 ---p 0000b000 08:09 3936861                    /lib/x86_64-linux-gnu/libnss_files-2.23.so
7efede6b8000-7efede6b9000 r--p 0000a000 08:09 3936861                    /lib/x86_64-linux-gnu/libnss_files-2.23.so
7efede6b9000-7efede6ba000 rw-p 0000b000 08:09 3936861                    /lib/x86_64-linux-gnu/libnss_files-2.23.so
7efede6ba000-7efede6c0000 rw-p 00000000 00:00 0 
7efede6c0000-7efede6cb000 r-xp 00000000 08:09 3936871                    /lib/x86_64-linux-gnu/libnss_nis-2.23.so
7efede6cb000-7efede8ca000 ---p 0000b000 08:09 3936871                    /lib/x86_64-linux-gnu/libnss_nis-2.23.so
7efede8ca000-7efede8cb000 r--p 0000a000 08:09 3936871                    /lib/x86_64-linux-gnu/libnss_nis-2.23.so
7efede8cb000-7efede8cc000 rw-p 0000b000 08:09 3936871                    /lib/x86_64-linux-gnu/libnss_nis-2.23.so
7efede8cc000-7efede8e2000 r-xp 00000000 08:09 3936855                    /lib/x86_64-linux-gnu/libnsl-2.23.so
7efede8e2000-7efedeae1000 ---p 00016000 08:09 3936855                    /lib/x86_64-linux-gnu/libnsl-2.23.so
7efedeae1000-7efedeae2000 r--p 00015000 08:09 3936855                    /lib/x86_64-linux-gnu/libnsl-2.23.so
7efedeae2000-7efedeae3000 rw-p 00016000 08:09 3936855                    /lib/x86_64-linux-gnu/libnsl-2.23.so
7efedeae3000-7efedeae5000 rw-p 00000000 00:00 0 
7efedeae5000-7efedeaed000 r-xp 00000000 08:09 3936857                    /lib/x86_64-linux-gnu/libnss_compat-2.23.so
7efedeaed000-7efedecec000 ---p 00008000 08:09 3936857                    /lib/x86_64-linux-gnu/libnss_compat-2.23.so
7efedecec000-7efedeced000 r--p 00007000 08:09 3936857                    /lib/x86_64-linux-gnu/libnss_compat-2.23.so
7efedeced000-7efedecee000 rw-p 00008000 08:09 3936857                    /lib/x86_64-linux-gnu/libnss_compat-2.23.so
7efedecee000-7efeded18000 r-xp 00000000 08:09 3281634                    /usr/java/jdk1.8.0_91/jre/lib/amd64/libjava.so
7efeded18000-7efedef18000 ---p 0002a000 08:09 3281634                    /usr/java/jdk1.8.0_91/jre/lib/amd64/libjava.so
7efedef18000-7efedef1a000 rw-p 0002a000 08:09 3281634                    /usr/java/jdk1.8.0_91/jre/lib/amd64/libjava.so
7efedef1a000-7efedef27000 r-xp 00000000 08:09 3281631                    /usr/java/jdk1.8.0_91/jre/lib/amd64/libverify.so
7efedef27000-7efedf127000 ---p 0000d000 08:09 3281631                    /usr/java/jdk1.8.0_91/jre/lib/amd64/libverify.so
7efedf127000-7efedf129000 rw-p 0000d000 08:09 3281631                    /usr/java/jdk1.8.0_91/jre/lib/amd64/libverify.so
7efedf129000-7efedf130000 r-xp 00000000 08:09 3936916                    /lib/x86_64-linux-gnu/librt-2.23.so
7efedf130000-7efedf32f000 ---p 00007000 08:09 3936916                    /lib/x86_64-linux-gnu/librt-2.23.so
7efedf32f000-7efedf330000 r--p 00006000 08:09 3936916                    /lib/x86_64-linux-gnu/librt-2.23.so
7efedf330000-7efedf331000 rw-p 00007000 08:09 3936916                    /lib/x86_64-linux-gnu/librt-2.23.so
7efedf331000-7efedf439000 r-xp 00000000 08:09 3936832                    /lib/x86_64-linux-gnu/libm-2.23.so
7efedf439000-7efedf638000 ---p 00108000 08:09 3936832                    /lib/x86_64-linux-gnu/libm-2.23.so
7efedf638000-7efedf639000 r--p 00107000 08:09 3936832                    /lib/x86_64-linux-gnu/libm-2.23.so
7efedf639000-7efedf63a000 rw-p 00108000 08:09 3936832                    /lib/x86_64-linux-gnu/libm-2.23.so
7efedf63a000-7efee02fa000 r-xp 00000000 08:09 3281593                    /usr/java/jdk1.8.0_91/jre/lib/amd64/server/libjvm.so
7efee02fa000-7efee04fa000 ---p 00cc0000 08:09 3281593                    /usr/java/jdk1.8.0_91/jre/lib/amd64/server/libjvm.so
7efee04fa000-7efee05d2000 rw-p 00cc0000 08:09 3281593                    /usr/java/jdk1.8.0_91/jre/lib/amd64/server/libjvm.so
7efee05d2000-7efee061d000 rw-p 00000000 00:00 0 
7efee061d000-7efee07dd000 r-xp 00000000 08:09 3936762                    /lib/x86_64-linux-gnu/libc-2.23.so
7efee07dd000-7efee09dc000 ---p 001c0000 08:09 3936762                    /lib/x86_64-linux-gnu/libc-2.23.so
7efee09dc000-7efee09e0000 r--p 001bf000 08:09 3936762                    /lib/x86_64-linux-gnu/libc-2.23.so
7efee09e0000-7efee09e2000 rw-p 001c3000 08:09 3936762                    /lib/x86_64-linux-gnu/libc-2.23.so
7efee09e2000-7efee09e6000 rw-p 00000000 00:00 0 
7efee09e6000-7efee09e9000 r-xp 00000000 08:09 3936786                    /lib/x86_64-linux-gnu/libdl-2.23.so
7efee09e9000-7efee0be8000 ---p 00003000 08:09 3936786                    /lib/x86_64-linux-gnu/libdl-2.23.so
7efee0be8000-7efee0be9000 r--p 00002000 08:09 3936786                    /lib/x86_64-linux-gnu/libdl-2.23.so
7efee0be9000-7efee0bea000 rw-p 00003000 08:09 3936786                    /lib/x86_64-linux-gnu/libdl-2.23.so
7efee0bea000-7efee0bff000 r-xp 00000000 08:09 3153660                    /usr/java/jdk1.8.0_91/lib/amd64/jli/libjli.so
7efee0bff000-7efee0dff000 ---p 00015000 08:09 3153660                    /usr/java/jdk1.8.0_91/lib/amd64/jli/libjli.so
7efee0dff000-7efee0e00000 rw-p 00015000 08:09 3153660                    /usr/java/jdk1.8.0_91/lib/amd64/jli/libjli.so
7efee0e00000-7efee0e18000 r-xp 00000000 08:09 3936908                    /lib/x86_64-linux-gnu/libpthread-2.23.so
7efee0e18000-7efee1017000 ---p 00018000 08:09 3936908                    /lib/x86_64-linux-gnu/libpthread-2.23.so
7efee1017000-7efee1018000 r--p 00017000 08:09 3936908                    /lib/x86_64-linux-gnu/libpthread-2.23.so
7efee1018000-7efee1019000 rw-p 00018000 08:09 3936908                    /lib/x86_64-linux-gnu/libpthread-2.23.so
7efee1019000-7efee101d000 rw-p 00000000 00:00 0 
7efee101d000-7efee1043000 r-xp 00000000 08:09 3936734                    /lib/x86_64-linux-gnu/ld-2.23.so
7efee1049000-7efee1122000 rw-p 00000000 00:00 0 
7efee1122000-7efee1125000 ---p 00000000 00:00 0 
7efee1125000-7efee1227000 rw-p 00000000 00:00 0 
7efee1227000-7efee1236000 r--s 000df000 08:09 4198036                    /home/kittuov/Android/Sdk/build-tools/23.0.3/lib/dx.jar
7efee1236000-7efee123e000 rw-s 00000000 08:09 6422907                    /tmp/hsperfdata_kittuov/15638
7efee123e000-7efee123f000 rw-p 00000000 00:00 0 
7efee123f000-7efee1240000 ---p 00000000 00:00 0 
7efee1240000-7efee1242000 rw-p 00000000 00:00 0 
7efee1242000-7efee1243000 r--p 00025000 08:09 3936734                    /lib/x86_64-linux-gnu/ld-2.23.so
7efee1243000-7efee1244000 rw-p 00026000 08:09 3936734                    /lib/x86_64-linux-gnu/ld-2.23.so
7efee1244000-7efee1245000 rw-p 00000000 00:00 0 
7fff87717000-7fff87738000 rw-p 00000000 00:00 0                          [stack]
7fff87759000-7fff8775b000 r--p 00000000 00:00 0                          [vvar]
7fff8775b000-7fff8775d000 r-xp 00000000 00:00 0                          [vdso]
ffffffffff600000-ffffffffff601000 r-xp 00000000 00:00 0                  [vsyscall]

VM Arguments:
jvm_args: -Djava.awt.headless=true -Xmx1024M -Dfile.encoding=UTF-8 -Duser.country=IN -Duser.language=en -Duser.variant 
java_command: com.android.dx.command.Main --dex --force-jumbo --num-threads=4 --multi-dex --output /home/kittuov/AndroidStudioProjects/TapQuick/app/build/intermediates/transforms/dex/debug/folders/1000/10/com.android.support-support-v4-23.3.0_154bd2259e57702b84b2d8fdcf585115e57b68ff /home/kittuov/AndroidStudioProjects/TapQuick/app/build/intermediates/exploded-aar/com.android.support/support-v4/23.3.0/jars/classes.jar
java_class_path (initial): /home/kittuov/Android/Sdk/build-tools/23.0.3/lib/dx.jar
Launcher Type: SUN_STANDARD

Environment Variables:
PATH=/usr/local/sbin:/usr/local/bin:/usr/sbin:/usr/bin:/sbin:/bin:/usr/games:/usr/local/games:/snap/bin
LD_LIBRARY_PATH=/home/kittuov/IDEs/android-studio/bin:
SHELL=/bin/bash
DISPLAY=:0

Signal Handlers:
SIGSEGV: [libjvm.so+0xabca10], sa_mask[0]=11111111011111111101111111111110, sa_flags=SA_RESTART|SA_SIGINFO
SIGBUS: [libjvm.so+0xabca10], sa_mask[0]=11111111011111111101111111111110, sa_flags=SA_RESTART|SA_SIGINFO
SIGFPE: [libjvm.so+0x919a20], sa_mask[0]=11111111011111111101111111111110, sa_flags=SA_RESTART|SA_SIGINFO
SIGPIPE: [libjvm.so+0x919a20], sa_mask[0]=11111111011111111101111111111110, sa_flags=SA_RESTART|SA_SIGINFO
SIGXFSZ: [libjvm.so+0x919a20], sa_mask[0]=11111111011111111101111111111110, sa_flags=SA_RESTART|SA_SIGINFO
SIGILL: [libjvm.so+0x919a20], sa_mask[0]=11111111011111111101111111111110, sa_flags=SA_RESTART|SA_SIGINFO
SIGUSR1: SIG_DFL, sa_mask[0]=00000000000000000000000000000000, sa_flags=none
SIGUSR2: [libjvm.so+0x91b050], sa_mask[0]=00100000000000000000000000000000, sa_flags=SA_RESTART|SA_SIGINFO
SIGHUP: [libjvm.so+0x91c450], sa_mask[0]=11111111011111111101111111111110, sa_flags=SA_RESTART|SA_SIGINFO
SIGINT: [libjvm.so+0x91c450], sa_mask[0]=11111111011111111101111111111110, sa_flags=SA_RESTART|SA_SIGINFO
SIGTERM: [libjvm.so+0x91c450], sa_mask[0]=11111111011111111101111111111110, sa_flags=SA_RESTART|SA_SIGINFO
SIGQUIT: [libjvm.so+0x91c450], sa_mask[0]=11111111011111111101111111111110, sa_flags=SA_RESTART|SA_SIGINFO


---------------  S Y S T E M  ---------------

OS:DISTRIB_ID=Ubuntu
DISTRIB_RELEASE=16.04
DISTRIB_CODENAME=xenial
DISTRIB_DESCRIPTION="Ubuntu 16.04 LTS"

uname:Linux 4.4.0-21-generic #37-Ubuntu SMP Mon Apr 18 18:33:37 UTC 2016 x86_64
libc:glibc 2.23 NPTL 2.23 
rlimit: STACK 8192k, CORE 0k, NPROC 31092, NOFILE 65536, AS infinity
load average:10.72 3.08 1.52

/proc/meminfo:
MemTotal:        8105560 kB
MemFree:           86620 kB
MemAvailable:     153732 kB
Buffers:            4696 kB
Cached:           939652 kB
SwapCached:            0 kB
Active:          6984220 kB
Inactive:         773556 kB
Active(anon):    6953668 kB
Inactive(anon):   747188 kB
Active(file):      30552 kB
Inactive(file):    26368 kB
Unevictable:         128 kB
Mlocked:             128 kB
SwapTotal:             0 kB
SwapFree:              0 kB
Dirty:              1020 kB
Writeback:             0 kB
AnonPages:       6813668 kB
Mapped:           280908 kB
Shmem:            887188 kB
Slab:             128512 kB
SReclaimable:      52576 kB
SUnreclaim:        75936 kB
KernelStack:       15776 kB
PageTables:        53476 kB
NFS_Unstable:          0 kB
Bounce:                0 kB
WritebackTmp:          0 kB
CommitLimit:     4052780 kB
Committed_AS:   12342804 kB
VmallocTotal:   34359738367 kB
VmallocUsed:           0 kB
VmallocChunk:          0 kB
HardwareCorrupted:     0 kB
AnonHugePages:   2119680 kB
CmaTotal:              0 kB
CmaFree:               0 kB
HugePages_Total:       0
HugePages_Free:        0
HugePages_Rsvd:        0
HugePages_Surp:        0
Hugepagesize:       2048 kB
DirectMap4k:      209408 kB
DirectMap2M:     7061504 kB
DirectMap1G:     2097152 kB


CPU:total 8 (4 cores per cpu, 2 threads per core) family 6 model 60 stepping 3, cmov, cx8, fxsr, mmx, sse, sse2, sse3, ssse3, sse4.1, sse4.2, popcnt, avx, avx2, aes, clmul, erms, lzcnt, ht, tsc, tscinvbit, bmi1, bmi2

/proc/cpuinfo:
processor	: 0
vendor_id	: GenuineIntel
cpu family	: 6
model		: 60
model name	: Intel(R) Core(TM) i7-4700MQ CPU @ 2.40GHz
stepping	: 3
microcode	: 0x1e
cpu MHz		: 2699.906
cache size	: 6144 KB
physical id	: 0
siblings	: 8
core id		: 0
cpu cores	: 4
apicid		: 0
initial apicid	: 0
fpu		: yes
fpu_exception	: yes
cpuid level	: 13
wp		: yes
flags		: fpu vme de pse tsc msr pae mce cx8 apic sep mtrr pge mca cmov pat pse36 clflush dts acpi mmx fxsr sse sse2 ss ht tm pbe syscall nx pdpe1gb rdtscp lm constant_tsc arch_perfmon pebs bts rep_good nopl xtopology nonstop_tsc aperfmperf eagerfpu pni pclmulqdq dtes64 monitor ds_cpl vmx est tm2 ssse3 sdbg fma cx16 xtpr pdcm pcid sse4_1 sse4_2 movbe popcnt tsc_deadline_timer aes xsave avx f16c rdrand lahf_lm abm epb tpr_shadow vnmi flexpriority ept vpid fsgsbase tsc_adjust bmi1 avx2 smep bmi2 erms invpcid xsaveopt dtherm ida arat pln pts
bugs		:
bogomips	: 4788.62
clflush size	: 64
cache_alignment	: 64
address sizes	: 39 bits physical, 48 bits virtual
power management:

processor	: 1
vendor_id	: GenuineIntel
cpu family	: 6
model		: 60
model name	: Intel(R) Core(TM) i7-4700MQ CPU @ 2.40GHz
stepping	: 3
microcode	: 0x1e
cpu MHz		: 2699.906
cache size	: 6144 KB
physical id	: 0
siblings	: 8
core id		: 0
cpu cores	: 4
apicid		: 1
initial apicid	: 1
fpu		: yes
fpu_exception	: yes
cpuid level	: 13
wp		: yes
flags		: fpu vme de pse tsc msr pae mce cx8 apic sep mtrr pge mca cmov pat pse36 clflush dts acpi mmx fxsr sse sse2 ss ht tm pbe syscall nx pdpe1gb rdtscp lm constant_tsc arch_perfmon pebs bts rep_good nopl xtopology nonstop_tsc aperfmperf eagerfpu pni pclmulqdq dtes64 monitor ds_cpl vmx est tm2 ssse3 sdbg fma cx16 xtpr pdcm pcid sse4_1 sse4_2 movbe popcnt tsc_deadline_timer aes xsave avx f16c rdrand lahf_lm abm epb tpr_shadow vnmi flexpriority ept vpid fsgsbase tsc_adjust bmi1 avx2 smep bmi2 erms invpcid xsaveopt dtherm ida arat pln pts
bugs		:
bogomips	: 4788.62
clflush size	: 64
cache_alignment	: 64
address sizes	: 39 bits physical, 48 bits virtual
power management:

processor	: 2
vendor_id	: GenuineIntel
cpu family	: 6
model		: 60
model name	: Intel(R) Core(TM) i7-4700MQ CPU @ 2.40GHz
stepping	: 3
microcode	: 0x1e
cpu MHz		: 2700.000
cache size	: 6144 KB
physical id	: 0
siblings	: 8
core id		: 1
cpu cores	: 4
apicid		: 2
initial apicid	: 2
fpu		: yes
fpu_exception	: yes
cpuid level	: 13
wp		: yes
flags		: fpu vme de pse tsc msr pae mce cx8 apic sep mtrr pge mca cmov pat pse36 clflush dts acpi mmx fxsr sse sse2 ss ht tm pbe syscall nx pdpe1gb rdtscp lm constant_tsc arch_perfmon pebs bts rep_good nopl xtopology nonstop_tsc aperfmperf eagerfpu pni pclmulqdq dtes64 monitor ds_cpl vmx est tm2 ssse3 sdbg fma cx16 xtpr pdcm pcid sse4_1 sse4_2 movbe popcnt tsc_deadline_timer aes xsave avx f16c rdrand lahf_lm abm epb tpr_shadow vnmi flexpriority ept vpid fsgsbase tsc_adjust bmi1 avx2 smep bmi2 erms invpcid xsaveopt dtherm ida arat pln pts
bugs		:
bogomips	: 4788.62
clflush size	: 64
cache_alignment	: 64
address sizes	: 39 bits physical, 48 bits virtual
power management:

processor	: 3
vendor_id	: GenuineIntel
cpu family	: 6
model		: 60
model name	: Intel(R) Core(TM) i7-4700MQ CPU @ 2.40GHz
stepping	: 3
microcode	: 0x1e
cpu MHz		: 2700.000
cache size	: 6144 KB
physical id	: 0
siblings	: 8
core id		: 1
cpu cores	: 4
apicid		: 3
initial apicid	: 3
fpu		: yes
fpu_exception	: yes
cpuid level	: 13
wp		: yes
flags		: fpu vme de pse tsc msr pae mce cx8 apic sep mtrr pge mca cmov pat pse36 clflush dts acpi mmx fxsr sse sse2 ss ht tm pbe syscall nx pdpe1gb rdtscp lm constant_tsc arch_perfmon pebs bts rep_good nopl xtopology nonstop_tsc aperfmperf eagerfpu pni pclmulqdq dtes64 monitor ds_cpl vmx est tm2 ssse3 sdbg fma cx16 xtpr pdcm pcid sse4_1 sse4_2 movbe popcnt tsc_deadline_timer aes xsave avx f16c rdrand lahf_lm abm epb tpr_shadow vnmi flexpriority ept vpid fsgsbase tsc_adjust bmi1 avx2 smep bmi2 erms invpcid xsaveopt dtherm ida arat pln pts
bugs		:
bogomips	: 4788.62
clflush size	: 64
cache_alignment	: 64
address sizes	: 39 bits physical, 48 bits virtual
power management:

processor	: 4
vendor_id	: GenuineIntel
cpu family	: 6
model		: 60
model name	: Intel(R) Core(TM) i7-4700MQ CPU @ 2.40GHz
stepping	: 3
microcode	: 0x1e
cpu MHz		: 2700.000
cache size	: 6144 KB
physical id	: 0
siblings	: 8
core id		: 2
cpu cores	: 4
apicid		: 4
initial apicid	: 4
fpu		: yes
fpu_exception	: yes
cpuid level	: 13
wp		: yes
flags		: fpu vme de pse tsc msr pae mce cx8 apic sep mtrr pge mca cmov pat pse36 clflush dts acpi mmx fxsr sse sse2 ss ht tm pbe syscall nx pdpe1gb rdtscp lm constant_tsc arch_perfmon pebs bts rep_good nopl xtopology nonstop_tsc aperfmperf eagerfpu pni pclmulqdq dtes64 monitor ds_cpl vmx est tm2 ssse3 sdbg fma cx16 xtpr pdcm pcid sse4_1 sse4_2 movbe popcnt tsc_deadline_timer aes xsave avx f16c rdrand lahf_lm abm epb tpr_shadow vnmi flexpriority ept vpid fsgsbase tsc_adjust bmi1 avx2 smep bmi2 erms invpcid xsaveopt dtherm ida arat pln pts
bugs		:
bogomips	: 4788.62
clflush size	: 64
cache_alignment	: 64
address sizes	: 39 bits physical, 48 bits virtual
power management:

processor	: 5
vendor_id	: GenuineIntel
cpu family	: 6
model		: 60
model name	: Intel(R) Core(TM) i7-4700MQ CPU @ 2.40GHz
stepping	: 3
microcode	: 0x1e
cpu MHz		: 2699.906
cache size	: 6144 KB
physical id	: 0
siblings	: 8
core id		: 2
cpu cores	: 4
apicid		: 5
initial apicid	: 5
fpu		: yes
fpu_exception	: yes
cpuid level	: 13
wp		: yes
flags		: fpu vme de pse tsc msr pae mce cx8 apic sep mtrr pge mca cmov pat pse36 clflush dts acpi mmx fxsr sse sse2 ss ht tm pbe syscall nx pdpe1gb rdtscp lm constant_tsc arch_perfmon pebs bts rep_good nopl xtopology nonstop_tsc aperfmperf eagerfpu pni pclmulqdq dtes64 monitor ds_cpl vmx est tm2 ssse3 sdbg fma cx16 xtpr pdcm pcid sse4_1 sse4_2 movbe popcnt tsc_deadline_timer aes xsave avx f16c rdrand lahf_lm abm epb tpr_shadow vnmi flexpriority ept vpid fsgsbase tsc_adjust bmi1 avx2 smep bmi2 erms invpcid xsaveopt dtherm ida arat pln pts
bugs		:
bogomips	: 4788.62
clflush size	: 64
cache_alignment	: 64
address sizes	: 39 bits physical, 48 bits virtual
power management:

processor	: 6
vendor_id	: GenuineIntel
cpu family	: 6
model		: 60
model name	: Intel(R) Core(TM) i7-4700MQ CPU @ 2.40GHz
stepping	: 3
microcode	: 0x1e
cpu MHz		: 2700.000
cache size	: 6144 KB
physical id	: 0
siblings	: 8
core id		: 3
cpu cores	: 4
apicid		: 6
initial apicid	: 6
fpu		: yes
fpu_exception	: yes
cpuid level	: 13
wp		: yes
flags		: fpu vme de pse tsc msr pae mce cx8 apic sep mtrr pge mca cmov pat pse36 clflush dts acpi mmx fxsr sse sse2 ss ht tm pbe syscall nx pdpe1gb rdtscp lm constant_tsc arch_perfmon pebs bts rep_good nopl xtopology nonstop_tsc aperfmperf eagerfpu pni pclmulqdq dtes64 monitor ds_cpl vmx est tm2 ssse3 sdbg fma cx16 xtpr pdcm pcid sse4_1 sse4_2 movbe popcnt tsc_deadline_timer aes xsave avx f16c rdrand lahf_lm abm epb tpr_shadow vnmi flexpriority ept vpid fsgsbase tsc_adjust bmi1 avx2 smep bmi2 erms invpcid xsaveopt dtherm ida arat pln pts
bugs		:
bogomips	: 4788.62
clflush size	: 64
cache_alignment	: 64
address sizes	: 39 bits physical, 48 bits virtual
power management:

processor	: 7
vendor_id	: GenuineIntel
cpu family	: 6
model		: 60
model name	: Intel(R) Core(TM) i7-4700MQ CPU @ 2.40GHz
stepping	: 3
microcode	: 0x1e
cpu MHz		: 2699.906
cache size	: 6144 KB
physical id	: 0
siblings	: 8
core id		: 3
cpu cores	: 4
apicid		: 7
initial apicid	: 7
fpu		: yes
fpu_exception	: yes
cpuid level	: 13
wp		: yes
flags		: fpu vme de pse tsc msr pae mce cx8 apic sep mtrr pge mca cmov pat pse36 clflush dts acpi mmx fxsr sse sse2 ss ht tm pbe syscall nx pdpe1gb rdtscp lm constant_tsc arch_perfmon pebs bts rep_good nopl xtopology nonstop_tsc aperfmperf eagerfpu pni pclmulqdq dtes64 monitor ds_cpl vmx est tm2 ssse3 sdbg fma cx16 xtpr pdcm pcid sse4_1 sse4_2 movbe popcnt tsc_deadline_timer aes xsave avx f16c rdrand lahf_lm abm epb tpr_shadow vnmi flexpriority ept vpid fsgsbase tsc_adjust bmi1 avx2 smep bmi2 erms invpcid xsaveopt dtherm ida arat pln pts
bugs		:
bogomips	: 4788.62
clflush size	: 64
cache_alignment	: 64
address sizes	: 39 bits physical, 48 bits virtual
power management:



Memory: 4k page, physical 8105560k(86620k free), swap 0k(0k free)

vm_info: Java HotSpot(TM) 64-Bit Server VM (25.91-b14) for linux-amd64 JRE (1.8.0_91-b14), built on Apr  1 2016 00:57:21 by "java_re" with gcc 4.3.0 20080428 (Red Hat 4.3.0-8)

time: Sun May  1 15:52:57 2016
elapsed time: 14 seconds (0d 0h 0m 14s)

