#
# There is insufficient memory for the Java Runtime Environment to continue.
# Native memory allocation (mmap) failed to map 170917888 bytes for committing reserved memory.
# Possible reasons:
#   The system is out of physical RAM or swap space
#   In 32 bit mode, the process size limit was hit
# Possible solutions:
#   Reduce memory load on the system
#   Increase physical memory or swap space
#   Check if swap backing store is full
#   Use 64 bit Java on a 64 bit OS
#   Decrease Java heap size (-Xmx/-Xms)
#   Decrease number of Java threads
#   Decrease Java thread stack sizes (-Xss)
#   Set larger code cache with -XX:ReservedCodeCacheSize=
# This output file may be truncated or incomplete.
#
#  Out of Memory Error (os_linux.cpp:2627), pid=21509, tid=140611351238400
#
# JRE version: Java(TM) SE Runtime Environment (8.0_91-b14) (build 1.8.0_91-b14)
# Java VM: Java HotSpot(TM) 64-Bit Server VM (25.91-b14 mixed mode linux-amd64 compressed oops)
# Failed to write core dump. Core dumps have been disabled. To enable core dumping, try "ulimit -c unlimited" before starting Java again
#

---------------  T H R E A D  ---------------

Current thread (0x00007fe2b4080000):  VMThread [stack: 0x00007fe2a1945000,0x00007fe2a1a46000] [id=21528]

Stack: [0x00007fe2a1945000,0x00007fe2a1a46000],  sp=0x00007fe2a1a440a0,  free space=1020k
Native frames: (J=compiled Java code, j=interpreted, Vv=VM code, C=native code)
V  [libjvm.so+0xabc18a]  VMError::report_and_die()+0x2ba
V  [libjvm.so+0x4fafeb]  report_vm_out_of_memory(char const*, int, unsigned long, VMErrorType, char const*)+0x8b
V  [libjvm.so+0x91cbb3]  os::Linux::commit_memory_impl(char*, unsigned long, bool)+0x103
V  [libjvm.so+0x91d109]  os::pd_commit_memory(char*, unsigned long, unsigned long, bool)+0x29
V  [libjvm.so+0x91740a]  os::commit_memory(char*, unsigned long, unsigned long, bool)+0x2a
V  [libjvm.so+0x98b033]  PSVirtualSpace::expand_by(unsigned long)+0x53
V  [libjvm.so+0x98c438]  PSYoungGen::resize_generation(unsigned long, unsigned long)+0xf8
V  [libjvm.so+0x98b592]  PSYoungGen::resize(unsigned long, unsigned long)+0x22
V  [libjvm.so+0x98886b]  PSScavenge::invoke_no_policy()+0xf3b
V  [libjvm.so+0x988ff1]  PSScavenge::invoke()+0x41
V  [libjvm.so+0x9408b0]  ParallelScavengeHeap::failed_mem_allocate(unsigned long)+0x70
V  [libjvm.so+0xabdba7]  VM_ParallelGCFailedAllocation::doit()+0x97
V  [libjvm.so+0xac55d5]  VM_Operation::evaluate()+0x55
V  [libjvm.so+0xac39aa]  VMThread::evaluate_operation(VM_Operation*)+0xba
V  [libjvm.so+0xac3d2e]  VMThread::loop()+0x1ce
V  [libjvm.so+0xac41a0]  VMThread::run()+0x70
V  [libjvm.so+0x91ef78]  java_start(Thread*)+0x108

VM_Operation (0x00007fe2a0276c50): ParallelGCFailedAllocation, mode: safepoint, requested by thread 0x00007fe2b4169800


---------------  P R O C E S S  ---------------

Java Threads: ( => current thread )
  0x00007fe2b4169800 JavaThread "pool-2-thread-4" [_thread_blocked, id=21563, stack(0x00007fe2a0178000,0x00007fe2a0279000)]
  0x00007fe2b4167800 JavaThread "pool-2-thread-3" [_thread_blocked, id=21562, stack(0x00007fe2a0279000,0x00007fe2a037a000)]
  0x00007fe2b4166800 JavaThread "pool-2-thread-2" [_thread_blocked, id=21561, stack(0x00007fe2a037a000,0x00007fe2a047b000)]
  0x00007fe2b4165000 JavaThread "pool-3-thread-1" [_thread_blocked, id=21560, stack(0x00007fe2a047b000,0x00007fe2a057c000)]
  0x00007fe2b4162800 JavaThread "pool-2-thread-1" [_thread_blocked, id=21559, stack(0x00007fe2a057c000,0x00007fe2a067d000)]
  0x00007fe2b40ca000 JavaThread "Service Thread" daemon [_thread_blocked, id=21549, stack(0x00007fe2a077e000,0x00007fe2a087f000)]
  0x00007fe2b40c7000 JavaThread "C1 CompilerThread3" daemon [_thread_blocked, id=21548, stack(0x00007fe2a087f000,0x00007fe2a0980000)]
  0x00007fe2b40c5000 JavaThread "C2 CompilerThread2" daemon [_thread_blocked, id=21547, stack(0x00007fe2a0980000,0x00007fe2a0a81000)]
  0x00007fe2b40c3800 JavaThread "C2 CompilerThread1" daemon [_thread_blocked, id=21545, stack(0x00007fe2a0a81000,0x00007fe2a0b82000)]
  0x00007fe2b40c0800 JavaThread "C2 CompilerThread0" daemon [_thread_blocked, id=21544, stack(0x00007fe2a0b82000,0x00007fe2a0c83000)]
  0x00007fe2b40bf000 JavaThread "Signal Dispatcher" daemon [_thread_blocked, id=21543, stack(0x00007fe2a0c83000,0x00007fe2a0d84000)]
  0x00007fe2b408c000 JavaThread "Finalizer" daemon [_thread_blocked, id=21540, stack(0x00007fe2a1743000,0x00007fe2a1844000)]
  0x00007fe2b4087800 JavaThread "Reference Handler" daemon [_thread_blocked, id=21539, stack(0x00007fe2a1844000,0x00007fe2a1945000)]
  0x00007fe2b400a000 JavaThread "main" [_thread_blocked, id=21512, stack(0x00007fe2bd0a0000,0x00007fe2bd1a1000)]

Other Threads:
=>0x00007fe2b4080000 VMThread [stack: 0x00007fe2a1945000,0x00007fe2a1a46000] [id=21528]
  0x00007fe2b40cd000 WatcherThread [stack: 0x00007fe2a067d000,0x00007fe2a077e000] [id=21550]

VM state:at safepoint (normal execution)

VM Mutex/Monitor currently owned by a thread:  ([mutex/lock_event])
[0x00007fe2b40064f0] Threads_lock - owner thread: 0x00007fe2b4080000
[0x00007fe2b40069f0] Heap_lock - owner thread: 0x00007fe2b4169800

Heap:
 PSYoungGen      total 132096K, used 5089K [0x00000000eab00000, 0x00000000f3100000, 0x0000000100000000)
  eden space 126976K, 0% used [0x00000000eab00000,0x00000000eab00000,0x00000000f2700000)
  from space 5120K, 99% used [0x00000000f2700000,0x00000000f2bf8770,0x00000000f2c00000)
  to   space 5120K, 0% used [0x00000000f2c00000,0x00000000f2c00000,0x00000000f3100000)
 ParOldGen       total 84992K, used 40766K [0x00000000c0000000, 0x00000000c5300000, 0x00000000eab00000)
  object space 84992K, 47% used [0x00000000c0000000,0x00000000c27cfae0,0x00000000c5300000)
 Metaspace       used 6282K, capacity 7192K, committed 7424K, reserved 1056768K
  class space    used 614K, capacity 656K, committed 768K, reserved 1048576K

Card table byte_map: [0x00007fe2b9c51000,0x00007fe2b9e52000] byte_map_base: 0x00007fe2b9651000

Marking Bits: (ParMarkBitMap*) 0x00007fe2bc56fd60
 Begin Bits: [0x00007fe2a3000000, 0x00007fe2a4000000)
 End Bits:   [0x00007fe2a4000000, 0x00007fe2a5000000)

Polling page: 0x00007fe2bd1be000

CodeCache: size=245760Kb used=6688Kb max_used=6688Kb free=239071Kb
 bounds [0x00007fe2a5000000, 0x00007fe2a5690000, 0x00007fe2b4000000]
 total_blobs=2078 nmethods=1810 adapters=182
 compilation: enabled

Compilation events (10 events):
Event: 6.095 Thread 0x00007fe2b40c7000 nmethod 2143 0x00007fe2a567b010 code [0x00007fe2a567b240, 0x00007fe2a567beb8]
Event: 6.095 Thread 0x00007fe2b40c7000 2141       3       com.android.dx.ssa.SsaMethod::convertRopToSsaBlocks (103 bytes)
Event: 6.112 Thread 0x00007fe2b40c7000 nmethod 2141 0x00007fe2a5679250 code [0x00007fe2a56794c0, 0x00007fe2a567a648]
Event: 6.112 Thread 0x00007fe2b40c7000 2137       3       com.android.dx.ssa.ConstCollector::updateConstUses (248 bytes)
Event: 6.114 Thread 0x00007fe2b40c7000 nmethod 2137 0x00007fe2a568bc90 code [0x00007fe2a568c040, 0x00007fe2a568e4d8]
Event: 6.114 Thread 0x00007fe2b40c7000 2153 %     3       com.android.dx.ssa.SsaRenamer::<init> @ 65 (100 bytes)
Event: 6.115 Thread 0x00007fe2b40c7000 nmethod 2153% 0x00007fe2a5677f90 code [0x00007fe2a5678180, 0x00007fe2a5678d28]
Event: 6.115 Thread 0x00007fe2b40c7000 2130       2       com.android.dx.cf.code.ByteCatchList::typeNotFound (47 bytes)
Event: 6.116 Thread 0x00007fe2b40c7000 nmethod 2130 0x00007fe2a5677a50 code [0x00007fe2a5677bc0, 0x00007fe2a5677dd0]
Event: 6.128 Thread 0x00007fe2b40c7000 2122       2       com.android.dx.cf.direct.AnnotationParser::parseAnnotations (143 bytes)

GC Heap History (9 events):
Event: 1.211 GC heap before
{Heap before GC invocations=1 (full 0):
 PSYoungGen      total 36864K, used 31744K [0x00000000eab00000, 0x00000000ed400000, 0x0000000100000000)
  eden space 31744K, 100% used [0x00000000eab00000,0x00000000eca00000,0x00000000eca00000)
  from space 5120K, 0% used [0x00000000ecf00000,0x00000000ecf00000,0x00000000ed400000)
  to   space 5120K, 0% used [0x00000000eca00000,0x00000000eca00000,0x00000000ecf00000)
 ParOldGen       total 84992K, used 0K [0x00000000c0000000, 0x00000000c5300000, 0x00000000eab00000)
  object space 84992K, 0% used [0x00000000c0000000,0x00000000c0000000,0x00000000c5300000)
 Metaspace       used 5774K, capacity 6768K, committed 7040K, reserved 1056768K
  class space    used 593K, capacity 616K, committed 640K, reserved 1048576K
Event: 1.240 GC heap after
Heap after GC invocations=1 (full 0):
 PSYoungGen      total 36864K, used 5118K [0x00000000eab00000, 0x00000000ef300000, 0x0000000100000000)
  eden space 31744K, 0% used [0x00000000eab00000,0x00000000eab00000,0x00000000eca00000)
  from space 5120K, 99% used [0x00000000eca00000,0x00000000eceffa10,0x00000000ecf00000)
  to   space 5120K, 0% used [0x00000000eee00000,0x00000000eee00000,0x00000000ef300000)
 ParOldGen       total 84992K, used 689K [0x00000000c0000000, 0x00000000c5300000, 0x00000000eab00000)
  object space 84992K, 0% used [0x00000000c0000000,0x00000000c00ac470,0x00000000c5300000)
 Metaspace       used 5774K, capacity 6768K, committed 7040K, reserved 1056768K
  class space    used 593K, capacity 616K, committed 640K, reserved 1048576K
}
Event: 1.805 GC heap before
{Heap before GC invocations=2 (full 0):
 PSYoungGen      total 36864K, used 36862K [0x00000000eab00000, 0x00000000ef300000, 0x0000000100000000)
  eden space 31744K, 100% used [0x00000000eab00000,0x00000000eca00000,0x00000000eca00000)
  from space 5120K, 99% used [0x00000000eca00000,0x00000000eceffa10,0x00000000ecf00000)
  to   space 5120K, 0% used [0x00000000eee00000,0x00000000eee00000,0x00000000ef300000)
 ParOldGen       total 84992K, used 689K [0x00000000c0000000, 0x00000000c5300000, 0x00000000eab00000)
  object space 84992K, 0% used [0x00000000c0000000,0x00000000c00ac470,0x00000000c5300000)
 Metaspace       used 5868K, capacity 6832K, committed 7040K, reserved 1056768K
  class space    used 593K, capacity 616K, committed 640K, reserved 1048576K
Event: 1.892 GC heap after
Heap after GC invocations=2 (full 0):
 PSYoungGen      total 68608K, used 5112K [0x00000000eab00000, 0x00000000ef300000, 0x0000000100000000)
  eden space 63488K, 0% used [0x00000000eab00000,0x00000000eab00000,0x00000000ee900000)
  from space 5120K, 99% used [0x00000000eee00000,0x00000000ef2fe300,0x00000000ef300000)
  to   space 5120K, 0% used [0x00000000ee900000,0x00000000ee900000,0x00000000eee00000)
 ParOldGen       total 84992K, used 5116K [0x00000000c0000000, 0x00000000c5300000, 0x00000000eab00000)
  object space 84992K, 6% used [0x00000000c0000000,0x00000000c04ff088,0x00000000c5300000)
 Metaspace       used 5868K, capacity 6832K, committed 7040K, reserved 1056768K
  class space    used 593K, capacity 616K, committed 640K, reserved 1048576K
}
Event: 2.517 GC heap before
{Heap before GC invocations=3 (full 0):
 PSYoungGen      total 68608K, used 68600K [0x00000000eab00000, 0x00000000ef300000, 0x0000000100000000)
  eden space 63488K, 100% used [0x00000000eab00000,0x00000000ee900000,0x00000000ee900000)
  from space 5120K, 99% used [0x00000000eee00000,0x00000000ef2fe300,0x00000000ef300000)
  to   space 5120K, 0% used [0x00000000ee900000,0x00000000ee900000,0x00000000eee00000)
 ParOldGen       total 84992K, used 5116K [0x00000000c0000000, 0x00000000c5300000, 0x00000000eab00000)
  object space 84992K, 6% used [0x00000000c0000000,0x00000000c04ff088,0x00000000c5300000)
 Metaspace       used 5945K, capacity 6960K, committed 7040K, reserved 1056768K
  class space    used 594K, capacity 616K, committed 640K, reserved 1048576K
Event: 2.575 GC heap after
Heap after GC invocations=3 (full 0):
 PSYoungGen      total 68608K, used 5096K [0x00000000eab00000, 0x00000000f3100000, 0x0000000100000000)
  eden space 63488K, 0% used [0x00000000eab00000,0x00000000eab00000,0x00000000ee900000)
  from space 5120K, 99% used [0x00000000ee900000,0x00000000eedfa2f0,0x00000000eee00000)
  to   space 5120K, 0% used [0x00000000f2c00000,0x00000000f2c00000,0x00000000f3100000)
 ParOldGen       total 84992K, used 14199K [0x00000000c0000000, 0x00000000c5300000, 0x00000000eab00000)
  object space 84992K, 16% used [0x00000000c0000000,0x00000000c0dddec0,0x00000000c5300000)
 Metaspace       used 5945K, capacity 6960K, committed 7040K, reserved 1056768K
  class space    used 594K, capacity 616K, committed 640K, reserved 1048576K
}
Event: 5.356 GC heap before
{Heap before GC invocations=4 (full 0):
 PSYoungGen      total 68608K, used 68584K [0x00000000eab00000, 0x00000000f3100000, 0x0000000100000000)
  eden space 63488K, 100% used [0x00000000eab00000,0x00000000ee900000,0x00000000ee900000)
  from space 5120K, 99% used [0x00000000ee900000,0x00000000eedfa2f0,0x00000000eee00000)
  to   space 5120K, 0% used [0x00000000f2c00000,0x00000000f2c00000,0x00000000f3100000)
 ParOldGen       total 84992K, used 14199K [0x00000000c0000000, 0x00000000c5300000, 0x00000000eab00000)
  object space 84992K, 16% used [0x00000000c0000000,0x00000000c0dddec0,0x00000000c5300000)
 Metaspace       used 6208K, capacity 7128K, committed 7424K, reserved 1056768K
  class space    used 614K, capacity 656K, committed 768K, reserved 1048576K
Event: 5.392 GC heap after
Heap after GC invocations=4 (full 0):
 PSYoungGen      total 132096K, used 5096K [0x00000000eab00000, 0x00000000f3100000, 0x0000000100000000)
  eden space 126976K, 0% used [0x00000000eab00000,0x00000000eab00000,0x00000000f2700000)
  from space 5120K, 99% used [0x00000000f2c00000,0x00000000f30fa330,0x00000000f3100000)
  to   space 5120K, 0% used [0x00000000f2700000,0x00000000f2700000,0x00000000f2c00000)
 ParOldGen       total 84992K, used 22491K [0x00000000c0000000, 0x00000000c5300000, 0x00000000eab00000)
  object space 84992K, 26% used [0x00000000c0000000,0x00000000c15f6e30,0x00000000c5300000)
 Metaspace       used 6208K, capacity 7128K, committed 7424K, reserved 1056768K
  class space    used 614K, capacity 656K, committed 768K, reserved 1048576K
}
Event: 6.128 GC heap before
{Heap before GC invocations=5 (full 0):
 PSYoungGen      total 132096K, used 132072K [0x00000000eab00000, 0x00000000f3100000, 0x0000000100000000)
  eden space 126976K, 100% used [0x00000000eab00000,0x00000000f2700000,0x00000000f2700000)
  from space 5120K, 99% used [0x00000000f2c00000,0x00000000f30fa330,0x00000000f3100000)
  to   space 5120K, 0% used [0x00000000f2700000,0x00000000f2700000,0x00000000f2c00000)
 ParOldGen       total 84992K, used 22491K [0x00000000c0000000, 0x00000000c5300000, 0x00000000eab00000)
  object space 84992K, 26% used [0x00000000c0000000,0x00000000c15f6e30,0x00000000c5300000)
 Metaspace       used 6282K, capacity 7192K, committed 7424K, reserved 1056768K
  class space    used 614K, capacity 656K, committed 768K, reserved 1048576K

Deoptimization events (10 events):
Event: 5.639 Thread 0x00007fe2b4162800 Uncommon trap: reason=bimorphic action=maybe_recompile pc=0x00007fe2a5554210 method=com.android.dx.ssa.SCCP.simulatePhi(Lcom/android/dx/ssa/PhiInsn;)V @ 124
Event: 5.670 Thread 0x00007fe2b4162800 Uncommon trap: reason=bimorphic action=maybe_recompile pc=0x00007fe2a5554210 method=com.android.dx.ssa.SCCP.simulatePhi(Lcom/android/dx/ssa/PhiInsn;)V @ 124
Event: 5.685 Thread 0x00007fe2b4167800 Uncommon trap: reason=unstable_if action=reinterpret pc=0x00007fe2a52dba08 method=com.android.dx.dex.code.OutputFinisher.hasLocalInfo(Lcom/android/dx/dex/code/DalvInsn;)Z @ 24
Event: 5.882 Thread 0x00007fe2b4167800 Uncommon trap: reason=unstable_if action=reinterpret pc=0x00007fe2a563798c method=com.android.dx.rop.cst.CstNat.equals(Ljava/lang/Object;)Z @ 25
Event: 5.887 Thread 0x00007fe2b4167800 Uncommon trap: reason=bimorphic action=maybe_recompile pc=0x00007fe2a565dd30 method=com.android.dx.rop.code.RegisterSpec.withSimpleType()Lcom/android/dx/rop/code/RegisterSpec; @ 21
Event: 5.890 Thread 0x00007fe2b4167800 Uncommon trap: reason=bimorphic action=maybe_recompile pc=0x00007fe2a565dd30 method=com.android.dx.rop.code.RegisterSpec.withSimpleType()Lcom/android/dx/rop/code/RegisterSpec; @ 21
Event: 5.892 Thread 0x00007fe2b4167800 Uncommon trap: reason=bimorphic action=maybe_recompile pc=0x00007fe2a565dd30 method=com.android.dx.rop.code.RegisterSpec.withSimpleType()Lcom/android/dx/rop/code/RegisterSpec; @ 21
Event: 5.900 Thread 0x00007fe2b4167800 Uncommon trap: reason=bimorphic action=maybe_recompile pc=0x00007fe2a565dd30 method=com.android.dx.rop.code.RegisterSpec.withSimpleType()Lcom/android/dx/rop/code/RegisterSpec; @ 21
Event: 6.018 Thread 0x00007fe2b4167800 Uncommon trap: reason=unstable_if action=reinterpret pc=0x00007fe2a559d274 method=com.android.dx.ssa.SCCP.simulateBranch(Lcom/android/dx/ssa/SsaInsn;)V @ 548
Event: 6.063 Thread 0x00007fe2b4166800 Uncommon trap: reason=bimorphic action=maybe_recompile pc=0x00007fe2a5554210 method=com.android.dx.ssa.SCCP.simulatePhi(Lcom/android/dx/ssa/PhiInsn;)V @ 124

Internal exceptions (6 events):
Event: 0.074 Thread 0x00007fe2b400a000 Exception <a 'java/lang/NoSuchMethodError': Method sun.misc.Unsafe.defineClass(Ljava/lang/String;[BII)Ljava/lang/Class; name or signature does not match> (0x00000000eab07cc0) thrown at [/HUDSON/workspace/8-2-build-linux-amd64/jdk8u91/6644/hotspot/src/shar
Event: 0.074 Thread 0x00007fe2b400a000 Exception <a 'java/lang/NoSuchMethodError': Method sun.misc.Unsafe.prefetchRead(Ljava/lang/Object;J)V name or signature does not match> (0x00000000eab07fa8) thrown at [/HUDSON/workspace/8-2-build-linux-amd64/jdk8u91/6644/hotspot/src/share/vm/prims/jni.cpp
Event: 1.309 Thread 0x00007fe2b4169800 Implicit null exception at 0x00007fe2a529f3bd to 0x00007fe2a52a2441
Event: 4.807 Thread 0x00007fe2b4169800 Exception <a 'java/lang/ArrayIndexOutOfBoundsException': 18> (0x00000000edaf6888) thrown at [/HUDSON/workspace/8-2-build-linux-amd64/jdk8u91/6644/hotspot/src/share/vm/interpreter/interpreterRuntime.cpp, line 366]
Event: 4.808 Thread 0x00007fe2b4169800 Exception <a 'java/lang/ArrayIndexOutOfBoundsException': 145> (0x00000000edaf8650) thrown at [/HUDSON/workspace/8-2-build-linux-amd64/jdk8u91/6644/hotspot/src/share/vm/interpreter/interpreterRuntime.cpp, line 366]
Event: 4.972 Thread 0x00007fe2b4169800 Exception <a 'java/lang/ArrayIndexOutOfBoundsException'> (0x00000000edaf9938) thrown at [/HUDSON/workspace/8-2-build-linux-amd64/jdk8u91/6644/hotspot/src/share/vm/runtime/sharedRuntime.cpp, line 605]

Events (10 events):
Event: 6.063 Thread 0x00007fe2b4166800 Uncommon trap: trap_request=0xffffffc6 fr.pc=0x00007fe2a5554210
Event: 6.063 Thread 0x00007fe2b4166800 DEOPT PACKING pc=0x00007fe2a5554210 sp=0x00007fe2a0478f50
Event: 6.063 Thread 0x00007fe2b4166800 DEOPT UNPACKING pc=0x00007fe2a5005229 sp=0x00007fe2a0478eb8 mode 2
Event: 6.073 Thread 0x00007fe2b4166800 DEOPT PACKING pc=0x00007fe2a535d928 sp=0x00007fe2a0478f20
Event: 6.073 Thread 0x00007fe2b4166800 DEOPT UNPACKING pc=0x00007fe2a5047633 sp=0x00007fe2a0478c88 mode 0
Event: 6.075 Thread 0x00007fe2b4166800 DEOPT PACKING pc=0x00007fe2a53593c8 sp=0x00007fe2a0478e20
Event: 6.075 Thread 0x00007fe2b4166800 DEOPT UNPACKING pc=0x00007fe2a5047633 sp=0x00007fe2a0478ba8 mode 0
Event: 6.116 Thread 0x00007fe2b4167800 DEOPT PACKING pc=0x00007fe2a537e8a8 sp=0x00007fe2a03780b0
Event: 6.116 Thread 0x00007fe2b4167800 DEOPT UNPACKING pc=0x00007fe2a5047633 sp=0x00007fe2a0377e08 mode 0
Event: 6.123 Executing VM operation: ParallelGCFailedAllocation


Dynamic libraries:
00400000-00401000 r-xp 00000000 08:09 3281753                            /usr/java/jdk1.8.0_91/bin/java
00600000-00601000 rw-p 00000000 08:09 3281753                            /usr/java/jdk1.8.0_91/bin/java
020f7000-02118000 rw-p 00000000 00:00 0                                  [heap]
c0000000-c5300000 rw-p 00000000 00:00 0 
c5300000-eab00000 ---p 00000000 00:00 0 
eab00000-f3100000 rw-p 00000000 00:00 0 
fd400000-100000000 ---p 00000000 00:00 0 
100000000-1000c0000 rw-p 00000000 00:00 0 
1000c0000-140000000 ---p 00000000 00:00 0 
7fe234000000-7fe234021000 rw-p 00000000 00:00 0 
7fe234021000-7fe238000000 ---p 00000000 00:00 0 
7fe23c000000-7fe23c021000 rw-p 00000000 00:00 0 
7fe23c021000-7fe240000000 ---p 00000000 00:00 0 
7fe240000000-7fe240029000 rw-p 00000000 00:00 0 
7fe240029000-7fe244000000 ---p 00000000 00:00 0 
7fe244000000-7fe244030000 rw-p 00000000 00:00 0 
7fe244030000-7fe248000000 ---p 00000000 00:00 0 
7fe248000000-7fe248021000 rw-p 00000000 00:00 0 
7fe248021000-7fe24c000000 ---p 00000000 00:00 0 
7fe24c000000-7fe24c021000 rw-p 00000000 00:00 0 
7fe24c021000-7fe250000000 ---p 00000000 00:00 0 
7fe250000000-7fe250021000 rw-p 00000000 00:00 0 
7fe250021000-7fe254000000 ---p 00000000 00:00 0 
7fe254000000-7fe255b89000 rw-p 00000000 00:00 0 
7fe255b89000-7fe258000000 ---p 00000000 00:00 0 
7fe258000000-7fe258796000 rw-p 00000000 00:00 0 
7fe258796000-7fe25c000000 ---p 00000000 00:00 0 
7fe25c000000-7fe25cbfe000 rw-p 00000000 00:00 0 
7fe25cbfe000-7fe260000000 ---p 00000000 00:00 0 
7fe260000000-7fe260f50000 rw-p 00000000 00:00 0 
7fe260f50000-7fe264000000 ---p 00000000 00:00 0 
7fe264000000-7fe264021000 rw-p 00000000 00:00 0 
7fe264021000-7fe268000000 ---p 00000000 00:00 0 
7fe268000000-7fe268021000 rw-p 00000000 00:00 0 
7fe268021000-7fe26c000000 ---p 00000000 00:00 0 
7fe26c000000-7fe26c28d000 rw-p 00000000 00:00 0 
7fe26c28d000-7fe270000000 ---p 00000000 00:00 0 
7fe270000000-7fe270021000 rw-p 00000000 00:00 0 
7fe270021000-7fe274000000 ---p 00000000 00:00 0 
7fe274000000-7fe274021000 rw-p 00000000 00:00 0 
7fe274021000-7fe278000000 ---p 00000000 00:00 0 
7fe278000000-7fe278021000 rw-p 00000000 00:00 0 
7fe278021000-7fe27c000000 ---p 00000000 00:00 0 
7fe27c000000-7fe27c021000 rw-p 00000000 00:00 0 
7fe27c021000-7fe280000000 ---p 00000000 00:00 0 
7fe284000000-7fe284021000 rw-p 00000000 00:00 0 
7fe284021000-7fe288000000 ---p 00000000 00:00 0 
7fe28c000000-7fe28c021000 rw-p 00000000 00:00 0 
7fe28c021000-7fe290000000 ---p 00000000 00:00 0 
7fe294000000-7fe294021000 rw-p 00000000 00:00 0 
7fe294021000-7fe298000000 ---p 00000000 00:00 0 
7fe298000000-7fe298021000 rw-p 00000000 00:00 0 
7fe298021000-7fe29c000000 ---p 00000000 00:00 0 
7fe29c000000-7fe29c021000 rw-p 00000000 00:00 0 
7fe29c021000-7fe2a0000000 ---p 00000000 00:00 0 
7fe2a0178000-7fe2a017b000 ---p 00000000 00:00 0 
7fe2a017b000-7fe2a0279000 rw-p 00000000 00:00 0 
7fe2a0279000-7fe2a027c000 ---p 00000000 00:00 0 
7fe2a027c000-7fe2a037a000 rw-p 00000000 00:00 0 
7fe2a037a000-7fe2a037d000 ---p 00000000 00:00 0 
7fe2a037d000-7fe2a047b000 rw-p 00000000 00:00 0 
7fe2a047b000-7fe2a047e000 ---p 00000000 00:00 0 
7fe2a047e000-7fe2a057c000 rw-p 00000000 00:00 0 
7fe2a057c000-7fe2a057f000 ---p 00000000 00:00 0 
7fe2a057f000-7fe2a067d000 rw-p 00000000 00:00 0 
7fe2a067d000-7fe2a067e000 ---p 00000000 00:00 0 
7fe2a067e000-7fe2a077e000 rw-p 00000000 00:00 0 
7fe2a077e000-7fe2a0781000 ---p 00000000 00:00 0 
7fe2a0781000-7fe2a087f000 rw-p 00000000 00:00 0 
7fe2a087f000-7fe2a0882000 ---p 00000000 00:00 0 
7fe2a0882000-7fe2a0980000 rw-p 00000000 00:00 0 
7fe2a0980000-7fe2a0983000 ---p 00000000 00:00 0 
7fe2a0983000-7fe2a0a81000 rw-p 00000000 00:00 0 
7fe2a0a81000-7fe2a0a84000 ---p 00000000 00:00 0 
7fe2a0a84000-7fe2a0b82000 rw-p 00000000 00:00 0 
7fe2a0b82000-7fe2a0b85000 ---p 00000000 00:00 0 
7fe2a0b85000-7fe2a0c83000 rw-p 00000000 00:00 0 
7fe2a0c83000-7fe2a0c86000 ---p 00000000 00:00 0 
7fe2a0c86000-7fe2a0d84000 rw-p 00000000 00:00 0 
7fe2a0d84000-7fe2a1743000 r--p 00000000 08:09 1318033                    /usr/lib/locale/locale-archive
7fe2a1743000-7fe2a1746000 ---p 00000000 00:00 0 
7fe2a1746000-7fe2a1844000 rw-p 00000000 00:00 0 
7fe2a1844000-7fe2a1847000 ---p 00000000 00:00 0 
7fe2a1847000-7fe2a1945000 rw-p 00000000 00:00 0 
7fe2a1945000-7fe2a1946000 ---p 00000000 00:00 0 
7fe2a1946000-7fe2a5000000 rw-p 00000000 00:00 0 
7fe2a5000000-7fe2a5690000 rwxp 00000000 00:00 0 
7fe2a5690000-7fe2b4000000 ---p 00000000 00:00 0 
7fe2b4000000-7fe2b439a000 rw-p 00000000 00:00 0 
7fe2b439a000-7fe2b8000000 ---p 00000000 00:00 0 
7fe2b8004000-7fe2b800e000 r--s 0008b000 08:09 4198215                    /home/kittuov/AndroidStudioProjects/TapQuick/app/build/intermediates/exploded-aar/com.android.support/appcompat-v7/23.3.0/jars/classes.jar
7fe2b800e000-7fe2b86a5000 rw-p 00000000 00:00 0 
7fe2b86a5000-7fe2b887d000 r--s 03cd8000 08:09 3279665                    /usr/java/jdk1.8.0_91/jre/lib/rt.jar
7fe2b887d000-7fe2b8f73000 rw-p 00000000 00:00 0 
7fe2b8f73000-7fe2b90f3000 ---p 00000000 00:00 0 
7fe2b90f3000-7fe2b92f3000 rw-p 00000000 00:00 0 
7fe2b92f3000-7fe2b92f4000 ---p 00000000 00:00 0 
7fe2b92f4000-7fe2b93f4000 rw-p 00000000 00:00 0 
7fe2b93f4000-7fe2b93f5000 ---p 00000000 00:00 0 
7fe2b93f5000-7fe2b94f5000 rw-p 00000000 00:00 0 
7fe2b94f5000-7fe2b94f6000 ---p 00000000 00:00 0 
7fe2b94f6000-7fe2b95f6000 rw-p 00000000 00:00 0 
7fe2b95f6000-7fe2b95f7000 ---p 00000000 00:00 0 
7fe2b95f7000-7fe2b96f7000 rw-p 00000000 00:00 0 
7fe2b96f7000-7fe2b96f8000 ---p 00000000 00:00 0 
7fe2b96f8000-7fe2b97f8000 rw-p 00000000 00:00 0 
7fe2b97f8000-7fe2b97f9000 ---p 00000000 00:00 0 
7fe2b97f9000-7fe2b98f9000 rw-p 00000000 00:00 0 
7fe2b98f9000-7fe2b98fa000 ---p 00000000 00:00 0 
7fe2b98fa000-7fe2b99fa000 rw-p 00000000 00:00 0 
7fe2b99fa000-7fe2b99fb000 ---p 00000000 00:00 0 
7fe2b99fb000-7fe2b9b25000 rw-p 00000000 00:00 0 
7fe2b9b25000-7fe2b9c51000 ---p 00000000 00:00 0 
7fe2b9c51000-7fe2b9c7b000 rw-p 00000000 00:00 0 
7fe2b9c7b000-7fe2b9da6000 ---p 00000000 00:00 0 
7fe2b9da6000-7fe2b9dea000 rw-p 00000000 00:00 0 
7fe2b9dea000-7fe2b9e51000 ---p 00000000 00:00 0 
7fe2b9e51000-7fe2b9e6d000 rw-p 00000000 00:00 0 
7fe2b9e6d000-7fe2ba212000 ---p 00000000 00:00 0 
7fe2ba212000-7fe2ba22c000 r-xp 00000000 08:09 3281597                    /usr/java/jdk1.8.0_91/jre/lib/amd64/libzip.so
7fe2ba22c000-7fe2ba42c000 ---p 0001a000 08:09 3281597                    /usr/java/jdk1.8.0_91/jre/lib/amd64/libzip.so
7fe2ba42c000-7fe2ba42d000 rw-p 0001a000 08:09 3281597                    /usr/java/jdk1.8.0_91/jre/lib/amd64/libzip.so
7fe2ba42d000-7fe2ba438000 r-xp 00000000 08:09 3936861                    /lib/x86_64-linux-gnu/libnss_files-2.23.so
7fe2ba438000-7fe2ba637000 ---p 0000b000 08:09 3936861                    /lib/x86_64-linux-gnu/libnss_files-2.23.so
7fe2ba637000-7fe2ba638000 r--p 0000a000 08:09 3936861                    /lib/x86_64-linux-gnu/libnss_files-2.23.so
7fe2ba638000-7fe2ba639000 rw-p 0000b000 08:09 3936861                    /lib/x86_64-linux-gnu/libnss_files-2.23.so
7fe2ba639000-7fe2ba63f000 rw-p 00000000 00:00 0 
7fe2ba63f000-7fe2ba64a000 r-xp 00000000 08:09 3936871                    /lib/x86_64-linux-gnu/libnss_nis-2.23.so
7fe2ba64a000-7fe2ba849000 ---p 0000b000 08:09 3936871                    /lib/x86_64-linux-gnu/libnss_nis-2.23.so
7fe2ba849000-7fe2ba84a000 r--p 0000a000 08:09 3936871                    /lib/x86_64-linux-gnu/libnss_nis-2.23.so
7fe2ba84a000-7fe2ba84b000 rw-p 0000b000 08:09 3936871                    /lib/x86_64-linux-gnu/libnss_nis-2.23.so
7fe2ba84b000-7fe2ba861000 r-xp 00000000 08:09 3936855                    /lib/x86_64-linux-gnu/libnsl-2.23.so
7fe2ba861000-7fe2baa60000 ---p 00016000 08:09 3936855                    /lib/x86_64-linux-gnu/libnsl-2.23.so
7fe2baa60000-7fe2baa61000 r--p 00015000 08:09 3936855                    /lib/x86_64-linux-gnu/libnsl-2.23.so
7fe2baa61000-7fe2baa62000 rw-p 00016000 08:09 3936855                    /lib/x86_64-linux-gnu/libnsl-2.23.so
7fe2baa62000-7fe2baa64000 rw-p 00000000 00:00 0 
7fe2baa64000-7fe2baa6c000 r-xp 00000000 08:09 3936857                    /lib/x86_64-linux-gnu/libnss_compat-2.23.so
7fe2baa6c000-7fe2bac6b000 ---p 00008000 08:09 3936857                    /lib/x86_64-linux-gnu/libnss_compat-2.23.so
7fe2bac6b000-7fe2bac6c000 r--p 00007000 08:09 3936857                    /lib/x86_64-linux-gnu/libnss_compat-2.23.so
7fe2bac6c000-7fe2bac6d000 rw-p 00008000 08:09 3936857                    /lib/x86_64-linux-gnu/libnss_compat-2.23.so
7fe2bac6d000-7fe2bac97000 r-xp 00000000 08:09 3281634                    /usr/java/jdk1.8.0_91/jre/lib/amd64/libjava.so
7fe2bac97000-7fe2bae97000 ---p 0002a000 08:09 3281634                    /usr/java/jdk1.8.0_91/jre/lib/amd64/libjava.so
7fe2bae97000-7fe2bae99000 rw-p 0002a000 08:09 3281634                    /usr/java/jdk1.8.0_91/jre/lib/amd64/libjava.so
7fe2bae99000-7fe2baea6000 r-xp 00000000 08:09 3281631                    /usr/java/jdk1.8.0_91/jre/lib/amd64/libverify.so
7fe2baea6000-7fe2bb0a6000 ---p 0000d000 08:09 3281631                    /usr/java/jdk1.8.0_91/jre/lib/amd64/libverify.so
7fe2bb0a6000-7fe2bb0a8000 rw-p 0000d000 08:09 3281631                    /usr/java/jdk1.8.0_91/jre/lib/amd64/libverify.so
7fe2bb0a8000-7fe2bb0af000 r-xp 00000000 08:09 3936916                    /lib/x86_64-linux-gnu/librt-2.23.so
7fe2bb0af000-7fe2bb2ae000 ---p 00007000 08:09 3936916                    /lib/x86_64-linux-gnu/librt-2.23.so
7fe2bb2ae000-7fe2bb2af000 r--p 00006000 08:09 3936916                    /lib/x86_64-linux-gnu/librt-2.23.so
7fe2bb2af000-7fe2bb2b0000 rw-p 00007000 08:09 3936916                    /lib/x86_64-linux-gnu/librt-2.23.so
7fe2bb2b0000-7fe2bb3b8000 r-xp 00000000 08:09 3936832                    /lib/x86_64-linux-gnu/libm-2.23.so
7fe2bb3b8000-7fe2bb5b7000 ---p 00108000 08:09 3936832                    /lib/x86_64-linux-gnu/libm-2.23.so
7fe2bb5b7000-7fe2bb5b8000 r--p 00107000 08:09 3936832                    /lib/x86_64-linux-gnu/libm-2.23.so
7fe2bb5b8000-7fe2bb5b9000 rw-p 00108000 08:09 3936832                    /lib/x86_64-linux-gnu/libm-2.23.so
7fe2bb5b9000-7fe2bc279000 r-xp 00000000 08:09 3281593                    /usr/java/jdk1.8.0_91/jre/lib/amd64/server/libjvm.so
7fe2bc279000-7fe2bc479000 ---p 00cc0000 08:09 3281593                    /usr/java/jdk1.8.0_91/jre/lib/amd64/server/libjvm.so
7fe2bc479000-7fe2bc551000 rw-p 00cc0000 08:09 3281593                    /usr/java/jdk1.8.0_91/jre/lib/amd64/server/libjvm.so
7fe2bc551000-7fe2bc59c000 rw-p 00000000 00:00 0 
7fe2bc59c000-7fe2bc75c000 r-xp 00000000 08:09 3936762                    /lib/x86_64-linux-gnu/libc-2.23.so
7fe2bc75c000-7fe2bc95b000 ---p 001c0000 08:09 3936762                    /lib/x86_64-linux-gnu/libc-2.23.so
7fe2bc95b000-7fe2bc95f000 r--p 001bf000 08:09 3936762                    /lib/x86_64-linux-gnu/libc-2.23.so
7fe2bc95f000-7fe2bc961000 rw-p 001c3000 08:09 3936762                    /lib/x86_64-linux-gnu/libc-2.23.so
7fe2bc961000-7fe2bc965000 rw-p 00000000 00:00 0 
7fe2bc965000-7fe2bc968000 r-xp 00000000 08:09 3936786                    /lib/x86_64-linux-gnu/libdl-2.23.so
7fe2bc968000-7fe2bcb67000 ---p 00003000 08:09 3936786                    /lib/x86_64-linux-gnu/libdl-2.23.so
7fe2bcb67000-7fe2bcb68000 r--p 00002000 08:09 3936786                    /lib/x86_64-linux-gnu/libdl-2.23.so
7fe2bcb68000-7fe2bcb69000 rw-p 00003000 08:09 3936786                    /lib/x86_64-linux-gnu/libdl-2.23.so
7fe2bcb69000-7fe2bcb7e000 r-xp 00000000 08:09 3153660                    /usr/java/jdk1.8.0_91/lib/amd64/jli/libjli.so
7fe2bcb7e000-7fe2bcd7e000 ---p 00015000 08:09 3153660                    /usr/java/jdk1.8.0_91/lib/amd64/jli/libjli.so
7fe2bcd7e000-7fe2bcd7f000 rw-p 00015000 08:09 3153660                    /usr/java/jdk1.8.0_91/lib/amd64/jli/libjli.so
7fe2bcd7f000-7fe2bcd97000 r-xp 00000000 08:09 3936908                    /lib/x86_64-linux-gnu/libpthread-2.23.so
7fe2bcd97000-7fe2bcf96000 ---p 00018000 08:09 3936908                    /lib/x86_64-linux-gnu/libpthread-2.23.so
7fe2bcf96000-7fe2bcf97000 r--p 00017000 08:09 3936908                    /lib/x86_64-linux-gnu/libpthread-2.23.so
7fe2bcf97000-7fe2bcf98000 rw-p 00018000 08:09 3936908                    /lib/x86_64-linux-gnu/libpthread-2.23.so
7fe2bcf98000-7fe2bcf9c000 rw-p 00000000 00:00 0 
7fe2bcf9c000-7fe2bcfc2000 r-xp 00000000 08:09 3936734                    /lib/x86_64-linux-gnu/ld-2.23.so
7fe2bcfc7000-7fe2bd0a0000 rw-p 00000000 00:00 0 
7fe2bd0a0000-7fe2bd0a3000 ---p 00000000 00:00 0 
7fe2bd0a3000-7fe2bd1a5000 rw-p 00000000 00:00 0 
7fe2bd1a6000-7fe2bd1b5000 r--s 000df000 08:09 4198036                    /home/kittuov/Android/Sdk/build-tools/23.0.3/lib/dx.jar
7fe2bd1b5000-7fe2bd1bd000 rw-s 00000000 08:09 6422911                    /tmp/hsperfdata_kittuov/21509
7fe2bd1bd000-7fe2bd1be000 rw-p 00000000 00:00 0 
7fe2bd1be000-7fe2bd1bf000 ---p 00000000 00:00 0 
7fe2bd1bf000-7fe2bd1c1000 rw-p 00000000 00:00 0 
7fe2bd1c1000-7fe2bd1c2000 r--p 00025000 08:09 3936734                    /lib/x86_64-linux-gnu/ld-2.23.so
7fe2bd1c2000-7fe2bd1c3000 rw-p 00026000 08:09 3936734                    /lib/x86_64-linux-gnu/ld-2.23.so
7fe2bd1c3000-7fe2bd1c4000 rw-p 00000000 00:00 0 
7ffc6a120000-7ffc6a141000 rw-p 00000000 00:00 0                          [stack]
7ffc6a194000-7ffc6a196000 r--p 00000000 00:00 0                          [vvar]
7ffc6a196000-7ffc6a198000 r-xp 00000000 00:00 0                          [vdso]
ffffffffff600000-ffffffffff601000 r-xp 00000000 00:00 0                  [vsyscall]

VM Arguments:
jvm_args: -Djava.awt.headless=true -Xmx1024M -Dfile.encoding=UTF-8 -Duser.country=IN -Duser.language=en -Duser.variant 
java_command: com.android.dx.command.Main --dex --force-jumbo --num-threads=4 --multi-dex --output /home/kittuov/AndroidStudioProjects/TapQuick/app/build/intermediates/transforms/dex/debug/folders/1000/10/com.android.support-appcompat-v7-23.3.0_a7d1c5c7b4461b79e413cd962b862d344877c942 /home/kittuov/AndroidStudioProjects/TapQuick/app/build/intermediates/exploded-aar/com.android.support/appcompat-v7/23.3.0/jars/classes.jar
java_class_path (initial): /home/kittuov/Android/Sdk/build-tools/23.0.3/lib/dx.jar
Launcher Type: SUN_STANDARD

Environment Variables:
PATH=/usr/local/sbin:/usr/local/bin:/usr/sbin:/usr/bin:/sbin:/bin:/usr/games:/usr/local/games:/snap/bin
LD_LIBRARY_PATH=/home/kittuov/IDEs/android-studio/bin:
SHELL=/bin/bash
DISPLAY=:0

Signal Handlers:
SIGSEGV: [libjvm.so+0xabca10], sa_mask[0]=11111111011111111101111111111110, sa_flags=SA_RESTART|SA_SIGINFO
SIGBUS: [libjvm.so+0xabca10], sa_mask[0]=11111111011111111101111111111110, sa_flags=SA_RESTART|SA_SIGINFO
SIGFPE: [libjvm.so+0x919a20], sa_mask[0]=11111111011111111101111111111110, sa_flags=SA_RESTART|SA_SIGINFO
SIGPIPE: [libjvm.so+0x919a20], sa_mask[0]=11111111011111111101111111111110, sa_flags=SA_RESTART|SA_SIGINFO
SIGXFSZ: [libjvm.so+0x919a20], sa_mask[0]=11111111011111111101111111111110, sa_flags=SA_RESTART|SA_SIGINFO
SIGILL: [libjvm.so+0x919a20], sa_mask[0]=11111111011111111101111111111110, sa_flags=SA_RESTART|SA_SIGINFO
SIGUSR1: SIG_DFL, sa_mask[0]=00000000000000000000000000000000, sa_flags=none
SIGUSR2: [libjvm.so+0x91b050], sa_mask[0]=00100000000000000000000000000000, sa_flags=SA_RESTART|SA_SIGINFO
SIGHUP: [libjvm.so+0x91c450], sa_mask[0]=11111111011111111101111111111110, sa_flags=SA_RESTART|SA_SIGINFO
SIGINT: [libjvm.so+0x91c450], sa_mask[0]=11111111011111111101111111111110, sa_flags=SA_RESTART|SA_SIGINFO
SIGTERM: [libjvm.so+0x91c450], sa_mask[0]=11111111011111111101111111111110, sa_flags=SA_RESTART|SA_SIGINFO
SIGQUIT: [libjvm.so+0x91c450], sa_mask[0]=11111111011111111101111111111110, sa_flags=SA_RESTART|SA_SIGINFO


---------------  S Y S T E M  ---------------

OS:DISTRIB_ID=Ubuntu
DISTRIB_RELEASE=16.04
DISTRIB_CODENAME=xenial
DISTRIB_DESCRIPTION="Ubuntu 16.04 LTS"

uname:Linux 4.4.0-21-generic #37-Ubuntu SMP Mon Apr 18 18:33:37 UTC 2016 x86_64
libc:glibc 2.23 NPTL 2.23 
rlimit: STACK 8192k, CORE 0k, NPROC 31092, NOFILE 65536, AS infinity
load average:12.37 6.89 3.68

/proc/meminfo:
MemTotal:        8105560 kB
MemFree:           56592 kB
MemAvailable:     104628 kB
Buffers:            2172 kB
Cached:          1403280 kB
SwapCached:            0 kB
Active:          6580528 kB
Inactive:        1210152 kB
Active(anon):    6560044 kB
Inactive(anon):  1190708 kB
Active(file):      20484 kB
Inactive(file):    19444 kB
Unevictable:         176 kB
Mlocked:             176 kB
SwapTotal:             0 kB
SwapFree:              0 kB
Dirty:              3804 kB
Writeback:           160 kB
AnonPages:       6385640 kB
Mapped:           456660 kB
Shmem:           1365320 kB
Slab:             122604 kB
SReclaimable:      50492 kB
SUnreclaim:        72112 kB
KernelStack:       16576 kB
PageTables:        60564 kB
NFS_Unstable:          0 kB
Bounce:                0 kB
WritebackTmp:          0 kB
CommitLimit:     4052780 kB
Committed_AS:   13941260 kB
VmallocTotal:   34359738367 kB
VmallocUsed:           0 kB
VmallocChunk:          0 kB
HardwareCorrupted:     0 kB
AnonHugePages:   3121152 kB
CmaTotal:              0 kB
CmaFree:               0 kB
HugePages_Total:       0
HugePages_Free:        0
HugePages_Rsvd:        0
HugePages_Surp:        0
Hugepagesize:       2048 kB
DirectMap4k:      207360 kB
DirectMap2M:     7063552 kB
DirectMap1G:     2097152 kB


CPU:total 8 (4 cores per cpu, 2 threads per core) family 6 model 60 stepping 3, cmov, cx8, fxsr, mmx, sse, sse2, sse3, ssse3, sse4.1, sse4.2, popcnt, avx, avx2, aes, clmul, erms, lzcnt, ht, tsc, tscinvbit, bmi1, bmi2

/proc/cpuinfo:
processor	: 0
vendor_id	: GenuineIntel
cpu family	: 6
model		: 60
model name	: Intel(R) Core(TM) i7-4700MQ CPU @ 2.40GHz
stepping	: 3
microcode	: 0x1e
cpu MHz		: 1528.593
cache size	: 6144 KB
physical id	: 0
siblings	: 8
core id		: 0
cpu cores	: 4
apicid		: 0
initial apicid	: 0
fpu		: yes
fpu_exception	: yes
cpuid level	: 13
wp		: yes
flags		: fpu vme de pse tsc msr pae mce cx8 apic sep mtrr pge mca cmov pat pse36 clflush dts acpi mmx fxsr sse sse2 ss ht tm pbe syscall nx pdpe1gb rdtscp lm constant_tsc arch_perfmon pebs bts rep_good nopl xtopology nonstop_tsc aperfmperf eagerfpu pni pclmulqdq dtes64 monitor ds_cpl vmx est tm2 ssse3 sdbg fma cx16 xtpr pdcm pcid sse4_1 sse4_2 movbe popcnt tsc_deadline_timer aes xsave avx f16c rdrand lahf_lm abm epb tpr_shadow vnmi flexpriority ept vpid fsgsbase tsc_adjust bmi1 avx2 smep bmi2 erms invpcid xsaveopt dtherm ida arat pln pts
bugs		:
bogomips	: 4788.68
clflush size	: 64
cache_alignment	: 64
address sizes	: 39 bits physical, 48 bits virtual
power management:

processor	: 1
vendor_id	: GenuineIntel
cpu family	: 6
model		: 60
model name	: Intel(R) Core(TM) i7-4700MQ CPU @ 2.40GHz
stepping	: 3
microcode	: 0x1e
cpu MHz		: 1600.031
cache size	: 6144 KB
physical id	: 0
siblings	: 8
core id		: 0
cpu cores	: 4
apicid		: 1
initial apicid	: 1
fpu		: yes
fpu_exception	: yes
cpuid level	: 13
wp		: yes
flags		: fpu vme de pse tsc msr pae mce cx8 apic sep mtrr pge mca cmov pat pse36 clflush dts acpi mmx fxsr sse sse2 ss ht tm pbe syscall nx pdpe1gb rdtscp lm constant_tsc arch_perfmon pebs bts rep_good nopl xtopology nonstop_tsc aperfmperf eagerfpu pni pclmulqdq dtes64 monitor ds_cpl vmx est tm2 ssse3 sdbg fma cx16 xtpr pdcm pcid sse4_1 sse4_2 movbe popcnt tsc_deadline_timer aes xsave avx f16c rdrand lahf_lm abm epb tpr_shadow vnmi flexpriority ept vpid fsgsbase tsc_adjust bmi1 avx2 smep bmi2 erms invpcid xsaveopt dtherm ida arat pln pts
bugs		:
bogomips	: 4788.68
clflush size	: 64
cache_alignment	: 64
address sizes	: 39 bits physical, 48 bits virtual
power management:

processor	: 2
vendor_id	: GenuineIntel
cpu family	: 6
model		: 60
model name	: Intel(R) Core(TM) i7-4700MQ CPU @ 2.40GHz
stepping	: 3
microcode	: 0x1e
cpu MHz		: 1588.687
cache size	: 6144 KB
physical id	: 0
siblings	: 8
core id		: 1
cpu cores	: 4
apicid		: 2
initial apicid	: 2
fpu		: yes
fpu_exception	: yes
cpuid level	: 13
wp		: yes
flags		: fpu vme de pse tsc msr pae mce cx8 apic sep mtrr pge mca cmov pat pse36 clflush dts acpi mmx fxsr sse sse2 ss ht tm pbe syscall nx pdpe1gb rdtscp lm constant_tsc arch_perfmon pebs bts rep_good nopl xtopology nonstop_tsc aperfmperf eagerfpu pni pclmulqdq dtes64 monitor ds_cpl vmx est tm2 ssse3 sdbg fma cx16 xtpr pdcm pcid sse4_1 sse4_2 movbe popcnt tsc_deadline_timer aes xsave avx f16c rdrand lahf_lm abm epb tpr_shadow vnmi flexpriority ept vpid fsgsbase tsc_adjust bmi1 avx2 smep bmi2 erms invpcid xsaveopt dtherm ida arat pln pts
bugs		:
bogomips	: 4788.68
clflush size	: 64
cache_alignment	: 64
address sizes	: 39 bits physical, 48 bits virtual
power management:

processor	: 3
vendor_id	: GenuineIntel
cpu family	: 6
model		: 60
model name	: Intel(R) Core(TM) i7-4700MQ CPU @ 2.40GHz
stepping	: 3
microcode	: 0x1e
cpu MHz		: 1599.937
cache size	: 6144 KB
physical id	: 0
siblings	: 8
core id		: 1
cpu cores	: 4
apicid		: 3
initial apicid	: 3
fpu		: yes
fpu_exception	: yes
cpuid level	: 13
wp		: yes
flags		: fpu vme de pse tsc msr pae mce cx8 apic sep mtrr pge mca cmov pat pse36 clflush dts acpi mmx fxsr sse sse2 ss ht tm pbe syscall nx pdpe1gb rdtscp lm constant_tsc arch_perfmon pebs bts rep_good nopl xtopology nonstop_tsc aperfmperf eagerfpu pni pclmulqdq dtes64 monitor ds_cpl vmx est tm2 ssse3 sdbg fma cx16 xtpr pdcm pcid sse4_1 sse4_2 movbe popcnt tsc_deadline_timer aes xsave avx f16c rdrand lahf_lm abm epb tpr_shadow vnmi flexpriority ept vpid fsgsbase tsc_adjust bmi1 avx2 smep bmi2 erms invpcid xsaveopt dtherm ida arat pln pts
bugs		:
bogomips	: 4788.68
clflush size	: 64
cache_alignment	: 64
address sizes	: 39 bits physical, 48 bits virtual
power management:

processor	: 4
vendor_id	: GenuineIntel
cpu family	: 6
model		: 60
model name	: Intel(R) Core(TM) i7-4700MQ CPU @ 2.40GHz
stepping	: 3
microcode	: 0x1e
cpu MHz		: 1570.406
cache size	: 6144 KB
physical id	: 0
siblings	: 8
core id		: 2
cpu cores	: 4
apicid		: 4
initial apicid	: 4
fpu		: yes
fpu_exception	: yes
cpuid level	: 13
wp		: yes
flags		: fpu vme de pse tsc msr pae mce cx8 apic sep mtrr pge mca cmov pat pse36 clflush dts acpi mmx fxsr sse sse2 ss ht tm pbe syscall nx pdpe1gb rdtscp lm constant_tsc arch_perfmon pebs bts rep_good nopl xtopology nonstop_tsc aperfmperf eagerfpu pni pclmulqdq dtes64 monitor ds_cpl vmx est tm2 ssse3 sdbg fma cx16 xtpr pdcm pcid sse4_1 sse4_2 movbe popcnt tsc_deadline_timer aes xsave avx f16c rdrand lahf_lm abm epb tpr_shadow vnmi flexpriority ept vpid fsgsbase tsc_adjust bmi1 avx2 smep bmi2 erms invpcid xsaveopt dtherm ida arat pln pts
bugs		:
bogomips	: 4788.68
clflush size	: 64
cache_alignment	: 64
address sizes	: 39 bits physical, 48 bits virtual
power management:

processor	: 5
vendor_id	: GenuineIntel
cpu family	: 6
model		: 60
model name	: Intel(R) Core(TM) i7-4700MQ CPU @ 2.40GHz
stepping	: 3
microcode	: 0x1e
cpu MHz		: 1599.937
cache size	: 6144 KB
physical id	: 0
siblings	: 8
core id		: 2
cpu cores	: 4
apicid		: 5
initial apicid	: 5
fpu		: yes
fpu_exception	: yes
cpuid level	: 13
wp		: yes
flags		: fpu vme de pse tsc msr pae mce cx8 apic sep mtrr pge mca cmov pat pse36 clflush dts acpi mmx fxsr sse sse2 ss ht tm pbe syscall nx pdpe1gb rdtscp lm constant_tsc arch_perfmon pebs bts rep_good nopl xtopology nonstop_tsc aperfmperf eagerfpu pni pclmulqdq dtes64 monitor ds_cpl vmx est tm2 ssse3 sdbg fma cx16 xtpr pdcm pcid sse4_1 sse4_2 movbe popcnt tsc_deadline_timer aes xsave avx f16c rdrand lahf_lm abm epb tpr_shadow vnmi flexpriority ept vpid fsgsbase tsc_adjust bmi1 avx2 smep bmi2 erms invpcid xsaveopt dtherm ida arat pln pts
bugs		:
bogomips	: 4788.68
clflush size	: 64
cache_alignment	: 64
address sizes	: 39 bits physical, 48 bits virtual
power management:

processor	: 6
vendor_id	: GenuineIntel
cpu family	: 6
model		: 60
model name	: Intel(R) Core(TM) i7-4700MQ CPU @ 2.40GHz
stepping	: 3
microcode	: 0x1e
cpu MHz		: 1599.937
cache size	: 6144 KB
physical id	: 0
siblings	: 8
core id		: 3
cpu cores	: 4
apicid		: 6
initial apicid	: 6
fpu		: yes
fpu_exception	: yes
cpuid level	: 13
wp		: yes
flags		: fpu vme de pse tsc msr pae mce cx8 apic sep mtrr pge mca cmov pat pse36 clflush dts acpi mmx fxsr sse sse2 ss ht tm pbe syscall nx pdpe1gb rdtscp lm constant_tsc arch_perfmon pebs bts rep_good nopl xtopology nonstop_tsc aperfmperf eagerfpu pni pclmulqdq dtes64 monitor ds_cpl vmx est tm2 ssse3 sdbg fma cx16 xtpr pdcm pcid sse4_1 sse4_2 movbe popcnt tsc_deadline_timer aes xsave avx f16c rdrand lahf_lm abm epb tpr_shadow vnmi flexpriority ept vpid fsgsbase tsc_adjust bmi1 avx2 smep bmi2 erms invpcid xsaveopt dtherm ida arat pln pts
bugs		:
bogomips	: 4788.68
clflush size	: 64
cache_alignment	: 64
address sizes	: 39 bits physical, 48 bits virtual
power management:

processor	: 7
vendor_id	: GenuineIntel
cpu family	: 6
model		: 60
model name	: Intel(R) Core(TM) i7-4700MQ CPU @ 2.40GHz
stepping	: 3
microcode	: 0x1e
cpu MHz		: 1599.187
cache size	: 6144 KB
physical id	: 0
siblings	: 8
core id		: 3
cpu cores	: 4
apicid		: 7
initial apicid	: 7
fpu		: yes
fpu_exception	: yes
cpuid level	: 13
wp		: yes
flags		: fpu vme de pse tsc msr pae mce cx8 apic sep mtrr pge mca cmov pat pse36 clflush dts acpi mmx fxsr sse sse2 ss ht tm pbe syscall nx pdpe1gb rdtscp lm constant_tsc arch_perfmon pebs bts rep_good nopl xtopology nonstop_tsc aperfmperf eagerfpu pni pclmulqdq dtes64 monitor ds_cpl vmx est tm2 ssse3 sdbg fma cx16 xtpr pdcm pcid sse4_1 sse4_2 movbe popcnt tsc_deadline_timer aes xsave avx f16c rdrand lahf_lm abm epb tpr_shadow vnmi flexpriority ept vpid fsgsbase tsc_adjust bmi1 avx2 smep bmi2 erms invpcid xsaveopt dtherm ida arat pln pts
bugs		:
bogomips	: 4788.68
clflush size	: 64
cache_alignment	: 64
address sizes	: 39 bits physical, 48 bits virtual
power management:



Memory: 4k page, physical 8105560k(56344k free), swap 0k(0k free)

vm_info: Java HotSpot(TM) 64-Bit Server VM (25.91-b14) for linux-amd64 JRE (1.8.0_91-b14), built on Apr  1 2016 00:57:21 by "java_re" with gcc 4.3.0 20080428 (Red Hat 4.3.0-8)

time: Tue May  3 02:10:48 2016
elapsed time: 13 seconds (0d 0h 0m 13s)

